[0.013s] Invoking command in '/home/chacha/code/repo/ChaChaOpen/ros2_prj/ros2_stu_ws/build/topic': CMAKE_PREFIX_PATH=${CMAKE_PREFIX_PATH}:/opt/ros/jazzy DEBUGINFOD_URLS=https://debuginfod.ubuntu.com /usr/bin/cmake --build /home/chacha/code/repo/ChaChaOpen/ros2_prj/ros2_stu_ws/build/topic -- -j8 -l8
[0.069s] [ 50%] Built target pub_node
[0.071s] [100%] Built target sub_node
[0.081s] Invoked command in '/home/chacha/code/repo/ChaChaOpen/ros2_prj/ros2_stu_ws/build/topic' returned '0': CMAKE_PREFIX_PATH=${CMAKE_PREFIX_PATH}:/opt/ros/jazzy DEBUGINFOD_URLS=https://debuginfod.ubuntu.com /usr/bin/cmake --build /home/chacha/code/repo/ChaChaOpen/ros2_prj/ros2_stu_ws/build/topic -- -j8 -l8
[0.091s] Invoking command in '/home/chacha/code/repo/ChaChaOpen/ros2_prj/ros2_stu_ws/build/topic': CMAKE_PREFIX_PATH=${CMAKE_PREFIX_PATH}:/opt/ros/jazzy DEBUGINFOD_URLS=https://debuginfod.ubuntu.com /usr/bin/cmake --install /home/chacha/code/repo/ChaChaOpen/ros2_prj/ros2_stu_ws/build/topic
[0.098s] -- Install configuration: ""
[0.098s] -- Up-to-date: /home/chacha/code/repo/ChaChaOpen/ros2_prj/ros2_stu_ws/install/topic/lib/topic/pub_node
[0.098s] -- Up-to-date: /home/chacha/code/repo/ChaChaOpen/ros2_prj/ros2_stu_ws/install/topic/lib/topic/sub_node
[0.098s] -- Up-to-date: /home/chacha/code/repo/ChaChaOpen/ros2_prj/ros2_stu_ws/install/topic/share/ament_index/resource_index/package_run_dependencies/topic
[0.098s] -- Up-to-date: /home/chacha/code/repo/ChaChaOpen/ros2_prj/ros2_stu_ws/install/topic/share/ament_index/resource_index/parent_prefix_path/topic
[0.099s] -- Up-to-date: /home/chacha/code/repo/ChaChaOpen/ros2_prj/ros2_stu_ws/install/topic/share/topic/environment/ament_prefix_path.sh
[0.099s] -- Up-to-date: /home/chacha/code/repo/ChaChaOpen/ros2_prj/ros2_stu_ws/install/topic/share/topic/environment/ament_prefix_path.dsv
[0.099s] -- Up-to-date: /home/chacha/code/repo/ChaChaOpen/ros2_prj/ros2_stu_ws/install/topic/share/topic/environment/path.sh
[0.099s] -- Up-to-date: /home/chacha/code/repo/ChaChaOpen/ros2_prj/ros2_stu_ws/install/topic/share/topic/environment/path.dsv
[0.099s] -- Up-to-date: /home/chacha/code/repo/ChaChaOpen/ros2_prj/ros2_stu_ws/install/topic/share/topic/local_setup.bash
[0.099s] -- Up-to-date: /home/chacha/code/repo/ChaChaOpen/ros2_prj/ros2_stu_ws/install/topic/share/topic/local_setup.sh
[0.099s] -- Up-to-date: /home/chacha/code/repo/ChaChaOpen/ros2_prj/ros2_stu_ws/install/topic/share/topic/local_setup.zsh
[0.099s] -- Up-to-date: /home/chacha/code/repo/ChaChaOpen/ros2_prj/ros2_stu_ws/install/topic/share/topic/local_setup.dsv
[0.100s] -- Installing: /home/chacha/code/repo/ChaChaOpen/ros2_prj/ros2_stu_ws/install/topic/share/topic/package.dsv
[0.100s] -- Up-to-date: /home/chacha/code/repo/ChaChaOpen/ros2_prj/ros2_stu_ws/install/topic/share/ament_index/resource_index/packages/topic
[0.100s] -- Up-to-date: /home/chacha/code/repo/ChaChaOpen/ros2_prj/ros2_stu_ws/install/topic/share/topic/cmake/topicConfig.cmake
[0.100s] -- Up-to-date: /home/chacha/code/repo/ChaChaOpen/ros2_prj/ros2_stu_ws/install/topic/share/topic/cmake/topicConfig-version.cmake
[0.100s] -- Up-to-date: /home/chacha/code/repo/ChaChaOpen/ros2_prj/ros2_stu_ws/install/topic/share/topic/package.xml
[0.101s] Invoked command in '/home/chacha/code/repo/ChaChaOpen/ros2_prj/ros2_stu_ws/build/topic' returned '0': CMAKE_PREFIX_PATH=${CMAKE_PREFIX_PATH}:/opt/ros/jazzy DEBUGINFOD_URLS=https://debuginfod.ubuntu.com /usr/bin/cmake --install /home/chacha/code/repo/ChaChaOpen/ros2_prj/ros2_stu_ws/build/topic
