[0.012s] Invoking command in '/home/chacha/code/repo/ChaChaOpen/ros2_prj/ros2_stu_ws/build/topic': CMAKE_PREFIX_PATH=${CMAKE_PREFIX_PATH}:/opt/ros/jazzy DEBUGINFOD_URLS=https://debuginfod.ubuntu.com /usr/bin/cmake --build /home/chacha/code/repo/ChaChaOpen/ros2_prj/ros2_stu_ws/build/topic -- -j8 -l8
[0.107s] [ 50%] [32mBuilding CXX object CMakeFiles/sub_node.dir/src/sub_node.cpp.o[0m
[10.324s] [100%] [32m[1mLinking CXX executable sub_node[0m
[10.674s] [100%] Built target sub_node
[10.688s] Invoked command in '/home/chacha/code/repo/ChaChaOpen/ros2_prj/ros2_stu_ws/build/topic' returned '0': CMAKE_PREFIX_PATH=${CMAKE_PREFIX_PATH}:/opt/ros/jazzy DEBUGINFOD_URLS=https://debuginfod.ubuntu.com /usr/bin/cmake --build /home/chacha/code/repo/ChaChaOpen/ros2_prj/ros2_stu_ws/build/topic -- -j8 -l8
[10.700s] Invoking command in '/home/chacha/code/repo/ChaChaOpen/ros2_prj/ros2_stu_ws/build/topic': CMAKE_PREFIX_PATH=${CMAKE_PREFIX_PATH}:/opt/ros/jazzy DEBUGINFOD_URLS=https://debuginfod.ubuntu.com /usr/bin/cmake --install /home/chacha/code/repo/ChaChaOpen/ros2_prj/ros2_stu_ws/build/topic
[10.711s] -- Install configuration: ""
[10.712s] -- Installing: /home/chacha/code/repo/ChaChaOpen/ros2_prj/ros2_stu_ws/install/topic/lib/topic/sub_node
[10.718s] -- Set non-toolchain portion of runtime path of "/home/chacha/code/repo/ChaChaOpen/ros2_prj/ros2_stu_ws/install/topic/lib/topic/sub_node" to ""
[10.718s] -- Up-to-date: /home/chacha/code/repo/ChaChaOpen/ros2_prj/ros2_stu_ws/install/topic/share/ament_index/resource_index/package_run_dependencies/topic
[10.718s] -- Up-to-date: /home/chacha/code/repo/ChaChaOpen/ros2_prj/ros2_stu_ws/install/topic/share/ament_index/resource_index/parent_prefix_path/topic
[10.718s] -- Up-to-date: /home/chacha/code/repo/ChaChaOpen/ros2_prj/ros2_stu_ws/install/topic/share/topic/environment/ament_prefix_path.sh
[10.718s] -- Up-to-date: /home/chacha/code/repo/ChaChaOpen/ros2_prj/ros2_stu_ws/install/topic/share/topic/environment/ament_prefix_path.dsv
[10.718s] -- Up-to-date: /home/chacha/code/repo/ChaChaOpen/ros2_prj/ros2_stu_ws/install/topic/share/topic/environment/path.sh
[10.718s] -- Up-to-date: /home/chacha/code/repo/ChaChaOpen/ros2_prj/ros2_stu_ws/install/topic/share/topic/environment/path.dsv
[10.719s] -- Up-to-date: /home/chacha/code/repo/ChaChaOpen/ros2_prj/ros2_stu_ws/install/topic/share/topic/local_setup.bash
[10.719s] -- Up-to-date: /home/chacha/code/repo/ChaChaOpen/ros2_prj/ros2_stu_ws/install/topic/share/topic/local_setup.sh
[10.719s] -- Up-to-date: /home/chacha/code/repo/ChaChaOpen/ros2_prj/ros2_stu_ws/install/topic/share/topic/local_setup.zsh
[10.719s] -- Up-to-date: /home/chacha/code/repo/ChaChaOpen/ros2_prj/ros2_stu_ws/install/topic/share/topic/local_setup.dsv
[10.719s] -- Installing: /home/chacha/code/repo/ChaChaOpen/ros2_prj/ros2_stu_ws/install/topic/share/topic/package.dsv
[10.719s] -- Up-to-date: /home/chacha/code/repo/ChaChaOpen/ros2_prj/ros2_stu_ws/install/topic/share/ament_index/resource_index/packages/topic
[10.719s] -- Up-to-date: /home/chacha/code/repo/ChaChaOpen/ros2_prj/ros2_stu_ws/install/topic/share/topic/cmake/topicConfig.cmake
[10.719s] -- Up-to-date: /home/chacha/code/repo/ChaChaOpen/ros2_prj/ros2_stu_ws/install/topic/share/topic/cmake/topicConfig-version.cmake
[10.719s] -- Up-to-date: /home/chacha/code/repo/ChaChaOpen/ros2_prj/ros2_stu_ws/install/topic/share/topic/package.xml
[10.722s] Invoked command in '/home/chacha/code/repo/ChaChaOpen/ros2_prj/ros2_stu_ws/build/topic' returned '0': CMAKE_PREFIX_PATH=${CMAKE_PREFIX_PATH}:/opt/ros/jazzy DEBUGINFOD_URLS=https://debuginfod.ubuntu.com /usr/bin/cmake --install /home/chacha/code/repo/ChaChaOpen/ros2_prj/ros2_stu_ws/build/topic
