[0.008s] Invoking command in '/home/chacha/code/ros2_prj/ros2_pr_ws/build/pr_hello': CMAKE_PREFIX_PATH=${CMAKE_PREFIX_PATH}:/opt/ros/jazzy DEBUGINFOD_URLS=https://debuginfod.ubuntu.com /usr/bin/cmake /home/chacha/code/ros2_prj/ros2_pr_ws/src/pr_hello -DCMAKE_INSTALL_PREFIX=/home/chacha/code/ros2_prj/ros2_pr_ws/install/pr_hello
[0.021s] -- Found ament_cmake: 2.5.5 (/opt/ros/jazzy/share/ament_cmake/cmake)
[0.205s] -- Override CMake install command with custom implementation using symlinks instead of copying resources
[0.212s] -- Found rclcpp: 28.1.16 (/opt/ros/jazzy/share/rclcpp/cmake)
[0.238s] -- Found rosidl_generator_c: 4.6.7 (/opt/ros/jazzy/share/rosidl_generator_c/cmake)
[0.246s] -- Found rosidl_generator_cpp: 4.6.7 (/opt/ros/jazzy/share/rosidl_generator_cpp/cmake)
[0.255s] -- Using all available rosidl_typesupport_c: rosidl_typesupport_fastrtps_c;rosidl_typesupport_introspection_c
[0.267s] -- Using all available rosidl_typesupport_cpp: rosidl_typesupport_fastrtps_cpp;rosidl_typesupport_introspection_cpp
[0.326s] -- Found rmw_implementation_cmake: 7.3.3 (/opt/ros/jazzy/share/rmw_implementation_cmake/cmake)
[0.328s] -- Found rmw_fastrtps_cpp: 8.4.3 (/opt/ros/jazzy/share/rmw_fastrtps_cpp/cmake)
[0.394s] -- Using RMW implementation 'rmw_fastrtps_cpp' as default
[0.473s] -- Found std_msgs: 5.3.6 (/opt/ros/jazzy/share/std_msgs/cmake)
[0.492s] -- Found ament_lint_auto: 0.17.4 (/opt/ros/jazzy/share/ament_lint_auto/cmake)
[0.595s] -- Added test 'cppcheck' to perform static code analysis on C / C++ code
[0.595s] -- Configured cppcheck include dirs: 
[0.595s] -- Configured cppcheck exclude dirs and/or files: 
[0.595s] -- Added test 'lint_cmake' to check CMake code style
[0.596s] -- Added test 'uncrustify' to check C / C++ code style
[0.596s] -- Configured uncrustify additional arguments: 
[0.596s] -- Added test 'xmllint' to check XML markup files
[0.598s] -- Configuring done (0.6s)
[0.608s] -- Generating done (0.0s)
[0.613s] -- Build files have been written to: /home/chacha/code/ros2_prj/ros2_pr_ws/build/pr_hello
[0.624s] Invoked command in '/home/chacha/code/ros2_prj/ros2_pr_ws/build/pr_hello' returned '0': CMAKE_PREFIX_PATH=${CMAKE_PREFIX_PATH}:/opt/ros/jazzy DEBUGINFOD_URLS=https://debuginfod.ubuntu.com /usr/bin/cmake /home/chacha/code/ros2_prj/ros2_pr_ws/src/pr_hello -DCMAKE_INSTALL_PREFIX=/home/chacha/code/ros2_prj/ros2_pr_ws/install/pr_hello
[0.625s] Invoking command in '/home/chacha/code/ros2_prj/ros2_pr_ws/build/pr_hello': CMAKE_PREFIX_PATH=${CMAKE_PREFIX_PATH}:/opt/ros/jazzy DEBUGINFOD_URLS=https://debuginfod.ubuntu.com /usr/bin/cmake --build /home/chacha/code/ros2_prj/ros2_pr_ws/build/pr_hello -- -j8 -l8
[0.679s] [ 50%] [32mBuilding CXX object CMakeFiles/pr_hello_node.dir/src/pr_hello.cpp.o[0m
[2.830s] [01m[K/home/chacha/code/ros2_prj/ros2_pr_ws/src/pr_hello/src/pr_hello.cpp:[m[K In member function ‘[01m[Kvoid hello::[01;32m[Kcallback[m[K(std_msgs::msg::String)[m[K’:
[2.830s] [01m[K/home/chacha/code/ros2_prj/ros2_pr_ws/src/pr_hello/src/pr_hello.cpp:14:39:[m[K [01;35m[Kwarning: [m[Kunused parameter ‘[01m[Kmsg[m[K’ [[01;35m[K]8;;https://gcc.gnu.org/onlinedocs/gcc/Warning-Options.html#index-Wunused-parameter-Wunused-parameter]8;;[m[K]
[2.830s]    14 |   void callback([01;35m[Kstd_msgs::msg::String msg[m[K) {
[2.830s]       |                 [01;35m[K~~~~~~~~~~~~~~~~~~~~~~^~~[m[K
[7.301s] [100%] [32m[1mLinking CXX executable pr_hello_node[0m
[7.540s] [100%] Built target pr_hello_node
[7.551s] Invoked command in '/home/chacha/code/ros2_prj/ros2_pr_ws/build/pr_hello' returned '0': CMAKE_PREFIX_PATH=${CMAKE_PREFIX_PATH}:/opt/ros/jazzy DEBUGINFOD_URLS=https://debuginfod.ubuntu.com /usr/bin/cmake --build /home/chacha/code/ros2_prj/ros2_pr_ws/build/pr_hello -- -j8 -l8
[7.559s] Invoking command in '/home/chacha/code/ros2_prj/ros2_pr_ws/build/pr_hello': CMAKE_PREFIX_PATH=${CMAKE_PREFIX_PATH}:/opt/ros/jazzy DEBUGINFOD_URLS=https://debuginfod.ubuntu.com /usr/bin/cmake --install /home/chacha/code/ros2_prj/ros2_pr_ws/build/pr_hello
[7.564s] -- Install configuration: ""
[7.565s] -- Execute custom install script
[7.565s] -- Up-to-date symlink: /home/chacha/code/ros2_prj/ros2_pr_ws/install/pr_hello/lib/pr_hello/pr_hello_node
[7.565s] -- Up-to-date symlink: /home/chacha/code/ros2_prj/ros2_pr_ws/install/pr_hello/share/ament_index/resource_index/package_run_dependencies/pr_hello
[7.565s] -- Up-to-date symlink: /home/chacha/code/ros2_prj/ros2_pr_ws/install/pr_hello/share/ament_index/resource_index/parent_prefix_path/pr_hello
[7.566s] -- Up-to-date symlink: /home/chacha/code/ros2_prj/ros2_pr_ws/install/pr_hello/share/pr_hello/environment/ament_prefix_path.sh
[7.566s] -- Up-to-date symlink: /home/chacha/code/ros2_prj/ros2_pr_ws/install/pr_hello/share/pr_hello/environment/ament_prefix_path.dsv
[7.566s] -- Up-to-date symlink: /home/chacha/code/ros2_prj/ros2_pr_ws/install/pr_hello/share/pr_hello/environment/path.sh
[7.566s] -- Up-to-date symlink: /home/chacha/code/ros2_prj/ros2_pr_ws/install/pr_hello/share/pr_hello/environment/path.dsv
[7.566s] -- Up-to-date symlink: /home/chacha/code/ros2_prj/ros2_pr_ws/install/pr_hello/share/pr_hello/local_setup.bash
[7.566s] -- Up-to-date symlink: /home/chacha/code/ros2_prj/ros2_pr_ws/install/pr_hello/share/pr_hello/local_setup.sh
[7.566s] -- Up-to-date symlink: /home/chacha/code/ros2_prj/ros2_pr_ws/install/pr_hello/share/pr_hello/local_setup.zsh
[7.567s] -- Up-to-date symlink: /home/chacha/code/ros2_prj/ros2_pr_ws/install/pr_hello/share/pr_hello/local_setup.dsv
[7.567s] -- Symlinking: /home/chacha/code/ros2_prj/ros2_pr_ws/install/pr_hello/share/pr_hello/package.dsv
[7.575s] -- Up-to-date symlink: /home/chacha/code/ros2_prj/ros2_pr_ws/install/pr_hello/share/ament_index/resource_index/packages/pr_hello
[7.576s] -- Up-to-date symlink: /home/chacha/code/ros2_prj/ros2_pr_ws/install/pr_hello/share/pr_hello/cmake/pr_helloConfig.cmake
[7.576s] -- Up-to-date symlink: /home/chacha/code/ros2_prj/ros2_pr_ws/install/pr_hello/share/pr_hello/cmake/pr_helloConfig-version.cmake
[7.576s] -- Up-to-date symlink: /home/chacha/code/ros2_prj/ros2_pr_ws/install/pr_hello/share/pr_hello/package.xml
[7.578s] Invoked command in '/home/chacha/code/ros2_prj/ros2_pr_ws/build/pr_hello' returned '0': CMAKE_PREFIX_PATH=${CMAKE_PREFIX_PATH}:/opt/ros/jazzy DEBUGINFOD_URLS=https://debuginfod.ubuntu.com /usr/bin/cmake --install /home/chacha/code/ros2_prj/ros2_pr_ws/build/pr_hello
