[0.011s] Invoking command in '/home/chacha/code/repo/ChaChaOpen/ros2_prj/ros2_pr_ws/build/pr_hello': AMENT_PREFIX_PATH=/home/chacha/code/repo/ChaChaOpen/ros2_prj/ros2_pr_ws/install/user_interfaces:${AMENT_PREFIX_PATH} CMAKE_PREFIX_PATH=/home/chacha/code/repo/ChaChaOpen/ros2_prj/ros2_pr_ws/install/user_interfaces:/opt/ros/jazzy/opt/gz_sim_vendor:/opt/ros/jazzy/opt/gz_sensors_vendor:/opt/ros/jazzy/opt/gz_physics_vendor:/opt/ros/jazzy/opt/sdformat_vendor:/opt/ros/jazzy/opt/gz_gui_vendor:/opt/ros/jazzy/opt/gz_transport_vendor:/opt/ros/jazzy/opt/gz_rendering_vendor:/opt/ros/jazzy/opt/gz_plugin_vendor:/opt/ros/jazzy/opt/gz_fuel_tools_vendor:/opt/ros/jazzy/opt/gz_msgs_vendor:/opt/ros/jazzy/opt/gz_common_vendor:/opt/ros/jazzy/opt/gz_math_vendor:/opt/ros/jazzy/opt/gz_utils_vendor:/opt/ros/jazzy/opt/gz_tools_vendor:/opt/ros/jazzy/opt/gz_ogre_next_vendor:/opt/ros/jazzy/opt/gz_dartsim_vendor:/opt/ros/jazzy/opt/gz_cmake_vendor:/opt/ros/jazzy DEBUGINFOD_URLS=https://debuginfod.ubuntu.com LD_LIBRARY_PATH=/home/chacha/code/repo/ChaChaOpen/ros2_prj/ros2_pr_ws/install/user_interfaces/lib:${LD_LIBRARY_PATH} PYTHONPATH=/home/chacha/code/repo/ChaChaOpen/ros2_prj/ros2_pr_ws/install/user_interfaces/lib/python3.12/site-packages:${PYTHONPATH} /usr/bin/cmake --build /home/chacha/code/repo/ChaChaOpen/ros2_prj/ros2_pr_ws/build/pr_hello -- -j8 -l8
[0.081s] [ 50%] Building CXX object CMakeFiles/test_node.dir/src/test.cpp.o
[0.081s] [ 83%] Built target pr_hello_node
[0.081s] [ 83%] Built target pr_test_node
[2.781s] /home/chacha/code/repo/ChaChaOpen/ros2_prj/ros2_pr_ws/src/pr_hello/src/test.cpp: In constructor ‘TestNode::TestNode(const std::string&)’:
[2.781s] /home/chacha/code/repo/ChaChaOpen/ros2_prj/ros2_pr_ws/src/pr_hello/src/test.cpp:26:68: error: no matching function for call to ‘create_client<user_interfaces::srv::User>(const char [13])’
[2.781s]    26 |         client_ = rclcpp::create_client<user_interfaces::srv::User>("test_service");
[2.781s]       |                   ~~~~~~~~~~~~~~~~~~~~~~~~~~~~~~~~~~~~~~~~~~~~~~~~~^~~~~~~~~~~~~~~~
[2.781s] In file included from /opt/ros/jazzy/include/rclcpp/rclcpp/node_impl.hpp:38,
[2.781s]                  from /opt/ros/jazzy/include/rclcpp/rclcpp/node.hpp:1663,
[2.781s]                  from /opt/ros/jazzy/include/rclcpp/rclcpp/executors/single_threaded_executor.hpp:28,
[2.781s]                  from /opt/ros/jazzy/include/rclcpp/rclcpp/executors.hpp:22,
[2.781s]                  from /opt/ros/jazzy/include/rclcpp/rclcpp/rclcpp.hpp:172,
[2.781s]                  from /home/chacha/code/repo/ChaChaOpen/ros2_prj/ros2_pr_ws/src/pr_hello/src/test.cpp:6:
[2.781s] /opt/ros/jazzy/include/rclcpp/rclcpp/create_client.hpp:43:1: note: candidate: ‘template<class ServiceT> typename rclcpp::Client<ServiceT>::SharedPtr rclcpp::create_client(std::shared_ptr<node_interfaces::NodeBaseInterface>, std::shared_ptr<node_interfaces::NodeGraphInterface>, std::shared_ptr<node_interfaces::NodeServicesInterface>, const std::string&, const QoS&, CallbackGroup::SharedPtr)’
[2.781s]    43 | create_client(
[2.782s]       | ^~~~~~~~~~~~~
[2.782s] /opt/ros/jazzy/include/rclcpp/rclcpp/create_client.hpp:43:1: note:   candidate expects 4 arguments, 1 provided
[2.782s] /opt/ros/jazzy/include/rclcpp/rclcpp/create_client.hpp:62:1: note: candidate: ‘template<class ServiceT> typename rclcpp::Client<ServiceT>::SharedPtr rclcpp::create_client(std::shared_ptr<node_interfaces::NodeBaseInterface>, std::shared_ptr<node_interfaces::NodeGraphInterface>, std::shared_ptr<node_interfaces::NodeServicesInterface>, const std::string&, const rmw_qos_profile_t&, CallbackGroup::SharedPtr)’
[2.782s]    62 | create_client(
[2.782s]       | ^~~~~~~~~~~~~
[2.782s] /opt/ros/jazzy/include/rclcpp/rclcpp/create_client.hpp:62:1: note:   candidate expects 6 arguments, 1 provided
[2.787s] /home/chacha/code/repo/ChaChaOpen/ros2_prj/ros2_pr_ws/src/pr_hello/src/test.cpp:28:70: error: no matching function for call to ‘create_service<user_interfaces::srv::User>(const char [13], std::_Bind_helper<false, void (TestNode::*)(std::shared_ptr<user_interfaces::srv::User_Request_<std::allocator<void> > >, std::shared_ptr<user_interfaces::srv::User_Response_<std::allocator<void> > >), TestNode*, const std::_Placeholder<1>&, const std::_Placeholder<2>&>::type)’
[2.787s]    28 |         service_ = rclcpp::create_service<user_interfaces::srv::User>("test_service", std::bind(&TestNode::service_callback, this, std::placeholders::_1, std::placeholders::_2));
[2.787s]       |                    ~~~~~~~~~~~~~~~~~~~~~~~~~~~~~~~~~~~~~~~~~~~~~~~~~~^~~~~~~~~~~~~~~~~~~~~~~~~~~~~~~~~~~~~~~~~~~~~~~~~~~~~~~~~~~~~~~~~~~~~~~~~~~~~~~~~~~~~~~~~~~~~~~~~~~~~~~~~~~~
[2.787s] In file included from /opt/ros/jazzy/include/rclcpp/rclcpp/node_impl.hpp:42:
[2.788s] /opt/ros/jazzy/include/rclcpp/rclcpp/create_service.hpp:43:1: note: candidate: ‘template<class ServiceT, class CallbackT> typename rclcpp::Service<ServiceT>::SharedPtr rclcpp::create_service(std::shared_ptr<node_interfaces::NodeBaseInterface>, std::shared_ptr<node_interfaces::NodeServicesInterface>, const std::string&, CallbackT&&, const QoS&, CallbackGroup::SharedPtr)’
[2.788s]    43 | create_service(
[2.788s]       | ^~~~~~~~~~~~~~
[2.788s] /opt/ros/jazzy/include/rclcpp/rclcpp/create_service.hpp:43:1: note:   candidate expects 6 arguments, 2 provided
[2.788s] /opt/ros/jazzy/include/rclcpp/rclcpp/create_service.hpp:60:1: note: candidate: ‘template<class ServiceT, class CallbackT> typename rclcpp::Service<ServiceT>::SharedPtr rclcpp::create_service(std::shared_ptr<node_interfaces::NodeBaseInterface>, std::shared_ptr<node_interfaces::NodeServicesInterface>, const std::string&, CallbackT&&, const rmw_qos_profile_t&, CallbackGroup::SharedPtr)’
[2.788s]    60 | create_service(
[2.788s]       | ^~~~~~~~~~~~~~
[2.788s] /opt/ros/jazzy/include/rclcpp/rclcpp/create_service.hpp:60:1: note:   candidate expects 6 arguments, 2 provided
[2.797s] /home/chacha/code/repo/ChaChaOpen/ros2_prj/ros2_pr_ws/src/pr_hello/src/test.cpp: In member function ‘void TestNode::callback(std_msgs::msg::String_<std::allocator<void> >::ConstSharedPtr)’:
[2.797s] /home/chacha/code/repo/ChaChaOpen/ros2_prj/ros2_pr_ws/src/pr_hello/src/test.cpp:49:33: error: ‘meg’ was not declared in this scope; did you mean ‘msg’?
[2.797s]    49 |     request->req1 = "get msg" + meg->data;
[2.797s]       |                                 ^~~
[2.797s]       |                                 msg
[2.798s] /home/chacha/code/repo/ChaChaOpen/ros2_prj/ros2_pr_ws/src/pr_hello/src/test.cpp:52:64: error: ‘cline_request_callback’ is not a member of ‘TestNode’
[2.798s]    52 |     client_ = async_send_request(request, std::bind(&TestNode::cline_request_callback, this, std::placeholders::_1));
[2.798s]       |                                                                ^~~~~~~~~~~~~~~~~~~~~~
[2.808s] /home/chacha/code/repo/ChaChaOpen/ros2_prj/ros2_pr_ws/src/pr_hello/src/test.cpp:52:15: error: ‘async_send_request’ was not declared in this scope; did you mean ‘rmw_send_request’?
[2.808s]    52 |     client_ = async_send_request(request, std::bind(&TestNode::cline_request_callback, this, std::placeholders::_1));
[2.808s]       |               ^~~~~~~~~~~~~~~~~~
[2.808s]       |               rmw_send_request
[2.813s] /home/chacha/code/repo/ChaChaOpen/ros2_prj/ros2_pr_ws/src/pr_hello/src/test.cpp: In member function ‘void TestNode::service_callback(user_interfaces::srv::User_Request_<std::allocator<void> >::SharedPtr, user_interfaces::srv::User_Response_<std::allocator<void> >::SharedPtr)’:
[2.813s] /home/chacha/code/repo/ChaChaOpen/ros2_prj/ros2_pr_ws/src/pr_hello/src/test.cpp:65:54: error: invalid operands of types ‘const char [25]’ and ‘const char [27]’ to binary ‘operator+’
[2.813s]    65 |         response->resp1 = "test_service response >>" + "request received which is " + request->req1;
[2.813s]       |                           ~~~~~~~~~~~~~~~~~~~~~~~~~~ ^ ~~~~~~~~~~~~~~~~~~~~~~~~~~~~
[2.813s]       |                           |                            |
[2.813s]       |                           const char [25]              const char [27]
[5.033s] gmake[2]: *** [CMakeFiles/test_node.dir/build.make:76: CMakeFiles/test_node.dir/src/test.cpp.o] Error 1
[5.033s] gmake[1]: *** [CMakeFiles/Makefile2:167: CMakeFiles/test_node.dir/all] Error 2
[5.033s] gmake: *** [Makefile:146: all] Error 2
[5.036s] Invoked command in '/home/chacha/code/repo/ChaChaOpen/ros2_prj/ros2_pr_ws/build/pr_hello' returned '2': AMENT_PREFIX_PATH=/home/chacha/code/repo/ChaChaOpen/ros2_prj/ros2_pr_ws/install/user_interfaces:${AMENT_PREFIX_PATH} CMAKE_PREFIX_PATH=/home/chacha/code/repo/ChaChaOpen/ros2_prj/ros2_pr_ws/install/user_interfaces:/opt/ros/jazzy/opt/gz_sim_vendor:/opt/ros/jazzy/opt/gz_sensors_vendor:/opt/ros/jazzy/opt/gz_physics_vendor:/opt/ros/jazzy/opt/sdformat_vendor:/opt/ros/jazzy/opt/gz_gui_vendor:/opt/ros/jazzy/opt/gz_transport_vendor:/opt/ros/jazzy/opt/gz_rendering_vendor:/opt/ros/jazzy/opt/gz_plugin_vendor:/opt/ros/jazzy/opt/gz_fuel_tools_vendor:/opt/ros/jazzy/opt/gz_msgs_vendor:/opt/ros/jazzy/opt/gz_common_vendor:/opt/ros/jazzy/opt/gz_math_vendor:/opt/ros/jazzy/opt/gz_utils_vendor:/opt/ros/jazzy/opt/gz_tools_vendor:/opt/ros/jazzy/opt/gz_ogre_next_vendor:/opt/ros/jazzy/opt/gz_dartsim_vendor:/opt/ros/jazzy/opt/gz_cmake_vendor:/opt/ros/jazzy DEBUGINFOD_URLS=https://debuginfod.ubuntu.com LD_LIBRARY_PATH=/home/chacha/code/repo/ChaChaOpen/ros2_prj/ros2_pr_ws/install/user_interfaces/lib:${LD_LIBRARY_PATH} PYTHONPATH=/home/chacha/code/repo/ChaChaOpen/ros2_prj/ros2_pr_ws/install/user_interfaces/lib/python3.12/site-packages:${PYTHONPATH} /usr/bin/cmake --build /home/chacha/code/repo/ChaChaOpen/ros2_prj/ros2_pr_ws/build/pr_hello -- -j8 -l8
