[0.180s] DEBUG:colcon:Command line arguments: ['/usr/bin/colcon', 'build', '--packages-select', 'pr_hello']
[0.180s] DEBUG:colcon:Parsed command line arguments: Namespace(log_base=None, log_level=None, verb_name='build', build_base='build', install_base='install', merge_install=False, symlink_install=False, test_result_base=None, continue_on_error=False, executor='parallel', parallel_workers=8, event_handlers=None, ignore_user_meta=False, metas=['./colcon.meta'], base_paths=['.'], packages_ignore=None, packages_ignore_regex=None, paths=None, packages_up_to=None, packages_up_to_regex=None, packages_above=None, packages_above_and_dependencies=None, packages_above_depth=None, packages_select_by_dep=None, packages_skip_by_dep=None, packages_skip_up_to=None, packages_select_build_failed=False, packages_skip_build_finished=False, packages_select_test_failures=False, packages_skip_test_passed=False, packages_select=['pr_hello'], packages_skip=None, packages_select_regex=None, packages_skip_regex=None, packages_start=None, packages_end=None, allow_overriding=[], cmake_args=None, cmake_target=None, cmake_target_skip_unavailable=False, cmake_clean_cache=False, cmake_clean_first=False, cmake_force_configure=False, ament_cmake_args=None, catkin_cmake_args=None, catkin_skip_building_tests=False, verb_parser=<colcon_defaults.argument_parser.defaults.DefaultArgumentsDecorator object at 0x7c95d0ca0170>, verb_extension=<colcon_core.verb.build.BuildVerb object at 0x7c95d0c73ef0>, main=<bound method BuildVerb.main of <colcon_core.verb.build.BuildVerb object at 0x7c95d0c73ef0>>)
[0.224s] Level 1:colcon.colcon_core.package_discovery:discover_packages(colcon_meta) check parameters
[0.224s] Level 1:colcon.colcon_core.package_discovery:discover_packages(recursive) check parameters
[0.224s] Level 1:colcon.colcon_core.package_discovery:discover_packages(ignore) check parameters
[0.224s] Level 1:colcon.colcon_core.package_discovery:discover_packages(path) check parameters
[0.224s] Level 1:colcon.colcon_core.package_discovery:discover_packages(colcon_meta) discover
[0.225s] Level 1:colcon.colcon_core.package_discovery:discover_packages(recursive) discover
[0.225s] INFO:colcon.colcon_core.package_discovery:Crawling recursively for packages in '/home/chacha/code/ros2_prj/ros2_pr_ws'
[0.225s] Level 1:colcon.colcon_core.package_identification:_identify(.) by extensions ['ignore', 'ignore_ament_install']
[0.225s] Level 1:colcon.colcon_core.package_identification:_identify(.) by extension 'ignore'
[0.225s] Level 1:colcon.colcon_core.package_identification:_identify(.) by extension 'ignore_ament_install'
[0.225s] Level 1:colcon.colcon_core.package_identification:_identify(.) by extensions ['colcon_pkg']
[0.225s] Level 1:colcon.colcon_core.package_identification:_identify(.) by extension 'colcon_pkg'
[0.225s] Level 1:colcon.colcon_core.package_identification:_identify(.) by extensions ['colcon_meta']
[0.225s] Level 1:colcon.colcon_core.package_identification:_identify(.) by extension 'colcon_meta'
[0.225s] Level 1:colcon.colcon_core.package_identification:_identify(.) by extensions ['ros']
[0.225s] Level 1:colcon.colcon_core.package_identification:_identify(.) by extension 'ros'
[0.259s] Level 1:colcon.colcon_core.package_identification:_identify(.) by extensions ['cmake', 'python']
[0.259s] Level 1:colcon.colcon_core.package_identification:_identify(.) by extension 'cmake'
[0.259s] Level 1:colcon.colcon_core.package_identification:_identify(.) by extension 'python'
[0.259s] Level 1:colcon.colcon_core.package_identification:_identify(.) by extensions ['python_setup_py']
[0.259s] Level 1:colcon.colcon_core.package_identification:_identify(.) by extension 'python_setup_py'
[0.259s] Level 1:colcon.colcon_core.package_identification:_identify(build) by extensions ['ignore', 'ignore_ament_install']
[0.260s] Level 1:colcon.colcon_core.package_identification:_identify(build) by extension 'ignore'
[0.260s] Level 1:colcon.colcon_core.package_identification:_identify(build) ignored
[0.260s] Level 1:colcon.colcon_core.package_identification:_identify(install) by extensions ['ignore', 'ignore_ament_install']
[0.260s] Level 1:colcon.colcon_core.package_identification:_identify(install) by extension 'ignore'
[0.260s] Level 1:colcon.colcon_core.package_identification:_identify(install) ignored
[0.260s] Level 1:colcon.colcon_core.package_identification:_identify(log) by extensions ['ignore', 'ignore_ament_install']
[0.260s] Level 1:colcon.colcon_core.package_identification:_identify(log) by extension 'ignore'
[0.260s] Level 1:colcon.colcon_core.package_identification:_identify(log) ignored
[0.261s] Level 1:colcon.colcon_core.package_identification:_identify(src) by extensions ['ignore', 'ignore_ament_install']
[0.261s] Level 1:colcon.colcon_core.package_identification:_identify(src) by extension 'ignore'
[0.261s] Level 1:colcon.colcon_core.package_identification:_identify(src) by extension 'ignore_ament_install'
[0.261s] Level 1:colcon.colcon_core.package_identification:_identify(src) by extensions ['colcon_pkg']
[0.261s] Level 1:colcon.colcon_core.package_identification:_identify(src) by extension 'colcon_pkg'
[0.261s] Level 1:colcon.colcon_core.package_identification:_identify(src) by extensions ['colcon_meta']
[0.261s] Level 1:colcon.colcon_core.package_identification:_identify(src) by extension 'colcon_meta'
[0.261s] Level 1:colcon.colcon_core.package_identification:_identify(src) by extensions ['ros']
[0.261s] Level 1:colcon.colcon_core.package_identification:_identify(src) by extension 'ros'
[0.261s] Level 1:colcon.colcon_core.package_identification:_identify(src) by extensions ['cmake', 'python']
[0.261s] Level 1:colcon.colcon_core.package_identification:_identify(src) by extension 'cmake'
[0.261s] Level 1:colcon.colcon_core.package_identification:_identify(src) by extension 'python'
[0.261s] Level 1:colcon.colcon_core.package_identification:_identify(src) by extensions ['python_setup_py']
[0.261s] Level 1:colcon.colcon_core.package_identification:_identify(src) by extension 'python_setup_py'
[0.261s] Level 1:colcon.colcon_core.package_identification:_identify(src/pr_hello) by extensions ['ignore', 'ignore_ament_install']
[0.261s] Level 1:colcon.colcon_core.package_identification:_identify(src/pr_hello) by extension 'ignore'
[0.261s] Level 1:colcon.colcon_core.package_identification:_identify(src/pr_hello) by extension 'ignore_ament_install'
[0.262s] Level 1:colcon.colcon_core.package_identification:_identify(src/pr_hello) by extensions ['colcon_pkg']
[0.262s] Level 1:colcon.colcon_core.package_identification:_identify(src/pr_hello) by extension 'colcon_pkg'
[0.262s] Level 1:colcon.colcon_core.package_identification:_identify(src/pr_hello) by extensions ['colcon_meta']
[0.262s] Level 1:colcon.colcon_core.package_identification:_identify(src/pr_hello) by extension 'colcon_meta'
[0.262s] Level 1:colcon.colcon_core.package_identification:_identify(src/pr_hello) by extensions ['ros']
[0.262s] Level 1:colcon.colcon_core.package_identification:_identify(src/pr_hello) by extension 'ros'
[0.266s] DEBUG:colcon.colcon_core.package_identification:Package 'src/pr_hello' with type 'ros.ament_cmake' and name 'pr_hello'
[0.266s] Level 1:colcon.colcon_core.package_discovery:discover_packages(recursive) using defaults
[0.266s] Level 1:colcon.colcon_core.package_discovery:discover_packages(ignore) discover
[0.266s] Level 1:colcon.colcon_core.package_discovery:discover_packages(ignore) using defaults
[0.266s] Level 1:colcon.colcon_core.package_discovery:discover_packages(path) discover
[0.266s] Level 1:colcon.colcon_core.package_discovery:discover_packages(path) using defaults
[0.290s] Level 1:colcon.colcon_core.package_discovery:discover_packages(prefix_path) check parameters
[0.290s] Level 1:colcon.colcon_core.package_discovery:discover_packages(prefix_path) discover
[0.293s] DEBUG:colcon.colcon_installed_package_information.package_discovery:Found 318 installed packages in /opt/ros/jazzy
[0.295s] Level 1:colcon.colcon_core.package_discovery:discover_packages(prefix_path) using defaults
[0.347s] Level 5:colcon.colcon_core.verb:set package 'pr_hello' build argument 'cmake_args' from command line to 'None'
[0.347s] Level 5:colcon.colcon_core.verb:set package 'pr_hello' build argument 'cmake_target' from command line to 'None'
[0.347s] Level 5:colcon.colcon_core.verb:set package 'pr_hello' build argument 'cmake_target_skip_unavailable' from command line to 'False'
[0.347s] Level 5:colcon.colcon_core.verb:set package 'pr_hello' build argument 'cmake_clean_cache' from command line to 'False'
[0.347s] Level 5:colcon.colcon_core.verb:set package 'pr_hello' build argument 'cmake_clean_first' from command line to 'False'
[0.347s] Level 5:colcon.colcon_core.verb:set package 'pr_hello' build argument 'cmake_force_configure' from command line to 'False'
[0.347s] Level 5:colcon.colcon_core.verb:set package 'pr_hello' build argument 'ament_cmake_args' from command line to 'None'
[0.347s] Level 5:colcon.colcon_core.verb:set package 'pr_hello' build argument 'catkin_cmake_args' from command line to 'None'
[0.347s] Level 5:colcon.colcon_core.verb:set package 'pr_hello' build argument 'catkin_skip_building_tests' from command line to 'False'
[0.348s] DEBUG:colcon.colcon_core.verb:Building package 'pr_hello' with the following arguments: {'ament_cmake_args': None, 'build_base': '/home/chacha/code/ros2_prj/ros2_pr_ws/build/pr_hello', 'catkin_cmake_args': None, 'catkin_skip_building_tests': False, 'cmake_args': None, 'cmake_clean_cache': False, 'cmake_clean_first': False, 'cmake_force_configure': False, 'cmake_target': None, 'cmake_target_skip_unavailable': False, 'install_base': '/home/chacha/code/ros2_prj/ros2_pr_ws/install/pr_hello', 'merge_install': False, 'path': '/home/chacha/code/ros2_prj/ros2_pr_ws/src/pr_hello', 'symlink_install': False, 'test_result_base': None}
[0.348s] INFO:colcon.colcon_core.executor:Executing jobs using 'parallel' executor
[0.350s] DEBUG:colcon.colcon_parallel_executor.executor.parallel:run_until_complete
[0.350s] INFO:colcon.colcon_ros.task.ament_cmake.build:Building ROS package in '/home/chacha/code/ros2_prj/ros2_pr_ws/src/pr_hello' with build type 'ament_cmake'
[0.350s] INFO:colcon.colcon_cmake.task.cmake.build:Building CMake package in '/home/chacha/code/ros2_prj/ros2_pr_ws/src/pr_hello'
[0.352s] INFO:colcon.colcon_core.plugin_system:Skipping extension 'colcon_core.shell.bat': Not used on non-Windows systems
[0.352s] INFO:colcon.colcon_core.shell:Skip shell extension 'powershell' for command environment: Not usable outside of PowerShell
[0.352s] DEBUG:colcon.colcon_core.shell:Skip shell extension 'dsv' for command environment
[0.363s] DEBUG:colcon.colcon_core.event_handler.log_command:Invoking command in '/home/chacha/code/ros2_prj/ros2_pr_ws/build/pr_hello': CMAKE_PREFIX_PATH=${CMAKE_PREFIX_PATH}:/opt/ros/jazzy DEBUGINFOD_URLS=https://debuginfod.ubuntu.com /usr/bin/cmake --build /home/chacha/code/ros2_prj/ros2_pr_ws/build/pr_hello -- -j8 -l8
[8.138s] DEBUG:colcon.colcon_core.event_handler.log_command:Invoked command in '/home/chacha/code/ros2_prj/ros2_pr_ws/build/pr_hello' returned '0': CMAKE_PREFIX_PATH=${CMAKE_PREFIX_PATH}:/opt/ros/jazzy DEBUGINFOD_URLS=https://debuginfod.ubuntu.com /usr/bin/cmake --build /home/chacha/code/ros2_prj/ros2_pr_ws/build/pr_hello -- -j8 -l8
[8.146s] DEBUG:colcon.colcon_core.event_handler.log_command:Invoking command in '/home/chacha/code/ros2_prj/ros2_pr_ws/build/pr_hello': CMAKE_PREFIX_PATH=${CMAKE_PREFIX_PATH}:/opt/ros/jazzy DEBUGINFOD_URLS=https://debuginfod.ubuntu.com /usr/bin/cmake --install /home/chacha/code/ros2_prj/ros2_pr_ws/build/pr_hello
[8.165s] Level 1:colcon.colcon_core.environment:create_environment_scripts_only(pr_hello)
[8.165s] DEBUG:colcon.colcon_core.event_handler.log_command:Invoked command in '/home/chacha/code/ros2_prj/ros2_pr_ws/build/pr_hello' returned '0': CMAKE_PREFIX_PATH=${CMAKE_PREFIX_PATH}:/opt/ros/jazzy DEBUGINFOD_URLS=https://debuginfod.ubuntu.com /usr/bin/cmake --install /home/chacha/code/ros2_prj/ros2_pr_ws/build/pr_hello
[8.167s] Level 1:colcon.colcon_core.environment:checking '/home/chacha/code/ros2_prj/ros2_pr_ws/install/pr_hello' for CMake module files
[8.168s] Level 1:colcon.colcon_core.environment:checking '/home/chacha/code/ros2_prj/ros2_pr_ws/install/pr_hello' for CMake config files
[8.168s] Level 1:colcon.colcon_core.shell:create_environment_hook('pr_hello', 'cmake_prefix_path')
[8.168s] INFO:colcon.colcon_core.shell:Creating environment hook '/home/chacha/code/ros2_prj/ros2_pr_ws/install/pr_hello/share/pr_hello/hook/cmake_prefix_path.ps1'
[8.169s] INFO:colcon.colcon_core.shell:Creating environment descriptor '/home/chacha/code/ros2_prj/ros2_pr_ws/install/pr_hello/share/pr_hello/hook/cmake_prefix_path.dsv'
[8.169s] INFO:colcon.colcon_core.shell:Creating environment hook '/home/chacha/code/ros2_prj/ros2_pr_ws/install/pr_hello/share/pr_hello/hook/cmake_prefix_path.sh'
[8.169s] Level 1:colcon.colcon_core.environment:checking '/home/chacha/code/ros2_prj/ros2_pr_ws/install/pr_hello/lib'
[8.170s] Level 1:colcon.colcon_core.environment:checking '/home/chacha/code/ros2_prj/ros2_pr_ws/install/pr_hello/bin'
[8.170s] Level 1:colcon.colcon_core.environment:checking '/home/chacha/code/ros2_prj/ros2_pr_ws/install/pr_hello/lib/pkgconfig/pr_hello.pc'
[8.170s] Level 1:colcon.colcon_core.environment:checking '/home/chacha/code/ros2_prj/ros2_pr_ws/install/pr_hello/lib/python3.12/site-packages'
[8.170s] Level 1:colcon.colcon_core.environment:checking '/home/chacha/code/ros2_prj/ros2_pr_ws/install/pr_hello/bin'
[8.170s] INFO:colcon.colcon_core.shell:Creating package script '/home/chacha/code/ros2_prj/ros2_pr_ws/install/pr_hello/share/pr_hello/package.ps1'
[8.171s] INFO:colcon.colcon_core.shell:Creating package descriptor '/home/chacha/code/ros2_prj/ros2_pr_ws/install/pr_hello/share/pr_hello/package.dsv'
[8.171s] INFO:colcon.colcon_core.shell:Creating package script '/home/chacha/code/ros2_prj/ros2_pr_ws/install/pr_hello/share/pr_hello/package.sh'
[8.172s] INFO:colcon.colcon_core.shell:Creating package script '/home/chacha/code/ros2_prj/ros2_pr_ws/install/pr_hello/share/pr_hello/package.bash'
[8.172s] INFO:colcon.colcon_core.shell:Creating package script '/home/chacha/code/ros2_prj/ros2_pr_ws/install/pr_hello/share/pr_hello/package.zsh'
[8.173s] Level 1:colcon.colcon_core.environment:create_file_with_runtime_dependencies(/home/chacha/code/ros2_prj/ros2_pr_ws/install/pr_hello/share/colcon-core/packages/pr_hello)
[8.173s] Level 1:colcon.colcon_core.environment:create_environment_scripts_only(pr_hello)
[8.173s] Level 1:colcon.colcon_core.environment:checking '/home/chacha/code/ros2_prj/ros2_pr_ws/install/pr_hello' for CMake module files
[8.174s] Level 1:colcon.colcon_core.environment:checking '/home/chacha/code/ros2_prj/ros2_pr_ws/install/pr_hello' for CMake config files
[8.174s] Level 1:colcon.colcon_core.shell:create_environment_hook('pr_hello', 'cmake_prefix_path')
[8.174s] INFO:colcon.colcon_core.shell:Creating environment hook '/home/chacha/code/ros2_prj/ros2_pr_ws/install/pr_hello/share/pr_hello/hook/cmake_prefix_path.ps1'
[8.174s] INFO:colcon.colcon_core.shell:Creating environment descriptor '/home/chacha/code/ros2_prj/ros2_pr_ws/install/pr_hello/share/pr_hello/hook/cmake_prefix_path.dsv'
[8.174s] INFO:colcon.colcon_core.shell:Creating environment hook '/home/chacha/code/ros2_prj/ros2_pr_ws/install/pr_hello/share/pr_hello/hook/cmake_prefix_path.sh'
[8.175s] Level 1:colcon.colcon_core.environment:checking '/home/chacha/code/ros2_prj/ros2_pr_ws/install/pr_hello/lib'
[8.175s] Level 1:colcon.colcon_core.environment:checking '/home/chacha/code/ros2_prj/ros2_pr_ws/install/pr_hello/bin'
[8.175s] Level 1:colcon.colcon_core.environment:checking '/home/chacha/code/ros2_prj/ros2_pr_ws/install/pr_hello/lib/pkgconfig/pr_hello.pc'
[8.175s] Level 1:colcon.colcon_core.environment:checking '/home/chacha/code/ros2_prj/ros2_pr_ws/install/pr_hello/lib/python3.12/site-packages'
[8.175s] Level 1:colcon.colcon_core.environment:checking '/home/chacha/code/ros2_prj/ros2_pr_ws/install/pr_hello/bin'
[8.175s] INFO:colcon.colcon_core.shell:Creating package script '/home/chacha/code/ros2_prj/ros2_pr_ws/install/pr_hello/share/pr_hello/package.ps1'
[8.176s] INFO:colcon.colcon_core.shell:Creating package descriptor '/home/chacha/code/ros2_prj/ros2_pr_ws/install/pr_hello/share/pr_hello/package.dsv'
[8.177s] INFO:colcon.colcon_core.shell:Creating package script '/home/chacha/code/ros2_prj/ros2_pr_ws/install/pr_hello/share/pr_hello/package.sh'
[8.177s] INFO:colcon.colcon_core.shell:Creating package script '/home/chacha/code/ros2_prj/ros2_pr_ws/install/pr_hello/share/pr_hello/package.bash'
[8.177s] INFO:colcon.colcon_core.shell:Creating package script '/home/chacha/code/ros2_prj/ros2_pr_ws/install/pr_hello/share/pr_hello/package.zsh'
[8.178s] Level 1:colcon.colcon_core.environment:create_file_with_runtime_dependencies(/home/chacha/code/ros2_prj/ros2_pr_ws/install/pr_hello/share/colcon-core/packages/pr_hello)
[8.178s] DEBUG:colcon.colcon_parallel_executor.executor.parallel:closing loop
[8.178s] DEBUG:colcon.colcon_parallel_executor.executor.parallel:loop closed
[8.178s] DEBUG:colcon.colcon_parallel_executor.executor.parallel:run_until_complete finished with '0'
[8.178s] DEBUG:colcon.colcon_core.event_reactor:joining thread
[8.182s] INFO:colcon.colcon_core.plugin_system:Skipping extension 'colcon_notification.desktop_notification.terminal_notifier': Not used on non-Darwin systems
[8.182s] INFO:colcon.colcon_core.plugin_system:Skipping extension 'colcon_notification.desktop_notification.win32': Not used on non-Windows systems
[8.182s] INFO:colcon.colcon_notification.desktop_notification:Sending desktop notification using 'notify2'
[8.199s] DEBUG:colcon.colcon_core.event_reactor:joined thread
[8.199s] INFO:colcon.colcon_core.shell:Creating prefix script '/home/chacha/code/ros2_prj/ros2_pr_ws/install/local_setup.ps1'
[8.201s] INFO:colcon.colcon_core.shell:Creating prefix util module '/home/chacha/code/ros2_prj/ros2_pr_ws/install/_local_setup_util_ps1.py'
[8.202s] INFO:colcon.colcon_core.shell:Creating prefix chain script '/home/chacha/code/ros2_prj/ros2_pr_ws/install/setup.ps1'
[8.203s] INFO:colcon.colcon_core.shell:Creating prefix script '/home/chacha/code/ros2_prj/ros2_pr_ws/install/local_setup.sh'
[8.204s] INFO:colcon.colcon_core.shell:Creating prefix util module '/home/chacha/code/ros2_prj/ros2_pr_ws/install/_local_setup_util_sh.py'
[8.206s] INFO:colcon.colcon_core.shell:Creating prefix chain script '/home/chacha/code/ros2_prj/ros2_pr_ws/install/setup.sh'
[8.208s] INFO:colcon.colcon_core.shell:Creating prefix script '/home/chacha/code/ros2_prj/ros2_pr_ws/install/local_setup.bash'
[8.208s] INFO:colcon.colcon_core.shell:Creating prefix chain script '/home/chacha/code/ros2_prj/ros2_pr_ws/install/setup.bash'
[8.209s] INFO:colcon.colcon_core.shell:Creating prefix script '/home/chacha/code/ros2_prj/ros2_pr_ws/install/local_setup.zsh'
[8.209s] INFO:colcon.colcon_core.shell:Creating prefix chain script '/home/chacha/code/ros2_prj/ros2_pr_ws/install/setup.zsh'
