[0.012s] Invoking command in '/home/chacha/code/repo/ChaChaOpen/ros2_prj/ros2_stu_ws/build/topic': CMAKE_PREFIX_PATH=${CMAKE_PREFIX_PATH}:/opt/ros/jazzy DEBUGINFOD_URLS=https://debuginfod.ubuntu.com /usr/bin/cmake --build /home/chacha/code/repo/ChaChaOpen/ros2_prj/ros2_stu_ws/build/topic -- -j8 -l8
[0.039s] -- Found ament_cmake: 2.5.5 (/opt/ros/jazzy/share/ament_cmake/cmake)
[0.292s] -- Found rclcpp: 28.1.16 (/opt/ros/jazzy/share/rclcpp/cmake)
[0.330s] -- Found rosidl_generator_c: 4.6.7 (/opt/ros/jazzy/share/rosidl_generator_c/cmake)
[0.341s] -- Found rosidl_generator_cpp: 4.6.7 (/opt/ros/jazzy/share/rosidl_generator_cpp/cmake)
[0.355s] -- Using all available rosidl_typesupport_c: rosidl_typesupport_fastrtps_c;rosidl_typesupport_introspection_c
[0.372s] -- Using all available rosidl_typesupport_cpp: rosidl_typesupport_fastrtps_cpp;rosidl_typesupport_introspection_cpp
[0.449s] -- Found rmw_implementation_cmake: 7.3.3 (/opt/ros/jazzy/share/rmw_implementation_cmake/cmake)
[0.451s] -- Found rmw_fastrtps_cpp: 8.4.3 (/opt/ros/jazzy/share/rmw_fastrtps_cpp/cmake)
[0.532s] -- Using RMW implementation 'rmw_fastrtps_cpp' as default
[0.618s] -- Found std_msgs: 5.3.6 (/opt/ros/jazzy/share/std_msgs/cmake)
[0.636s] -- Found ament_lint_auto: 0.17.4 (/opt/ros/jazzy/share/ament_lint_auto/cmake)
[0.785s] -- Added test 'cppcheck' to perform static code analysis on C / C++ code
[0.785s] -- Configured cppcheck include dirs: 
[0.786s] -- Configured cppcheck exclude dirs and/or files: 
[0.786s] -- Added test 'lint_cmake' to check CMake code style
[0.787s] -- Added test 'uncrustify' to check C / C++ code style
[0.788s] -- Configured uncrustify additional arguments: 
[0.788s] -- Added test 'xmllint' to check XML markup files
[0.789s] -- Configuring done (0.8s)
[0.806s] -- Generating done (0.0s)
[0.814s] -- Build files have been written to: /home/chacha/code/repo/ChaChaOpen/ros2_prj/ros2_stu_ws/build/topic
[0.873s] [ 50%] Building CXX object CMakeFiles/sub_node.dir/src/sub_node.cpp.o
[10.401s] [100%] Linking CXX executable sub_node
[10.742s] [100%] Built target sub_node
[10.755s] Invoked command in '/home/chacha/code/repo/ChaChaOpen/ros2_prj/ros2_stu_ws/build/topic' returned '0': CMAKE_PREFIX_PATH=${CMAKE_PREFIX_PATH}:/opt/ros/jazzy DEBUGINFOD_URLS=https://debuginfod.ubuntu.com /usr/bin/cmake --build /home/chacha/code/repo/ChaChaOpen/ros2_prj/ros2_stu_ws/build/topic -- -j8 -l8
[10.768s] Invoking command in '/home/chacha/code/repo/ChaChaOpen/ros2_prj/ros2_stu_ws/build/topic': CMAKE_PREFIX_PATH=${CMAKE_PREFIX_PATH}:/opt/ros/jazzy DEBUGINFOD_URLS=https://debuginfod.ubuntu.com /usr/bin/cmake --install /home/chacha/code/repo/ChaChaOpen/ros2_prj/ros2_stu_ws/build/topic
[10.777s] -- Install configuration: ""
[10.778s] -- Installing: /home/chacha/code/repo/ChaChaOpen/ros2_prj/ros2_stu_ws/install/topic/lib/topic/sub_node
[10.781s] -- Set non-toolchain portion of runtime path of "/home/chacha/code/repo/ChaChaOpen/ros2_prj/ros2_stu_ws/install/topic/lib/topic/sub_node" to ""
[10.781s] -- Installing: /home/chacha/code/repo/ChaChaOpen/ros2_prj/ros2_stu_ws/install/topic/share/ament_index/resource_index/package_run_dependencies/topic
[10.782s] -- Up-to-date: /home/chacha/code/repo/ChaChaOpen/ros2_prj/ros2_stu_ws/install/topic/share/ament_index/resource_index/parent_prefix_path/topic
[10.782s] -- Up-to-date: /home/chacha/code/repo/ChaChaOpen/ros2_prj/ros2_stu_ws/install/topic/share/topic/environment/ament_prefix_path.sh
[10.782s] -- Up-to-date: /home/chacha/code/repo/ChaChaOpen/ros2_prj/ros2_stu_ws/install/topic/share/topic/environment/ament_prefix_path.dsv
[10.782s] -- Up-to-date: /home/chacha/code/repo/ChaChaOpen/ros2_prj/ros2_stu_ws/install/topic/share/topic/environment/path.sh
[10.782s] -- Up-to-date: /home/chacha/code/repo/ChaChaOpen/ros2_prj/ros2_stu_ws/install/topic/share/topic/environment/path.dsv
[10.782s] -- Up-to-date: /home/chacha/code/repo/ChaChaOpen/ros2_prj/ros2_stu_ws/install/topic/share/topic/local_setup.bash
[10.782s] -- Up-to-date: /home/chacha/code/repo/ChaChaOpen/ros2_prj/ros2_stu_ws/install/topic/share/topic/local_setup.sh
[10.782s] -- Up-to-date: /home/chacha/code/repo/ChaChaOpen/ros2_prj/ros2_stu_ws/install/topic/share/topic/local_setup.zsh
[10.783s] -- Up-to-date: /home/chacha/code/repo/ChaChaOpen/ros2_prj/ros2_stu_ws/install/topic/share/topic/local_setup.dsv
[10.783s] -- Up-to-date: /home/chacha/code/repo/ChaChaOpen/ros2_prj/ros2_stu_ws/install/topic/share/topic/package.dsv
[10.784s] -- Up-to-date: /home/chacha/code/repo/ChaChaOpen/ros2_prj/ros2_stu_ws/install/topic/share/ament_index/resource_index/packages/topic
[10.784s] -- Up-to-date: /home/chacha/code/repo/ChaChaOpen/ros2_prj/ros2_stu_ws/install/topic/share/topic/cmake/topicConfig.cmake
[10.784s] -- Up-to-date: /home/chacha/code/repo/ChaChaOpen/ros2_prj/ros2_stu_ws/install/topic/share/topic/cmake/topicConfig-version.cmake
[10.784s] -- Installing: /home/chacha/code/repo/ChaChaOpen/ros2_prj/ros2_stu_ws/install/topic/share/topic/package.xml
[10.785s] Invoked command in '/home/chacha/code/repo/ChaChaOpen/ros2_prj/ros2_stu_ws/build/topic' returned '0': CMAKE_PREFIX_PATH=${CMAKE_PREFIX_PATH}:/opt/ros/jazzy DEBUGINFOD_URLS=https://debuginfod.ubuntu.com /usr/bin/cmake --install /home/chacha/code/repo/ChaChaOpen/ros2_prj/ros2_stu_ws/build/topic
