[01m[K/home/chacha/code/repo/ChaChaOpen/ros2_prj/ros2_topic_ws/src/topic/src/pub.cpp:9:35:[m[K [01;31m[Kerror: [m[K‘[01m[Kstd_msgs[m[K’ was not declared in this scope
    9 |                 rclcpp::Publisher<[01;31m[Kstd_msgs[m[K::msg::String>::SharedPtr pub_;
      |                                   [01;31m[K^~~~~~~~[m[K
[01m[K/home/chacha/code/repo/ChaChaOpen/ros2_prj/ros2_topic_ws/src/topic/src/pub.cpp:9:56:[m[K [01;31m[Kerror: [m[Ktemplate argument 1 is invalid
    9 |                 rclcpp::Publisher<std_msgs::msg::String[01;31m[K>[m[K::SharedPtr pub_;
      |                                                        [01;31m[K^[m[K
[01m[K/home/chacha/code/repo/ChaChaOpen/ros2_prj/ros2_topic_ws/src/topic/src/pub.cpp:9:59:[m[K [01;31m[Kerror: [m[Kexpected ‘[01m[K;[m[K’ at end of member declaration
    9 |                 rclcpp::Publisher<std_msgs::msg::String>::[01;31m[KSharedPtr[m[K pub_;
      |                                                           [01;31m[K^~~~~~~~~[m[K
      |                                                                    [32m[K;[m[K
[01m[K/home/chacha/code/repo/ChaChaOpen/ros2_prj/ros2_topic_ws/src/topic/src/pub.cpp:9:69:[m[K [01;31m[Kerror: [m[K‘[01m[Kpub_[m[K’ does not name a type
    9 |                 rclcpp::Publisher<std_msgs::msg::String>::SharedPtr [01;31m[Kpub_[m[K;
      |                                                                     [01;31m[K^~~~[m[K
[01m[K/home/chacha/code/repo/ChaChaOpen/ros2_prj/ros2_topic_ws/src/topic/src/pub.cpp:10:2:[m[K [01;31m[Kerror: [m[Kexpected ‘[01m[K;[m[K’ after class definition
   10 | }
      |  [01;31m[K^[m[K
      |  [32m[K;[m[K
[01m[K/home/chacha/code/repo/ChaChaOpen/ros2_prj/ros2_topic_ws/src/topic/src/pub.cpp:[m[K In constructor ‘[01m[KpubNode::[01;32m[KpubNode[m[K(std::string)[m[K’:
[01m[K/home/chacha/code/repo/ChaChaOpen/ros2_prj/ros2_topic_ws/src/topic/src/pub.cpp:6:25:[m[K [01;31m[Kerror: [m[K‘[01m[Kpub_[m[K’ was not declared in this scope
    6 |                         [01;31m[Kpub_[m[K = this->create_publisher<std_msgs::msg::String>("pub_node", 10);
      |                         [01;31m[K^~~~[m[K
[01m[K/home/chacha/code/repo/ChaChaOpen/ros2_prj/ros2_topic_ws/src/topic/src/pub.cpp:6:55:[m[K [01;31m[Kerror: [m[K‘[01m[Kstd_msgs[m[K’ was not declared in this scope
    6 |                         pub_ = this->create_publisher<[01;31m[Kstd_msgs[m[K::msg::String>("pub_node", 10);
      |                                                       [01;31m[K^~~~~~~~[m[K
[01m[K/home/chacha/code/repo/ChaChaOpen/ros2_prj/ros2_topic_ws/src/topic/src/pub.cpp:6:38:[m[K [01;31m[Kerror: [m[Kparse error in template argument list
    6 |                         pub_ = this->[01;31m[Kcreate_publisher<std_msgs::msg::String>[m[K("pub_node", 10);
      |                                      [01;31m[K^~~~~~~~~~~~~~~~~~~~~~~~~~~~~~~~~~~~~~~[m[K
[01m[K/home/chacha/code/repo/ChaChaOpen/ros2_prj/ros2_topic_ws/src/topic/src/pub.cpp:6:77:[m[K [01;31m[Kerror: [m[Kno matching function for call to ‘[01m[KpubNode::create_publisher<<expression error> >(const char [9], int)[m[K’
    6 |                         pub_ = [01;31m[Kthis->create_publisher<std_msgs::msg::String>("pub_node", 10)[m[K;
      |                                [01;31m[K~~~~~~~~~~~~~~~~~~~~~~~~~~~~~~~~~~~~~~~~~~~~~^~~~~~~~~~~~~~~~[m[K
In file included from [01m[K/opt/ros/jazzy/include/rclcpp/rclcpp/executors/single_threaded_executor.hpp:28[m[K,
                 from [01m[K/opt/ros/jazzy/include/rclcpp/rclcpp/executors.hpp:22[m[K,
                 from [01m[K/opt/ros/jazzy/include/rclcpp/rclcpp/rclcpp.hpp:172[m[K,
                 from [01m[K/home/chacha/code/repo/ChaChaOpen/ros2_prj/ros2_topic_ws/src/topic/src/pub.cpp:1[m[K:
[01m[K/opt/ros/jazzy/include/rclcpp/rclcpp/node.hpp:197:3:[m[K [01;36m[Knote: [m[Kcandidate: ‘[01m[Ktemplate<class MessageT, class AllocatorT, class PublisherT> std::shared_ptr<PublisherT> rclcpp::Node::[01;32m[Kcreate_publisher[m[K(const std::string&, const rclcpp::QoS&, const rclcpp::PublisherOptionsWithAllocator<AllocatorT>&)[m[K’
  197 |   [01;36m[Kcreate_publisher[m[K(
      |   [01;36m[K^~~~~~~~~~~~~~~~[m[K
[01m[K/opt/ros/jazzy/include/rclcpp/rclcpp/node.hpp:197:3:[m[K [01;36m[Knote: [m[K  template argument deduction/substitution failed:
[01m[K/home/chacha/code/repo/ChaChaOpen/ros2_prj/ros2_topic_ws/src/topic/src/pub.cpp:6:77:[m[K [01;31m[Kerror: [m[Ktemplate argument 1 is invalid
    6 |                         pub_ = [01;31m[Kthis->create_publisher<std_msgs::msg::String>("pub_node", 10)[m[K;
      |                                [01;31m[K~~~~~~~~~~~~~~~~~~~~~~~~~~~~~~~~~~~~~~~~~~~~~^~~~~~~~~~~~~~~~[m[K
gmake[2]: *** [CMakeFiles/pub_node.dir/build.make:76：CMakeFiles/pub_node.dir/src/pub.cpp.o] 错误 1
gmake[1]: *** [CMakeFiles/Makefile2:165：CMakeFiles/pub_node.dir/all] 错误 2
gmake: *** [Makefile:146：all] 错误 2
