[0.008s] Invoking command in '/home/chacha/code/repo/ChaChaOpen/ros2_prj/topic_ws/build/topic': CMAKE_PREFIX_PATH=${CMAKE_PREFIX_PATH}:/opt/ros/jazzy DEBUGINFOD_URLS=https://debuginfod.ubuntu.com /usr/bin/cmake --build /home/chacha/code/repo/ChaChaOpen/ros2_prj/topic_ws/build/topic -- -j8 -l8
[0.032s] -- Found ament_cmake: 2.5.5 (/opt/ros/jazzy/share/ament_cmake/cmake)
[0.196s] -- Found rclcpp: 28.1.16 (/opt/ros/jazzy/share/rclcpp/cmake)
[0.219s] -- Found rosidl_generator_c: 4.6.7 (/opt/ros/jazzy/share/rosidl_generator_c/cmake)
[0.226s] -- Found rosidl_generator_cpp: 4.6.7 (/opt/ros/jazzy/share/rosidl_generator_cpp/cmake)
[0.237s] -- Using all available rosidl_typesupport_c: rosidl_typesupport_fastrtps_c;rosidl_typesupport_introspection_c
[0.247s] -- Using all available rosidl_typesupport_cpp: rosidl_typesupport_fastrtps_cpp;rosidl_typesupport_introspection_cpp
[0.294s] -- Found rmw_implementation_cmake: 7.3.3 (/opt/ros/jazzy/share/rmw_implementation_cmake/cmake)
[0.295s] -- Found rmw_fastrtps_cpp: 8.4.3 (/opt/ros/jazzy/share/rmw_fastrtps_cpp/cmake)
[0.353s] -- Using RMW implementation 'rmw_fastrtps_cpp' as default
[0.400s] -- Found std_msgs: 5.3.6 (/opt/ros/jazzy/share/std_msgs/cmake)
[0.411s] -- Found ament_lint_auto: 0.17.4 (/opt/ros/jazzy/share/ament_lint_auto/cmake)
[0.486s] -- Added test 'cppcheck' to perform static code analysis on C / C++ code
[0.486s] -- Configured cppcheck include dirs: 
[0.486s] -- Configured cppcheck exclude dirs and/or files: 
[0.486s] -- Added test 'lint_cmake' to check CMake code style
[0.487s] -- Added test 'uncrustify' to check C / C++ code style
[0.487s] -- Configured uncrustify additional arguments: 
[0.487s] -- Added test 'xmllint' to check XML markup files
[0.488s] -- Configuring done (0.5s)
[0.497s] -- Generating done (0.0s)
[0.501s] -- Build files have been written to: /home/chacha/code/repo/ChaChaOpen/ros2_prj/topic_ws/build/topic
[0.544s] [ 25%] [32m[1mLinking CXX executable pub_node[0m
[0.546s] [ 50%] [32m[1mLinking CXX executable sub_node[0m
[0.766s] [ 75%] Built target pub_node
[0.849s] [100%] Built target sub_node
[0.858s] Invoked command in '/home/chacha/code/repo/ChaChaOpen/ros2_prj/topic_ws/build/topic' returned '0': CMAKE_PREFIX_PATH=${CMAKE_PREFIX_PATH}:/opt/ros/jazzy DEBUGINFOD_URLS=https://debuginfod.ubuntu.com /usr/bin/cmake --build /home/chacha/code/repo/ChaChaOpen/ros2_prj/topic_ws/build/topic -- -j8 -l8
[0.865s] Invoking command in '/home/chacha/code/repo/ChaChaOpen/ros2_prj/topic_ws/build/topic': CMAKE_PREFIX_PATH=${CMAKE_PREFIX_PATH}:/opt/ros/jazzy DEBUGINFOD_URLS=https://debuginfod.ubuntu.com /usr/bin/cmake --install /home/chacha/code/repo/ChaChaOpen/ros2_prj/topic_ws/build/topic
[0.872s] -- Install configuration: ""
[0.872s] -- Installing: /home/chacha/code/repo/ChaChaOpen/ros2_prj/topic_ws/install/topic/lib/topic/sub_node
[0.874s] -- Set non-toolchain portion of runtime path of "/home/chacha/code/repo/ChaChaOpen/ros2_prj/topic_ws/install/topic/lib/topic/sub_node" to ""
[0.874s] -- Installing: /home/chacha/code/repo/ChaChaOpen/ros2_prj/topic_ws/install/topic/lib/topic/pub_node
[0.874s] -- Set non-toolchain portion of runtime path of "/home/chacha/code/repo/ChaChaOpen/ros2_prj/topic_ws/install/topic/lib/topic/pub_node" to ""
[0.874s] -- Installing: /home/chacha/code/repo/ChaChaOpen/ros2_prj/topic_ws/install/topic/share/ament_index/resource_index/package_run_dependencies/topic
[0.874s] -- Installing: /home/chacha/code/repo/ChaChaOpen/ros2_prj/topic_ws/install/topic/share/ament_index/resource_index/parent_prefix_path/topic
[0.874s] -- Up-to-date: /home/chacha/code/repo/ChaChaOpen/ros2_prj/topic_ws/install/topic/share/topic/environment/ament_prefix_path.sh
[0.874s] -- Up-to-date: /home/chacha/code/repo/ChaChaOpen/ros2_prj/topic_ws/install/topic/share/topic/environment/ament_prefix_path.dsv
[0.875s] -- Up-to-date: /home/chacha/code/repo/ChaChaOpen/ros2_prj/topic_ws/install/topic/share/topic/environment/path.sh
[0.875s] -- Up-to-date: /home/chacha/code/repo/ChaChaOpen/ros2_prj/topic_ws/install/topic/share/topic/environment/path.dsv
[0.875s] -- Up-to-date: /home/chacha/code/repo/ChaChaOpen/ros2_prj/topic_ws/install/topic/share/topic/local_setup.bash
[0.875s] -- Up-to-date: /home/chacha/code/repo/ChaChaOpen/ros2_prj/topic_ws/install/topic/share/topic/local_setup.sh
[0.875s] -- Up-to-date: /home/chacha/code/repo/ChaChaOpen/ros2_prj/topic_ws/install/topic/share/topic/local_setup.zsh
[0.875s] -- Up-to-date: /home/chacha/code/repo/ChaChaOpen/ros2_prj/topic_ws/install/topic/share/topic/local_setup.dsv
[0.875s] -- Installing: /home/chacha/code/repo/ChaChaOpen/ros2_prj/topic_ws/install/topic/share/topic/package.dsv
[0.875s] -- Up-to-date: /home/chacha/code/repo/ChaChaOpen/ros2_prj/topic_ws/install/topic/share/ament_index/resource_index/packages/topic
[0.875s] -- Up-to-date: /home/chacha/code/repo/ChaChaOpen/ros2_prj/topic_ws/install/topic/share/topic/cmake/topicConfig.cmake
[0.875s] -- Up-to-date: /home/chacha/code/repo/ChaChaOpen/ros2_prj/topic_ws/install/topic/share/topic/cmake/topicConfig-version.cmake
[0.875s] -- Installing: /home/chacha/code/repo/ChaChaOpen/ros2_prj/topic_ws/install/topic/share/topic/package.xml
[0.877s] Invoked command in '/home/chacha/code/repo/ChaChaOpen/ros2_prj/topic_ws/build/topic' returned '0': CMAKE_PREFIX_PATH=${CMAKE_PREFIX_PATH}:/opt/ros/jazzy DEBUGINFOD_URLS=https://debuginfod.ubuntu.com /usr/bin/cmake --install /home/chacha/code/repo/ChaChaOpen/ros2_prj/topic_ws/build/topic
