[ 25%] [32mBuilding CXX object CMakeFiles/sub_node.dir/src/sub.cpp.o[0m
[ 50%] [32mBuilding CXX object CMakeFiles/pub_node.dir/src/pub.cpp.o[0m
[ 75%] [32m[1mLinking CXX executable pub_node[0m
[ 75%] Built target pub_node
[100%] [32m[1mLinking CXX executable sub_node[0m
[100%] Built target sub_node
-- Install configuration: ""
-- Installing: /home/chacha/code/repo/ChaChaOpen/ros2_prj/topic_ws/install/topic/share/ament_index/resource_index/package_run_dependencies/topic
-- Installing: /home/chacha/code/repo/ChaChaOpen/ros2_prj/topic_ws/install/topic/share/ament_index/resource_index/parent_prefix_path/topic
-- Installing: /home/chacha/code/repo/ChaChaOpen/ros2_prj/topic_ws/install/topic/share/topic/environment/ament_prefix_path.sh
-- Installing: /home/chacha/code/repo/ChaChaOpen/ros2_prj/topic_ws/install/topic/share/topic/environment/ament_prefix_path.dsv
-- Installing: /home/chacha/code/repo/ChaChaOpen/ros2_prj/topic_ws/install/topic/share/topic/environment/path.sh
-- Installing: /home/chacha/code/repo/ChaChaOpen/ros2_prj/topic_ws/install/topic/share/topic/environment/path.dsv
-- Installing: /home/chacha/code/repo/ChaChaOpen/ros2_prj/topic_ws/install/topic/share/topic/local_setup.bash
-- Installing: /home/chacha/code/repo/ChaChaOpen/ros2_prj/topic_ws/install/topic/share/topic/local_setup.sh
-- Installing: /home/chacha/code/repo/ChaChaOpen/ros2_prj/topic_ws/install/topic/share/topic/local_setup.zsh
-- Installing: /home/chacha/code/repo/ChaChaOpen/ros2_prj/topic_ws/install/topic/share/topic/local_setup.dsv
-- Installing: /home/chacha/code/repo/ChaChaOpen/ros2_prj/topic_ws/install/topic/share/topic/package.dsv
-- Installing: /home/chacha/code/repo/ChaChaOpen/ros2_prj/topic_ws/install/topic/share/ament_index/resource_index/packages/topic
-- Installing: /home/chacha/code/repo/ChaChaOpen/ros2_prj/topic_ws/install/topic/share/topic/cmake/topicConfig.cmake
-- Installing: /home/chacha/code/repo/ChaChaOpen/ros2_prj/topic_ws/install/topic/share/topic/cmake/topicConfig-version.cmake
-- Installing: /home/chacha/code/repo/ChaChaOpen/ros2_prj/topic_ws/install/topic/share/topic/package.xml
