[0.007s] Invoking command in '/home/chacha/code/repo/ChaChaOpen/ros2_prj/ros2_stu_ws/build/user_interfaces': CMAKE_PREFIX_PATH=${CMAKE_PREFIX_PATH}:/opt/ros/jazzy DEBUGINFOD_URLS=https://debuginfod.ubuntu.com /usr/bin/cmake /home/chacha/code/repo/ChaChaOpen/ros2_prj/ros2_stu_ws/src/user_interfaces -DCMAKE_INSTALL_PREFIX=/home/chacha/code/repo/ChaChaOpen/ros2_prj/ros2_stu_ws/install/user_interfaces
[0.019s] -- Found ament_cmake: 2.5.5 (/opt/ros/jazzy/share/ament_cmake/cmake)
[0.223s] -- Found std_msgs: 5.3.6 (/opt/ros/jazzy/share/std_msgs/cmake)
[0.246s] -- Found rosidl_generator_c: 4.6.7 (/opt/ros/jazzy/share/rosidl_generator_c/cmake)
[0.254s] -- Found rosidl_generator_cpp: 4.6.7 (/opt/ros/jazzy/share/rosidl_generator_cpp/cmake)
[0.264s] -- Using all available rosidl_typesupport_c: rosidl_typesupport_fastrtps_c;rosidl_typesupport_introspection_c
[0.276s] -- Using all available rosidl_typesupport_cpp: rosidl_typesupport_fastrtps_cpp;rosidl_typesupport_introspection_cpp
[0.301s] -- Found rosidl_default_generators: 1.6.0 (/opt/ros/jazzy/share/rosidl_default_generators/cmake)
[0.308s] -- Found rosidl_adapter: 4.6.7 (/opt/ros/jazzy/share/rosidl_adapter/cmake)
[0.555s] CMake Error at /opt/ros/jazzy/share/rosidl_adapter/cmake/rosidl_adapt_interfaces.cmake:57 (message):
[0.555s]   execute_process(/usr/bin/python3 -m rosidl_adapter --package-name
[0.555s]   user_interfaces --arguments-file
[0.555s]   /home/chacha/code/repo/ChaChaOpen/ros2_prj/ros2_stu_ws/build/user_interfaces/rosidl_adapter__arguments__user_interfaces.json
[0.555s]   --output-dir
[0.555s]   /home/chacha/code/repo/ChaChaOpen/ros2_prj/ros2_stu_ws/build/user_interfaces/rosidl_adapter/user_interfaces
[0.555s]   --output-file
[0.555s]   /home/chacha/code/repo/ChaChaOpen/ros2_prj/ros2_stu_ws/build/user_interfaces/rosidl_adapter/user_interfaces.idls)
[0.555s]   returned error code 1:
[0.555s] 
[0.556s]   Error processing 'string User_msg' of 'user_interfaces/user': ''User_msg'
[0.556s]   is an invalid field name.  It should have the pattern
[0.556s]   '^(?!.*__)(?!.*_$)[a-z][a-z0-9_]*$''
[0.556s] 
[0.556s]   Traceback (most recent call last):
[0.556s] 
[0.556s]     File "<frozen runpy>", line 198, in _run_module_as_main
[0.556s]     File "<frozen runpy>", line 88, in _run_code
[0.556s]     File "/opt/ros/jazzy/lib/python3.12/site-packages/rosidl_adapter/__main__.py", line 19, in <module>
[0.556s]       sys.exit(main())
[0.556s]                ^^^^^^
[0.556s]     File "/opt/ros/jazzy/lib/python3.12/site-packages/rosidl_adapter/main.py", line 53, in main
[0.556s]       abs_idl_file = convert_to_idl(
[0.556s]                      ^^^^^^^^^^^^^^^
[0.556s]     File "/opt/ros/jazzy/lib/python3.12/site-packages/rosidl_adapter/__init__.py", line 19, in convert_to_idl
[0.556s]       return convert_msg_to_idl(
[0.556s]              ^^^^^^^^^^^^^^^^^^^
[0.557s]     File "/opt/ros/jazzy/lib/python3.12/site-packages/rosidl_adapter/msg/__init__.py", line 28, in convert_msg_to_idl
[0.557s]       msg = parse_message_string(package_name, input_file.stem, content)
[0.557s]             ^^^^^^^^^^^^^^^^^^^^^^^^^^^^^^^^^^^^^^^^^^^^^^^^^^^^^^^^^^^^
[0.557s]     File "/opt/ros/jazzy/lib/python3.12/site-packages/rosidl_adapter/parser.py", line 520, in parse_message_string
[0.557s]       fields.append(Field(
[0.557s]                     ^^^^^^
[0.557s]     File "/opt/ros/jazzy/lib/python3.12/site-packages/rosidl_adapter/parser.py", line 355, in __init__
[0.557s]       raise NameError(
[0.557s] 
[0.557s]   NameError: 'User_msg' is an invalid field name.  It should have the pattern
[0.557s]   '^(?!.*__)(?!.*_$)[a-z][a-z0-9_]*$'
[0.557s] 
[0.557s] Call Stack (most recent call first):
[0.557s]   /opt/ros/jazzy/share/rosidl_cmake/cmake/rosidl_generate_interfaces.cmake:132 (rosidl_adapt_interfaces)
[0.557s]   CMakeLists.txt:16 (rosidl_generate_interfaces)
[0.558s] 
[0.558s] 
[0.558s] -- Configuring incomplete, errors occurred!
[0.563s] Invoked command in '/home/chacha/code/repo/ChaChaOpen/ros2_prj/ros2_stu_ws/build/user_interfaces' returned '1': CMAKE_PREFIX_PATH=${CMAKE_PREFIX_PATH}:/opt/ros/jazzy DEBUGINFOD_URLS=https://debuginfod.ubuntu.com /usr/bin/cmake /home/chacha/code/repo/ChaChaOpen/ros2_prj/ros2_stu_ws/src/user_interfaces -DCMAKE_INSTALL_PREFIX=/home/chacha/code/repo/ChaChaOpen/ros2_prj/ros2_stu_ws/install/user_interfaces
