[0.008s] Invoking command in '/home/chacha/code/repo/ChaChaOpen/ros2_prj/ros2_topic_ws/build/topic': CMAKE_PREFIX_PATH=${CMAKE_PREFIX_PATH}:/opt/ros/jazzy DEBUGINFOD_URLS=https://debuginfod.ubuntu.com /usr/bin/cmake --build /home/chacha/code/repo/ChaChaOpen/ros2_prj/ros2_topic_ws/build/topic -- -j8 -l8
[0.033s] -- Found ament_cmake: 2.5.5 (/opt/ros/jazzy/share/ament_cmake/cmake)
[0.218s] -- Found rclcpp: 28.1.16 (/opt/ros/jazzy/share/rclcpp/cmake)
[0.244s] -- Found rosidl_generator_c: 4.6.7 (/opt/ros/jazzy/share/rosidl_generator_c/cmake)
[0.252s] -- Found rosidl_generator_cpp: 4.6.7 (/opt/ros/jazzy/share/rosidl_generator_cpp/cmake)
[0.261s] -- Using all available rosidl_typesupport_c: rosidl_typesupport_fastrtps_c;rosidl_typesupport_introspection_c
[0.272s] -- Using all available rosidl_typesupport_cpp: rosidl_typesupport_fastrtps_cpp;rosidl_typesupport_introspection_cpp
[0.336s] -- Found rmw_implementation_cmake: 7.3.3 (/opt/ros/jazzy/share/rmw_implementation_cmake/cmake)
[0.336s] -- Found rmw_fastrtps_cpp: 8.4.3 (/opt/ros/jazzy/share/rmw_fastrtps_cpp/cmake)
[0.438s] -- Using RMW implementation 'rmw_fastrtps_cpp' as default
[0.510s] -- Found std_msgs: 5.3.6 (/opt/ros/jazzy/share/std_msgs/cmake)
[0.528s] -- Found ament_lint_auto: 0.17.4 (/opt/ros/jazzy/share/ament_lint_auto/cmake)
[0.610s] -- Added test 'cppcheck' to perform static code analysis on C / C++ code
[0.610s] -- Configured cppcheck include dirs: 
[0.610s] -- Configured cppcheck exclude dirs and/or files: 
[0.610s] -- Added test 'flake8' to check Python code syntax and style conventions
[0.610s] -- Configured 'flake8' exclude dirs and/or files: 
[0.611s] -- Added test 'lint_cmake' to check CMake code style
[0.612s] -- Added test 'pep257' to check Python code against some of the docstring style conventions in PEP 257
[0.614s] -- Added test 'uncrustify' to check C / C++ code style
[0.614s] -- Configured uncrustify additional arguments: 
[0.614s] -- Added test 'xmllint' to check XML markup files
[0.615s] -- Configuring done (0.6s)
[0.629s] -- Generating done (0.0s)
[0.633s] -- Build files have been written to: /home/chacha/code/repo/ChaChaOpen/ros2_prj/ros2_topic_ws/build/topic
[0.673s] [ 25%] [32mBuilding CXX object CMakeFiles/pub_node.dir/src/pub.cpp.o[0m
[0.676s] [ 50%] [32mBuilding CXX object CMakeFiles/sub_node.dir/src/sub.cpp.o[0m
[0.900s] [01m[K/home/chacha/code/repo/ChaChaOpen/ros2_prj/ros2_topic_ws/src/topic/src/sub.cpp:2:10:[m[K [01;31m[Kfatal error: [m[Kstd_msgs/msg/string: 没有那个文件或目录
[0.900s]     2 | #include [01;31m[K"std_msgs/msg/string"[m[K
[0.900s]       |          [01;31m[K^~~~~~~~~~~~~~~~~~~~~[m[K
[0.900s] compilation terminated.
[0.903s] gmake[2]: *** [CMakeFiles/sub_node.dir/build.make:76：CMakeFiles/sub_node.dir/src/sub.cpp.o] 错误 1
[0.904s] gmake[1]: *** [CMakeFiles/Makefile2:139：CMakeFiles/sub_node.dir/all] 错误 2
[0.904s] gmake[1]: *** 正在等待未完成的任务....
[3.172s] [ 75%] [32m[1mLinking CXX executable pub_node[0m
[3.280s] [ 75%] Built target pub_node
[3.281s] gmake: *** [Makefile:146：all] 错误 2
[3.283s] Invoked command in '/home/chacha/code/repo/ChaChaOpen/ros2_prj/ros2_topic_ws/build/topic' returned '2': CMAKE_PREFIX_PATH=${CMAKE_PREFIX_PATH}:/opt/ros/jazzy DEBUGINFOD_URLS=https://debuginfod.ubuntu.com /usr/bin/cmake --build /home/chacha/code/repo/ChaChaOpen/ros2_prj/ros2_topic_ws/build/topic -- -j8 -l8
