[0.019s] Invoking command in '/home/chacha/code/ros2_prj/ros2_pr_ws/build/user_interfaces': CMAKE_PREFIX_PATH=${CMAKE_PREFIX_PATH}:/opt/ros/jazzy DEBUGINFOD_URLS=https://debuginfod.ubuntu.com /usr/bin/cmake /home/chacha/code/ros2_prj/ros2_pr_ws/src/user_interfaces -DCMAKE_INSTALL_PREFIX=/home/chacha/code/ros2_prj/ros2_pr_ws/install/user_interfaces
[0.126s] -- The C compiler identification is GNU 13.3.0
[0.241s] -- The CXX compiler identification is GNU 13.3.0
[0.275s] -- Detecting C compiler ABI info
[0.459s] -- Detecting C compiler ABI info - done
[0.478s] -- Check for working C compiler: /usr/bin/cc - skipped
[0.479s] -- Detecting C compile features
[0.479s] -- Detecting C compile features - done
[0.497s] -- Detecting CXX compiler ABI info
[0.700s] -- Detecting CXX compiler ABI info - done
[0.720s] -- Check for working CXX compiler: /usr/bin/c++ - skipped
[0.721s] -- Detecting CXX compile features
[0.721s] -- Detecting CXX compile features - done
[0.729s] -- Found ament_cmake: 2.5.5 (/opt/ros/jazzy/share/ament_cmake/cmake)
[1.116s] -- Found Python3: /usr/bin/python3 (found version "3.12.3") found components: Interpreter 
[1.469s] -- Found std_msgs: 5.3.6 (/opt/ros/jazzy/share/std_msgs/cmake)
[1.569s] -- Found rosidl_generator_c: 4.6.7 (/opt/ros/jazzy/share/rosidl_generator_c/cmake)
[1.603s] -- Found rosidl_generator_cpp: 4.6.7 (/opt/ros/jazzy/share/rosidl_generator_cpp/cmake)
[1.644s] -- Using all available rosidl_typesupport_c: rosidl_typesupport_fastrtps_c;rosidl_typesupport_introspection_c
[1.689s] -- Using all available rosidl_typesupport_cpp: rosidl_typesupport_fastrtps_cpp;rosidl_typesupport_introspection_cpp
[1.761s] -- Found sensor_msgs: 5.3.6 (/opt/ros/jazzy/share/sensor_msgs/cmake)
[1.890s] -- Found rosidl_default_generators: 1.6.0 (/opt/ros/jazzy/share/rosidl_default_generators/cmake)
[1.930s] -- Found rosidl_adapter: 4.6.7 (/opt/ros/jazzy/share/rosidl_adapter/cmake)
[3.370s] -- Found ament_cmake_ros: 0.12.0 (/opt/ros/jazzy/share/ament_cmake_ros/cmake)
[5.906s] -- Using all available rosidl_typesupport_c: rosidl_typesupport_fastrtps_c;rosidl_typesupport_introspection_c
[6.940s] -- Using all available rosidl_typesupport_cpp: rosidl_typesupport_fastrtps_cpp;rosidl_typesupport_introspection_cpp
[6.953s] -- Found python_cmake_module: 0.11.1 (/opt/ros/jazzy/share/python_cmake_module/cmake)
[7.323s] -- Found PythonExtra: /usr/bin/python3  
[8.524s] -- Found Python3: /usr/bin/python3 (found version "3.12.3") found components: Interpreter Development NumPy Development.Module Development.Embed 
[8.690s] -- Found ament_lint_auto: 0.17.4 (/opt/ros/jazzy/share/ament_lint_auto/cmake)
[8.767s] -- Added test 'cppcheck' to perform static code analysis on C / C++ code
[8.768s] -- Configured cppcheck include dirs: 
[8.768s] -- Configured cppcheck exclude dirs and/or files: 
[8.772s] -- Added test 'flake8' to check Python code syntax and style conventions
[8.773s] -- Configured 'flake8' exclude dirs and/or files: 
[8.778s] -- Added test 'lint_cmake' to check CMake code style
[8.781s] -- Added test 'pep257' to check Python code against some of the docstring style conventions in PEP 257
[8.793s] -- Added test 'uncrustify' to check C / C++ code style
[8.793s] -- Configured uncrustify additional arguments: 
[8.797s] -- Added test 'xmllint' to check XML markup files
[8.804s] -- Configuring done (8.8s)
[8.908s] -- Generating done (0.1s)
[8.939s] -- Build files have been written to: /home/chacha/code/ros2_prj/ros2_pr_ws/build/user_interfaces
[8.975s] Invoked command in '/home/chacha/code/ros2_prj/ros2_pr_ws/build/user_interfaces' returned '0': CMAKE_PREFIX_PATH=${CMAKE_PREFIX_PATH}:/opt/ros/jazzy DEBUGINFOD_URLS=https://debuginfod.ubuntu.com /usr/bin/cmake /home/chacha/code/ros2_prj/ros2_pr_ws/src/user_interfaces -DCMAKE_INSTALL_PREFIX=/home/chacha/code/ros2_prj/ros2_pr_ws/install/user_interfaces
[8.979s] Invoking command in '/home/chacha/code/ros2_prj/ros2_pr_ws/build/user_interfaces': CMAKE_PREFIX_PATH=${CMAKE_PREFIX_PATH}:/opt/ros/jazzy DEBUGINFOD_URLS=https://debuginfod.ubuntu.com /usr/bin/cmake --build /home/chacha/code/ros2_prj/ros2_pr_ws/build/user_interfaces -- -j8 -l8
[9.107s] [  2%] Generating type hashes for ROS interfaces
[9.143s] [  2%] Built target ament_cmake_python_copy_user_interfaces
[9.883s] running egg_info
[9.886s] creating user_interfaces.egg-info
[9.923s] [  2%] Built target user_interfaces__rosidl_generator_type_description
[9.936s] writing user_interfaces.egg-info/PKG-INFO
[9.937s] writing dependency_links to user_interfaces.egg-info/dependency_links.txt
[9.937s] writing top-level names to user_interfaces.egg-info/top_level.txt
[9.937s] writing manifest file 'user_interfaces.egg-info/SOURCES.txt'
[9.949s] [  5%] Generating C code for ROS interfaces
[9.981s] [  8%] Generating C++ code for ROS interfaces
[10.170s] reading manifest file 'user_interfaces.egg-info/SOURCES.txt'
[10.172s] writing manifest file 'user_interfaces.egg-info/SOURCES.txt'
[10.266s] [  8%] Built target ament_cmake_python_build_user_interfaces_egg
[10.752s] [  8%] Built target user_interfaces__cpp
[10.755s] [ 11%] Building C object CMakeFiles/user_interfaces__rosidl_generator_c.dir/rosidl_generator_c/user_interfaces/msg/detail/user__description.c.o
[10.756s] [ 14%] Building C object CMakeFiles/user_interfaces__rosidl_generator_c.dir/rosidl_generator_c/user_interfaces/msg/detail/user__functions.c.o
[10.763s] [ 17%] Building C object CMakeFiles/user_interfaces__rosidl_generator_c.dir/rosidl_generator_c/user_interfaces/msg/detail/user__type_support.c.o
[10.911s] [ 20%] Linking C shared library libuser_interfaces__rosidl_generator_c.so
[11.025s] [ 20%] Built target user_interfaces__rosidl_generator_c
[11.062s] [ 23%] Generating C++ introspection for ROS interfaces
[11.062s] [ 29%] Generating C++ type support for eProsima Fast-RTPS
[11.063s] [ 29%] Generating C++ type support dispatch for ROS interfaces
[11.063s] [ 32%] Generating C type support dispatch for ROS interfaces
[11.063s] [ 35%] Generating C type support for eProsima Fast-RTPS
[11.065s] [ 38%] Generating C introspection for ROS interfaces
[12.152s] [ 41%] Building CXX object CMakeFiles/user_interfaces__rosidl_typesupport_c.dir/rosidl_typesupport_c/user_interfaces/msg/user__type_support.cpp.o
[12.350s] [ 44%] Linking CXX shared library libuser_interfaces__rosidl_typesupport_c.so
[12.394s] [ 47%] Building CXX object CMakeFiles/user_interfaces__rosidl_typesupport_fastrtps_cpp.dir/rosidl_typesupport_fastrtps_cpp/user_interfaces/msg/detail/dds_fastrtps/user__type_support.cpp.o
[12.411s] [ 50%] Building CXX object CMakeFiles/user_interfaces__rosidl_typesupport_fastrtps_c.dir/rosidl_typesupport_fastrtps_c/user_interfaces/msg/detail/user__type_support_c.cpp.o
[12.419s] [ 52%] Building CXX object CMakeFiles/user_interfaces__rosidl_typesupport_cpp.dir/rosidl_typesupport_cpp/user_interfaces/msg/user__type_support.cpp.o
[12.440s] [ 55%] Building C object CMakeFiles/user_interfaces__rosidl_typesupport_introspection_c.dir/rosidl_typesupport_introspection_c/user_interfaces/msg/detail/user__type_support.c.o
[12.477s] [ 58%] Building CXX object CMakeFiles/user_interfaces__rosidl_typesupport_introspection_cpp.dir/rosidl_typesupport_introspection_cpp/user_interfaces/msg/detail/user__type_support.cpp.o
[12.509s] [ 58%] Built target user_interfaces__rosidl_typesupport_c
[12.586s] [ 61%] Linking C shared library libuser_interfaces__rosidl_typesupport_introspection_c.so
[12.799s] [ 61%] Built target user_interfaces__rosidl_typesupport_introspection_c
[13.724s] [ 64%] Linking CXX shared library libuser_interfaces__rosidl_typesupport_cpp.so
[13.810s] [ 67%] Linking CXX shared library libuser_interfaces__rosidl_typesupport_introspection_cpp.so
[13.920s] [ 67%] Built target user_interfaces__rosidl_typesupport_cpp
[14.132s] [ 67%] Built target user_interfaces__rosidl_typesupport_introspection_cpp
[14.286s] [ 70%] Linking CXX shared library libuser_interfaces__rosidl_typesupport_fastrtps_c.so
[14.331s] [ 73%] Linking CXX shared library libuser_interfaces__rosidl_typesupport_fastrtps_cpp.so
[14.634s] [ 73%] Built target user_interfaces__rosidl_typesupport_fastrtps_c
[14.732s] [ 73%] Built target user_interfaces__rosidl_typesupport_fastrtps_cpp
[14.804s] [ 73%] Built target user_interfaces
[14.872s] [ 76%] Generating Python code for ROS interfaces
[15.894s] [ 76%] Built target user_interfaces__py
[15.959s] [ 79%] Building C object CMakeFiles/user_interfaces__rosidl_generator_py.dir/rosidl_generator_py/user_interfaces/msg/_user_s.c.o
[16.338s] [ 82%] Linking C shared library libuser_interfaces__rosidl_generator_py.so
[16.467s] [ 82%] Built target user_interfaces__rosidl_generator_py
[16.534s] [ 85%] Building C object CMakeFiles/user_interfaces_s__rosidl_typesupport_c.dir/rosidl_generator_py/user_interfaces/_user_interfaces_s.ep.rosidl_typesupport_c.c.o
[16.535s] [ 88%] Building C object CMakeFiles/user_interfaces_s__rosidl_typesupport_fastrtps_c.dir/rosidl_generator_py/user_interfaces/_user_interfaces_s.ep.rosidl_typesupport_fastrtps_c.c.o
[16.536s] [ 91%] Building C object CMakeFiles/user_interfaces_s__rosidl_typesupport_introspection_c.dir/rosidl_generator_py/user_interfaces/_user_interfaces_s.ep.rosidl_typesupport_introspection_c.c.o
[16.908s] [ 94%] Linking C shared module rosidl_generator_py/user_interfaces/user_interfaces_s__rosidl_typesupport_fastrtps_c.so
[16.986s] [ 97%] Linking C shared module rosidl_generator_py/user_interfaces/user_interfaces_s__rosidl_typesupport_introspection_c.so
[17.012s] [100%] Linking C shared module rosidl_generator_py/user_interfaces/user_interfaces_s__rosidl_typesupport_c.so
[17.047s] [100%] Built target user_interfaces_s__rosidl_typesupport_fastrtps_c
[17.116s] [100%] Built target user_interfaces_s__rosidl_typesupport_c
[17.120s] [100%] Built target user_interfaces_s__rosidl_typesupport_introspection_c
[17.155s] Invoked command in '/home/chacha/code/ros2_prj/ros2_pr_ws/build/user_interfaces' returned '0': CMAKE_PREFIX_PATH=${CMAKE_PREFIX_PATH}:/opt/ros/jazzy DEBUGINFOD_URLS=https://debuginfod.ubuntu.com /usr/bin/cmake --build /home/chacha/code/ros2_prj/ros2_pr_ws/build/user_interfaces -- -j8 -l8
[17.188s] Invoking command in '/home/chacha/code/ros2_prj/ros2_pr_ws/build/user_interfaces': CMAKE_PREFIX_PATH=${CMAKE_PREFIX_PATH}:/opt/ros/jazzy DEBUGINFOD_URLS=https://debuginfod.ubuntu.com /usr/bin/cmake --install /home/chacha/code/ros2_prj/ros2_pr_ws/build/user_interfaces
[17.218s] -- Install configuration: ""
[17.219s] -- Installing: /home/chacha/code/ros2_prj/ros2_pr_ws/install/user_interfaces/share/ament_index/resource_index/rosidl_interfaces/user_interfaces
[17.220s] -- Installing: /home/chacha/code/ros2_prj/ros2_pr_ws/install/user_interfaces/share/user_interfaces/msg/User.json
[17.220s] -- Installing: /home/chacha/code/ros2_prj/ros2_pr_ws/install/user_interfaces/include/user_interfaces/user_interfaces
[17.221s] -- Installing: /home/chacha/code/ros2_prj/ros2_pr_ws/install/user_interfaces/include/user_interfaces/user_interfaces/msg
[17.222s] -- Installing: /home/chacha/code/ros2_prj/ros2_pr_ws/install/user_interfaces/include/user_interfaces/user_interfaces/msg/rosidl_generator_c__visibility_control.h
[17.223s] -- Installing: /home/chacha/code/ros2_prj/ros2_pr_ws/install/user_interfaces/include/user_interfaces/user_interfaces/msg/user.h
[17.223s] -- Installing: /home/chacha/code/ros2_prj/ros2_pr_ws/install/user_interfaces/include/user_interfaces/user_interfaces/msg/detail
[17.224s] -- Installing: /home/chacha/code/ros2_prj/ros2_pr_ws/install/user_interfaces/include/user_interfaces/user_interfaces/msg/detail/user__type_support.c
[17.224s] -- Installing: /home/chacha/code/ros2_prj/ros2_pr_ws/install/user_interfaces/include/user_interfaces/user_interfaces/msg/detail/user__struct.h
[17.224s] -- Installing: /home/chacha/code/ros2_prj/ros2_pr_ws/install/user_interfaces/include/user_interfaces/user_interfaces/msg/detail/user__functions.h
[17.227s] -- Installing: /home/chacha/code/ros2_prj/ros2_pr_ws/install/user_interfaces/include/user_interfaces/user_interfaces/msg/detail/user__type_support.h
[17.227s] -- Installing: /home/chacha/code/ros2_prj/ros2_pr_ws/install/user_interfaces/include/user_interfaces/user_interfaces/msg/detail/user__functions.c
[17.227s] -- Installing: /home/chacha/code/ros2_prj/ros2_pr_ws/install/user_interfaces/include/user_interfaces/user_interfaces/msg/detail/user__description.c
[17.229s] -- Installing: /home/chacha/code/ros2_prj/ros2_pr_ws/install/user_interfaces/share/user_interfaces/environment/library_path.sh
[17.230s] -- Installing: /home/chacha/code/ros2_prj/ros2_pr_ws/install/user_interfaces/share/user_interfaces/environment/library_path.dsv
[17.230s] -- Installing: /home/chacha/code/ros2_prj/ros2_pr_ws/install/user_interfaces/lib/libuser_interfaces__rosidl_generator_c.so
[17.230s] -- Set non-toolchain portion of runtime path of "/home/chacha/code/ros2_prj/ros2_pr_ws/install/user_interfaces/lib/libuser_interfaces__rosidl_generator_c.so" to ""
[17.231s] -- Up-to-date: /home/chacha/code/ros2_prj/ros2_pr_ws/install/user_interfaces/include/user_interfaces/user_interfaces
[17.235s] -- Up-to-date: /home/chacha/code/ros2_prj/ros2_pr_ws/install/user_interfaces/include/user_interfaces/user_interfaces/msg
[17.235s] -- Installing: /home/chacha/code/ros2_prj/ros2_pr_ws/install/user_interfaces/include/user_interfaces/user_interfaces/msg/rosidl_typesupport_fastrtps_c__visibility_control.h
[17.236s] -- Up-to-date: /home/chacha/code/ros2_prj/ros2_pr_ws/install/user_interfaces/include/user_interfaces/user_interfaces/msg/detail
[17.236s] -- Installing: /home/chacha/code/ros2_prj/ros2_pr_ws/install/user_interfaces/include/user_interfaces/user_interfaces/msg/detail/user__rosidl_typesupport_fastrtps_c.h
[17.236s] -- Installing: /home/chacha/code/ros2_prj/ros2_pr_ws/install/user_interfaces/lib/libuser_interfaces__rosidl_typesupport_fastrtps_c.so
[17.237s] -- Set non-toolchain portion of runtime path of "/home/chacha/code/ros2_prj/ros2_pr_ws/install/user_interfaces/lib/libuser_interfaces__rosidl_typesupport_fastrtps_c.so" to ""
[17.237s] -- Up-to-date: /home/chacha/code/ros2_prj/ros2_pr_ws/install/user_interfaces/include/user_interfaces/user_interfaces
[17.237s] -- Up-to-date: /home/chacha/code/ros2_prj/ros2_pr_ws/install/user_interfaces/include/user_interfaces/user_interfaces/msg
[17.243s] -- Installing: /home/chacha/code/ros2_prj/ros2_pr_ws/install/user_interfaces/include/user_interfaces/user_interfaces/msg/rosidl_generator_cpp__visibility_control.hpp
[17.244s] -- Installing: /home/chacha/code/ros2_prj/ros2_pr_ws/install/user_interfaces/include/user_interfaces/user_interfaces/msg/user.hpp
[17.244s] -- Up-to-date: /home/chacha/code/ros2_prj/ros2_pr_ws/install/user_interfaces/include/user_interfaces/user_interfaces/msg/detail
[17.244s] -- Installing: /home/chacha/code/ros2_prj/ros2_pr_ws/install/user_interfaces/include/user_interfaces/user_interfaces/msg/detail/user__traits.hpp
[17.245s] -- Installing: /home/chacha/code/ros2_prj/ros2_pr_ws/install/user_interfaces/include/user_interfaces/user_interfaces/msg/detail/user__builder.hpp
[17.250s] -- Installing: /home/chacha/code/ros2_prj/ros2_pr_ws/install/user_interfaces/include/user_interfaces/user_interfaces/msg/detail/user__struct.hpp
[17.250s] -- Installing: /home/chacha/code/ros2_prj/ros2_pr_ws/install/user_interfaces/include/user_interfaces/user_interfaces/msg/detail/user__type_support.hpp
[17.255s] -- Up-to-date: /home/chacha/code/ros2_prj/ros2_pr_ws/install/user_interfaces/include/user_interfaces/user_interfaces
[17.256s] -- Up-to-date: /home/chacha/code/ros2_prj/ros2_pr_ws/install/user_interfaces/include/user_interfaces/user_interfaces/msg
[17.256s] -- Installing: /home/chacha/code/ros2_prj/ros2_pr_ws/install/user_interfaces/include/user_interfaces/user_interfaces/msg/rosidl_typesupport_fastrtps_cpp__visibility_control.h
[17.256s] -- Up-to-date: /home/chacha/code/ros2_prj/ros2_pr_ws/install/user_interfaces/include/user_interfaces/user_interfaces/msg/detail
[17.259s] -- Installing: /home/chacha/code/ros2_prj/ros2_pr_ws/install/user_interfaces/include/user_interfaces/user_interfaces/msg/detail/user__rosidl_typesupport_fastrtps_cpp.hpp
[17.260s] -- Installing: /home/chacha/code/ros2_prj/ros2_pr_ws/install/user_interfaces/include/user_interfaces/user_interfaces/msg/detail/dds_fastrtps
[17.260s] -- Installing: /home/chacha/code/ros2_prj/ros2_pr_ws/install/user_interfaces/lib/libuser_interfaces__rosidl_typesupport_fastrtps_cpp.so
[17.261s] -- Set non-toolchain portion of runtime path of "/home/chacha/code/ros2_prj/ros2_pr_ws/install/user_interfaces/lib/libuser_interfaces__rosidl_typesupport_fastrtps_cpp.so" to ""
[17.261s] -- Up-to-date: /home/chacha/code/ros2_prj/ros2_pr_ws/install/user_interfaces/include/user_interfaces/user_interfaces
[17.261s] -- Up-to-date: /home/chacha/code/ros2_prj/ros2_pr_ws/install/user_interfaces/include/user_interfaces/user_interfaces/msg
[17.261s] -- Installing: /home/chacha/code/ros2_prj/ros2_pr_ws/install/user_interfaces/include/user_interfaces/user_interfaces/msg/rosidl_typesupport_introspection_c__visibility_control.h
[17.262s] -- Up-to-date: /home/chacha/code/ros2_prj/ros2_pr_ws/install/user_interfaces/include/user_interfaces/user_interfaces/msg/detail
[17.262s] -- Installing: /home/chacha/code/ros2_prj/ros2_pr_ws/install/user_interfaces/include/user_interfaces/user_interfaces/msg/detail/user__type_support.c
[17.262s] -- Installing: /home/chacha/code/ros2_prj/ros2_pr_ws/install/user_interfaces/include/user_interfaces/user_interfaces/msg/detail/user__rosidl_typesupport_introspection_c.h
[17.263s] -- Installing: /home/chacha/code/ros2_prj/ros2_pr_ws/install/user_interfaces/lib/libuser_interfaces__rosidl_typesupport_introspection_c.so
[17.266s] -- Set non-toolchain portion of runtime path of "/home/chacha/code/ros2_prj/ros2_pr_ws/install/user_interfaces/lib/libuser_interfaces__rosidl_typesupport_introspection_c.so" to ""
[17.267s] -- Installing: /home/chacha/code/ros2_prj/ros2_pr_ws/install/user_interfaces/lib/libuser_interfaces__rosidl_typesupport_c.so
[17.267s] -- Set non-toolchain portion of runtime path of "/home/chacha/code/ros2_prj/ros2_pr_ws/install/user_interfaces/lib/libuser_interfaces__rosidl_typesupport_c.so" to ""
[17.267s] -- Up-to-date: /home/chacha/code/ros2_prj/ros2_pr_ws/install/user_interfaces/include/user_interfaces/user_interfaces
[17.268s] -- Up-to-date: /home/chacha/code/ros2_prj/ros2_pr_ws/install/user_interfaces/include/user_interfaces/user_interfaces/msg
[17.268s] -- Up-to-date: /home/chacha/code/ros2_prj/ros2_pr_ws/install/user_interfaces/include/user_interfaces/user_interfaces/msg/detail
[17.268s] -- Installing: /home/chacha/code/ros2_prj/ros2_pr_ws/install/user_interfaces/include/user_interfaces/user_interfaces/msg/detail/user__type_support.cpp
[17.271s] -- Installing: /home/chacha/code/ros2_prj/ros2_pr_ws/install/user_interfaces/include/user_interfaces/user_interfaces/msg/detail/user__rosidl_typesupport_introspection_cpp.hpp
[17.271s] -- Installing: /home/chacha/code/ros2_prj/ros2_pr_ws/install/user_interfaces/lib/libuser_interfaces__rosidl_typesupport_introspection_cpp.so
[17.272s] -- Set non-toolchain portion of runtime path of "/home/chacha/code/ros2_prj/ros2_pr_ws/install/user_interfaces/lib/libuser_interfaces__rosidl_typesupport_introspection_cpp.so" to ""
[17.272s] -- Installing: /home/chacha/code/ros2_prj/ros2_pr_ws/install/user_interfaces/lib/libuser_interfaces__rosidl_typesupport_cpp.so
[17.272s] -- Set non-toolchain portion of runtime path of "/home/chacha/code/ros2_prj/ros2_pr_ws/install/user_interfaces/lib/libuser_interfaces__rosidl_typesupport_cpp.so" to ""
[17.272s] -- Installing: /home/chacha/code/ros2_prj/ros2_pr_ws/install/user_interfaces/share/user_interfaces/environment/pythonpath.sh
[17.273s] -- Installing: /home/chacha/code/ros2_prj/ros2_pr_ws/install/user_interfaces/share/user_interfaces/environment/pythonpath.dsv
[17.273s] -- Installing: /home/chacha/code/ros2_prj/ros2_pr_ws/install/user_interfaces/lib/python3.12/site-packages/user_interfaces-0.0.0-py3.12.egg-info
[17.273s] -- Installing: /home/chacha/code/ros2_prj/ros2_pr_ws/install/user_interfaces/lib/python3.12/site-packages/user_interfaces-0.0.0-py3.12.egg-info/top_level.txt
[17.274s] -- Installing: /home/chacha/code/ros2_prj/ros2_pr_ws/install/user_interfaces/lib/python3.12/site-packages/user_interfaces-0.0.0-py3.12.egg-info/SOURCES.txt
[17.275s] -- Installing: /home/chacha/code/ros2_prj/ros2_pr_ws/install/user_interfaces/lib/python3.12/site-packages/user_interfaces-0.0.0-py3.12.egg-info/PKG-INFO
[17.275s] -- Installing: /home/chacha/code/ros2_prj/ros2_pr_ws/install/user_interfaces/lib/python3.12/site-packages/user_interfaces-0.0.0-py3.12.egg-info/dependency_links.txt
[17.275s] -- Installing: /home/chacha/code/ros2_prj/ros2_pr_ws/install/user_interfaces/lib/python3.12/site-packages/user_interfaces
[17.276s] -- Installing: /home/chacha/code/ros2_prj/ros2_pr_ws/install/user_interfaces/lib/python3.12/site-packages/user_interfaces/user_interfaces_s__rosidl_typesupport_c.so
[17.276s] -- Installing: /home/chacha/code/ros2_prj/ros2_pr_ws/install/user_interfaces/lib/python3.12/site-packages/user_interfaces/msg
[17.276s] -- Installing: /home/chacha/code/ros2_prj/ros2_pr_ws/install/user_interfaces/lib/python3.12/site-packages/user_interfaces/msg/_user_s.c
[17.277s] -- Installing: /home/chacha/code/ros2_prj/ros2_pr_ws/install/user_interfaces/lib/python3.12/site-packages/user_interfaces/msg/__init__.py
[17.277s] -- Installing: /home/chacha/code/ros2_prj/ros2_pr_ws/install/user_interfaces/lib/python3.12/site-packages/user_interfaces/msg/_user.py
[17.277s] -- Installing: /home/chacha/code/ros2_prj/ros2_pr_ws/install/user_interfaces/lib/python3.12/site-packages/user_interfaces/_user_interfaces_s.ep.rosidl_typesupport_introspection_c.c
[17.281s] -- Installing: /home/chacha/code/ros2_prj/ros2_pr_ws/install/user_interfaces/lib/python3.12/site-packages/user_interfaces/_user_interfaces_s.ep.rosidl_typesupport_c.c
[17.282s] -- Installing: /home/chacha/code/ros2_prj/ros2_pr_ws/install/user_interfaces/lib/python3.12/site-packages/user_interfaces/user_interfaces_s__rosidl_typesupport_fastrtps_c.so
[17.283s] -- Installing: /home/chacha/code/ros2_prj/ros2_pr_ws/install/user_interfaces/lib/python3.12/site-packages/user_interfaces/_user_interfaces_s.ep.rosidl_typesupport_fastrtps_c.c
[17.284s] -- Installing: /home/chacha/code/ros2_prj/ros2_pr_ws/install/user_interfaces/lib/python3.12/site-packages/user_interfaces/__init__.py
[17.284s] -- Installing: /home/chacha/code/ros2_prj/ros2_pr_ws/install/user_interfaces/lib/python3.12/site-packages/user_interfaces/user_interfaces_s__rosidl_typesupport_introspection_c.so
[17.449s] Listing '/home/chacha/code/ros2_prj/ros2_pr_ws/install/user_interfaces/lib/python3.12/site-packages/user_interfaces'...
[17.450s] Compiling '/home/chacha/code/ros2_prj/ros2_pr_ws/install/user_interfaces/lib/python3.12/site-packages/user_interfaces/__init__.py'...
[17.450s] Listing '/home/chacha/code/ros2_prj/ros2_pr_ws/install/user_interfaces/lib/python3.12/site-packages/user_interfaces/msg'...
[17.451s] Compiling '/home/chacha/code/ros2_prj/ros2_pr_ws/install/user_interfaces/lib/python3.12/site-packages/user_interfaces/msg/__init__.py'...
[17.451s] Compiling '/home/chacha/code/ros2_prj/ros2_pr_ws/install/user_interfaces/lib/python3.12/site-packages/user_interfaces/msg/_user.py'...
[17.478s] -- Installing: /home/chacha/code/ros2_prj/ros2_pr_ws/install/user_interfaces/lib/python3.12/site-packages/user_interfaces/user_interfaces_s__rosidl_typesupport_fastrtps_c.so
[17.480s] -- Set non-toolchain portion of runtime path of "/home/chacha/code/ros2_prj/ros2_pr_ws/install/user_interfaces/lib/python3.12/site-packages/user_interfaces/user_interfaces_s__rosidl_typesupport_fastrtps_c.so" to ""
[17.481s] -- Installing: /home/chacha/code/ros2_prj/ros2_pr_ws/install/user_interfaces/lib/python3.12/site-packages/user_interfaces/user_interfaces_s__rosidl_typesupport_introspection_c.so
[17.482s] -- Set non-toolchain portion of runtime path of "/home/chacha/code/ros2_prj/ros2_pr_ws/install/user_interfaces/lib/python3.12/site-packages/user_interfaces/user_interfaces_s__rosidl_typesupport_introspection_c.so" to ""
[17.484s] -- Installing: /home/chacha/code/ros2_prj/ros2_pr_ws/install/user_interfaces/lib/python3.12/site-packages/user_interfaces/user_interfaces_s__rosidl_typesupport_c.so
[17.487s] -- Set non-toolchain portion of runtime path of "/home/chacha/code/ros2_prj/ros2_pr_ws/install/user_interfaces/lib/python3.12/site-packages/user_interfaces/user_interfaces_s__rosidl_typesupport_c.so" to ""
[17.487s] -- Installing: /home/chacha/code/ros2_prj/ros2_pr_ws/install/user_interfaces/lib/libuser_interfaces__rosidl_generator_py.so
[17.492s] -- Set non-toolchain portion of runtime path of "/home/chacha/code/ros2_prj/ros2_pr_ws/install/user_interfaces/lib/libuser_interfaces__rosidl_generator_py.so" to ""
[17.493s] -- Installing: /home/chacha/code/ros2_prj/ros2_pr_ws/install/user_interfaces/share/user_interfaces/msg/User.idl
[17.493s] -- Installing: /home/chacha/code/ros2_prj/ros2_pr_ws/install/user_interfaces/share/user_interfaces/msg/User.msg
[17.494s] -- Installing: /home/chacha/code/ros2_prj/ros2_pr_ws/install/user_interfaces/share/ament_index/resource_index/package_run_dependencies/user_interfaces
[17.494s] -- Installing: /home/chacha/code/ros2_prj/ros2_pr_ws/install/user_interfaces/share/ament_index/resource_index/parent_prefix_path/user_interfaces
[17.495s] -- Installing: /home/chacha/code/ros2_prj/ros2_pr_ws/install/user_interfaces/share/user_interfaces/environment/ament_prefix_path.sh
[17.495s] -- Installing: /home/chacha/code/ros2_prj/ros2_pr_ws/install/user_interfaces/share/user_interfaces/environment/ament_prefix_path.dsv
[17.496s] -- Installing: /home/chacha/code/ros2_prj/ros2_pr_ws/install/user_interfaces/share/user_interfaces/environment/path.sh
[17.496s] -- Installing: /home/chacha/code/ros2_prj/ros2_pr_ws/install/user_interfaces/share/user_interfaces/environment/path.dsv
[17.496s] -- Installing: /home/chacha/code/ros2_prj/ros2_pr_ws/install/user_interfaces/share/user_interfaces/local_setup.bash
[17.497s] -- Installing: /home/chacha/code/ros2_prj/ros2_pr_ws/install/user_interfaces/share/user_interfaces/local_setup.sh
[17.498s] -- Installing: /home/chacha/code/ros2_prj/ros2_pr_ws/install/user_interfaces/share/user_interfaces/local_setup.zsh
[17.498s] -- Installing: /home/chacha/code/ros2_prj/ros2_pr_ws/install/user_interfaces/share/user_interfaces/local_setup.dsv
[17.499s] -- Installing: /home/chacha/code/ros2_prj/ros2_pr_ws/install/user_interfaces/share/user_interfaces/package.dsv
[17.499s] -- Installing: /home/chacha/code/ros2_prj/ros2_pr_ws/install/user_interfaces/share/ament_index/resource_index/packages/user_interfaces
[17.500s] -- Installing: /home/chacha/code/ros2_prj/ros2_pr_ws/install/user_interfaces/share/user_interfaces/cmake/export_user_interfaces__rosidl_generator_cExport.cmake
[17.500s] -- Installing: /home/chacha/code/ros2_prj/ros2_pr_ws/install/user_interfaces/share/user_interfaces/cmake/export_user_interfaces__rosidl_generator_cExport-noconfig.cmake
[17.502s] -- Installing: /home/chacha/code/ros2_prj/ros2_pr_ws/install/user_interfaces/share/user_interfaces/cmake/export_user_interfaces__rosidl_typesupport_fastrtps_cExport.cmake
[17.502s] -- Installing: /home/chacha/code/ros2_prj/ros2_pr_ws/install/user_interfaces/share/user_interfaces/cmake/export_user_interfaces__rosidl_typesupport_fastrtps_cExport-noconfig.cmake
[17.503s] -- Installing: /home/chacha/code/ros2_prj/ros2_pr_ws/install/user_interfaces/share/user_interfaces/cmake/export_user_interfaces__rosidl_generator_cppExport.cmake
[17.504s] -- Installing: /home/chacha/code/ros2_prj/ros2_pr_ws/install/user_interfaces/share/user_interfaces/cmake/export_user_interfaces__rosidl_typesupport_fastrtps_cppExport.cmake
[17.505s] -- Installing: /home/chacha/code/ros2_prj/ros2_pr_ws/install/user_interfaces/share/user_interfaces/cmake/export_user_interfaces__rosidl_typesupport_fastrtps_cppExport-noconfig.cmake
[17.506s] -- Installing: /home/chacha/code/ros2_prj/ros2_pr_ws/install/user_interfaces/share/user_interfaces/cmake/user_interfaces__rosidl_typesupport_introspection_cExport.cmake
[17.506s] -- Installing: /home/chacha/code/ros2_prj/ros2_pr_ws/install/user_interfaces/share/user_interfaces/cmake/user_interfaces__rosidl_typesupport_introspection_cExport-noconfig.cmake
[17.506s] -- Installing: /home/chacha/code/ros2_prj/ros2_pr_ws/install/user_interfaces/share/user_interfaces/cmake/user_interfaces__rosidl_typesupport_cExport.cmake
[17.507s] -- Installing: /home/chacha/code/ros2_prj/ros2_pr_ws/install/user_interfaces/share/user_interfaces/cmake/user_interfaces__rosidl_typesupport_cExport-noconfig.cmake
[17.507s] -- Installing: /home/chacha/code/ros2_prj/ros2_pr_ws/install/user_interfaces/share/user_interfaces/cmake/user_interfaces__rosidl_typesupport_introspection_cppExport.cmake
[17.507s] -- Installing: /home/chacha/code/ros2_prj/ros2_pr_ws/install/user_interfaces/share/user_interfaces/cmake/user_interfaces__rosidl_typesupport_introspection_cppExport-noconfig.cmake
[17.508s] -- Installing: /home/chacha/code/ros2_prj/ros2_pr_ws/install/user_interfaces/share/user_interfaces/cmake/user_interfaces__rosidl_typesupport_cppExport.cmake
[17.508s] -- Installing: /home/chacha/code/ros2_prj/ros2_pr_ws/install/user_interfaces/share/user_interfaces/cmake/user_interfaces__rosidl_typesupport_cppExport-noconfig.cmake
[17.509s] -- Installing: /home/chacha/code/ros2_prj/ros2_pr_ws/install/user_interfaces/share/user_interfaces/cmake/export_user_interfaces__rosidl_generator_pyExport.cmake
[17.510s] -- Installing: /home/chacha/code/ros2_prj/ros2_pr_ws/install/user_interfaces/share/user_interfaces/cmake/export_user_interfaces__rosidl_generator_pyExport-noconfig.cmake
[17.510s] -- Installing: /home/chacha/code/ros2_prj/ros2_pr_ws/install/user_interfaces/share/user_interfaces/cmake/rosidl_cmake-extras.cmake
[17.511s] -- Installing: /home/chacha/code/ros2_prj/ros2_pr_ws/install/user_interfaces/share/user_interfaces/cmake/ament_cmake_export_dependencies-extras.cmake
[17.512s] -- Installing: /home/chacha/code/ros2_prj/ros2_pr_ws/install/user_interfaces/share/user_interfaces/cmake/ament_cmake_export_include_directories-extras.cmake
[17.513s] -- Installing: /home/chacha/code/ros2_prj/ros2_pr_ws/install/user_interfaces/share/user_interfaces/cmake/ament_cmake_export_libraries-extras.cmake
[17.513s] -- Installing: /home/chacha/code/ros2_prj/ros2_pr_ws/install/user_interfaces/share/user_interfaces/cmake/ament_cmake_export_targets-extras.cmake
[17.514s] -- Installing: /home/chacha/code/ros2_prj/ros2_pr_ws/install/user_interfaces/share/user_interfaces/cmake/rosidl_cmake_export_typesupport_targets-extras.cmake
[17.514s] -- Installing: /home/chacha/code/ros2_prj/ros2_pr_ws/install/user_interfaces/share/user_interfaces/cmake/rosidl_cmake_export_typesupport_libraries-extras.cmake
[17.515s] -- Installing: /home/chacha/code/ros2_prj/ros2_pr_ws/install/user_interfaces/share/user_interfaces/cmake/user_interfacesConfig.cmake
[17.515s] -- Installing: /home/chacha/code/ros2_prj/ros2_pr_ws/install/user_interfaces/share/user_interfaces/cmake/user_interfacesConfig-version.cmake
[17.516s] -- Installing: /home/chacha/code/ros2_prj/ros2_pr_ws/install/user_interfaces/share/user_interfaces/package.xml
[17.524s] Invoked command in '/home/chacha/code/ros2_prj/ros2_pr_ws/build/user_interfaces' returned '0': CMAKE_PREFIX_PATH=${CMAKE_PREFIX_PATH}:/opt/ros/jazzy DEBUGINFOD_URLS=https://debuginfod.ubuntu.com /usr/bin/cmake --install /home/chacha/code/ros2_prj/ros2_pr_ws/build/user_interfaces
