[ 25%] [32mBuilding CXX object CMakeFiles/sub_node.dir/src/sub.cpp.o[0m
[ 75%] Built target pub_node
[01m[K/home/chacha/code/repo/ChaChaOpen/ros2_prj/ros2_topic_ws/src/topic/src/sub.cpp:11:48:[m[K [01;31m[Kerror: [m[K‘[01m[Kmgs[m[K’ is not a member of ‘[01m[Kstd_msgs[m[K’; did you mean ‘[01m[Kmsg[m[K’?
   11 |                 rclcpp::Subscription<std_msgs::[01;31m[Kmgs[m[K::String>::SharedPtr sub_;
      |                                                [01;31m[K^~~[m[K
      |                                                [32m[Kmsg[m[K
[01m[K/home/chacha/code/repo/ChaChaOpen/ros2_prj/ros2_topic_ws/src/topic/src/sub.cpp:11:59:[m[K [01;31m[Kerror: [m[Ktemplate argument 1 is invalid
   11 |                 rclcpp::Subscription<std_msgs::mgs::String[01;31m[K>[m[K::SharedPtr sub_;
      |                                                           [01;31m[K^[m[K
[01m[K/home/chacha/code/repo/ChaChaOpen/ros2_prj/ros2_topic_ws/src/topic/src/sub.cpp:11:59:[m[K [01;31m[Kerror: [m[Ktemplate argument 3 is invalid
[01m[K/home/chacha/code/repo/ChaChaOpen/ros2_prj/ros2_topic_ws/src/topic/src/sub.cpp:11:59:[m[K [01;31m[Kerror: [m[Ktemplate argument 4 is invalid
[01m[K/home/chacha/code/repo/ChaChaOpen/ros2_prj/ros2_topic_ws/src/topic/src/sub.cpp:11:59:[m[K [01;31m[Kerror: [m[Ktemplate argument 5 is invalid
[01m[K/home/chacha/code/repo/ChaChaOpen/ros2_prj/ros2_topic_ws/src/topic/src/sub.cpp:11:62:[m[K [01;31m[Kerror: [m[Kexpected ‘[01m[K;[m[K’ at end of member declaration
   11 |                 rclcpp::Subscription<std_msgs::mgs::String>::[01;31m[KSharedPtr[m[K sub_;
      |                                                              [01;31m[K^~~~~~~~~[m[K
      |                                                                       [32m[K;[m[K
[01m[K/home/chacha/code/repo/ChaChaOpen/ros2_prj/ros2_topic_ws/src/topic/src/sub.cpp:11:72:[m[K [01;31m[Kerror: [m[K‘[01m[Ksub_[m[K’ does not name a type
   11 |                 rclcpp::Subscription<std_msgs::mgs::String>::SharedPtr [01;31m[Ksub_[m[K;
      |                                                                        [01;31m[K^~~~[m[K
In file included from [01m[K/opt/ros/jazzy/include/rclcpp/rclcpp/copy_all_parameter_values.hpp:27[m[K,
                 from [01m[K/opt/ros/jazzy/include/rclcpp/rclcpp/rclcpp.hpp:171[m[K,
                 from [01m[K/home/chacha/code/repo/ChaChaOpen/ros2_prj/ros2_topic_ws/src/topic/src/sub.cpp:1[m[K:
[01m[K/home/chacha/code/repo/ChaChaOpen/ros2_prj/ros2_topic_ws/src/topic/src/sub.cpp:[m[K In constructor ‘[01m[KsubNode::[01;32m[KsubNode[m[K(std::string)[m[K’:
[01m[K/home/chacha/code/repo/ChaChaOpen/ros2_prj/ros2_topic_ws/src/topic/src/sub.cpp:7:37:[m[K [01;31m[Kerror: [m[K‘[01m[Knode[m[K’ was not declared in this scope; did you mean ‘[01m[KNode[m[K’?
    7 |                         RCLCPP_INFO([01;31m[Knode[m[K->get_logger(), "sub_node created!");
      |                                     [01;31m[K^~~~[m[K
[01m[K/home/chacha/code/repo/ChaChaOpen/ros2_prj/ros2_topic_ws/src/topic/src/sub.cpp:7:25:[m[K [01;31m[Kerror: [m[Ktemplate argument 1 is invalid
    7 |                         [01;31m[KRCLCPP_INFO[m[K(node->get_logger(), "sub_node created!");
      |                         [01;31m[K^~~~~~~~~~~[m[K
[01m[K/home/chacha/code/repo/ChaChaOpen/ros2_prj/ros2_topic_ws/src/topic/src/sub.cpp:8:25:[m[K [01;31m[Kerror: [m[K‘[01m[Ksub_[m[K’ was not declared in this scope
    8 |                         [01;31m[Ksub_[m[K = this->create_subscription<std_msgs::msg::String>("sub_node", 10, std::bind(&subNode::callback, this, std::placeholders::_1));
      |                         [01;31m[K^~~~[m[K
gmake[2]: *** [CMakeFiles/sub_node.dir/build.make:76：CMakeFiles/sub_node.dir/src/sub.cpp.o] 错误 1
gmake[1]: *** [CMakeFiles/Makefile2:139：CMakeFiles/sub_node.dir/all] 错误 2
gmake: *** [Makefile:146：all] 错误 2
