[0.008s] Invoking command in '/home/chacha/code/repo/ChaChaOpen/ros2_prj/ros2_topic_ws/build/topic': CMAKE_PREFIX_PATH=${CMAKE_PREFIX_PATH}:/opt/ros/jazzy DEBUGINFOD_URLS=https://debuginfod.ubuntu.com /usr/bin/cmake --build /home/chacha/code/repo/ChaChaOpen/ros2_prj/ros2_topic_ws/build/topic -- -j8 -l8
[0.058s] [ 25%] [32mBuilding CXX object CMakeFiles/sub_node.dir/src/sub.cpp.o[0m
[0.063s] [ 75%] Built target pub_node
[1.877s] [01m[K/home/chacha/code/repo/ChaChaOpen/ros2_prj/ros2_topic_ws/src/topic/src/sub.cpp:11:48:[m[K [01;31m[Kerror: [m[K‘[01m[Kmgs[m[K’ is not a member of ‘[01m[Kstd_msgs[m[K’; did you mean ‘[01m[Kmsg[m[K’?
[1.877s]    11 |                 rclcpp::Subscription<std_msgs::[01;31m[Kmgs[m[K::String>::SharedPtr sub_;
[1.877s]       |                                                [01;31m[K^~~[m[K
[1.877s]       |                                                [32m[Kmsg[m[K
[1.877s] [01m[K/home/chacha/code/repo/ChaChaOpen/ros2_prj/ros2_topic_ws/src/topic/src/sub.cpp:11:59:[m[K [01;31m[Kerror: [m[Ktemplate argument 1 is invalid
[1.877s]    11 |                 rclcpp::Subscription<std_msgs::mgs::String[01;31m[K>[m[K::SharedPtr sub_;
[1.877s]       |                                                           [01;31m[K^[m[K
[1.877s] [01m[K/home/chacha/code/repo/ChaChaOpen/ros2_prj/ros2_topic_ws/src/topic/src/sub.cpp:11:59:[m[K [01;31m[Kerror: [m[Ktemplate argument 3 is invalid
[1.877s] [01m[K/home/chacha/code/repo/ChaChaOpen/ros2_prj/ros2_topic_ws/src/topic/src/sub.cpp:11:59:[m[K [01;31m[Kerror: [m[Ktemplate argument 4 is invalid
[1.877s] [01m[K/home/chacha/code/repo/ChaChaOpen/ros2_prj/ros2_topic_ws/src/topic/src/sub.cpp:11:59:[m[K [01;31m[Kerror: [m[Ktemplate argument 5 is invalid
[1.878s] [01m[K/home/chacha/code/repo/ChaChaOpen/ros2_prj/ros2_topic_ws/src/topic/src/sub.cpp:11:62:[m[K [01;31m[Kerror: [m[Kexpected ‘[01m[K;[m[K’ at end of member declaration
[1.878s]    11 |                 rclcpp::Subscription<std_msgs::mgs::String>::[01;31m[KSharedPtr[m[K sub_;
[1.878s]       |                                                              [01;31m[K^~~~~~~~~[m[K
[1.878s]       |                                                                       [32m[K;[m[K
[1.883s] [01m[K/home/chacha/code/repo/ChaChaOpen/ros2_prj/ros2_topic_ws/src/topic/src/sub.cpp:11:72:[m[K [01;31m[Kerror: [m[K‘[01m[Ksub_[m[K’ does not name a type
[1.883s]    11 |                 rclcpp::Subscription<std_msgs::mgs::String>::SharedPtr [01;31m[Ksub_[m[K;
[1.883s]       |                                                                        [01;31m[K^~~~[m[K
[1.888s] In file included from [01m[K/opt/ros/jazzy/include/rclcpp/rclcpp/copy_all_parameter_values.hpp:27[m[K,
[1.889s]                  from [01m[K/opt/ros/jazzy/include/rclcpp/rclcpp/rclcpp.hpp:171[m[K,
[1.889s]                  from [01m[K/home/chacha/code/repo/ChaChaOpen/ros2_prj/ros2_topic_ws/src/topic/src/sub.cpp:1[m[K:
[1.889s] [01m[K/home/chacha/code/repo/ChaChaOpen/ros2_prj/ros2_topic_ws/src/topic/src/sub.cpp:[m[K In constructor ‘[01m[KsubNode::[01;32m[KsubNode[m[K(std::string)[m[K’:
[1.889s] [01m[K/home/chacha/code/repo/ChaChaOpen/ros2_prj/ros2_topic_ws/src/topic/src/sub.cpp:7:37:[m[K [01;31m[Kerror: [m[K‘[01m[Knode[m[K’ was not declared in this scope; did you mean ‘[01m[KNode[m[K’?
[1.889s]     7 |                         RCLCPP_INFO([01;31m[Knode[m[K->get_logger(), "sub_node created!");
[1.889s]       |                                     [01;31m[K^~~~[m[K
[1.889s] [01m[K/home/chacha/code/repo/ChaChaOpen/ros2_prj/ros2_topic_ws/src/topic/src/sub.cpp:7:25:[m[K [01;31m[Kerror: [m[Ktemplate argument 1 is invalid
[1.889s]     7 |                         [01;31m[KRCLCPP_INFO[m[K(node->get_logger(), "sub_node created!");
[1.889s]       |                         [01;31m[K^~~~~~~~~~~[m[K
[1.893s] [01m[K/home/chacha/code/repo/ChaChaOpen/ros2_prj/ros2_topic_ws/src/topic/src/sub.cpp:8:25:[m[K [01;31m[Kerror: [m[K‘[01m[Ksub_[m[K’ was not declared in this scope
[1.893s]     8 |                         [01;31m[Ksub_[m[K = this->create_subscription<std_msgs::msg::String>("sub_node", 10, std::bind(&subNode::callback, this, std::placeholders::_1));
[1.893s]       |                         [01;31m[K^~~~[m[K
[3.565s] gmake[2]: *** [CMakeFiles/sub_node.dir/build.make:76：CMakeFiles/sub_node.dir/src/sub.cpp.o] 错误 1
[3.565s] gmake[1]: *** [CMakeFiles/Makefile2:139：CMakeFiles/sub_node.dir/all] 错误 2
[3.565s] gmake: *** [Makefile:146：all] 错误 2
[3.568s] Invoked command in '/home/chacha/code/repo/ChaChaOpen/ros2_prj/ros2_topic_ws/build/topic' returned '2': CMAKE_PREFIX_PATH=${CMAKE_PREFIX_PATH}:/opt/ros/jazzy DEBUGINFOD_URLS=https://debuginfod.ubuntu.com /usr/bin/cmake --build /home/chacha/code/repo/ChaChaOpen/ros2_prj/ros2_topic_ws/build/topic -- -j8 -l8
