[0.137s] DEBUG:colcon:Command line arguments: ['/usr/bin/colcon', 'build']
[0.137s] DEBUG:colcon:Parsed command line arguments: Namespace(log_base=None, log_level=None, verb_name='build', build_base='build', install_base='install', merge_install=False, symlink_install=False, test_result_base=None, continue_on_error=False, executor='parallel', parallel_workers=8, event_handlers=None, ignore_user_meta=False, metas=['./colcon.meta'], base_paths=['.'], packages_ignore=None, packages_ignore_regex=None, paths=None, packages_up_to=None, packages_up_to_regex=None, packages_above=None, packages_above_and_dependencies=None, packages_above_depth=None, packages_select_by_dep=None, packages_skip_by_dep=None, packages_skip_up_to=None, packages_select_build_failed=False, packages_skip_build_finished=False, packages_select_test_failures=False, packages_skip_test_passed=False, packages_select=None, packages_skip=None, packages_select_regex=None, packages_skip_regex=None, packages_start=None, packages_end=None, allow_overriding=[], cmake_args=None, cmake_target=None, cmake_target_skip_unavailable=False, cmake_clean_cache=False, cmake_clean_first=False, cmake_force_configure=False, ament_cmake_args=None, catkin_cmake_args=None, catkin_skip_building_tests=False, verb_parser=<colcon_defaults.argument_parser.defaults.DefaultArgumentsDecorator object at 0x7d339fe5be00>, verb_extension=<colcon_core.verb.build.BuildVerb object at 0x7d339fe5bb30>, main=<bound method BuildVerb.main of <colcon_core.verb.build.BuildVerb object at 0x7d339fe5bb30>>)
[0.194s] Level 1:colcon.colcon_core.package_discovery:discover_packages(colcon_meta) check parameters
[0.194s] Level 1:colcon.colcon_core.package_discovery:discover_packages(recursive) check parameters
[0.194s] Level 1:colcon.colcon_core.package_discovery:discover_packages(ignore) check parameters
[0.194s] Level 1:colcon.colcon_core.package_discovery:discover_packages(path) check parameters
[0.194s] Level 1:colcon.colcon_core.package_discovery:discover_packages(colcon_meta) discover
[0.194s] Level 1:colcon.colcon_core.package_discovery:discover_packages(recursive) discover
[0.194s] INFO:colcon.colcon_core.package_discovery:Crawling recursively for packages in '/home/chacha/code/repo/ChaChaOpen/ros2_prj/topic_ws'
[0.194s] Level 1:colcon.colcon_core.package_identification:_identify(.) by extensions ['ignore', 'ignore_ament_install']
[0.194s] Level 1:colcon.colcon_core.package_identification:_identify(.) by extension 'ignore'
[0.195s] Level 1:colcon.colcon_core.package_identification:_identify(.) by extension 'ignore_ament_install'
[0.195s] Level 1:colcon.colcon_core.package_identification:_identify(.) by extensions ['colcon_pkg']
[0.195s] Level 1:colcon.colcon_core.package_identification:_identify(.) by extension 'colcon_pkg'
[0.195s] Level 1:colcon.colcon_core.package_identification:_identify(.) by extensions ['colcon_meta']
[0.195s] Level 1:colcon.colcon_core.package_identification:_identify(.) by extension 'colcon_meta'
[0.195s] Level 1:colcon.colcon_core.package_identification:_identify(.) by extensions ['ros']
[0.195s] Level 1:colcon.colcon_core.package_identification:_identify(.) by extension 'ros'
[0.237s] Level 1:colcon.colcon_core.package_identification:_identify(.) by extensions ['cmake', 'python']
[0.238s] Level 1:colcon.colcon_core.package_identification:_identify(.) by extension 'cmake'
[0.238s] Level 1:colcon.colcon_core.package_identification:_identify(.) by extension 'python'
[0.238s] Level 1:colcon.colcon_core.package_identification:_identify(.) by extensions ['python_setup_py']
[0.238s] Level 1:colcon.colcon_core.package_identification:_identify(.) by extension 'python_setup_py'
[0.238s] Level 1:colcon.colcon_core.package_identification:_identify(build) by extensions ['ignore', 'ignore_ament_install']
[0.238s] Level 1:colcon.colcon_core.package_identification:_identify(build) by extension 'ignore'
[0.238s] Level 1:colcon.colcon_core.package_identification:_identify(build) ignored
[0.238s] Level 1:colcon.colcon_core.package_identification:_identify(install) by extensions ['ignore', 'ignore_ament_install']
[0.239s] Level 1:colcon.colcon_core.package_identification:_identify(install) by extension 'ignore'
[0.239s] Level 1:colcon.colcon_core.package_identification:_identify(install) ignored
[0.239s] Level 1:colcon.colcon_core.package_identification:_identify(log) by extensions ['ignore', 'ignore_ament_install']
[0.239s] Level 1:colcon.colcon_core.package_identification:_identify(log) by extension 'ignore'
[0.239s] Level 1:colcon.colcon_core.package_identification:_identify(log) ignored
[0.239s] Level 1:colcon.colcon_core.package_identification:_identify(topic) by extensions ['ignore', 'ignore_ament_install']
[0.239s] Level 1:colcon.colcon_core.package_identification:_identify(topic) by extension 'ignore'
[0.239s] Level 1:colcon.colcon_core.package_identification:_identify(topic) by extension 'ignore_ament_install'
[0.239s] Level 1:colcon.colcon_core.package_identification:_identify(topic) by extensions ['colcon_pkg']
[0.239s] Level 1:colcon.colcon_core.package_identification:_identify(topic) by extension 'colcon_pkg'
[0.239s] Level 1:colcon.colcon_core.package_identification:_identify(topic) by extensions ['colcon_meta']
[0.239s] Level 1:colcon.colcon_core.package_identification:_identify(topic) by extension 'colcon_meta'
[0.239s] Level 1:colcon.colcon_core.package_identification:_identify(topic) by extensions ['ros']
[0.239s] Level 1:colcon.colcon_core.package_identification:_identify(topic) by extension 'ros'
[0.244s] DEBUG:colcon.colcon_core.package_identification:Package 'topic' with type 'ros.ament_cmake' and name 'topic'
[0.244s] Level 1:colcon.colcon_core.package_discovery:discover_packages(recursive) using defaults
[0.244s] Level 1:colcon.colcon_core.package_discovery:discover_packages(ignore) discover
[0.244s] Level 1:colcon.colcon_core.package_discovery:discover_packages(ignore) using defaults
[0.244s] Level 1:colcon.colcon_core.package_discovery:discover_packages(path) discover
[0.244s] Level 1:colcon.colcon_core.package_discovery:discover_packages(path) using defaults
[0.280s] Level 1:colcon.colcon_core.package_discovery:discover_packages(prefix_path) check parameters
[0.280s] Level 1:colcon.colcon_core.package_discovery:discover_packages(prefix_path) discover
[0.286s] DEBUG:colcon.colcon_installed_package_information.package_discovery:Found 318 installed packages in /opt/ros/jazzy
[0.288s] Level 1:colcon.colcon_core.package_discovery:discover_packages(prefix_path) using defaults
[0.383s] Level 5:colcon.colcon_core.verb:set package 'topic' build argument 'cmake_args' from command line to 'None'
[0.383s] Level 5:colcon.colcon_core.verb:set package 'topic' build argument 'cmake_target' from command line to 'None'
[0.383s] Level 5:colcon.colcon_core.verb:set package 'topic' build argument 'cmake_target_skip_unavailable' from command line to 'False'
[0.383s] Level 5:colcon.colcon_core.verb:set package 'topic' build argument 'cmake_clean_cache' from command line to 'False'
[0.383s] Level 5:colcon.colcon_core.verb:set package 'topic' build argument 'cmake_clean_first' from command line to 'False'
[0.384s] Level 5:colcon.colcon_core.verb:set package 'topic' build argument 'cmake_force_configure' from command line to 'False'
[0.384s] Level 5:colcon.colcon_core.verb:set package 'topic' build argument 'ament_cmake_args' from command line to 'None'
[0.384s] Level 5:colcon.colcon_core.verb:set package 'topic' build argument 'catkin_cmake_args' from command line to 'None'
[0.384s] Level 5:colcon.colcon_core.verb:set package 'topic' build argument 'catkin_skip_building_tests' from command line to 'False'
[0.384s] DEBUG:colcon.colcon_core.verb:Building package 'topic' with the following arguments: {'ament_cmake_args': None, 'build_base': '/home/chacha/code/repo/ChaChaOpen/ros2_prj/topic_ws/build/topic', 'catkin_cmake_args': None, 'catkin_skip_building_tests': False, 'cmake_args': None, 'cmake_clean_cache': False, 'cmake_clean_first': False, 'cmake_force_configure': False, 'cmake_target': None, 'cmake_target_skip_unavailable': False, 'install_base': '/home/chacha/code/repo/ChaChaOpen/ros2_prj/topic_ws/install/topic', 'merge_install': False, 'path': '/home/chacha/code/repo/ChaChaOpen/ros2_prj/topic_ws/topic', 'symlink_install': False, 'test_result_base': None}
[0.384s] INFO:colcon.colcon_core.executor:Executing jobs using 'parallel' executor
[0.385s] DEBUG:colcon.colcon_parallel_executor.executor.parallel:run_until_complete
[0.385s] INFO:colcon.colcon_ros.task.ament_cmake.build:Building ROS package in '/home/chacha/code/repo/ChaChaOpen/ros2_prj/topic_ws/topic' with build type 'ament_cmake'
[0.385s] INFO:colcon.colcon_cmake.task.cmake.build:Building CMake package in '/home/chacha/code/repo/ChaChaOpen/ros2_prj/topic_ws/topic'
[0.388s] INFO:colcon.colcon_core.plugin_system:Skipping extension 'colcon_core.shell.bat': Not used on non-Windows systems
[0.388s] INFO:colcon.colcon_core.shell:Skip shell extension 'powershell' for command environment: Not usable outside of PowerShell
[0.388s] DEBUG:colcon.colcon_core.shell:Skip shell extension 'dsv' for command environment
[0.400s] DEBUG:colcon.colcon_core.event_handler.log_command:Invoking command in '/home/chacha/code/repo/ChaChaOpen/ros2_prj/topic_ws/build/topic': CMAKE_PREFIX_PATH=${CMAKE_PREFIX_PATH}:/opt/ros/jazzy DEBUGINFOD_URLS=https://debuginfod.ubuntu.com /usr/bin/cmake --build /home/chacha/code/repo/ChaChaOpen/ros2_prj/topic_ws/build/topic -- -j8 -l8
[12.401s] DEBUG:colcon.colcon_core.event_handler.log_command:Invoked command in '/home/chacha/code/repo/ChaChaOpen/ros2_prj/topic_ws/build/topic' returned '0': CMAKE_PREFIX_PATH=${CMAKE_PREFIX_PATH}:/opt/ros/jazzy DEBUGINFOD_URLS=https://debuginfod.ubuntu.com /usr/bin/cmake --build /home/chacha/code/repo/ChaChaOpen/ros2_prj/topic_ws/build/topic -- -j8 -l8
[12.411s] DEBUG:colcon.colcon_core.event_handler.log_command:Invoking command in '/home/chacha/code/repo/ChaChaOpen/ros2_prj/topic_ws/build/topic': CMAKE_PREFIX_PATH=${CMAKE_PREFIX_PATH}:/opt/ros/jazzy DEBUGINFOD_URLS=https://debuginfod.ubuntu.com /usr/bin/cmake --install /home/chacha/code/repo/ChaChaOpen/ros2_prj/topic_ws/build/topic
[12.423s] Level 1:colcon.colcon_core.environment:create_environment_scripts_only(topic)
[12.424s] DEBUG:colcon.colcon_core.event_handler.log_command:Invoked command in '/home/chacha/code/repo/ChaChaOpen/ros2_prj/topic_ws/build/topic' returned '0': CMAKE_PREFIX_PATH=${CMAKE_PREFIX_PATH}:/opt/ros/jazzy DEBUGINFOD_URLS=https://debuginfod.ubuntu.com /usr/bin/cmake --install /home/chacha/code/repo/ChaChaOpen/ros2_prj/topic_ws/build/topic
[12.426s] Level 1:colcon.colcon_core.environment:checking '/home/chacha/code/repo/ChaChaOpen/ros2_prj/topic_ws/install/topic' for CMake module files
[12.426s] Level 1:colcon.colcon_core.environment:checking '/home/chacha/code/repo/ChaChaOpen/ros2_prj/topic_ws/install/topic' for CMake config files
[12.427s] Level 1:colcon.colcon_core.shell:create_environment_hook('topic', 'cmake_prefix_path')
[12.427s] INFO:colcon.colcon_core.shell:Creating environment hook '/home/chacha/code/repo/ChaChaOpen/ros2_prj/topic_ws/install/topic/share/topic/hook/cmake_prefix_path.ps1'
[12.428s] INFO:colcon.colcon_core.shell:Creating environment descriptor '/home/chacha/code/repo/ChaChaOpen/ros2_prj/topic_ws/install/topic/share/topic/hook/cmake_prefix_path.dsv'
[12.428s] INFO:colcon.colcon_core.shell:Creating environment hook '/home/chacha/code/repo/ChaChaOpen/ros2_prj/topic_ws/install/topic/share/topic/hook/cmake_prefix_path.sh'
[12.429s] Level 1:colcon.colcon_core.environment:checking '/home/chacha/code/repo/ChaChaOpen/ros2_prj/topic_ws/install/topic/bin'
[12.430s] Level 1:colcon.colcon_core.environment:checking '/home/chacha/code/repo/ChaChaOpen/ros2_prj/topic_ws/install/topic/lib/pkgconfig/topic.pc'
[12.430s] Level 1:colcon.colcon_core.environment:checking '/home/chacha/code/repo/ChaChaOpen/ros2_prj/topic_ws/install/topic/lib/python3.12/site-packages'
[12.430s] Level 1:colcon.colcon_core.environment:checking '/home/chacha/code/repo/ChaChaOpen/ros2_prj/topic_ws/install/topic/bin'
[12.430s] INFO:colcon.colcon_core.shell:Creating package script '/home/chacha/code/repo/ChaChaOpen/ros2_prj/topic_ws/install/topic/share/topic/package.ps1'
[12.431s] INFO:colcon.colcon_core.shell:Creating package descriptor '/home/chacha/code/repo/ChaChaOpen/ros2_prj/topic_ws/install/topic/share/topic/package.dsv'
[12.432s] INFO:colcon.colcon_core.shell:Creating package script '/home/chacha/code/repo/ChaChaOpen/ros2_prj/topic_ws/install/topic/share/topic/package.sh'
[12.433s] INFO:colcon.colcon_core.shell:Creating package script '/home/chacha/code/repo/ChaChaOpen/ros2_prj/topic_ws/install/topic/share/topic/package.bash'
[12.433s] INFO:colcon.colcon_core.shell:Creating package script '/home/chacha/code/repo/ChaChaOpen/ros2_prj/topic_ws/install/topic/share/topic/package.zsh'
[12.434s] Level 1:colcon.colcon_core.environment:create_file_with_runtime_dependencies(/home/chacha/code/repo/ChaChaOpen/ros2_prj/topic_ws/install/topic/share/colcon-core/packages/topic)
[12.435s] Level 1:colcon.colcon_core.environment:create_environment_scripts_only(topic)
[12.436s] Level 1:colcon.colcon_core.environment:checking '/home/chacha/code/repo/ChaChaOpen/ros2_prj/topic_ws/install/topic' for CMake module files
[12.436s] Level 1:colcon.colcon_core.environment:checking '/home/chacha/code/repo/ChaChaOpen/ros2_prj/topic_ws/install/topic' for CMake config files
[12.436s] Level 1:colcon.colcon_core.shell:create_environment_hook('topic', 'cmake_prefix_path')
[12.436s] INFO:colcon.colcon_core.shell:Creating environment hook '/home/chacha/code/repo/ChaChaOpen/ros2_prj/topic_ws/install/topic/share/topic/hook/cmake_prefix_path.ps1'
[12.437s] INFO:colcon.colcon_core.shell:Creating environment descriptor '/home/chacha/code/repo/ChaChaOpen/ros2_prj/topic_ws/install/topic/share/topic/hook/cmake_prefix_path.dsv'
[12.437s] INFO:colcon.colcon_core.shell:Creating environment hook '/home/chacha/code/repo/ChaChaOpen/ros2_prj/topic_ws/install/topic/share/topic/hook/cmake_prefix_path.sh'
[12.438s] Level 1:colcon.colcon_core.environment:checking '/home/chacha/code/repo/ChaChaOpen/ros2_prj/topic_ws/install/topic/bin'
[12.438s] Level 1:colcon.colcon_core.environment:checking '/home/chacha/code/repo/ChaChaOpen/ros2_prj/topic_ws/install/topic/lib/pkgconfig/topic.pc'
[12.438s] Level 1:colcon.colcon_core.environment:checking '/home/chacha/code/repo/ChaChaOpen/ros2_prj/topic_ws/install/topic/lib/python3.12/site-packages'
[12.439s] Level 1:colcon.colcon_core.environment:checking '/home/chacha/code/repo/ChaChaOpen/ros2_prj/topic_ws/install/topic/bin'
[12.439s] INFO:colcon.colcon_core.shell:Creating package script '/home/chacha/code/repo/ChaChaOpen/ros2_prj/topic_ws/install/topic/share/topic/package.ps1'
[12.440s] INFO:colcon.colcon_core.shell:Creating package descriptor '/home/chacha/code/repo/ChaChaOpen/ros2_prj/topic_ws/install/topic/share/topic/package.dsv'
[12.440s] INFO:colcon.colcon_core.shell:Creating package script '/home/chacha/code/repo/ChaChaOpen/ros2_prj/topic_ws/install/topic/share/topic/package.sh'
[12.441s] INFO:colcon.colcon_core.shell:Creating package script '/home/chacha/code/repo/ChaChaOpen/ros2_prj/topic_ws/install/topic/share/topic/package.bash'
[12.441s] INFO:colcon.colcon_core.shell:Creating package script '/home/chacha/code/repo/ChaChaOpen/ros2_prj/topic_ws/install/topic/share/topic/package.zsh'
[12.442s] Level 1:colcon.colcon_core.environment:create_file_with_runtime_dependencies(/home/chacha/code/repo/ChaChaOpen/ros2_prj/topic_ws/install/topic/share/colcon-core/packages/topic)
[12.442s] DEBUG:colcon.colcon_parallel_executor.executor.parallel:closing loop
[12.442s] DEBUG:colcon.colcon_parallel_executor.executor.parallel:loop closed
[12.442s] DEBUG:colcon.colcon_parallel_executor.executor.parallel:run_until_complete finished with '0'
[12.443s] DEBUG:colcon.colcon_core.event_reactor:joining thread
[12.449s] INFO:colcon.colcon_core.plugin_system:Skipping extension 'colcon_notification.desktop_notification.terminal_notifier': Not used on non-Darwin systems
[12.449s] INFO:colcon.colcon_core.plugin_system:Skipping extension 'colcon_notification.desktop_notification.win32': Not used on non-Windows systems
[12.450s] INFO:colcon.colcon_notification.desktop_notification:Sending desktop notification using 'notify2'
[12.467s] DEBUG:colcon.colcon_core.event_reactor:joined thread
[12.468s] INFO:colcon.colcon_core.shell:Creating prefix script '/home/chacha/code/repo/ChaChaOpen/ros2_prj/topic_ws/install/local_setup.ps1'
[12.468s] INFO:colcon.colcon_core.shell:Creating prefix util module '/home/chacha/code/repo/ChaChaOpen/ros2_prj/topic_ws/install/_local_setup_util_ps1.py'
[12.470s] INFO:colcon.colcon_core.shell:Creating prefix chain script '/home/chacha/code/repo/ChaChaOpen/ros2_prj/topic_ws/install/setup.ps1'
[12.471s] INFO:colcon.colcon_core.shell:Creating prefix script '/home/chacha/code/repo/ChaChaOpen/ros2_prj/topic_ws/install/local_setup.sh'
[12.471s] INFO:colcon.colcon_core.shell:Creating prefix util module '/home/chacha/code/repo/ChaChaOpen/ros2_prj/topic_ws/install/_local_setup_util_sh.py'
[12.472s] INFO:colcon.colcon_core.shell:Creating prefix chain script '/home/chacha/code/repo/ChaChaOpen/ros2_prj/topic_ws/install/setup.sh'
[12.473s] INFO:colcon.colcon_core.shell:Creating prefix script '/home/chacha/code/repo/ChaChaOpen/ros2_prj/topic_ws/install/local_setup.bash'
[12.473s] INFO:colcon.colcon_core.shell:Creating prefix chain script '/home/chacha/code/repo/ChaChaOpen/ros2_prj/topic_ws/install/setup.bash'
[12.474s] INFO:colcon.colcon_core.shell:Creating prefix script '/home/chacha/code/repo/ChaChaOpen/ros2_prj/topic_ws/install/local_setup.zsh'
[12.475s] INFO:colcon.colcon_core.shell:Creating prefix chain script '/home/chacha/code/repo/ChaChaOpen/ros2_prj/topic_ws/install/setup.zsh'
