[0.012s] Invoking command in '/home/chacha/code/repo/ChaChaOpen/ros2_prj/topic_ws/build/topic': CMAKE_PREFIX_PATH=${CMAKE_PREFIX_PATH}:/opt/ros/jazzy DEBUGINFOD_URLS=https://debuginfod.ubuntu.com /usr/bin/cmake /home/chacha/code/repo/ChaChaOpen/ros2_prj/topic_ws/topic -DCMAKE_INSTALL_PREFIX=/home/chacha/code/repo/ChaChaOpen/ros2_prj/topic_ws/install/topic
[0.128s] -- The C compiler identification is GNU 13.3.0
[0.215s] -- The CXX compiler identification is GNU 13.3.0
[0.231s] -- Detecting C compiler ABI info
[0.309s] -- Detecting C compiler ABI info - done
[0.316s] -- Check for working C compiler: /usr/bin/cc - skipped
[0.317s] -- Detecting C compile features
[0.317s] -- Detecting C compile features - done
[0.325s] -- Detecting CXX compiler ABI info
[0.398s] -- Detecting CXX compiler ABI info - done
[0.407s] -- Check for working CXX compiler: /usr/bin/c++ - skipped
[0.407s] -- Detecting CXX compile features
[0.407s] -- Detecting CXX compile features - done
[0.416s] -- Found ament_cmake: 2.5.5 (/opt/ros/jazzy/share/ament_cmake/cmake)
[0.530s] -- Found Python3: /usr/bin/python3 (found version "3.12.3") found components: Interpreter 
[0.630s] -- Found rclcpp: 28.1.16 (/opt/ros/jazzy/share/rclcpp/cmake)
[0.676s] -- Found rosidl_generator_c: 4.6.7 (/opt/ros/jazzy/share/rosidl_generator_c/cmake)
[0.691s] -- Found rosidl_generator_cpp: 4.6.7 (/opt/ros/jazzy/share/rosidl_generator_cpp/cmake)
[0.712s] -- Using all available rosidl_typesupport_c: rosidl_typesupport_fastrtps_c;rosidl_typesupport_introspection_c
[0.732s] -- Using all available rosidl_typesupport_cpp: rosidl_typesupport_fastrtps_cpp;rosidl_typesupport_introspection_cpp
[0.814s] -- Found rmw_implementation_cmake: 7.3.3 (/opt/ros/jazzy/share/rmw_implementation_cmake/cmake)
[0.819s] -- Found rmw_fastrtps_cpp: 8.4.3 (/opt/ros/jazzy/share/rmw_fastrtps_cpp/cmake)
[0.899s] -- Found OpenSSL: /usr/lib/x86_64-linux-gnu/libcrypto.so (found version "3.0.13")  
[0.919s] -- Found FastRTPS: /opt/ros/jazzy/include (Required is at least version "2.13") 
[0.938s] -- Using RMW implementation 'rmw_fastrtps_cpp' as default
[1.012s] -- Found std_msgs: 5.3.6 (/opt/ros/jazzy/share/std_msgs/cmake)
[1.029s] -- Found ament_lint_auto: 0.17.4 (/opt/ros/jazzy/share/ament_lint_auto/cmake)
[1.115s] -- Added test 'cppcheck' to perform static code analysis on C / C++ code
[1.115s] -- Configured cppcheck include dirs: 
[1.115s] -- Configured cppcheck exclude dirs and/or files: 
[1.116s] -- Added test 'lint_cmake' to check CMake code style
[1.118s] -- Added test 'uncrustify' to check C / C++ code style
[1.118s] -- Configured uncrustify additional arguments: 
[1.118s] -- Added test 'xmllint' to check XML markup files
[1.120s] -- Configuring done (1.1s)
[1.129s] -- Generating done (0.0s)
[1.132s] -- Build files have been written to: /home/chacha/code/repo/ChaChaOpen/ros2_prj/topic_ws/build/topic
[1.139s] Invoked command in '/home/chacha/code/repo/ChaChaOpen/ros2_prj/topic_ws/build/topic' returned '0': CMAKE_PREFIX_PATH=${CMAKE_PREFIX_PATH}:/opt/ros/jazzy DEBUGINFOD_URLS=https://debuginfod.ubuntu.com /usr/bin/cmake /home/chacha/code/repo/ChaChaOpen/ros2_prj/topic_ws/topic -DCMAKE_INSTALL_PREFIX=/home/chacha/code/repo/ChaChaOpen/ros2_prj/topic_ws/install/topic
[1.140s] Invoking command in '/home/chacha/code/repo/ChaChaOpen/ros2_prj/topic_ws/build/topic': CMAKE_PREFIX_PATH=${CMAKE_PREFIX_PATH}:/opt/ros/jazzy DEBUGINFOD_URLS=https://debuginfod.ubuntu.com /usr/bin/cmake --build /home/chacha/code/repo/ChaChaOpen/ros2_prj/topic_ws/build/topic -- -j8 -l8
[1.178s] [ 50%] [32mBuilding CXX object CMakeFiles/pub_node.dir/src/pub.cpp.o[0m
[1.179s] [ 50%] [32mBuilding CXX object CMakeFiles/sub_node.dir/src/sub.cpp.o[0m
[2.949s] [01m[K/home/chacha/code/repo/ChaChaOpen/ros2_prj/topic_ws/topic/src/sub.cpp:10:25:[m[K [01;31m[Kerror: [m[K‘[01m[Ksubscription[m[K’ in namespace ‘[01m[Krclcpp[m[K’ does not name a template type; did you mean ‘[01m[KSubscription[m[K’?
[2.949s]    10 |                 rclcpp::[01;31m[Ksubscription[m[K<std_msgs::msg::String>::SharedPtr sub_;
[2.949s]       |                         [01;31m[K^~~~~~~~~~~~[m[K
[2.949s]       |                         [32m[KSubscription[m[K
[2.949s] [01m[K/home/chacha/code/repo/ChaChaOpen/ros2_prj/topic_ws/topic/src/sub.cpp:12:17:[m[K [01;31m[Kerror: [m[KISO C++ forbids declaration of ‘[01m[Ksub_callback[m[K’ with no type [[01;31m[K]8;;https://gcc.gnu.org/onlinedocs/gcc/Warning-Options.html#index-fpermissive-fpermissive]8;;[m[K]
[2.949s]    12 |                 [01;31m[Ksub_callback[m[K(std_msgs::msg::String msg) {
[2.949s]       |                 [01;31m[K^~~~~~~~~~~~[m[K
[2.951s] In file included from [01m[K/opt/ros/jazzy/include/rclcpp/rclcpp/copy_all_parameter_values.hpp:27[m[K,
[2.951s]                  from [01m[K/opt/ros/jazzy/include/rclcpp/rclcpp/rclcpp.hpp:171[m[K,
[2.951s]                  from [01m[K/home/chacha/code/repo/ChaChaOpen/ros2_prj/topic_ws/topic/src/pub.cpp:1[m[K:
[2.951s] [01m[K/home/chacha/code/repo/ChaChaOpen/ros2_prj/topic_ws/topic/src/pub.cpp:[m[K In function ‘[01m[Kint[01;32m[K main[m[K(int, char**)[m[K’:
[2.951s] [01m[K/home/chacha/code/repo/ChaChaOpen/ros2_prj/topic_ws/topic/src/pub.cpp:18:21:[m[K [01;31m[Kerror: [m[Kinvalid use of ‘[01m[Kthis[m[K’ in non-member function
[2.951s]    18 |         RCLCPP_INFO([01;31m[Kthis[m[K->get_logger(), "pub node created!");
[2.951s]       |                     [01;31m[K^~~~[m[K
[2.951s] [01m[K/home/chacha/code/repo/ChaChaOpen/ros2_prj/topic_ws/topic/src/pub.cpp:18:21:[m[K [01;31m[Kerror: [m[Kinvalid use of ‘[01m[Kthis[m[K’ in non-member function
[2.951s] [01m[K/home/chacha/code/repo/ChaChaOpen/ros2_prj/topic_ws/topic/src/pub.cpp:18:9:[m[K [01;31m[Kerror: [m[Ktemplate argument 1 is invalid
[2.951s]    18 |         [01;31m[KRCLCPP_INFO[m[K(this->get_logger(), "pub node created!");
[2.951s]       |         [01;31m[K^~~~~~~~~~~[m[K
[2.951s] In file included from [01m[K/opt/ros/jazzy/include/rclcpp/rclcpp/logging.hpp:24[m[K:
[2.951s] [01m[K/home/chacha/code/repo/ChaChaOpen/ros2_prj/topic_ws/topic/src/pub.cpp:18:21:[m[K [01;31m[Kerror: [m[Kinvalid use of ‘[01m[Kthis[m[K’ in non-member function
[2.952s]    18 |         RCLCPP_INFO([01;31m[Kthis[m[K->get_logger(), "pub node created!");
[2.952s]       |                     [01;31m[K^~~~[m[K
[2.952s] [01m[K/home/chacha/code/repo/ChaChaOpen/ros2_prj/topic_ws/topic/src/pub.cpp:18:21:[m[K [01;31m[Kerror: [m[Kinvalid use of ‘[01m[Kthis[m[K’ in non-member function
[2.952s]    18 |         RCLCPP_INFO([01;31m[Kthis[m[K->get_logger(), "pub node created!");
[2.952s]       |                     [01;31m[K^~~~[m[K
[2.955s] [01m[K/home/chacha/code/repo/ChaChaOpen/ros2_prj/topic_ws/topic/src/sub.cpp:[m[K In constructor ‘[01m[KsubNode::[01;32m[KsubNode[m[K(std::string)[m[K’:
[2.955s] [01m[K/home/chacha/code/repo/ChaChaOpen/ros2_prj/topic_ws/topic/src/sub.cpp:7:25:[m[K [01;31m[Kerror: [m[K‘[01m[Ksub_[m[K’ was not declared in this scope
[2.955s]     7 |                         [01;31m[Ksub_[m[K = this->create_subscription<std_msgs::msg::String>("topicNode", 10, std::bind(&subNode::sub_callback, this, std::placeholders::_1));
[2.955s]       |                         [01;31m[K^~~~[m[K
[2.977s] [01m[K/home/chacha/code/repo/ChaChaOpen/ros2_prj/topic_ws/topic/src/sub.cpp:[m[K In member function ‘[01m[Kint subNode::[01;32m[Ksub_callback[m[K(std_msgs::msg::String)[m[K’:
[2.977s] [01m[K/home/chacha/code/repo/ChaChaOpen/ros2_prj/topic_ws/topic/src/sub.cpp:14:17:[m[K [01;35m[Kwarning: [m[Kno return statement in function returning non-void [[01;35m[K]8;;https://gcc.gnu.org/onlinedocs/gcc/Warning-Options.html#index-Wreturn-type-Wreturn-type]8;;[m[K]
[2.977s]    14 |                 [01;35m[K}[m[K
[2.977s]       |                 [01;35m[K^[m[K
[2.979s] In file included from [01m[K/opt/ros/jazzy/include/rclcpp/rclcpp/copy_all_parameter_values.hpp:27[m[K,
[2.979s]                  from [01m[K/opt/ros/jazzy/include/rclcpp/rclcpp/rclcpp.hpp:171[m[K,
[2.979s]                  from [01m[K/home/chacha/code/repo/ChaChaOpen/ros2_prj/topic_ws/topic/src/sub.cpp:1[m[K:
[2.979s] [01m[K/home/chacha/code/repo/ChaChaOpen/ros2_prj/topic_ws/topic/src/sub.cpp:[m[K In function ‘[01m[Kint[01;32m[K main[m[K(int, char**)[m[K’:
[2.979s] [01m[K/home/chacha/code/repo/ChaChaOpen/ros2_prj/topic_ws/topic/src/sub.cpp:20:21:[m[K [01;31m[Kerror: [m[Kinvalid use of ‘[01m[Kthis[m[K’ in non-member function
[2.979s]    20 |         RCLCPP_INFO([01;31m[Kthis[m[K->get_logger(), "sub_node created!");
[2.979s]       |                     [01;31m[K^~~~[m[K
[2.979s] [01m[K/home/chacha/code/repo/ChaChaOpen/ros2_prj/topic_ws/topic/src/sub.cpp:20:21:[m[K [01;31m[Kerror: [m[Kinvalid use of ‘[01m[Kthis[m[K’ in non-member function
[2.979s] [01m[K/home/chacha/code/repo/ChaChaOpen/ros2_prj/topic_ws/topic/src/sub.cpp:20:9:[m[K [01;31m[Kerror: [m[Ktemplate argument 1 is invalid
[2.980s]    20 |         [01;31m[KRCLCPP_INFO[m[K(this->get_logger(), "sub_node created!");
[2.980s]       |         [01;31m[K^~~~~~~~~~~[m[K
[2.980s] In file included from [01m[K/opt/ros/jazzy/include/rclcpp/rclcpp/logging.hpp:24[m[K:
[2.980s] [01m[K/home/chacha/code/repo/ChaChaOpen/ros2_prj/topic_ws/topic/src/sub.cpp:20:21:[m[K [01;31m[Kerror: [m[Kinvalid use of ‘[01m[Kthis[m[K’ in non-member function
[2.980s]    20 |         RCLCPP_INFO([01;31m[Kthis[m[K->get_logger(), "sub_node created!");
[2.980s]       |                     [01;31m[K^~~~[m[K
[2.980s] [01m[K/home/chacha/code/repo/ChaChaOpen/ros2_prj/topic_ws/topic/src/sub.cpp:20:21:[m[K [01;31m[Kerror: [m[Kinvalid use of ‘[01m[Kthis[m[K’ in non-member function
[2.980s]    20 |         RCLCPP_INFO([01;31m[Kthis[m[K->get_logger(), "sub_node created!");
[2.980s]       |                     [01;31m[K^~~~[m[K
[3.475s] In file included from [01m[K/usr/include/c++/13/bits/stl_tempbuf.h:61[m[K,
[3.476s]                  from [01m[K/usr/include/c++/13/memory:66[m[K,
[3.476s]                  from [01m[K/opt/ros/jazzy/include/rclcpp/rclcpp/rclcpp.hpp:169[m[K:
[3.476s] /usr/include/c++/13/bits/stl_construct.h: In instantiation of ‘[01m[Kvoid std::[01;32m[K_Construct[m[K(_Tp*, _Args&& ...) [35m[K[with _Tp = pubNode; _Args = {}][m[K[m[K’:
[3.476s] [01m[K/usr/include/c++/13/bits/alloc_traits.h:661:19:[m[K   required from ‘[01m[Kstatic void std::allocator_traits<std::allocator<void> >::[01;32m[Kconstruct[m[K(allocator_type&, _Up*, _Args&& ...) [35m[K[with _Up = pubNode; _Args = {}; allocator_type = std::allocator<void>][m[K[m[K’
[3.476s] [01m[K/usr/include/c++/13/bits/shared_ptr_base.h:604:39:[m[K   required from ‘[01m[Kstd::_Sp_counted_ptr_inplace<_Tp, _Alloc, _Lp>::[01;32m[K_Sp_counted_ptr_inplace[m[K(_Alloc, _Args&& ...) [35m[K[with _Args = {}; _Tp = pubNode; _Alloc = std::allocator<void>; __gnu_cxx::_Lock_policy _Lp = __gnu_cxx::_S_atomic][m[K[m[K’
[3.476s] [01m[K/usr/include/c++/13/bits/shared_ptr_base.h:971:16:[m[K   required from ‘[01m[Kstd::__shared_count<_Lp>::[01;32m[K__shared_count[m[K(_Tp*&, std::_Sp_alloc_shared_tag<_Alloc>, _Args&& ...) [35m[K[with _Tp = pubNode; _Alloc = std::allocator<void>; _Args = {}; __gnu_cxx::_Lock_policy _Lp = __gnu_cxx::_S_atomic][m[K[m[K’
[3.476s] [01m[K/usr/include/c++/13/bits/shared_ptr_base.h:1712:14:[m[K   required from ‘[01m[Kstd::__shared_ptr<_Tp, _Lp>::[01;32m[K__shared_ptr[m[K(std::_Sp_alloc_shared_tag<_Tp>, _Args&& ...) [35m[K[with _Alloc = std::allocator<void>; _Args = {}; _Tp = pubNode; __gnu_cxx::_Lock_policy _Lp = __gnu_cxx::_S_atomic][m[K[m[K’
[3.476s] [01m[K/usr/include/c++/13/bits/shared_ptr.h:464:59:[m[K   required from ‘[01m[Kstd::shared_ptr<_Tp>::[01;32m[Kshared_ptr[m[K(std::_Sp_alloc_shared_tag<_Tp>, _Args&& ...) [35m[K[with _Alloc = std::allocator<void>; _Args = {}; _Tp = pubNode][m[K[m[K’
[3.476s] [01m[K/usr/include/c++/13/bits/shared_ptr.h:1009:14:[m[K   required from ‘[01m[Kstd::shared_ptr<typename std::enable_if<(! std::is_array< <template-parameter-1-1> >::value), _Tp>::type> std::[01;32m[Kmake_shared[m[K(_Args&& ...) [35m[K[with _Tp = pubNode; _Args = {}; typename enable_if<(! is_array< <template-parameter-1-1> >::value), _Tp>::type = pubNode][m[K[m[K’
[3.476s] [01m[K/home/chacha/code/repo/ChaChaOpen/ros2_prj/topic_ws/topic/src/pub.cpp:16:39:[m[K   required from here
[3.476s] [01m[K/usr/include/c++/13/bits/stl_construct.h:119:7:[m[K [01;31m[Kerror: [m[Kno matching function for call to ‘[01m[KpubNode::pubNode()[m[K’
[3.477s]   119 |       [01;31m[K::new((void*)__p) _Tp(std::forward<_Args>(__args)...)[m[K;
[3.477s]       |       [01;31m[K^~~~~~~~~~~~~~~~~~~~~~~~~~~~~~~~~~~~~~~~~~~~~~~~~~~~~[m[K
[3.477s] [01m[K/home/chacha/code/repo/ChaChaOpen/ros2_prj/topic_ws/topic/src/pub.cpp:6:17:[m[K [01;36m[Knote: [m[Kcandidate: ‘[01m[KpubNode::[01;32m[KpubNode[m[K(std::string)[m[K’
[3.477s]     6 |                 [01;36m[KpubNode[m[K(std::string node_name) : Node(node_name) {
[3.477s]       |                 [01;36m[K^~~~~~~[m[K
[3.477s] [01m[K/home/chacha/code/repo/ChaChaOpen/ros2_prj/topic_ws/topic/src/pub.cpp:6:17:[m[K [01;36m[Knote: [m[K  candidate expects 1 argument, 0 provided
[3.655s] gmake[2]: *** [CMakeFiles/pub_node.dir/build.make:76：CMakeFiles/pub_node.dir/src/pub.cpp.o] 错误 1
[3.655s] gmake[1]: *** [CMakeFiles/Makefile2:165：CMakeFiles/pub_node.dir/all] 错误 2
[3.655s] gmake[1]: *** 正在等待未完成的任务....
[4.398s] gmake[2]: *** [CMakeFiles/sub_node.dir/build.make:76：CMakeFiles/sub_node.dir/src/sub.cpp.o] 错误 1
[4.398s] gmake[1]: *** [CMakeFiles/Makefile2:139：CMakeFiles/sub_node.dir/all] 错误 2
[4.398s] gmake: *** [Makefile:146：all] 错误 2
[4.400s] Invoked command in '/home/chacha/code/repo/ChaChaOpen/ros2_prj/topic_ws/build/topic' returned '2': CMAKE_PREFIX_PATH=${CMAKE_PREFIX_PATH}:/opt/ros/jazzy DEBUGINFOD_URLS=https://debuginfod.ubuntu.com /usr/bin/cmake --build /home/chacha/code/repo/ChaChaOpen/ros2_prj/topic_ws/build/topic -- -j8 -l8
