-- Found ament_cmake: 2.5.5 (/opt/ros/jazzy/share/ament_cmake/cmake)
-- Found rclcpp: 28.1.16 (/opt/ros/jazzy/share/rclcpp/cmake)
-- Found rosidl_generator_c: 4.6.7 (/opt/ros/jazzy/share/rosidl_generator_c/cmake)
-- Found rosidl_generator_cpp: 4.6.7 (/opt/ros/jazzy/share/rosidl_generator_cpp/cmake)
-- Using all available rosidl_typesupport_c: rosidl_typesupport_fastrtps_c;rosidl_typesupport_introspection_c
-- Using all available rosidl_typesupport_cpp: rosidl_typesupport_fastrtps_cpp;rosidl_typesupport_introspection_cpp
-- Found rmw_implementation_cmake: 7.3.3 (/opt/ros/jazzy/share/rmw_implementation_cmake/cmake)
-- Found rmw_fastrtps_cpp: 8.4.3 (/opt/ros/jazzy/share/rmw_fastrtps_cpp/cmake)
-- Using RMW implementation 'rmw_fastrtps_cpp' as default
-- Found std_msgs: 5.3.6 (/opt/ros/jazzy/share/std_msgs/cmake)
-- Found ament_lint_auto: 0.17.4 (/opt/ros/jazzy/share/ament_lint_auto/cmake)
-- Added test 'cppcheck' to perform static code analysis on C / C++ code
-- Configured cppcheck include dirs: 
-- Configured cppcheck exclude dirs and/or files: 
-- Added test 'flake8' to check Python code syntax and style conventions
-- Configured 'flake8' exclude dirs and/or files: 
-- Added test 'lint_cmake' to check CMake code style
-- Added test 'pep257' to check Python code against some of the docstring style conventions in PEP 257
-- Added test 'uncrustify' to check C / C++ code style
-- Configured uncrustify additional arguments: 
-- Added test 'xmllint' to check XML markup files
-- Configuring done (0.5s)
-- Generating done (0.0s)
-- Build files have been written to: /home/chacha/code/repo/ChaChaOpen/ros2_prj/ros2_topic_ws/build/topic
[ 50%] Built target pub_node
[ 75%] Building CXX object CMakeFiles/sub_node.dir/src/sub.cpp.o
In file included from /opt/ros/jazzy/include/rclcpp/rclcpp/copy_all_parameter_values.hpp:27,
                 from /opt/ros/jazzy/include/rclcpp/rclcpp/rclcpp.hpp:171,
                 from /home/chacha/code/repo/ChaChaOpen/ros2_prj/ros2_topic_ws/src/topic/src/sub.cpp:1:
/home/chacha/code/repo/ChaChaOpen/ros2_prj/ros2_topic_ws/src/topic/src/sub.cpp: In constructor ‘subNode::subNode(std::string)’:
/home/chacha/code/repo/ChaChaOpen/ros2_prj/ros2_topic_ws/src/topic/src/sub.cpp:7:37: error: ‘node’ was not declared in this scope; did you mean ‘Node’?
    7 |                         RCLCPP_INFO(node->get_logger(), "sub_node created!");
      |                                     ^~~~
/home/chacha/code/repo/ChaChaOpen/ros2_prj/ros2_topic_ws/src/topic/src/sub.cpp:7:25: error: template argument 1 is invalid
    7 |                         RCLCPP_INFO(node->get_logger(), "sub_node created!");
      |                         ^~~~~~~~~~~
gmake[2]: *** [CMakeFiles/sub_node.dir/build.make:76: CMakeFiles/sub_node.dir/src/sub.cpp.o] Error 1
gmake[1]: *** [CMakeFiles/Makefile2:139: CMakeFiles/sub_node.dir/all] Error 2
gmake: *** [Makefile:146: all] Error 2
