[0.007s] Invoking command in '/home/chacha/code/repo/ChaChaOpen/ros2_prj/ros2_topic_ws/build/topic': CMAKE_PREFIX_PATH=${CMAKE_PREFIX_PATH}:/opt/ros/jazzy DEBUGINFOD_URLS=https://debuginfod.ubuntu.com /usr/bin/cmake --build /home/chacha/code/repo/ChaChaOpen/ros2_prj/ros2_topic_ws/build/topic -- -j8 -l8
[0.027s] -- Found ament_cmake: 2.5.5 (/opt/ros/jazzy/share/ament_cmake/cmake)
[0.208s] -- Found rclcpp: 28.1.16 (/opt/ros/jazzy/share/rclcpp/cmake)
[0.230s] -- Found rosidl_generator_c: 4.6.7 (/opt/ros/jazzy/share/rosidl_generator_c/cmake)
[0.238s] -- Found rosidl_generator_cpp: 4.6.7 (/opt/ros/jazzy/share/rosidl_generator_cpp/cmake)
[0.248s] -- Using all available rosidl_typesupport_c: rosidl_typesupport_fastrtps_c;rosidl_typesupport_introspection_c
[0.259s] -- Using all available rosidl_typesupport_cpp: rosidl_typesupport_fastrtps_cpp;rosidl_typesupport_introspection_cpp
[0.315s] -- Found rmw_implementation_cmake: 7.3.3 (/opt/ros/jazzy/share/rmw_implementation_cmake/cmake)
[0.317s] -- Found rmw_fastrtps_cpp: 8.4.3 (/opt/ros/jazzy/share/rmw_fastrtps_cpp/cmake)
[0.377s] -- Using RMW implementation 'rmw_fastrtps_cpp' as default
[0.435s] -- Found std_msgs: 5.3.6 (/opt/ros/jazzy/share/std_msgs/cmake)
[0.450s] -- Found ament_lint_auto: 0.17.4 (/opt/ros/jazzy/share/ament_lint_auto/cmake)
[0.536s] -- Added test 'cppcheck' to perform static code analysis on C / C++ code
[0.536s] -- Configured cppcheck include dirs: 
[0.536s] -- Configured cppcheck exclude dirs and/or files: 
[0.536s] -- Added test 'flake8' to check Python code syntax and style conventions
[0.537s] -- Configured 'flake8' exclude dirs and/or files: 
[0.537s] -- Added test 'lint_cmake' to check CMake code style
[0.538s] -- Added test 'pep257' to check Python code against some of the docstring style conventions in PEP 257
[0.540s] -- Added test 'uncrustify' to check C / C++ code style
[0.540s] -- Configured uncrustify additional arguments: 
[0.540s] -- Added test 'xmllint' to check XML markup files
[0.541s] -- Configuring done (0.5s)
[0.553s] -- Generating done (0.0s)
[0.558s] -- Build files have been written to: /home/chacha/code/repo/ChaChaOpen/ros2_prj/ros2_topic_ws/build/topic
[0.600s] [ 50%] Built target pub_node
[0.603s] [ 75%] Building CXX object CMakeFiles/sub_node.dir/src/sub.cpp.o
[2.816s] In file included from /opt/ros/jazzy/include/rclcpp/rclcpp/copy_all_parameter_values.hpp:27,
[2.816s]                  from /opt/ros/jazzy/include/rclcpp/rclcpp/rclcpp.hpp:171,
[2.816s]                  from /home/chacha/code/repo/ChaChaOpen/ros2_prj/ros2_topic_ws/src/topic/src/sub.cpp:1:
[2.816s] /home/chacha/code/repo/ChaChaOpen/ros2_prj/ros2_topic_ws/src/topic/src/sub.cpp: In constructor ‘subNode::subNode(std::string)’:
[2.816s] /home/chacha/code/repo/ChaChaOpen/ros2_prj/ros2_topic_ws/src/topic/src/sub.cpp:7:37: error: ‘node’ was not declared in this scope; did you mean ‘Node’?
[2.816s]     7 |                         RCLCPP_INFO(node->get_logger(), "sub_node created!");
[2.816s]       |                                     ^~~~
[2.817s] /home/chacha/code/repo/ChaChaOpen/ros2_prj/ros2_topic_ws/src/topic/src/sub.cpp:7:25: error: template argument 1 is invalid
[2.817s]     7 |                         RCLCPP_INFO(node->get_logger(), "sub_node created!");
[2.817s]       |                         ^~~~~~~~~~~
[5.083s] gmake[2]: *** [CMakeFiles/sub_node.dir/build.make:76: CMakeFiles/sub_node.dir/src/sub.cpp.o] Error 1
[5.083s] gmake[1]: *** [CMakeFiles/Makefile2:139: CMakeFiles/sub_node.dir/all] Error 2
[5.083s] gmake: *** [Makefile:146: all] Error 2
[5.085s] Invoked command in '/home/chacha/code/repo/ChaChaOpen/ros2_prj/ros2_topic_ws/build/topic' returned '2': CMAKE_PREFIX_PATH=${CMAKE_PREFIX_PATH}:/opt/ros/jazzy DEBUGINFOD_URLS=https://debuginfod.ubuntu.com /usr/bin/cmake --build /home/chacha/code/repo/ChaChaOpen/ros2_prj/ros2_topic_ws/build/topic -- -j8 -l8
