[0.014s] Invoking command in '/home/chacha/code/repo/ChaChaOpen/ros2_prj/ros2_stu_ws/build/user_interfaces': CMAKE_PREFIX_PATH=${CMAKE_PREFIX_PATH}:/opt/ros/jazzy DEBUGINFOD_URLS=https://debuginfod.ubuntu.com /usr/bin/cmake /home/chacha/code/repo/ChaChaOpen/ros2_prj/ros2_stu_ws/src/user_interfaces -DCMAKE_INSTALL_PREFIX=/home/chacha/code/repo/ChaChaOpen/ros2_prj/ros2_stu_ws/install/user_interfaces
[0.027s] -- Found ament_cmake: 2.5.5 (/opt/ros/jazzy/share/ament_cmake/cmake)
[0.267s] -- Found std_msgs: 5.3.6 (/opt/ros/jazzy/share/std_msgs/cmake)
[0.300s] -- Found rosidl_generator_c: 4.6.7 (/opt/ros/jazzy/share/rosidl_generator_c/cmake)
[0.314s] -- Found rosidl_generator_cpp: 4.6.7 (/opt/ros/jazzy/share/rosidl_generator_cpp/cmake)
[0.330s] -- Using all available rosidl_typesupport_c: rosidl_typesupport_fastrtps_c;rosidl_typesupport_introspection_c
[0.349s] -- Using all available rosidl_typesupport_cpp: rosidl_typesupport_fastrtps_cpp;rosidl_typesupport_introspection_cpp
[0.384s] -- Found rosidl_default_generators: 1.6.0 (/opt/ros/jazzy/share/rosidl_default_generators/cmake)
[0.390s] -- Found rosidl_adapter: 4.6.7 (/opt/ros/jazzy/share/rosidl_adapter/cmake)
[0.649s] [31mCMake Error at /opt/ros/jazzy/share/rosidl_adapter/cmake/rosidl_adapt_interfaces.cmake:57 (message):
[0.649s]   execute_process(/usr/bin/python3 -m rosidl_adapter --package-name
[0.650s]   user_interfaces --arguments-file
[0.650s]   /home/chacha/code/repo/ChaChaOpen/ros2_prj/ros2_stu_ws/build/user_interfaces/rosidl_adapter__arguments__user_interfaces.json
[0.650s]   --output-dir
[0.650s]   /home/chacha/code/repo/ChaChaOpen/ros2_prj/ros2_stu_ws/build/user_interfaces/rosidl_adapter/user_interfaces
[0.650s]   --output-file
[0.650s]   /home/chacha/code/repo/ChaChaOpen/ros2_prj/ros2_stu_ws/build/user_interfaces/rosidl_adapter/user_interfaces.idls)
[0.650s]   returned error code 1:
[0.650s] 
[0.651s]   Error processing 'int cout' of 'user_interfaces/user': ''int' is an invalid
[0.651s]   message name.  It should have the pattern '^[A-Z][A-Za-z0-9]*$''
[0.651s] 
[0.651s]   Traceback (most recent call last):
[0.651s] 
[0.651s]     File "<frozen runpy>", line 198, in _run_module_as_main
[0.651s]     File "<frozen runpy>", line 88, in _run_code
[0.652s]     File "/opt/ros/jazzy/lib/python3.12/site-packages/rosidl_adapter/__main__.py", line 19, in <module>
[0.652s]       sys.exit(main())
[0.652s]                ^^^^^^
[0.652s]     File "/opt/ros/jazzy/lib/python3.12/site-packages/rosidl_adapter/main.py", line 53, in main
[0.652s]       abs_idl_file = convert_to_idl(
[0.652s]                      ^^^^^^^^^^^^^^^
[0.652s]     File "/opt/ros/jazzy/lib/python3.12/site-packages/rosidl_adapter/__init__.py", line 19, in convert_to_idl
[0.653s]       return convert_msg_to_idl(
[0.653s]              ^^^^^^^^^^^^^^^^^^^
[0.653s]     File "/opt/ros/jazzy/lib/python3.12/site-packages/rosidl_adapter/msg/__init__.py", line 28, in convert_msg_to_idl
[0.653s]       msg = parse_message_string(package_name, input_file.stem, content)
[0.653s]             ^^^^^^^^^^^^^^^^^^^^^^^^^^^^^^^^^^^^^^^^^^^^^^^^^^^^^^^^^^^^
[0.653s]     File "/opt/ros/jazzy/lib/python3.12/site-packages/rosidl_adapter/parser.py", line 521, in parse_message_string
[0.653s]       Type(type_string, context_package_name=pkg_name),
[0.653s]       ^^^^^^^^^^^^^^^^^^^^^^^^^^^^^^^^^^^^^^^^^^^^^^^^
[0.654s]     File "/opt/ros/jazzy/lib/python3.12/site-packages/rosidl_adapter/parser.py", line 278, in __init__
[0.654s]       super(Type, self).__init__(
[0.654s]     File "/opt/ros/jazzy/lib/python3.12/site-packages/rosidl_adapter/parser.py", line 206, in __init__
[0.654s]       raise InvalidResourceName(
[0.654s] 
[0.654s]   rosidl_adapter.parser.InvalidResourceName: 'int' is an invalid message
[0.654s]   name.  It should have the pattern '^[A-Z][A-Za-z0-9]*$'
[0.655s] 
[0.655s] Call Stack (most recent call first):
[0.655s]   /opt/ros/jazzy/share/rosidl_cmake/cmake/rosidl_generate_interfaces.cmake:132 (rosidl_adapt_interfaces)
[0.655s]   CMakeLists.txt:16 (rosidl_generate_interfaces)
[0.655s] 
[0.655s] [0m
[0.655s] -- Configuring incomplete, errors occurred!
[0.658s] Invoked command in '/home/chacha/code/repo/ChaChaOpen/ros2_prj/ros2_stu_ws/build/user_interfaces' returned '1': CMAKE_PREFIX_PATH=${CMAKE_PREFIX_PATH}:/opt/ros/jazzy DEBUGINFOD_URLS=https://debuginfod.ubuntu.com /usr/bin/cmake /home/chacha/code/repo/ChaChaOpen/ros2_prj/ros2_stu_ws/src/user_interfaces -DCMAKE_INSTALL_PREFIX=/home/chacha/code/repo/ChaChaOpen/ros2_prj/ros2_stu_ws/install/user_interfaces
