[0.014s] Invoking command in '/home/chacha/code/repo/ChaChaOpen/ros2_prj/ros2_stu_ws/build/user_interfaces': CMAKE_PREFIX_PATH=${CMAKE_PREFIX_PATH}:/opt/ros/jazzy DEBUGINFOD_URLS=https://debuginfod.ubuntu.com /usr/bin/cmake --build /home/chacha/code/repo/ChaChaOpen/ros2_prj/ros2_stu_ws/build/user_interfaces -- -j8 -l8
[0.068s] [  2%] Built target user_interfaces__rosidl_generator_type_description
[0.082s] [  2%] Built target ament_cmake_python_copy_user_interfaces
[0.097s] [ 17%] Built target user_interfaces__rosidl_generator_c
[0.099s] [ 20%] Built target user_interfaces__cpp
[0.147s] [ 29%] Built target user_interfaces__rosidl_typesupport_introspection_c
[0.149s] [ 38%] Built target user_interfaces__rosidl_typesupport_fastrtps_c
[0.153s] [ 47%] Built target user_interfaces__rosidl_typesupport_c
[0.154s] [ 55%] Built target user_interfaces__rosidl_typesupport_cpp
[0.154s] [ 64%] Built target user_interfaces__rosidl_typesupport_introspection_cpp
[0.156s] [ 73%] Built target user_interfaces__rosidl_typesupport_fastrtps_cpp
[0.180s] [ 73%] Built target user_interfaces
[0.201s] [ 76%] Built target user_interfaces__py
[0.229s] [ 82%] Built target user_interfaces__rosidl_generator_py
[0.263s] [ 88%] Built target user_interfaces_s__rosidl_typesupport_fastrtps_c
[0.264s] [ 94%] Built target user_interfaces_s__rosidl_typesupport_c
[0.267s] [100%] Built target user_interfaces_s__rosidl_typesupport_introspection_c
[0.372s] running egg_info
[0.390s] writing user_interfaces.egg-info/PKG-INFO
[0.391s] writing dependency_links to user_interfaces.egg-info/dependency_links.txt
[0.391s] writing top-level names to user_interfaces.egg-info/top_level.txt
[0.443s] reading manifest file 'user_interfaces.egg-info/SOURCES.txt'
[0.443s] writing manifest file 'user_interfaces.egg-info/SOURCES.txt'
[0.484s] [100%] Built target ament_cmake_python_build_user_interfaces_egg
[0.501s] Invoked command in '/home/chacha/code/repo/ChaChaOpen/ros2_prj/ros2_stu_ws/build/user_interfaces' returned '0': CMAKE_PREFIX_PATH=${CMAKE_PREFIX_PATH}:/opt/ros/jazzy DEBUGINFOD_URLS=https://debuginfod.ubuntu.com /usr/bin/cmake --build /home/chacha/code/repo/ChaChaOpen/ros2_prj/ros2_stu_ws/build/user_interfaces -- -j8 -l8
[0.503s] Invoking command in '/home/chacha/code/repo/ChaChaOpen/ros2_prj/ros2_stu_ws/build/user_interfaces': CMAKE_PREFIX_PATH=${CMAKE_PREFIX_PATH}:/opt/ros/jazzy DEBUGINFOD_URLS=https://debuginfod.ubuntu.com /usr/bin/cmake --install /home/chacha/code/repo/ChaChaOpen/ros2_prj/ros2_stu_ws/build/user_interfaces
[0.523s] -- Install configuration: ""
[0.526s] -- Up-to-date: /home/chacha/code/repo/ChaChaOpen/ros2_prj/ros2_stu_ws/install/user_interfaces/share/ament_index/resource_index/rosidl_interfaces/user_interfaces
[0.526s] -- Up-to-date: /home/chacha/code/repo/ChaChaOpen/ros2_prj/ros2_stu_ws/install/user_interfaces/share/user_interfaces/msg/User.json
[0.526s] -- Up-to-date: /home/chacha/code/repo/ChaChaOpen/ros2_prj/ros2_stu_ws/install/user_interfaces/include/user_interfaces/user_interfaces
[0.527s] -- Up-to-date: /home/chacha/code/repo/ChaChaOpen/ros2_prj/ros2_stu_ws/install/user_interfaces/include/user_interfaces/user_interfaces/msg
[0.527s] -- Up-to-date: /home/chacha/code/repo/ChaChaOpen/ros2_prj/ros2_stu_ws/install/user_interfaces/include/user_interfaces/user_interfaces/msg/rosidl_generator_c__visibility_control.h
[0.527s] -- Up-to-date: /home/chacha/code/repo/ChaChaOpen/ros2_prj/ros2_stu_ws/install/user_interfaces/include/user_interfaces/user_interfaces/msg/user.h
[0.527s] -- Up-to-date: /home/chacha/code/repo/ChaChaOpen/ros2_prj/ros2_stu_ws/install/user_interfaces/include/user_interfaces/user_interfaces/msg/detail
[0.527s] -- Up-to-date: /home/chacha/code/repo/ChaChaOpen/ros2_prj/ros2_stu_ws/install/user_interfaces/include/user_interfaces/user_interfaces/msg/detail/user__type_support.c
[0.530s] -- Up-to-date: /home/chacha/code/repo/ChaChaOpen/ros2_prj/ros2_stu_ws/install/user_interfaces/include/user_interfaces/user_interfaces/msg/detail/user__struct.h
[0.531s] -- Up-to-date: /home/chacha/code/repo/ChaChaOpen/ros2_prj/ros2_stu_ws/install/user_interfaces/include/user_interfaces/user_interfaces/msg/detail/user__functions.h
[0.531s] -- Up-to-date: /home/chacha/code/repo/ChaChaOpen/ros2_prj/ros2_stu_ws/install/user_interfaces/include/user_interfaces/user_interfaces/msg/detail/user__type_support.h
[0.531s] -- Up-to-date: /home/chacha/code/repo/ChaChaOpen/ros2_prj/ros2_stu_ws/install/user_interfaces/include/user_interfaces/user_interfaces/msg/detail/user__functions.c
[0.531s] -- Up-to-date: /home/chacha/code/repo/ChaChaOpen/ros2_prj/ros2_stu_ws/install/user_interfaces/include/user_interfaces/user_interfaces/msg/detail/user__description.c
[0.531s] -- Up-to-date: /home/chacha/code/repo/ChaChaOpen/ros2_prj/ros2_stu_ws/install/user_interfaces/share/user_interfaces/environment/library_path.sh
[0.531s] -- Up-to-date: /home/chacha/code/repo/ChaChaOpen/ros2_prj/ros2_stu_ws/install/user_interfaces/share/user_interfaces/environment/library_path.dsv
[0.537s] -- Up-to-date: /home/chacha/code/repo/ChaChaOpen/ros2_prj/ros2_stu_ws/install/user_interfaces/lib/libuser_interfaces__rosidl_generator_c.so
[0.538s] -- Up-to-date: /home/chacha/code/repo/ChaChaOpen/ros2_prj/ros2_stu_ws/install/user_interfaces/include/user_interfaces/user_interfaces
[0.538s] -- Up-to-date: /home/chacha/code/repo/ChaChaOpen/ros2_prj/ros2_stu_ws/install/user_interfaces/include/user_interfaces/user_interfaces/msg
[0.538s] -- Up-to-date: /home/chacha/code/repo/ChaChaOpen/ros2_prj/ros2_stu_ws/install/user_interfaces/include/user_interfaces/user_interfaces/msg/rosidl_typesupport_fastrtps_c__visibility_control.h
[0.538s] -- Up-to-date: /home/chacha/code/repo/ChaChaOpen/ros2_prj/ros2_stu_ws/install/user_interfaces/include/user_interfaces/user_interfaces/msg/detail
[0.538s] -- Up-to-date: /home/chacha/code/repo/ChaChaOpen/ros2_prj/ros2_stu_ws/install/user_interfaces/include/user_interfaces/user_interfaces/msg/detail/user__rosidl_typesupport_fastrtps_c.h
[0.538s] -- Up-to-date: /home/chacha/code/repo/ChaChaOpen/ros2_prj/ros2_stu_ws/install/user_interfaces/lib/libuser_interfaces__rosidl_typesupport_fastrtps_c.so
[0.538s] -- Up-to-date: /home/chacha/code/repo/ChaChaOpen/ros2_prj/ros2_stu_ws/install/user_interfaces/include/user_interfaces/user_interfaces
[0.538s] -- Up-to-date: /home/chacha/code/repo/ChaChaOpen/ros2_prj/ros2_stu_ws/install/user_interfaces/include/user_interfaces/user_interfaces/msg
[0.539s] -- Up-to-date: /home/chacha/code/repo/ChaChaOpen/ros2_prj/ros2_stu_ws/install/user_interfaces/include/user_interfaces/user_interfaces/msg/rosidl_generator_cpp__visibility_control.hpp
[0.539s] -- Up-to-date: /home/chacha/code/repo/ChaChaOpen/ros2_prj/ros2_stu_ws/install/user_interfaces/include/user_interfaces/user_interfaces/msg/user.hpp
[0.539s] -- Up-to-date: /home/chacha/code/repo/ChaChaOpen/ros2_prj/ros2_stu_ws/install/user_interfaces/include/user_interfaces/user_interfaces/msg/detail
[0.539s] -- Up-to-date: /home/chacha/code/repo/ChaChaOpen/ros2_prj/ros2_stu_ws/install/user_interfaces/include/user_interfaces/user_interfaces/msg/detail/user__traits.hpp
[0.539s] -- Up-to-date: /home/chacha/code/repo/ChaChaOpen/ros2_prj/ros2_stu_ws/install/user_interfaces/include/user_interfaces/user_interfaces/msg/detail/user__builder.hpp
[0.539s] -- Up-to-date: /home/chacha/code/repo/ChaChaOpen/ros2_prj/ros2_stu_ws/install/user_interfaces/include/user_interfaces/user_interfaces/msg/detail/user__struct.hpp
[0.539s] -- Up-to-date: /home/chacha/code/repo/ChaChaOpen/ros2_prj/ros2_stu_ws/install/user_interfaces/include/user_interfaces/user_interfaces/msg/detail/user__type_support.hpp
[0.539s] -- Up-to-date: /home/chacha/code/repo/ChaChaOpen/ros2_prj/ros2_stu_ws/install/user_interfaces/include/user_interfaces/user_interfaces
[0.539s] -- Up-to-date: /home/chacha/code/repo/ChaChaOpen/ros2_prj/ros2_stu_ws/install/user_interfaces/include/user_interfaces/user_interfaces/msg
[0.540s] -- Up-to-date: /home/chacha/code/repo/ChaChaOpen/ros2_prj/ros2_stu_ws/install/user_interfaces/include/user_interfaces/user_interfaces/msg/rosidl_typesupport_fastrtps_cpp__visibility_control.h
[0.540s] -- Up-to-date: /home/chacha/code/repo/ChaChaOpen/ros2_prj/ros2_stu_ws/install/user_interfaces/include/user_interfaces/user_interfaces/msg/detail
[0.540s] -- Up-to-date: /home/chacha/code/repo/ChaChaOpen/ros2_prj/ros2_stu_ws/install/user_interfaces/include/user_interfaces/user_interfaces/msg/detail/user__rosidl_typesupport_fastrtps_cpp.hpp
[0.540s] -- Up-to-date: /home/chacha/code/repo/ChaChaOpen/ros2_prj/ros2_stu_ws/install/user_interfaces/include/user_interfaces/user_interfaces/msg/detail/dds_fastrtps
[0.540s] -- Up-to-date: /home/chacha/code/repo/ChaChaOpen/ros2_prj/ros2_stu_ws/install/user_interfaces/lib/libuser_interfaces__rosidl_typesupport_fastrtps_cpp.so
[0.549s] -- Up-to-date: /home/chacha/code/repo/ChaChaOpen/ros2_prj/ros2_stu_ws/install/user_interfaces/include/user_interfaces/user_interfaces
[0.552s] -- Up-to-date: /home/chacha/code/repo/ChaChaOpen/ros2_prj/ros2_stu_ws/install/user_interfaces/include/user_interfaces/user_interfaces/msg
[0.552s] -- Up-to-date: /home/chacha/code/repo/ChaChaOpen/ros2_prj/ros2_stu_ws/install/user_interfaces/include/user_interfaces/user_interfaces/msg/rosidl_typesupport_introspection_c__visibility_control.h
[0.553s] -- Up-to-date: /home/chacha/code/repo/ChaChaOpen/ros2_prj/ros2_stu_ws/install/user_interfaces/include/user_interfaces/user_interfaces/msg/detail
[0.553s] -- Up-to-date: /home/chacha/code/repo/ChaChaOpen/ros2_prj/ros2_stu_ws/install/user_interfaces/include/user_interfaces/user_interfaces/msg/detail/user__type_support.c
[0.554s] -- Up-to-date: /home/chacha/code/repo/ChaChaOpen/ros2_prj/ros2_stu_ws/install/user_interfaces/include/user_interfaces/user_interfaces/msg/detail/user__rosidl_typesupport_introspection_c.h
[0.555s] -- Up-to-date: /home/chacha/code/repo/ChaChaOpen/ros2_prj/ros2_stu_ws/install/user_interfaces/lib/libuser_interfaces__rosidl_typesupport_introspection_c.so
[0.555s] -- Up-to-date: /home/chacha/code/repo/ChaChaOpen/ros2_prj/ros2_stu_ws/install/user_interfaces/lib/libuser_interfaces__rosidl_typesupport_c.so
[0.555s] -- Up-to-date: /home/chacha/code/repo/ChaChaOpen/ros2_prj/ros2_stu_ws/install/user_interfaces/include/user_interfaces/user_interfaces
[0.555s] -- Up-to-date: /home/chacha/code/repo/ChaChaOpen/ros2_prj/ros2_stu_ws/install/user_interfaces/include/user_interfaces/user_interfaces/msg
[0.555s] -- Up-to-date: /home/chacha/code/repo/ChaChaOpen/ros2_prj/ros2_stu_ws/install/user_interfaces/include/user_interfaces/user_interfaces/msg/detail
[0.555s] -- Up-to-date: /home/chacha/code/repo/ChaChaOpen/ros2_prj/ros2_stu_ws/install/user_interfaces/include/user_interfaces/user_interfaces/msg/detail/user__type_support.cpp
[0.555s] -- Up-to-date: /home/chacha/code/repo/ChaChaOpen/ros2_prj/ros2_stu_ws/install/user_interfaces/include/user_interfaces/user_interfaces/msg/detail/user__rosidl_typesupport_introspection_cpp.hpp
[0.555s] -- Up-to-date: /home/chacha/code/repo/ChaChaOpen/ros2_prj/ros2_stu_ws/install/user_interfaces/lib/libuser_interfaces__rosidl_typesupport_introspection_cpp.so
[0.555s] -- Up-to-date: /home/chacha/code/repo/ChaChaOpen/ros2_prj/ros2_stu_ws/install/user_interfaces/lib/libuser_interfaces__rosidl_typesupport_cpp.so
[0.556s] -- Up-to-date: /home/chacha/code/repo/ChaChaOpen/ros2_prj/ros2_stu_ws/install/user_interfaces/share/user_interfaces/environment/pythonpath.sh
[0.556s] -- Up-to-date: /home/chacha/code/repo/ChaChaOpen/ros2_prj/ros2_stu_ws/install/user_interfaces/share/user_interfaces/environment/pythonpath.dsv
[0.556s] -- Up-to-date: /home/chacha/code/repo/ChaChaOpen/ros2_prj/ros2_stu_ws/install/user_interfaces/lib/python3.12/site-packages/user_interfaces-0.0.0-py3.12.egg-info
[0.557s] -- Installing: /home/chacha/code/repo/ChaChaOpen/ros2_prj/ros2_stu_ws/install/user_interfaces/lib/python3.12/site-packages/user_interfaces-0.0.0-py3.12.egg-info/top_level.txt
[0.557s] -- Installing: /home/chacha/code/repo/ChaChaOpen/ros2_prj/ros2_stu_ws/install/user_interfaces/lib/python3.12/site-packages/user_interfaces-0.0.0-py3.12.egg-info/SOURCES.txt
[0.557s] -- Installing: /home/chacha/code/repo/ChaChaOpen/ros2_prj/ros2_stu_ws/install/user_interfaces/lib/python3.12/site-packages/user_interfaces-0.0.0-py3.12.egg-info/PKG-INFO
[0.557s] -- Installing: /home/chacha/code/repo/ChaChaOpen/ros2_prj/ros2_stu_ws/install/user_interfaces/lib/python3.12/site-packages/user_interfaces-0.0.0-py3.12.egg-info/dependency_links.txt
[0.557s] -- Up-to-date: /home/chacha/code/repo/ChaChaOpen/ros2_prj/ros2_stu_ws/install/user_interfaces/lib/python3.12/site-packages/user_interfaces
[0.557s] -- Up-to-date: /home/chacha/code/repo/ChaChaOpen/ros2_prj/ros2_stu_ws/install/user_interfaces/lib/python3.12/site-packages/user_interfaces/user_interfaces_s__rosidl_typesupport_c.so
[0.557s] -- Up-to-date: /home/chacha/code/repo/ChaChaOpen/ros2_prj/ros2_stu_ws/install/user_interfaces/lib/python3.12/site-packages/user_interfaces/msg
[0.560s] -- Up-to-date: /home/chacha/code/repo/ChaChaOpen/ros2_prj/ros2_stu_ws/install/user_interfaces/lib/python3.12/site-packages/user_interfaces/msg/_user_s.c
[0.561s] -- Up-to-date: /home/chacha/code/repo/ChaChaOpen/ros2_prj/ros2_stu_ws/install/user_interfaces/lib/python3.12/site-packages/user_interfaces/msg/__init__.py
[0.561s] -- Up-to-date: /home/chacha/code/repo/ChaChaOpen/ros2_prj/ros2_stu_ws/install/user_interfaces/lib/python3.12/site-packages/user_interfaces/msg/_user.py
[0.561s] -- Up-to-date: /home/chacha/code/repo/ChaChaOpen/ros2_prj/ros2_stu_ws/install/user_interfaces/lib/python3.12/site-packages/user_interfaces/_user_interfaces_s.ep.rosidl_typesupport_introspection_c.c
[0.561s] -- Up-to-date: /home/chacha/code/repo/ChaChaOpen/ros2_prj/ros2_stu_ws/install/user_interfaces/lib/python3.12/site-packages/user_interfaces/_user_interfaces_s.ep.rosidl_typesupport_c.c
[0.561s] -- Up-to-date: /home/chacha/code/repo/ChaChaOpen/ros2_prj/ros2_stu_ws/install/user_interfaces/lib/python3.12/site-packages/user_interfaces/user_interfaces_s__rosidl_typesupport_fastrtps_c.so
[0.561s] -- Up-to-date: /home/chacha/code/repo/ChaChaOpen/ros2_prj/ros2_stu_ws/install/user_interfaces/lib/python3.12/site-packages/user_interfaces/_user_interfaces_s.ep.rosidl_typesupport_fastrtps_c.c
[0.561s] -- Up-to-date: /home/chacha/code/repo/ChaChaOpen/ros2_prj/ros2_stu_ws/install/user_interfaces/lib/python3.12/site-packages/user_interfaces/__init__.py
[0.561s] -- Up-to-date: /home/chacha/code/repo/ChaChaOpen/ros2_prj/ros2_stu_ws/install/user_interfaces/lib/python3.12/site-packages/user_interfaces/user_interfaces_s__rosidl_typesupport_introspection_c.so
[0.613s] Listing '/home/chacha/code/repo/ChaChaOpen/ros2_prj/ros2_stu_ws/install/user_interfaces/lib/python3.12/site-packages/user_interfaces'...
[0.613s] Listing '/home/chacha/code/repo/ChaChaOpen/ros2_prj/ros2_stu_ws/install/user_interfaces/lib/python3.12/site-packages/user_interfaces/msg'...
[0.621s] -- Up-to-date: /home/chacha/code/repo/ChaChaOpen/ros2_prj/ros2_stu_ws/install/user_interfaces/lib/python3.12/site-packages/user_interfaces/user_interfaces_s__rosidl_typesupport_fastrtps_c.so
[0.621s] -- Up-to-date: /home/chacha/code/repo/ChaChaOpen/ros2_prj/ros2_stu_ws/install/user_interfaces/lib/python3.12/site-packages/user_interfaces/user_interfaces_s__rosidl_typesupport_introspection_c.so
[0.621s] -- Up-to-date: /home/chacha/code/repo/ChaChaOpen/ros2_prj/ros2_stu_ws/install/user_interfaces/lib/python3.12/site-packages/user_interfaces/user_interfaces_s__rosidl_typesupport_c.so
[0.621s] -- Up-to-date: /home/chacha/code/repo/ChaChaOpen/ros2_prj/ros2_stu_ws/install/user_interfaces/lib/libuser_interfaces__rosidl_generator_py.so
[0.622s] -- Up-to-date: /home/chacha/code/repo/ChaChaOpen/ros2_prj/ros2_stu_ws/install/user_interfaces/share/user_interfaces/msg/User.idl
[0.622s] -- Up-to-date: /home/chacha/code/repo/ChaChaOpen/ros2_prj/ros2_stu_ws/install/user_interfaces/share/user_interfaces/msg/User.msg
[0.622s] -- Up-to-date: /home/chacha/code/repo/ChaChaOpen/ros2_prj/ros2_stu_ws/install/user_interfaces/share/ament_index/resource_index/package_run_dependencies/user_interfaces
[0.624s] -- Up-to-date: /home/chacha/code/repo/ChaChaOpen/ros2_prj/ros2_stu_ws/install/user_interfaces/share/ament_index/resource_index/parent_prefix_path/user_interfaces
[0.624s] -- Up-to-date: /home/chacha/code/repo/ChaChaOpen/ros2_prj/ros2_stu_ws/install/user_interfaces/share/user_interfaces/environment/ament_prefix_path.sh
[0.624s] -- Up-to-date: /home/chacha/code/repo/ChaChaOpen/ros2_prj/ros2_stu_ws/install/user_interfaces/share/user_interfaces/environment/ament_prefix_path.dsv
[0.624s] -- Up-to-date: /home/chacha/code/repo/ChaChaOpen/ros2_prj/ros2_stu_ws/install/user_interfaces/share/user_interfaces/environment/path.sh
[0.624s] -- Up-to-date: /home/chacha/code/repo/ChaChaOpen/ros2_prj/ros2_stu_ws/install/user_interfaces/share/user_interfaces/environment/path.dsv
[0.624s] -- Up-to-date: /home/chacha/code/repo/ChaChaOpen/ros2_prj/ros2_stu_ws/install/user_interfaces/share/user_interfaces/local_setup.bash
[0.624s] -- Up-to-date: /home/chacha/code/repo/ChaChaOpen/ros2_prj/ros2_stu_ws/install/user_interfaces/share/user_interfaces/local_setup.sh
[0.624s] -- Up-to-date: /home/chacha/code/repo/ChaChaOpen/ros2_prj/ros2_stu_ws/install/user_interfaces/share/user_interfaces/local_setup.zsh
[0.625s] -- Up-to-date: /home/chacha/code/repo/ChaChaOpen/ros2_prj/ros2_stu_ws/install/user_interfaces/share/user_interfaces/local_setup.dsv
[0.625s] -- Installing: /home/chacha/code/repo/ChaChaOpen/ros2_prj/ros2_stu_ws/install/user_interfaces/share/user_interfaces/package.dsv
[0.625s] -- Up-to-date: /home/chacha/code/repo/ChaChaOpen/ros2_prj/ros2_stu_ws/install/user_interfaces/share/ament_index/resource_index/packages/user_interfaces
[0.625s] -- Up-to-date: /home/chacha/code/repo/ChaChaOpen/ros2_prj/ros2_stu_ws/install/user_interfaces/share/user_interfaces/cmake/export_user_interfaces__rosidl_generator_cExport.cmake
[0.625s] -- Up-to-date: /home/chacha/code/repo/ChaChaOpen/ros2_prj/ros2_stu_ws/install/user_interfaces/share/user_interfaces/cmake/export_user_interfaces__rosidl_generator_cExport-noconfig.cmake
[0.625s] -- Up-to-date: /home/chacha/code/repo/ChaChaOpen/ros2_prj/ros2_stu_ws/install/user_interfaces/share/user_interfaces/cmake/export_user_interfaces__rosidl_typesupport_fastrtps_cExport.cmake
[0.625s] -- Up-to-date: /home/chacha/code/repo/ChaChaOpen/ros2_prj/ros2_stu_ws/install/user_interfaces/share/user_interfaces/cmake/export_user_interfaces__rosidl_typesupport_fastrtps_cExport-noconfig.cmake
[0.625s] -- Up-to-date: /home/chacha/code/repo/ChaChaOpen/ros2_prj/ros2_stu_ws/install/user_interfaces/share/user_interfaces/cmake/export_user_interfaces__rosidl_generator_cppExport.cmake
[0.625s] -- Up-to-date: /home/chacha/code/repo/ChaChaOpen/ros2_prj/ros2_stu_ws/install/user_interfaces/share/user_interfaces/cmake/export_user_interfaces__rosidl_typesupport_fastrtps_cppExport.cmake
[0.625s] -- Up-to-date: /home/chacha/code/repo/ChaChaOpen/ros2_prj/ros2_stu_ws/install/user_interfaces/share/user_interfaces/cmake/export_user_interfaces__rosidl_typesupport_fastrtps_cppExport-noconfig.cmake
[0.625s] -- Up-to-date: /home/chacha/code/repo/ChaChaOpen/ros2_prj/ros2_stu_ws/install/user_interfaces/share/user_interfaces/cmake/user_interfaces__rosidl_typesupport_introspection_cExport.cmake
[0.626s] -- Up-to-date: /home/chacha/code/repo/ChaChaOpen/ros2_prj/ros2_stu_ws/install/user_interfaces/share/user_interfaces/cmake/user_interfaces__rosidl_typesupport_introspection_cExport-noconfig.cmake
[0.626s] -- Up-to-date: /home/chacha/code/repo/ChaChaOpen/ros2_prj/ros2_stu_ws/install/user_interfaces/share/user_interfaces/cmake/user_interfaces__rosidl_typesupport_cExport.cmake
[0.626s] -- Up-to-date: /home/chacha/code/repo/ChaChaOpen/ros2_prj/ros2_stu_ws/install/user_interfaces/share/user_interfaces/cmake/user_interfaces__rosidl_typesupport_cExport-noconfig.cmake
[0.626s] -- Up-to-date: /home/chacha/code/repo/ChaChaOpen/ros2_prj/ros2_stu_ws/install/user_interfaces/share/user_interfaces/cmake/user_interfaces__rosidl_typesupport_introspection_cppExport.cmake
[0.626s] -- Up-to-date: /home/chacha/code/repo/ChaChaOpen/ros2_prj/ros2_stu_ws/install/user_interfaces/share/user_interfaces/cmake/user_interfaces__rosidl_typesupport_introspection_cppExport-noconfig.cmake
[0.626s] -- Up-to-date: /home/chacha/code/repo/ChaChaOpen/ros2_prj/ros2_stu_ws/install/user_interfaces/share/user_interfaces/cmake/user_interfaces__rosidl_typesupport_cppExport.cmake
[0.626s] -- Up-to-date: /home/chacha/code/repo/ChaChaOpen/ros2_prj/ros2_stu_ws/install/user_interfaces/share/user_interfaces/cmake/user_interfaces__rosidl_typesupport_cppExport-noconfig.cmake
[0.626s] -- Up-to-date: /home/chacha/code/repo/ChaChaOpen/ros2_prj/ros2_stu_ws/install/user_interfaces/share/user_interfaces/cmake/export_user_interfaces__rosidl_generator_pyExport.cmake
[0.626s] -- Up-to-date: /home/chacha/code/repo/ChaChaOpen/ros2_prj/ros2_stu_ws/install/user_interfaces/share/user_interfaces/cmake/export_user_interfaces__rosidl_generator_pyExport-noconfig.cmake
[0.626s] -- Up-to-date: /home/chacha/code/repo/ChaChaOpen/ros2_prj/ros2_stu_ws/install/user_interfaces/share/user_interfaces/cmake/rosidl_cmake-extras.cmake
[0.627s] -- Up-to-date: /home/chacha/code/repo/ChaChaOpen/ros2_prj/ros2_stu_ws/install/user_interfaces/share/user_interfaces/cmake/ament_cmake_export_dependencies-extras.cmake
[0.627s] -- Up-to-date: /home/chacha/code/repo/ChaChaOpen/ros2_prj/ros2_stu_ws/install/user_interfaces/share/user_interfaces/cmake/ament_cmake_export_include_directories-extras.cmake
[0.627s] -- Up-to-date: /home/chacha/code/repo/ChaChaOpen/ros2_prj/ros2_stu_ws/install/user_interfaces/share/user_interfaces/cmake/ament_cmake_export_libraries-extras.cmake
[0.627s] -- Up-to-date: /home/chacha/code/repo/ChaChaOpen/ros2_prj/ros2_stu_ws/install/user_interfaces/share/user_interfaces/cmake/ament_cmake_export_targets-extras.cmake
[0.627s] -- Up-to-date: /home/chacha/code/repo/ChaChaOpen/ros2_prj/ros2_stu_ws/install/user_interfaces/share/user_interfaces/cmake/rosidl_cmake_export_typesupport_targets-extras.cmake
[0.627s] -- Up-to-date: /home/chacha/code/repo/ChaChaOpen/ros2_prj/ros2_stu_ws/install/user_interfaces/share/user_interfaces/cmake/rosidl_cmake_export_typesupport_libraries-extras.cmake
[0.627s] -- Up-to-date: /home/chacha/code/repo/ChaChaOpen/ros2_prj/ros2_stu_ws/install/user_interfaces/share/user_interfaces/cmake/user_interfacesConfig.cmake
[0.627s] -- Up-to-date: /home/chacha/code/repo/ChaChaOpen/ros2_prj/ros2_stu_ws/install/user_interfaces/share/user_interfaces/cmake/user_interfacesConfig-version.cmake
[0.627s] -- Up-to-date: /home/chacha/code/repo/ChaChaOpen/ros2_prj/ros2_stu_ws/install/user_interfaces/share/user_interfaces/package.xml
[0.633s] Invoked command in '/home/chacha/code/repo/ChaChaOpen/ros2_prj/ros2_stu_ws/build/user_interfaces' returned '0': CMAKE_PREFIX_PATH=${CMAKE_PREFIX_PATH}:/opt/ros/jazzy DEBUGINFOD_URLS=https://debuginfod.ubuntu.com /usr/bin/cmake --install /home/chacha/code/repo/ChaChaOpen/ros2_prj/ros2_stu_ws/build/user_interfaces
