[0.025s] Invoking command in '/home/chacha/code/repo/ChaChaOpen/ros2_prj/ros2_pr_ws/build/pr_hello': AMENT_PREFIX_PATH=/home/chacha/code/repo/ChaChaOpen/ros2_prj/ros2_pr_ws/install/user_interfaces:${AMENT_PREFIX_PATH} CMAKE_PREFIX_PATH=/home/chacha/code/repo/ChaChaOpen/ros2_prj/ros2_pr_ws/install/user_interfaces:/opt/ros/jazzy/opt/gz_sim_vendor:/opt/ros/jazzy/opt/gz_sensors_vendor:/opt/ros/jazzy/opt/gz_physics_vendor:/opt/ros/jazzy/opt/sdformat_vendor:/opt/ros/jazzy/opt/gz_gui_vendor:/opt/ros/jazzy/opt/gz_transport_vendor:/opt/ros/jazzy/opt/gz_rendering_vendor:/opt/ros/jazzy/opt/gz_plugin_vendor:/opt/ros/jazzy/opt/gz_fuel_tools_vendor:/opt/ros/jazzy/opt/gz_msgs_vendor:/opt/ros/jazzy/opt/gz_common_vendor:/opt/ros/jazzy/opt/gz_math_vendor:/opt/ros/jazzy/opt/gz_utils_vendor:/opt/ros/jazzy/opt/gz_tools_vendor:/opt/ros/jazzy/opt/gz_ogre_next_vendor:/opt/ros/jazzy/opt/gz_dartsim_vendor:/opt/ros/jazzy/opt/gz_cmake_vendor:/opt/ros/jazzy DEBUGINFOD_URLS=https://debuginfod.ubuntu.com LD_LIBRARY_PATH=/home/chacha/code/repo/ChaChaOpen/ros2_prj/ros2_pr_ws/install/user_interfaces/lib:${LD_LIBRARY_PATH} PYTHONPATH=/home/chacha/code/repo/ChaChaOpen/ros2_prj/ros2_pr_ws/install/user_interfaces/lib/python3.12/site-packages:${PYTHONPATH} /usr/bin/cmake --build /home/chacha/code/repo/ChaChaOpen/ros2_prj/ros2_pr_ws/build/pr_hello -- -j8 -l8
[0.147s] [ 33%] Built target pr_hello_node
[0.149s] [ 50%] Building CXX object CMakeFiles/test_node.dir/src/test.cpp.o
[0.159s] [ 83%] Built target pr_test_node
[15.604s] [100%] Linking CXX executable test_node
[16.010s] [100%] Built target test_node
[16.022s] Invoked command in '/home/chacha/code/repo/ChaChaOpen/ros2_prj/ros2_pr_ws/build/pr_hello' returned '0': AMENT_PREFIX_PATH=/home/chacha/code/repo/ChaChaOpen/ros2_prj/ros2_pr_ws/install/user_interfaces:${AMENT_PREFIX_PATH} CMAKE_PREFIX_PATH=/home/chacha/code/repo/ChaChaOpen/ros2_prj/ros2_pr_ws/install/user_interfaces:/opt/ros/jazzy/opt/gz_sim_vendor:/opt/ros/jazzy/opt/gz_sensors_vendor:/opt/ros/jazzy/opt/gz_physics_vendor:/opt/ros/jazzy/opt/sdformat_vendor:/opt/ros/jazzy/opt/gz_gui_vendor:/opt/ros/jazzy/opt/gz_transport_vendor:/opt/ros/jazzy/opt/gz_rendering_vendor:/opt/ros/jazzy/opt/gz_plugin_vendor:/opt/ros/jazzy/opt/gz_fuel_tools_vendor:/opt/ros/jazzy/opt/gz_msgs_vendor:/opt/ros/jazzy/opt/gz_common_vendor:/opt/ros/jazzy/opt/gz_math_vendor:/opt/ros/jazzy/opt/gz_utils_vendor:/opt/ros/jazzy/opt/gz_tools_vendor:/opt/ros/jazzy/opt/gz_ogre_next_vendor:/opt/ros/jazzy/opt/gz_dartsim_vendor:/opt/ros/jazzy/opt/gz_cmake_vendor:/opt/ros/jazzy DEBUGINFOD_URLS=https://debuginfod.ubuntu.com LD_LIBRARY_PATH=/home/chacha/code/repo/ChaChaOpen/ros2_prj/ros2_pr_ws/install/user_interfaces/lib:${LD_LIBRARY_PATH} PYTHONPATH=/home/chacha/code/repo/ChaChaOpen/ros2_prj/ros2_pr_ws/install/user_interfaces/lib/python3.12/site-packages:${PYTHONPATH} /usr/bin/cmake --build /home/chacha/code/repo/ChaChaOpen/ros2_prj/ros2_pr_ws/build/pr_hello -- -j8 -l8
[16.035s] Invoking command in '/home/chacha/code/repo/ChaChaOpen/ros2_prj/ros2_pr_ws/build/pr_hello': AMENT_PREFIX_PATH=/home/chacha/code/repo/ChaChaOpen/ros2_prj/ros2_pr_ws/install/user_interfaces:${AMENT_PREFIX_PATH} CMAKE_PREFIX_PATH=/home/chacha/code/repo/ChaChaOpen/ros2_prj/ros2_pr_ws/install/user_interfaces:/opt/ros/jazzy/opt/gz_sim_vendor:/opt/ros/jazzy/opt/gz_sensors_vendor:/opt/ros/jazzy/opt/gz_physics_vendor:/opt/ros/jazzy/opt/sdformat_vendor:/opt/ros/jazzy/opt/gz_gui_vendor:/opt/ros/jazzy/opt/gz_transport_vendor:/opt/ros/jazzy/opt/gz_rendering_vendor:/opt/ros/jazzy/opt/gz_plugin_vendor:/opt/ros/jazzy/opt/gz_fuel_tools_vendor:/opt/ros/jazzy/opt/gz_msgs_vendor:/opt/ros/jazzy/opt/gz_common_vendor:/opt/ros/jazzy/opt/gz_math_vendor:/opt/ros/jazzy/opt/gz_utils_vendor:/opt/ros/jazzy/opt/gz_tools_vendor:/opt/ros/jazzy/opt/gz_ogre_next_vendor:/opt/ros/jazzy/opt/gz_dartsim_vendor:/opt/ros/jazzy/opt/gz_cmake_vendor:/opt/ros/jazzy DEBUGINFOD_URLS=https://debuginfod.ubuntu.com LD_LIBRARY_PATH=/home/chacha/code/repo/ChaChaOpen/ros2_prj/ros2_pr_ws/install/user_interfaces/lib:${LD_LIBRARY_PATH} PYTHONPATH=/home/chacha/code/repo/ChaChaOpen/ros2_prj/ros2_pr_ws/install/user_interfaces/lib/python3.12/site-packages:${PYTHONPATH} /usr/bin/cmake --install /home/chacha/code/repo/ChaChaOpen/ros2_prj/ros2_pr_ws/build/pr_hello
[16.044s] -- Install configuration: ""
[16.045s] -- Up-to-date: /home/chacha/code/repo/ChaChaOpen/ros2_prj/ros2_pr_ws/install/pr_hello/lib/pr_hello/pr_hello_node
[16.045s] -- Installing: /home/chacha/code/repo/ChaChaOpen/ros2_prj/ros2_pr_ws/install/pr_hello/lib/pr_hello/test_node
[16.050s] -- Set non-toolchain portion of runtime path of "/home/chacha/code/repo/ChaChaOpen/ros2_prj/ros2_pr_ws/install/pr_hello/lib/pr_hello/test_node" to ""
[16.051s] -- Up-to-date: /home/chacha/code/repo/ChaChaOpen/ros2_prj/ros2_pr_ws/install/pr_hello/lib/pr_hello/pr_test_node
[16.051s] -- Up-to-date: /home/chacha/code/repo/ChaChaOpen/ros2_prj/ros2_pr_ws/install/pr_hello/share/ament_index/resource_index/package_run_dependencies/pr_hello
[16.051s] -- Up-to-date: /home/chacha/code/repo/ChaChaOpen/ros2_prj/ros2_pr_ws/install/pr_hello/share/ament_index/resource_index/parent_prefix_path/pr_hello
[16.052s] -- Up-to-date: /home/chacha/code/repo/ChaChaOpen/ros2_prj/ros2_pr_ws/install/pr_hello/share/pr_hello/environment/ament_prefix_path.sh
[16.052s] -- Up-to-date: /home/chacha/code/repo/ChaChaOpen/ros2_prj/ros2_pr_ws/install/pr_hello/share/pr_hello/environment/ament_prefix_path.dsv
[16.052s] -- Up-to-date: /home/chacha/code/repo/ChaChaOpen/ros2_prj/ros2_pr_ws/install/pr_hello/share/pr_hello/environment/path.sh
[16.052s] -- Up-to-date: /home/chacha/code/repo/ChaChaOpen/ros2_prj/ros2_pr_ws/install/pr_hello/share/pr_hello/environment/path.dsv
[16.052s] -- Up-to-date: /home/chacha/code/repo/ChaChaOpen/ros2_prj/ros2_pr_ws/install/pr_hello/share/pr_hello/local_setup.bash
[16.052s] -- Up-to-date: /home/chacha/code/repo/ChaChaOpen/ros2_prj/ros2_pr_ws/install/pr_hello/share/pr_hello/local_setup.sh
[16.052s] -- Up-to-date: /home/chacha/code/repo/ChaChaOpen/ros2_prj/ros2_pr_ws/install/pr_hello/share/pr_hello/local_setup.zsh
[16.053s] -- Up-to-date: /home/chacha/code/repo/ChaChaOpen/ros2_prj/ros2_pr_ws/install/pr_hello/share/pr_hello/local_setup.dsv
[16.053s] -- Installing: /home/chacha/code/repo/ChaChaOpen/ros2_prj/ros2_pr_ws/install/pr_hello/share/pr_hello/package.dsv
[16.054s] -- Up-to-date: /home/chacha/code/repo/ChaChaOpen/ros2_prj/ros2_pr_ws/install/pr_hello/share/ament_index/resource_index/packages/pr_hello
[16.055s] -- Up-to-date: /home/chacha/code/repo/ChaChaOpen/ros2_prj/ros2_pr_ws/install/pr_hello/share/pr_hello/cmake/pr_helloConfig.cmake
[16.055s] -- Up-to-date: /home/chacha/code/repo/ChaChaOpen/ros2_prj/ros2_pr_ws/install/pr_hello/share/pr_hello/cmake/pr_helloConfig-version.cmake
[16.055s] -- Up-to-date: /home/chacha/code/repo/ChaChaOpen/ros2_prj/ros2_pr_ws/install/pr_hello/share/pr_hello/package.xml
[16.056s] Invoked command in '/home/chacha/code/repo/ChaChaOpen/ros2_prj/ros2_pr_ws/build/pr_hello' returned '0': AMENT_PREFIX_PATH=/home/chacha/code/repo/ChaChaOpen/ros2_prj/ros2_pr_ws/install/user_interfaces:${AMENT_PREFIX_PATH} CMAKE_PREFIX_PATH=/home/chacha/code/repo/ChaChaOpen/ros2_prj/ros2_pr_ws/install/user_interfaces:/opt/ros/jazzy/opt/gz_sim_vendor:/opt/ros/jazzy/opt/gz_sensors_vendor:/opt/ros/jazzy/opt/gz_physics_vendor:/opt/ros/jazzy/opt/sdformat_vendor:/opt/ros/jazzy/opt/gz_gui_vendor:/opt/ros/jazzy/opt/gz_transport_vendor:/opt/ros/jazzy/opt/gz_rendering_vendor:/opt/ros/jazzy/opt/gz_plugin_vendor:/opt/ros/jazzy/opt/gz_fuel_tools_vendor:/opt/ros/jazzy/opt/gz_msgs_vendor:/opt/ros/jazzy/opt/gz_common_vendor:/opt/ros/jazzy/opt/gz_math_vendor:/opt/ros/jazzy/opt/gz_utils_vendor:/opt/ros/jazzy/opt/gz_tools_vendor:/opt/ros/jazzy/opt/gz_ogre_next_vendor:/opt/ros/jazzy/opt/gz_dartsim_vendor:/opt/ros/jazzy/opt/gz_cmake_vendor:/opt/ros/jazzy DEBUGINFOD_URLS=https://debuginfod.ubuntu.com LD_LIBRARY_PATH=/home/chacha/code/repo/ChaChaOpen/ros2_prj/ros2_pr_ws/install/user_interfaces/lib:${LD_LIBRARY_PATH} PYTHONPATH=/home/chacha/code/repo/ChaChaOpen/ros2_prj/ros2_pr_ws/install/user_interfaces/lib/python3.12/site-packages:${PYTHONPATH} /usr/bin/cmake --install /home/chacha/code/repo/ChaChaOpen/ros2_prj/ros2_pr_ws/build/pr_hello
