Error parsing '/home/chacha/code/repo/ChaChaOpen/ros2_prj/ros2_pr_ws/src/user_interfaces/package.xml':
Traceback (most recent call last):
  File "/opt/ros/jazzy/share/ament_cmake_core/cmake/core/package_xml_2_cmake.py", line 150, in <module>
    main()
  File "/opt/ros/jazzy/share/ament_cmake_core/cmake/core/package_xml_2_cmake.py", line 53, in main
    raise e
  File "/opt/ros/jazzy/share/ament_cmake_core/cmake/core/package_xml_2_cmake.py", line 49, in main
    package = parse_package_string(
              ^^^^^^^^^^^^^^^^^^^^^
  File "/usr/lib/python3/dist-packages/catkin_pkg/package.py", line 788, in parse_package_string
    pkg.validate(warnings=warnings)
  File "/usr/lib/python3/dist-packages/catkin_pkg/package.py", line 330, in validate
    raise InvalidPackage('\n'.join(errors), self.filename)
catkin_pkg.package.InvalidPackage: Error(s) in package '/home/chacha/code/repo/ChaChaOpen/ros2_prj/ros2_pr_ws/src/user_interfaces/package.xml':
The package "user_interfaces" must not "build_depend" on a package with the same name as this package
The package "user_interfaces" must not "build_export_depend" on a package with the same name as this package
The package "user_interfaces" must not "exec_depend" on a package with the same name as this package
CMake Error at /opt/ros/jazzy/share/ament_cmake_core/cmake/core/ament_package_xml.cmake:95 (message):
  execute_process(/usr/bin/python3
  /opt/ros/jazzy/share/ament_cmake_core/cmake/core/package_xml_2_cmake.py
  /home/chacha/code/repo/ChaChaOpen/ros2_prj/ros2_pr_ws/src/user_interfaces/package.xml
  /home/chacha/code/repo/ChaChaOpen/ros2_prj/ros2_pr_ws/build/user_interfaces/ament_cmake_core/package.cmake)
  returned error code 1
Call Stack (most recent call first):
  /opt/ros/jazzy/share/ament_cmake_core/cmake/core/ament_package_xml.cmake:49 (_ament_package_xml)
  /opt/ros/jazzy/share/rosidl_cmake/cmake/rosidl_generate_interfaces.cmake:220 (ament_package_xml)
  CMakeLists.txt:15 (rosidl_generate_interfaces)


gmake: *** [Makefile:1085: cmake_check_build_system] Error 1
