[0.008s] Invoking command in '/home/chacha/code/ros2_prj/ros2_pr_ws/build/pr_hello': CMAKE_PREFIX_PATH=${CMAKE_PREFIX_PATH}:/opt/ros/jazzy DEBUGINFOD_URLS=https://debuginfod.ubuntu.com /usr/bin/cmake /home/chacha/code/ros2_prj/ros2_pr_ws/src/pr_hello -DAMENT_CMAKE_SYMLINK_INSTALL=1 -DCMAKE_INSTALL_PREFIX=/home/chacha/code/ros2_prj/ros2_pr_ws/install/pr_hello
[0.021s] -- Found ament_cmake: 2.5.5 (/opt/ros/jazzy/share/ament_cmake/cmake)
[0.228s] -- Override CMake install command with custom implementation using symlinks instead of copying resources
[0.235s] -- Found rclcpp: 28.1.16 (/opt/ros/jazzy/share/rclcpp/cmake)
[0.263s] -- Found rosidl_generator_c: 4.6.7 (/opt/ros/jazzy/share/rosidl_generator_c/cmake)
[0.272s] -- Found rosidl_generator_cpp: 4.6.7 (/opt/ros/jazzy/share/rosidl_generator_cpp/cmake)
[0.284s] -- Using all available rosidl_typesupport_c: rosidl_typesupport_fastrtps_c;rosidl_typesupport_introspection_c
[0.295s] -- Using all available rosidl_typesupport_cpp: rosidl_typesupport_fastrtps_cpp;rosidl_typesupport_introspection_cpp
[0.356s] -- Found rmw_implementation_cmake: 7.3.3 (/opt/ros/jazzy/share/rmw_implementation_cmake/cmake)
[0.357s] -- Found rmw_fastrtps_cpp: 8.4.3 (/opt/ros/jazzy/share/rmw_fastrtps_cpp/cmake)
[0.418s] -- Using RMW implementation 'rmw_fastrtps_cpp' as default
[0.485s] -- Found std_msgs: 5.3.6 (/opt/ros/jazzy/share/std_msgs/cmake)
[0.498s] -- Found ament_lint_auto: 0.17.4 (/opt/ros/jazzy/share/ament_lint_auto/cmake)
[0.597s] -- Added test 'cppcheck' to perform static code analysis on C / C++ code
[0.597s] -- Configured cppcheck include dirs: 
[0.597s] -- Configured cppcheck exclude dirs and/or files: 
[0.597s] -- Added test 'lint_cmake' to check CMake code style
[0.598s] -- Added test 'uncrustify' to check C / C++ code style
[0.598s] -- Configured uncrustify additional arguments: 
[0.598s] -- Added test 'xmllint' to check XML markup files
[0.600s] -- Configuring done (0.6s)
[0.609s] -- Generating done (0.0s)
[0.612s] -- Build files have been written to: /home/chacha/code/ros2_prj/ros2_pr_ws/build/pr_hello
[0.618s] Invoked command in '/home/chacha/code/ros2_prj/ros2_pr_ws/build/pr_hello' returned '0': CMAKE_PREFIX_PATH=${CMAKE_PREFIX_PATH}:/opt/ros/jazzy DEBUGINFOD_URLS=https://debuginfod.ubuntu.com /usr/bin/cmake /home/chacha/code/ros2_prj/ros2_pr_ws/src/pr_hello -DAMENT_CMAKE_SYMLINK_INSTALL=1 -DCMAKE_INSTALL_PREFIX=/home/chacha/code/ros2_prj/ros2_pr_ws/install/pr_hello
[0.619s] Invoking command in '/home/chacha/code/ros2_prj/ros2_pr_ws/build/pr_hello': CMAKE_PREFIX_PATH=${CMAKE_PREFIX_PATH}:/opt/ros/jazzy DEBUGINFOD_URLS=https://debuginfod.ubuntu.com /usr/bin/cmake --build /home/chacha/code/ros2_prj/ros2_pr_ws/build/pr_hello -- -j8 -l8
[0.672s] [ 50%] Building CXX object CMakeFiles/pr_hello_node.dir/src/pr_hello.cpp.o
[2.988s] /home/chacha/code/ros2_prj/ros2_pr_ws/src/pr_hello/src/pr_hello.cpp: In member function ‘void hello::callback(std_msgs::msg::String)’:
[2.988s] /home/chacha/code/ros2_prj/ros2_pr_ws/src/pr_hello/src/pr_hello.cpp:14:39: warning: unused parameter ‘msg’ [-Wunused-parameter]
[2.988s]    14 |   void callback(std_msgs::msg::String msg) {
[2.988s]       |                 ~~~~~~~~~~~~~~~~~~~~~~^~~
[7.766s] [100%] Linking CXX executable pr_hello_node
[8.021s] [100%] Built target pr_hello_node
[8.043s] Invoked command in '/home/chacha/code/ros2_prj/ros2_pr_ws/build/pr_hello' returned '0': CMAKE_PREFIX_PATH=${CMAKE_PREFIX_PATH}:/opt/ros/jazzy DEBUGINFOD_URLS=https://debuginfod.ubuntu.com /usr/bin/cmake --build /home/chacha/code/ros2_prj/ros2_pr_ws/build/pr_hello -- -j8 -l8
[8.055s] Invoking command in '/home/chacha/code/ros2_prj/ros2_pr_ws/build/pr_hello': CMAKE_PREFIX_PATH=${CMAKE_PREFIX_PATH}:/opt/ros/jazzy DEBUGINFOD_URLS=https://debuginfod.ubuntu.com /usr/bin/cmake --install /home/chacha/code/ros2_prj/ros2_pr_ws/build/pr_hello
[8.065s] -- Install configuration: ""
[8.065s] -- Execute custom install script
[8.065s] -- Up-to-date symlink: /home/chacha/code/ros2_prj/ros2_pr_ws/install/pr_hello/lib/pr_hello/pr_hello_node
[8.065s] -- Up-to-date symlink: /home/chacha/code/ros2_prj/ros2_pr_ws/install/pr_hello/share/ament_index/resource_index/package_run_dependencies/pr_hello
[8.066s] -- Up-to-date symlink: /home/chacha/code/ros2_prj/ros2_pr_ws/install/pr_hello/share/ament_index/resource_index/parent_prefix_path/pr_hello
[8.067s] -- Up-to-date symlink: /home/chacha/code/ros2_prj/ros2_pr_ws/install/pr_hello/share/pr_hello/environment/ament_prefix_path.sh
[8.067s] -- Up-to-date symlink: /home/chacha/code/ros2_prj/ros2_pr_ws/install/pr_hello/share/pr_hello/environment/ament_prefix_path.dsv
[8.067s] -- Up-to-date symlink: /home/chacha/code/ros2_prj/ros2_pr_ws/install/pr_hello/share/pr_hello/environment/path.sh
[8.067s] -- Up-to-date symlink: /home/chacha/code/ros2_prj/ros2_pr_ws/install/pr_hello/share/pr_hello/environment/path.dsv
[8.067s] -- Up-to-date symlink: /home/chacha/code/ros2_prj/ros2_pr_ws/install/pr_hello/share/pr_hello/local_setup.bash
[8.067s] -- Up-to-date symlink: /home/chacha/code/ros2_prj/ros2_pr_ws/install/pr_hello/share/pr_hello/local_setup.sh
[8.067s] -- Up-to-date symlink: /home/chacha/code/ros2_prj/ros2_pr_ws/install/pr_hello/share/pr_hello/local_setup.zsh
[8.067s] -- Up-to-date symlink: /home/chacha/code/ros2_prj/ros2_pr_ws/install/pr_hello/share/pr_hello/local_setup.dsv
[8.067s] -- Symlinking: /home/chacha/code/ros2_prj/ros2_pr_ws/install/pr_hello/share/pr_hello/package.dsv
[8.080s] -- Up-to-date symlink: /home/chacha/code/ros2_prj/ros2_pr_ws/install/pr_hello/share/ament_index/resource_index/packages/pr_hello
[8.080s] -- Up-to-date symlink: /home/chacha/code/ros2_prj/ros2_pr_ws/install/pr_hello/share/pr_hello/cmake/pr_helloConfig.cmake
[8.080s] -- Up-to-date symlink: /home/chacha/code/ros2_prj/ros2_pr_ws/install/pr_hello/share/pr_hello/cmake/pr_helloConfig-version.cmake
[8.080s] -- Up-to-date symlink: /home/chacha/code/ros2_prj/ros2_pr_ws/install/pr_hello/share/pr_hello/package.xml
[8.081s] Invoked command in '/home/chacha/code/ros2_prj/ros2_pr_ws/build/pr_hello' returned '0': CMAKE_PREFIX_PATH=${CMAKE_PREFIX_PATH}:/opt/ros/jazzy DEBUGINFOD_URLS=https://debuginfod.ubuntu.com /usr/bin/cmake --install /home/chacha/code/ros2_prj/ros2_pr_ws/build/pr_hello
