[0.018s] Invoking command in '/home/chacha/code/ros2_prj/ros2_pr_ws/build/pr_hello': CMAKE_PREFIX_PATH=${CMAKE_PREFIX_PATH}:/opt/ros/jazzy DEBUGINFOD_URLS=https://debuginfod.ubuntu.com /usr/bin/cmake --build /home/chacha/code/ros2_prj/ros2_pr_ws/build/pr_hello -- -j8 -l8
[0.125s] [ 33%] Built target pr_hello_node
[0.130s] [ 66%] Built target test_node
[0.149s] [ 83%] Building CXX object CMakeFiles/pr_test_node.dir/src/pr_test.cpp.o
[8.539s] [100%] Linking CXX executable pr_test_node
[8.802s] [100%] Built target pr_test_node
[8.821s] Invoked command in '/home/chacha/code/ros2_prj/ros2_pr_ws/build/pr_hello' returned '0': CMAKE_PREFIX_PATH=${CMAKE_PREFIX_PATH}:/opt/ros/jazzy DEBUGINFOD_URLS=https://debuginfod.ubuntu.com /usr/bin/cmake --build /home/chacha/code/ros2_prj/ros2_pr_ws/build/pr_hello -- -j8 -l8
[8.836s] Invoking command in '/home/chacha/code/ros2_prj/ros2_pr_ws/build/pr_hello': CMAKE_PREFIX_PATH=${CMAKE_PREFIX_PATH}:/opt/ros/jazzy DEBUGINFOD_URLS=https://debuginfod.ubuntu.com /usr/bin/cmake --install /home/chacha/code/ros2_prj/ros2_pr_ws/build/pr_hello
[8.849s] -- Install configuration: ""
[8.849s] -- Execute custom install script
[8.850s] -- Up-to-date symlink: /home/chacha/code/ros2_prj/ros2_pr_ws/install/pr_hello/lib/pr_hello/pr_hello_node
[8.850s] -- Up-to-date symlink: /home/chacha/code/ros2_prj/ros2_pr_ws/install/pr_hello/lib/pr_hello/test_node
[8.850s] -- Up-to-date symlink: /home/chacha/code/ros2_prj/ros2_pr_ws/install/pr_hello/lib/pr_hello/pr_test_node
[8.850s] -- Up-to-date symlink: /home/chacha/code/ros2_prj/ros2_pr_ws/install/pr_hello/share/ament_index/resource_index/package_run_dependencies/pr_hello
[8.850s] -- Up-to-date symlink: /home/chacha/code/ros2_prj/ros2_pr_ws/install/pr_hello/share/ament_index/resource_index/parent_prefix_path/pr_hello
[8.851s] -- Up-to-date symlink: /home/chacha/code/ros2_prj/ros2_pr_ws/install/pr_hello/share/pr_hello/environment/ament_prefix_path.sh
[8.851s] -- Up-to-date symlink: /home/chacha/code/ros2_prj/ros2_pr_ws/install/pr_hello/share/pr_hello/environment/ament_prefix_path.dsv
[8.851s] -- Up-to-date symlink: /home/chacha/code/ros2_prj/ros2_pr_ws/install/pr_hello/share/pr_hello/environment/path.sh
[8.851s] -- Up-to-date symlink: /home/chacha/code/ros2_prj/ros2_pr_ws/install/pr_hello/share/pr_hello/environment/path.dsv
[8.852s] -- Up-to-date symlink: /home/chacha/code/ros2_prj/ros2_pr_ws/install/pr_hello/share/pr_hello/local_setup.bash
[8.852s] -- Up-to-date symlink: /home/chacha/code/ros2_prj/ros2_pr_ws/install/pr_hello/share/pr_hello/local_setup.sh
[8.853s] -- Up-to-date symlink: /home/chacha/code/ros2_prj/ros2_pr_ws/install/pr_hello/share/pr_hello/local_setup.zsh
[8.853s] -- Up-to-date symlink: /home/chacha/code/ros2_prj/ros2_pr_ws/install/pr_hello/share/pr_hello/local_setup.dsv
[8.854s] -- Symlinking: /home/chacha/code/ros2_prj/ros2_pr_ws/install/pr_hello/share/pr_hello/package.dsv
[8.866s] -- Up-to-date symlink: /home/chacha/code/ros2_prj/ros2_pr_ws/install/pr_hello/share/ament_index/resource_index/packages/pr_hello
[8.867s] -- Up-to-date symlink: /home/chacha/code/ros2_prj/ros2_pr_ws/install/pr_hello/share/pr_hello/cmake/pr_helloConfig.cmake
[8.867s] -- Up-to-date symlink: /home/chacha/code/ros2_prj/ros2_pr_ws/install/pr_hello/share/pr_hello/cmake/pr_helloConfig-version.cmake
[8.867s] -- Up-to-date symlink: /home/chacha/code/ros2_prj/ros2_pr_ws/install/pr_hello/share/pr_hello/package.xml
[8.869s] Invoked command in '/home/chacha/code/ros2_prj/ros2_pr_ws/build/pr_hello' returned '0': CMAKE_PREFIX_PATH=${CMAKE_PREFIX_PATH}:/opt/ros/jazzy DEBUGINFOD_URLS=https://debuginfod.ubuntu.com /usr/bin/cmake --install /home/chacha/code/ros2_prj/ros2_pr_ws/build/pr_hello
