-- Found ament_cmake: 2.5.5 (/opt/ros/jazzy/share/ament_cmake/cmake)
-- Found Python3: /usr/bin/python3 (found version "3.12.3") found components: Interpreter 
-- Found std_msgs: 5.3.6 (/opt/ros/jazzy/share/std_msgs/cmake)
-- Found rosidl_generator_c: 4.6.7 (/opt/ros/jazzy/share/rosidl_generator_c/cmake)
-- Found rosidl_generator_cpp: 4.6.7 (/opt/ros/jazzy/share/rosidl_generator_cpp/cmake)
-- Using all available rosidl_typesupport_c: rosidl_typesupport_fastrtps_c;rosidl_typesupport_introspection_c
-- Using all available rosidl_typesupport_cpp: rosidl_typesupport_fastrtps_cpp;rosidl_typesupport_introspection_cpp
-- Found sensor_msgs: 5.3.6 (/opt/ros/jazzy/share/sensor_msgs/cmake)
-- Found rosidl_default_generators: 1.6.0 (/opt/ros/jazzy/share/rosidl_default_generators/cmake)
-- Found rosidl_adapter: 4.6.7 (/opt/ros/jazzy/share/rosidl_adapter/cmake)
-- Found ament_cmake_ros: 0.12.0 (/opt/ros/jazzy/share/ament_cmake_ros/cmake)
-- Using all available rosidl_typesupport_c: rosidl_typesupport_fastrtps_c;rosidl_typesupport_introspection_c
-- Using all available rosidl_typesupport_cpp: rosidl_typesupport_fastrtps_cpp;rosidl_typesupport_introspection_cpp
-- Found python_cmake_module: 0.11.1 (/opt/ros/jazzy/share/python_cmake_module/cmake)
-- Found Python3: /usr/bin/python3 (found version "3.12.3") found components: Interpreter Development NumPy Development.Module Development.Embed 
-- Found ament_lint_auto: 0.17.4 (/opt/ros/jazzy/share/ament_lint_auto/cmake)
-- Added test 'cppcheck' to perform static code analysis on C / C++ code
-- Configured cppcheck include dirs: 
-- Configured cppcheck exclude dirs and/or files: 
-- Added test 'flake8' to check Python code syntax and style conventions
-- Configured 'flake8' exclude dirs and/or files: 
-- Added test 'lint_cmake' to check CMake code style
-- Added test 'pep257' to check Python code against some of the docstring style conventions in PEP 257
-- Added test 'uncrustify' to check C / C++ code style
-- Configured uncrustify additional arguments: 
-- Added test 'xmllint' to check XML markup files
-- Configuring done (2.6s)
-- Generating done (0.1s)
-- Build files have been written to: /home/chacha/code/repo/ChaChaOpen/ros2_prj/ros2_pr_ws/build/user_interfaces
[  2%] Built target user_interfaces__rosidl_generator_type_description
[  2%] Built target ament_cmake_python_copy_user_interfaces
[  4%] Built target user_interfaces__cpp
[ 22%] Built target user_interfaces__rosidl_generator_c
[ 31%] Built target user_interfaces__rosidl_typesupport_c
[ 40%] Built target user_interfaces__rosidl_typesupport_fastrtps_c
[ 50%] Built target user_interfaces__rosidl_typesupport_cpp
[ 59%] Built target user_interfaces__rosidl_typesupport_introspection_c
[ 68%] Built target user_interfaces__rosidl_typesupport_introspection_cpp
[ 77%] Built target user_interfaces__rosidl_typesupport_fastrtps_cpp
[ 77%] Built target user_interfaces
[ 79%] Built target user_interfaces__py
[ 86%] Built target user_interfaces__rosidl_generator_py
[ 90%] Built target user_interfaces_s__rosidl_typesupport_introspection_c
[ 95%] Built target user_interfaces_s__rosidl_typesupport_c
[100%] Built target user_interfaces_s__rosidl_typesupport_fastrtps_c
running egg_info
writing user_interfaces.egg-info/PKG-INFO
writing dependency_links to user_interfaces.egg-info/dependency_links.txt
writing top-level names to user_interfaces.egg-info/top_level.txt
reading manifest file 'user_interfaces.egg-info/SOURCES.txt'
writing manifest file 'user_interfaces.egg-info/SOURCES.txt'
[100%] Built target ament_cmake_python_build_user_interfaces_egg
-- Install configuration: ""
-- Up-to-date: /home/chacha/code/repo/ChaChaOpen/ros2_prj/ros2_pr_ws/install/user_interfaces/share/ament_index/resource_index/rosidl_interfaces/user_interfaces
-- Up-to-date: /home/chacha/code/repo/ChaChaOpen/ros2_prj/ros2_pr_ws/install/user_interfaces/share/user_interfaces/msg/User.json
-- Up-to-date: /home/chacha/code/repo/ChaChaOpen/ros2_prj/ros2_pr_ws/install/user_interfaces/share/user_interfaces/srv/User.json
-- Up-to-date: /home/chacha/code/repo/ChaChaOpen/ros2_prj/ros2_pr_ws/install/user_interfaces/include/user_interfaces/user_interfaces
-- Up-to-date: /home/chacha/code/repo/ChaChaOpen/ros2_prj/ros2_pr_ws/install/user_interfaces/include/user_interfaces/user_interfaces/msg
-- Up-to-date: /home/chacha/code/repo/ChaChaOpen/ros2_prj/ros2_pr_ws/install/user_interfaces/include/user_interfaces/user_interfaces/msg/rosidl_generator_c__visibility_control.h
-- Up-to-date: /home/chacha/code/repo/ChaChaOpen/ros2_prj/ros2_pr_ws/install/user_interfaces/include/user_interfaces/user_interfaces/msg/user.h
-- Up-to-date: /home/chacha/code/repo/ChaChaOpen/ros2_prj/ros2_pr_ws/install/user_interfaces/include/user_interfaces/user_interfaces/msg/detail
-- Installing: /home/chacha/code/repo/ChaChaOpen/ros2_prj/ros2_pr_ws/install/user_interfaces/include/user_interfaces/user_interfaces/msg/detail/user__type_support.c
-- Up-to-date: /home/chacha/code/repo/ChaChaOpen/ros2_prj/ros2_pr_ws/install/user_interfaces/include/user_interfaces/user_interfaces/msg/detail/user__struct.h
-- Up-to-date: /home/chacha/code/repo/ChaChaOpen/ros2_prj/ros2_pr_ws/install/user_interfaces/include/user_interfaces/user_interfaces/msg/detail/user__functions.h
-- Up-to-date: /home/chacha/code/repo/ChaChaOpen/ros2_prj/ros2_pr_ws/install/user_interfaces/include/user_interfaces/user_interfaces/msg/detail/user__type_support.h
-- Up-to-date: /home/chacha/code/repo/ChaChaOpen/ros2_prj/ros2_pr_ws/install/user_interfaces/include/user_interfaces/user_interfaces/msg/detail/user__functions.c
-- Up-to-date: /home/chacha/code/repo/ChaChaOpen/ros2_prj/ros2_pr_ws/install/user_interfaces/include/user_interfaces/user_interfaces/msg/detail/user__description.c
-- Up-to-date: /home/chacha/code/repo/ChaChaOpen/ros2_prj/ros2_pr_ws/install/user_interfaces/include/user_interfaces/user_interfaces/srv
-- Up-to-date: /home/chacha/code/repo/ChaChaOpen/ros2_prj/ros2_pr_ws/install/user_interfaces/include/user_interfaces/user_interfaces/srv/user.h
-- Up-to-date: /home/chacha/code/repo/ChaChaOpen/ros2_prj/ros2_pr_ws/install/user_interfaces/include/user_interfaces/user_interfaces/srv/detail
-- Installing: /home/chacha/code/repo/ChaChaOpen/ros2_prj/ros2_pr_ws/install/user_interfaces/include/user_interfaces/user_interfaces/srv/detail/user__type_support.c
-- Up-to-date: /home/chacha/code/repo/ChaChaOpen/ros2_prj/ros2_pr_ws/install/user_interfaces/include/user_interfaces/user_interfaces/srv/detail/user__struct.h
-- Up-to-date: /home/chacha/code/repo/ChaChaOpen/ros2_prj/ros2_pr_ws/install/user_interfaces/include/user_interfaces/user_interfaces/srv/detail/user__functions.h
-- Up-to-date: /home/chacha/code/repo/ChaChaOpen/ros2_prj/ros2_pr_ws/install/user_interfaces/include/user_interfaces/user_interfaces/srv/detail/user__type_support.h
-- Up-to-date: /home/chacha/code/repo/ChaChaOpen/ros2_prj/ros2_pr_ws/install/user_interfaces/include/user_interfaces/user_interfaces/srv/detail/user__functions.c
-- Up-to-date: /home/chacha/code/repo/ChaChaOpen/ros2_prj/ros2_pr_ws/install/user_interfaces/include/user_interfaces/user_interfaces/srv/detail/user__description.c
-- Up-to-date: /home/chacha/code/repo/ChaChaOpen/ros2_prj/ros2_pr_ws/install/user_interfaces/share/user_interfaces/environment/library_path.sh
-- Up-to-date: /home/chacha/code/repo/ChaChaOpen/ros2_prj/ros2_pr_ws/install/user_interfaces/share/user_interfaces/environment/library_path.dsv
-- Up-to-date: /home/chacha/code/repo/ChaChaOpen/ros2_prj/ros2_pr_ws/install/user_interfaces/lib/libuser_interfaces__rosidl_generator_c.so
-- Up-to-date: /home/chacha/code/repo/ChaChaOpen/ros2_prj/ros2_pr_ws/install/user_interfaces/include/user_interfaces/user_interfaces
-- Up-to-date: /home/chacha/code/repo/ChaChaOpen/ros2_prj/ros2_pr_ws/install/user_interfaces/include/user_interfaces/user_interfaces/msg
-- Up-to-date: /home/chacha/code/repo/ChaChaOpen/ros2_prj/ros2_pr_ws/install/user_interfaces/include/user_interfaces/user_interfaces/msg/rosidl_typesupport_fastrtps_c__visibility_control.h
-- Up-to-date: /home/chacha/code/repo/ChaChaOpen/ros2_prj/ros2_pr_ws/install/user_interfaces/include/user_interfaces/user_interfaces/msg/detail
-- Up-to-date: /home/chacha/code/repo/ChaChaOpen/ros2_prj/ros2_pr_ws/install/user_interfaces/include/user_interfaces/user_interfaces/msg/detail/user__rosidl_typesupport_fastrtps_c.h
-- Up-to-date: /home/chacha/code/repo/ChaChaOpen/ros2_prj/ros2_pr_ws/install/user_interfaces/include/user_interfaces/user_interfaces/srv
-- Up-to-date: /home/chacha/code/repo/ChaChaOpen/ros2_prj/ros2_pr_ws/install/user_interfaces/include/user_interfaces/user_interfaces/srv/detail
-- Up-to-date: /home/chacha/code/repo/ChaChaOpen/ros2_prj/ros2_pr_ws/install/user_interfaces/include/user_interfaces/user_interfaces/srv/detail/user__rosidl_typesupport_fastrtps_c.h
-- Up-to-date: /home/chacha/code/repo/ChaChaOpen/ros2_prj/ros2_pr_ws/install/user_interfaces/lib/libuser_interfaces__rosidl_typesupport_fastrtps_c.so
-- Up-to-date: /home/chacha/code/repo/ChaChaOpen/ros2_prj/ros2_pr_ws/install/user_interfaces/include/user_interfaces/user_interfaces
-- Up-to-date: /home/chacha/code/repo/ChaChaOpen/ros2_prj/ros2_pr_ws/install/user_interfaces/include/user_interfaces/user_interfaces/msg
-- Up-to-date: /home/chacha/code/repo/ChaChaOpen/ros2_prj/ros2_pr_ws/install/user_interfaces/include/user_interfaces/user_interfaces/msg/rosidl_generator_cpp__visibility_control.hpp
-- Up-to-date: /home/chacha/code/repo/ChaChaOpen/ros2_prj/ros2_pr_ws/install/user_interfaces/include/user_interfaces/user_interfaces/msg/user.hpp
-- Up-to-date: /home/chacha/code/repo/ChaChaOpen/ros2_prj/ros2_pr_ws/install/user_interfaces/include/user_interfaces/user_interfaces/msg/detail
-- Up-to-date: /home/chacha/code/repo/ChaChaOpen/ros2_prj/ros2_pr_ws/install/user_interfaces/include/user_interfaces/user_interfaces/msg/detail/user__traits.hpp
-- Up-to-date: /home/chacha/code/repo/ChaChaOpen/ros2_prj/ros2_pr_ws/install/user_interfaces/include/user_interfaces/user_interfaces/msg/detail/user__builder.hpp
-- Up-to-date: /home/chacha/code/repo/ChaChaOpen/ros2_prj/ros2_pr_ws/install/user_interfaces/include/user_interfaces/user_interfaces/msg/detail/user__struct.hpp
-- Up-to-date: /home/chacha/code/repo/ChaChaOpen/ros2_prj/ros2_pr_ws/install/user_interfaces/include/user_interfaces/user_interfaces/msg/detail/user__type_support.hpp
-- Up-to-date: /home/chacha/code/repo/ChaChaOpen/ros2_prj/ros2_pr_ws/install/user_interfaces/include/user_interfaces/user_interfaces/srv
-- Up-to-date: /home/chacha/code/repo/ChaChaOpen/ros2_prj/ros2_pr_ws/install/user_interfaces/include/user_interfaces/user_interfaces/srv/user.hpp
-- Up-to-date: /home/chacha/code/repo/ChaChaOpen/ros2_prj/ros2_pr_ws/install/user_interfaces/include/user_interfaces/user_interfaces/srv/detail
-- Up-to-date: /home/chacha/code/repo/ChaChaOpen/ros2_prj/ros2_pr_ws/install/user_interfaces/include/user_interfaces/user_interfaces/srv/detail/user__traits.hpp
-- Up-to-date: /home/chacha/code/repo/ChaChaOpen/ros2_prj/ros2_pr_ws/install/user_interfaces/include/user_interfaces/user_interfaces/srv/detail/user__builder.hpp
-- Up-to-date: /home/chacha/code/repo/ChaChaOpen/ros2_prj/ros2_pr_ws/install/user_interfaces/include/user_interfaces/user_interfaces/srv/detail/user__struct.hpp
-- Up-to-date: /home/chacha/code/repo/ChaChaOpen/ros2_prj/ros2_pr_ws/install/user_interfaces/include/user_interfaces/user_interfaces/srv/detail/user__type_support.hpp
-- Up-to-date: /home/chacha/code/repo/ChaChaOpen/ros2_prj/ros2_pr_ws/install/user_interfaces/include/user_interfaces/user_interfaces
-- Up-to-date: /home/chacha/code/repo/ChaChaOpen/ros2_prj/ros2_pr_ws/install/user_interfaces/include/user_interfaces/user_interfaces/msg
-- Up-to-date: /home/chacha/code/repo/ChaChaOpen/ros2_prj/ros2_pr_ws/install/user_interfaces/include/user_interfaces/user_interfaces/msg/rosidl_typesupport_fastrtps_cpp__visibility_control.h
-- Up-to-date: /home/chacha/code/repo/ChaChaOpen/ros2_prj/ros2_pr_ws/install/user_interfaces/include/user_interfaces/user_interfaces/msg/detail
-- Up-to-date: /home/chacha/code/repo/ChaChaOpen/ros2_prj/ros2_pr_ws/install/user_interfaces/include/user_interfaces/user_interfaces/msg/detail/user__rosidl_typesupport_fastrtps_cpp.hpp
-- Up-to-date: /home/chacha/code/repo/ChaChaOpen/ros2_prj/ros2_pr_ws/install/user_interfaces/include/user_interfaces/user_interfaces/msg/detail/dds_fastrtps
-- Up-to-date: /home/chacha/code/repo/ChaChaOpen/ros2_prj/ros2_pr_ws/install/user_interfaces/include/user_interfaces/user_interfaces/srv
-- Up-to-date: /home/chacha/code/repo/ChaChaOpen/ros2_prj/ros2_pr_ws/install/user_interfaces/include/user_interfaces/user_interfaces/srv/detail
-- Up-to-date: /home/chacha/code/repo/ChaChaOpen/ros2_prj/ros2_pr_ws/install/user_interfaces/include/user_interfaces/user_interfaces/srv/detail/user__rosidl_typesupport_fastrtps_cpp.hpp
-- Up-to-date: /home/chacha/code/repo/ChaChaOpen/ros2_prj/ros2_pr_ws/install/user_interfaces/include/user_interfaces/user_interfaces/srv/detail/dds_fastrtps
-- Up-to-date: /home/chacha/code/repo/ChaChaOpen/ros2_prj/ros2_pr_ws/install/user_interfaces/lib/libuser_interfaces__rosidl_typesupport_fastrtps_cpp.so
-- Up-to-date: /home/chacha/code/repo/ChaChaOpen/ros2_prj/ros2_pr_ws/install/user_interfaces/include/user_interfaces/user_interfaces
-- Up-to-date: /home/chacha/code/repo/ChaChaOpen/ros2_prj/ros2_pr_ws/install/user_interfaces/include/user_interfaces/user_interfaces/msg
-- Up-to-date: /home/chacha/code/repo/ChaChaOpen/ros2_prj/ros2_pr_ws/install/user_interfaces/include/user_interfaces/user_interfaces/msg/rosidl_typesupport_introspection_c__visibility_control.h
-- Up-to-date: /home/chacha/code/repo/ChaChaOpen/ros2_prj/ros2_pr_ws/install/user_interfaces/include/user_interfaces/user_interfaces/msg/detail
-- Installing: /home/chacha/code/repo/ChaChaOpen/ros2_prj/ros2_pr_ws/install/user_interfaces/include/user_interfaces/user_interfaces/msg/detail/user__type_support.c
-- Up-to-date: /home/chacha/code/repo/ChaChaOpen/ros2_prj/ros2_pr_ws/install/user_interfaces/include/user_interfaces/user_interfaces/msg/detail/user__rosidl_typesupport_introspection_c.h
-- Up-to-date: /home/chacha/code/repo/ChaChaOpen/ros2_prj/ros2_pr_ws/install/user_interfaces/include/user_interfaces/user_interfaces/srv
-- Up-to-date: /home/chacha/code/repo/ChaChaOpen/ros2_prj/ros2_pr_ws/install/user_interfaces/include/user_interfaces/user_interfaces/srv/detail
-- Installing: /home/chacha/code/repo/ChaChaOpen/ros2_prj/ros2_pr_ws/install/user_interfaces/include/user_interfaces/user_interfaces/srv/detail/user__type_support.c
-- Up-to-date: /home/chacha/code/repo/ChaChaOpen/ros2_prj/ros2_pr_ws/install/user_interfaces/include/user_interfaces/user_interfaces/srv/detail/user__rosidl_typesupport_introspection_c.h
-- Up-to-date: /home/chacha/code/repo/ChaChaOpen/ros2_prj/ros2_pr_ws/install/user_interfaces/lib/libuser_interfaces__rosidl_typesupport_introspection_c.so
-- Up-to-date: /home/chacha/code/repo/ChaChaOpen/ros2_prj/ros2_pr_ws/install/user_interfaces/lib/libuser_interfaces__rosidl_typesupport_c.so
-- Up-to-date: /home/chacha/code/repo/ChaChaOpen/ros2_prj/ros2_pr_ws/install/user_interfaces/include/user_interfaces/user_interfaces
-- Up-to-date: /home/chacha/code/repo/ChaChaOpen/ros2_prj/ros2_pr_ws/install/user_interfaces/include/user_interfaces/user_interfaces/msg
-- Up-to-date: /home/chacha/code/repo/ChaChaOpen/ros2_prj/ros2_pr_ws/install/user_interfaces/include/user_interfaces/user_interfaces/msg/detail
-- Up-to-date: /home/chacha/code/repo/ChaChaOpen/ros2_prj/ros2_pr_ws/install/user_interfaces/include/user_interfaces/user_interfaces/msg/detail/user__type_support.cpp
-- Up-to-date: /home/chacha/code/repo/ChaChaOpen/ros2_prj/ros2_pr_ws/install/user_interfaces/include/user_interfaces/user_interfaces/msg/detail/user__rosidl_typesupport_introspection_cpp.hpp
-- Up-to-date: /home/chacha/code/repo/ChaChaOpen/ros2_prj/ros2_pr_ws/install/user_interfaces/include/user_interfaces/user_interfaces/srv
-- Up-to-date: /home/chacha/code/repo/ChaChaOpen/ros2_prj/ros2_pr_ws/install/user_interfaces/include/user_interfaces/user_interfaces/srv/detail
-- Up-to-date: /home/chacha/code/repo/ChaChaOpen/ros2_prj/ros2_pr_ws/install/user_interfaces/include/user_interfaces/user_interfaces/srv/detail/user__type_support.cpp
-- Up-to-date: /home/chacha/code/repo/ChaChaOpen/ros2_prj/ros2_pr_ws/install/user_interfaces/include/user_interfaces/user_interfaces/srv/detail/user__rosidl_typesupport_introspection_cpp.hpp
-- Up-to-date: /home/chacha/code/repo/ChaChaOpen/ros2_prj/ros2_pr_ws/install/user_interfaces/lib/libuser_interfaces__rosidl_typesupport_introspection_cpp.so
-- Up-to-date: /home/chacha/code/repo/ChaChaOpen/ros2_prj/ros2_pr_ws/install/user_interfaces/lib/libuser_interfaces__rosidl_typesupport_cpp.so
-- Up-to-date: /home/chacha/code/repo/ChaChaOpen/ros2_prj/ros2_pr_ws/install/user_interfaces/share/user_interfaces/environment/pythonpath.sh
-- Up-to-date: /home/chacha/code/repo/ChaChaOpen/ros2_prj/ros2_pr_ws/install/user_interfaces/share/user_interfaces/environment/pythonpath.dsv
-- Up-to-date: /home/chacha/code/repo/ChaChaOpen/ros2_prj/ros2_pr_ws/install/user_interfaces/lib/python3.12/site-packages/user_interfaces-0.0.0-py3.12.egg-info
-- Installing: /home/chacha/code/repo/ChaChaOpen/ros2_prj/ros2_pr_ws/install/user_interfaces/lib/python3.12/site-packages/user_interfaces-0.0.0-py3.12.egg-info/top_level.txt
-- Installing: /home/chacha/code/repo/ChaChaOpen/ros2_prj/ros2_pr_ws/install/user_interfaces/lib/python3.12/site-packages/user_interfaces-0.0.0-py3.12.egg-info/SOURCES.txt
-- Installing: /home/chacha/code/repo/ChaChaOpen/ros2_prj/ros2_pr_ws/install/user_interfaces/lib/python3.12/site-packages/user_interfaces-0.0.0-py3.12.egg-info/PKG-INFO
-- Installing: /home/chacha/code/repo/ChaChaOpen/ros2_prj/ros2_pr_ws/install/user_interfaces/lib/python3.12/site-packages/user_interfaces-0.0.0-py3.12.egg-info/dependency_links.txt
-- Up-to-date: /home/chacha/code/repo/ChaChaOpen/ros2_prj/ros2_pr_ws/install/user_interfaces/lib/python3.12/site-packages/user_interfaces
-- Up-to-date: /home/chacha/code/repo/ChaChaOpen/ros2_prj/ros2_pr_ws/install/user_interfaces/lib/python3.12/site-packages/user_interfaces/user_interfaces_s__rosidl_typesupport_c.so
-- Up-to-date: /home/chacha/code/repo/ChaChaOpen/ros2_prj/ros2_pr_ws/install/user_interfaces/lib/python3.12/site-packages/user_interfaces/msg
-- Up-to-date: /home/chacha/code/repo/ChaChaOpen/ros2_prj/ros2_pr_ws/install/user_interfaces/lib/python3.12/site-packages/user_interfaces/msg/_user_s.c
-- Up-to-date: /home/chacha/code/repo/ChaChaOpen/ros2_prj/ros2_pr_ws/install/user_interfaces/lib/python3.12/site-packages/user_interfaces/msg/__init__.py
-- Up-to-date: /home/chacha/code/repo/ChaChaOpen/ros2_prj/ros2_pr_ws/install/user_interfaces/lib/python3.12/site-packages/user_interfaces/msg/_user.py
-- Up-to-date: /home/chacha/code/repo/ChaChaOpen/ros2_prj/ros2_pr_ws/install/user_interfaces/lib/python3.12/site-packages/user_interfaces/_user_interfaces_s.ep.rosidl_typesupport_introspection_c.c
-- Up-to-date: /home/chacha/code/repo/ChaChaOpen/ros2_prj/ros2_pr_ws/install/user_interfaces/lib/python3.12/site-packages/user_interfaces/_user_interfaces_s.ep.rosidl_typesupport_c.c
-- Up-to-date: /home/chacha/code/repo/ChaChaOpen/ros2_prj/ros2_pr_ws/install/user_interfaces/lib/python3.12/site-packages/user_interfaces/user_interfaces_s__rosidl_typesupport_fastrtps_c.so
-- Up-to-date: /home/chacha/code/repo/ChaChaOpen/ros2_prj/ros2_pr_ws/install/user_interfaces/lib/python3.12/site-packages/user_interfaces/_user_interfaces_s.ep.rosidl_typesupport_fastrtps_c.c
-- Up-to-date: /home/chacha/code/repo/ChaChaOpen/ros2_prj/ros2_pr_ws/install/user_interfaces/lib/python3.12/site-packages/user_interfaces/srv
-- Up-to-date: /home/chacha/code/repo/ChaChaOpen/ros2_prj/ros2_pr_ws/install/user_interfaces/lib/python3.12/site-packages/user_interfaces/srv/_user_s.c
-- Up-to-date: /home/chacha/code/repo/ChaChaOpen/ros2_prj/ros2_pr_ws/install/user_interfaces/lib/python3.12/site-packages/user_interfaces/srv/__init__.py
-- Up-to-date: /home/chacha/code/repo/ChaChaOpen/ros2_prj/ros2_pr_ws/install/user_interfaces/lib/python3.12/site-packages/user_interfaces/srv/_user.py
-- Installing: /home/chacha/code/repo/ChaChaOpen/ros2_prj/ros2_pr_ws/install/user_interfaces/lib/python3.12/site-packages/user_interfaces/__init__.py
-- Up-to-date: /home/chacha/code/repo/ChaChaOpen/ros2_prj/ros2_pr_ws/install/user_interfaces/lib/python3.12/site-packages/user_interfaces/user_interfaces_s__rosidl_typesupport_introspection_c.so
Listing '/home/chacha/code/repo/ChaChaOpen/ros2_prj/ros2_pr_ws/install/user_interfaces/lib/python3.12/site-packages/user_interfaces'...
Compiling '/home/chacha/code/repo/ChaChaOpen/ros2_prj/ros2_pr_ws/install/user_interfaces/lib/python3.12/site-packages/user_interfaces/__init__.py'...
Listing '/home/chacha/code/repo/ChaChaOpen/ros2_prj/ros2_pr_ws/install/user_interfaces/lib/python3.12/site-packages/user_interfaces/msg'...
Listing '/home/chacha/code/repo/ChaChaOpen/ros2_prj/ros2_pr_ws/install/user_interfaces/lib/python3.12/site-packages/user_interfaces/srv'...
-- Up-to-date: /home/chacha/code/repo/ChaChaOpen/ros2_prj/ros2_pr_ws/install/user_interfaces/lib/python3.12/site-packages/user_interfaces/user_interfaces_s__rosidl_typesupport_fastrtps_c.so
-- Up-to-date: /home/chacha/code/repo/ChaChaOpen/ros2_prj/ros2_pr_ws/install/user_interfaces/lib/python3.12/site-packages/user_interfaces/user_interfaces_s__rosidl_typesupport_introspection_c.so
-- Up-to-date: /home/chacha/code/repo/ChaChaOpen/ros2_prj/ros2_pr_ws/install/user_interfaces/lib/python3.12/site-packages/user_interfaces/user_interfaces_s__rosidl_typesupport_c.so
-- Up-to-date: /home/chacha/code/repo/ChaChaOpen/ros2_prj/ros2_pr_ws/install/user_interfaces/lib/libuser_interfaces__rosidl_generator_py.so
-- Up-to-date: /home/chacha/code/repo/ChaChaOpen/ros2_prj/ros2_pr_ws/install/user_interfaces/share/user_interfaces/msg/User.idl
-- Up-to-date: /home/chacha/code/repo/ChaChaOpen/ros2_prj/ros2_pr_ws/install/user_interfaces/share/user_interfaces/srv/User.idl
-- Up-to-date: /home/chacha/code/repo/ChaChaOpen/ros2_prj/ros2_pr_ws/install/user_interfaces/share/user_interfaces/msg/User.msg
-- Up-to-date: /home/chacha/code/repo/ChaChaOpen/ros2_prj/ros2_pr_ws/install/user_interfaces/share/user_interfaces/srv/User.srv
-- Up-to-date: /home/chacha/code/repo/ChaChaOpen/ros2_prj/ros2_pr_ws/install/user_interfaces/share/ament_index/resource_index/package_run_dependencies/user_interfaces
-- Up-to-date: /home/chacha/code/repo/ChaChaOpen/ros2_prj/ros2_pr_ws/install/user_interfaces/share/ament_index/resource_index/parent_prefix_path/user_interfaces
-- Up-to-date: /home/chacha/code/repo/ChaChaOpen/ros2_prj/ros2_pr_ws/install/user_interfaces/share/user_interfaces/environment/ament_prefix_path.sh
-- Up-to-date: /home/chacha/code/repo/ChaChaOpen/ros2_prj/ros2_pr_ws/install/user_interfaces/share/user_interfaces/environment/ament_prefix_path.dsv
-- Up-to-date: /home/chacha/code/repo/ChaChaOpen/ros2_prj/ros2_pr_ws/install/user_interfaces/share/user_interfaces/environment/path.sh
-- Up-to-date: /home/chacha/code/repo/ChaChaOpen/ros2_prj/ros2_pr_ws/install/user_interfaces/share/user_interfaces/environment/path.dsv
-- Up-to-date: /home/chacha/code/repo/ChaChaOpen/ros2_prj/ros2_pr_ws/install/user_interfaces/share/user_interfaces/local_setup.bash
-- Up-to-date: /home/chacha/code/repo/ChaChaOpen/ros2_prj/ros2_pr_ws/install/user_interfaces/share/user_interfaces/local_setup.sh
-- Up-to-date: /home/chacha/code/repo/ChaChaOpen/ros2_prj/ros2_pr_ws/install/user_interfaces/share/user_interfaces/local_setup.zsh
-- Up-to-date: /home/chacha/code/repo/ChaChaOpen/ros2_prj/ros2_pr_ws/install/user_interfaces/share/user_interfaces/local_setup.dsv
-- Installing: /home/chacha/code/repo/ChaChaOpen/ros2_prj/ros2_pr_ws/install/user_interfaces/share/user_interfaces/package.dsv
-- Up-to-date: /home/chacha/code/repo/ChaChaOpen/ros2_prj/ros2_pr_ws/install/user_interfaces/share/ament_index/resource_index/packages/user_interfaces
-- Up-to-date: /home/chacha/code/repo/ChaChaOpen/ros2_prj/ros2_pr_ws/install/user_interfaces/share/user_interfaces/cmake/export_user_interfaces__rosidl_generator_cExport.cmake
-- Up-to-date: /home/chacha/code/repo/ChaChaOpen/ros2_prj/ros2_pr_ws/install/user_interfaces/share/user_interfaces/cmake/export_user_interfaces__rosidl_generator_cExport-noconfig.cmake
-- Up-to-date: /home/chacha/code/repo/ChaChaOpen/ros2_prj/ros2_pr_ws/install/user_interfaces/share/user_interfaces/cmake/export_user_interfaces__rosidl_typesupport_fastrtps_cExport.cmake
-- Up-to-date: /home/chacha/code/repo/ChaChaOpen/ros2_prj/ros2_pr_ws/install/user_interfaces/share/user_interfaces/cmake/export_user_interfaces__rosidl_typesupport_fastrtps_cExport-noconfig.cmake
-- Up-to-date: /home/chacha/code/repo/ChaChaOpen/ros2_prj/ros2_pr_ws/install/user_interfaces/share/user_interfaces/cmake/export_user_interfaces__rosidl_generator_cppExport.cmake
-- Up-to-date: /home/chacha/code/repo/ChaChaOpen/ros2_prj/ros2_pr_ws/install/user_interfaces/share/user_interfaces/cmake/export_user_interfaces__rosidl_typesupport_fastrtps_cppExport.cmake
-- Up-to-date: /home/chacha/code/repo/ChaChaOpen/ros2_prj/ros2_pr_ws/install/user_interfaces/share/user_interfaces/cmake/export_user_interfaces__rosidl_typesupport_fastrtps_cppExport-noconfig.cmake
-- Up-to-date: /home/chacha/code/repo/ChaChaOpen/ros2_prj/ros2_pr_ws/install/user_interfaces/share/user_interfaces/cmake/user_interfaces__rosidl_typesupport_introspection_cExport.cmake
-- Up-to-date: /home/chacha/code/repo/ChaChaOpen/ros2_prj/ros2_pr_ws/install/user_interfaces/share/user_interfaces/cmake/user_interfaces__rosidl_typesupport_introspection_cExport-noconfig.cmake
-- Up-to-date: /home/chacha/code/repo/ChaChaOpen/ros2_prj/ros2_pr_ws/install/user_interfaces/share/user_interfaces/cmake/user_interfaces__rosidl_typesupport_cExport.cmake
-- Up-to-date: /home/chacha/code/repo/ChaChaOpen/ros2_prj/ros2_pr_ws/install/user_interfaces/share/user_interfaces/cmake/user_interfaces__rosidl_typesupport_cExport-noconfig.cmake
-- Up-to-date: /home/chacha/code/repo/ChaChaOpen/ros2_prj/ros2_pr_ws/install/user_interfaces/share/user_interfaces/cmake/user_interfaces__rosidl_typesupport_introspection_cppExport.cmake
-- Up-to-date: /home/chacha/code/repo/ChaChaOpen/ros2_prj/ros2_pr_ws/install/user_interfaces/share/user_interfaces/cmake/user_interfaces__rosidl_typesupport_introspection_cppExport-noconfig.cmake
-- Up-to-date: /home/chacha/code/repo/ChaChaOpen/ros2_prj/ros2_pr_ws/install/user_interfaces/share/user_interfaces/cmake/user_interfaces__rosidl_typesupport_cppExport.cmake
-- Up-to-date: /home/chacha/code/repo/ChaChaOpen/ros2_prj/ros2_pr_ws/install/user_interfaces/share/user_interfaces/cmake/user_interfaces__rosidl_typesupport_cppExport-noconfig.cmake
-- Up-to-date: /home/chacha/code/repo/ChaChaOpen/ros2_prj/ros2_pr_ws/install/user_interfaces/share/user_interfaces/cmake/export_user_interfaces__rosidl_generator_pyExport.cmake
-- Up-to-date: /home/chacha/code/repo/ChaChaOpen/ros2_prj/ros2_pr_ws/install/user_interfaces/share/user_interfaces/cmake/export_user_interfaces__rosidl_generator_pyExport-noconfig.cmake
-- Up-to-date: /home/chacha/code/repo/ChaChaOpen/ros2_prj/ros2_pr_ws/install/user_interfaces/share/user_interfaces/cmake/rosidl_cmake-extras.cmake
-- Up-to-date: /home/chacha/code/repo/ChaChaOpen/ros2_prj/ros2_pr_ws/install/user_interfaces/share/user_interfaces/cmake/ament_cmake_export_dependencies-extras.cmake
-- Up-to-date: /home/chacha/code/repo/ChaChaOpen/ros2_prj/ros2_pr_ws/install/user_interfaces/share/user_interfaces/cmake/ament_cmake_export_include_directories-extras.cmake
-- Up-to-date: /home/chacha/code/repo/ChaChaOpen/ros2_prj/ros2_pr_ws/install/user_interfaces/share/user_interfaces/cmake/ament_cmake_export_libraries-extras.cmake
-- Up-to-date: /home/chacha/code/repo/ChaChaOpen/ros2_prj/ros2_pr_ws/install/user_interfaces/share/user_interfaces/cmake/ament_cmake_export_targets-extras.cmake
-- Up-to-date: /home/chacha/code/repo/ChaChaOpen/ros2_prj/ros2_pr_ws/install/user_interfaces/share/user_interfaces/cmake/rosidl_cmake_export_typesupport_targets-extras.cmake
-- Up-to-date: /home/chacha/code/repo/ChaChaOpen/ros2_prj/ros2_pr_ws/install/user_interfaces/share/user_interfaces/cmake/rosidl_cmake_export_typesupport_libraries-extras.cmake
-- Up-to-date: /home/chacha/code/repo/ChaChaOpen/ros2_prj/ros2_pr_ws/install/user_interfaces/share/user_interfaces/cmake/user_interfacesConfig.cmake
-- Up-to-date: /home/chacha/code/repo/ChaChaOpen/ros2_prj/ros2_pr_ws/install/user_interfaces/share/user_interfaces/cmake/user_interfacesConfig-version.cmake
-- Up-to-date: /home/chacha/code/repo/ChaChaOpen/ros2_prj/ros2_pr_ws/install/user_interfaces/share/user_interfaces/package.xml
