[0.010s] Invoking command in '/home/chacha/code/repo/ChaChaOpen/ros2_prj/ros2_pr_ws/build/user_interfaces': CMAKE_PREFIX_PATH=${CMAKE_PREFIX_PATH}:/opt/ros/jazzy DEBUGINFOD_URLS=https://debuginfod.ubuntu.com /usr/bin/cmake /home/chacha/code/repo/ChaChaOpen/ros2_prj/ros2_pr_ws/src/user_interfaces -DCMAKE_EXPORT_COMPILE_COMMANDS=ON -DCMAKE_INSTALL_PREFIX=/home/chacha/code/repo/ChaChaOpen/ros2_prj/ros2_pr_ws/install/user_interfaces
[0.025s] -- Found ament_cmake: 2.5.5 (/opt/ros/jazzy/share/ament_cmake/cmake)
[0.056s] -- Found Python3: /usr/bin/python3 (found version "3.12.3") found components: Interpreter 
[0.161s] -- Found std_msgs: 5.3.6 (/opt/ros/jazzy/share/std_msgs/cmake)
[0.195s] -- Found rosidl_generator_c: 4.6.7 (/opt/ros/jazzy/share/rosidl_generator_c/cmake)
[0.207s] -- Found rosidl_generator_cpp: 4.6.7 (/opt/ros/jazzy/share/rosidl_generator_cpp/cmake)
[0.222s] -- Using all available rosidl_typesupport_c: rosidl_typesupport_fastrtps_c;rosidl_typesupport_introspection_c
[0.242s] -- Using all available rosidl_typesupport_cpp: rosidl_typesupport_fastrtps_cpp;rosidl_typesupport_introspection_cpp
[0.276s] -- Found sensor_msgs: 5.3.6 (/opt/ros/jazzy/share/sensor_msgs/cmake)
[0.342s] -- Found rosidl_default_generators: 1.6.0 (/opt/ros/jazzy/share/rosidl_default_generators/cmake)
[0.352s] -- Found rosidl_adapter: 4.6.7 (/opt/ros/jazzy/share/rosidl_adapter/cmake)
[0.853s] -- Found ament_cmake_ros: 0.12.0 (/opt/ros/jazzy/share/ament_cmake_ros/cmake)
[1.510s] -- Using all available rosidl_typesupport_c: rosidl_typesupport_fastrtps_c;rosidl_typesupport_introspection_c
[1.785s] -- Using all available rosidl_typesupport_cpp: rosidl_typesupport_fastrtps_cpp;rosidl_typesupport_introspection_cpp
[1.788s] -- Found python_cmake_module: 0.11.1 (/opt/ros/jazzy/share/python_cmake_module/cmake)
[2.342s] -- Found Python3: /usr/bin/python3 (found version "3.12.3") found components: Interpreter Development NumPy Development.Module Development.Embed 
[2.430s] -- Found ament_lint_auto: 0.17.4 (/opt/ros/jazzy/share/ament_lint_auto/cmake)
[2.495s] -- Added test 'cppcheck' to perform static code analysis on C / C++ code
[2.496s] -- Configured cppcheck include dirs: 
[2.496s] -- Configured cppcheck exclude dirs and/or files: 
[2.504s] -- Added test 'flake8' to check Python code syntax and style conventions
[2.504s] -- Configured 'flake8' exclude dirs and/or files: 
[2.521s] -- Added test 'lint_cmake' to check CMake code style
[2.533s] -- Added test 'pep257' to check Python code against some of the docstring style conventions in PEP 257
[2.597s] -- Added test 'uncrustify' to check C / C++ code style
[2.597s] -- Configured uncrustify additional arguments: 
[2.604s] -- Added test 'xmllint' to check XML markup files
[2.607s] -- Configuring done (2.6s)
[2.690s] -- Generating done (0.1s)
[2.713s] -- Build files have been written to: /home/chacha/code/repo/ChaChaOpen/ros2_prj/ros2_pr_ws/build/user_interfaces
[2.725s] Invoked command in '/home/chacha/code/repo/ChaChaOpen/ros2_prj/ros2_pr_ws/build/user_interfaces' returned '0': CMAKE_PREFIX_PATH=${CMAKE_PREFIX_PATH}:/opt/ros/jazzy DEBUGINFOD_URLS=https://debuginfod.ubuntu.com /usr/bin/cmake /home/chacha/code/repo/ChaChaOpen/ros2_prj/ros2_pr_ws/src/user_interfaces -DCMAKE_EXPORT_COMPILE_COMMANDS=ON -DCMAKE_INSTALL_PREFIX=/home/chacha/code/repo/ChaChaOpen/ros2_prj/ros2_pr_ws/install/user_interfaces
[2.726s] Invoking command in '/home/chacha/code/repo/ChaChaOpen/ros2_prj/ros2_pr_ws/build/user_interfaces': CMAKE_PREFIX_PATH=${CMAKE_PREFIX_PATH}:/opt/ros/jazzy DEBUGINFOD_URLS=https://debuginfod.ubuntu.com /usr/bin/cmake --build /home/chacha/code/repo/ChaChaOpen/ros2_prj/ros2_pr_ws/build/user_interfaces -- -j8 -l8
[2.810s] [  2%] Built target user_interfaces__rosidl_generator_type_description
[2.825s] [  2%] Built target ament_cmake_python_copy_user_interfaces
[2.850s] [  4%] Built target user_interfaces__cpp
[2.857s] [ 22%] Built target user_interfaces__rosidl_generator_c
[2.924s] [ 31%] Built target user_interfaces__rosidl_typesupport_c
[2.929s] [ 40%] Built target user_interfaces__rosidl_typesupport_fastrtps_c
[2.934s] [ 50%] Built target user_interfaces__rosidl_typesupport_cpp
[2.935s] [ 59%] Built target user_interfaces__rosidl_typesupport_introspection_c
[2.935s] [ 68%] Built target user_interfaces__rosidl_typesupport_introspection_cpp
[2.948s] [ 77%] Built target user_interfaces__rosidl_typesupport_fastrtps_cpp
[2.986s] [ 77%] Built target user_interfaces
[3.045s] [ 79%] Built target user_interfaces__py
[3.103s] [ 86%] Built target user_interfaces__rosidl_generator_py
[3.153s] [ 90%] Built target user_interfaces_s__rosidl_typesupport_introspection_c
[3.160s] [ 95%] Built target user_interfaces_s__rosidl_typesupport_c
[3.164s] [100%] Built target user_interfaces_s__rosidl_typesupport_fastrtps_c
[3.421s] running egg_info
[3.479s] writing user_interfaces.egg-info/PKG-INFO
[3.480s] writing dependency_links to user_interfaces.egg-info/dependency_links.txt
[3.480s] writing top-level names to user_interfaces.egg-info/top_level.txt
[3.651s] reading manifest file 'user_interfaces.egg-info/SOURCES.txt'
[3.652s] writing manifest file 'user_interfaces.egg-info/SOURCES.txt'
[3.714s] [100%] Built target ament_cmake_python_build_user_interfaces_egg
[3.739s] Invoked command in '/home/chacha/code/repo/ChaChaOpen/ros2_prj/ros2_pr_ws/build/user_interfaces' returned '0': CMAKE_PREFIX_PATH=${CMAKE_PREFIX_PATH}:/opt/ros/jazzy DEBUGINFOD_URLS=https://debuginfod.ubuntu.com /usr/bin/cmake --build /home/chacha/code/repo/ChaChaOpen/ros2_prj/ros2_pr_ws/build/user_interfaces -- -j8 -l8
[3.759s] Invoking command in '/home/chacha/code/repo/ChaChaOpen/ros2_prj/ros2_pr_ws/build/user_interfaces': CMAKE_PREFIX_PATH=${CMAKE_PREFIX_PATH}:/opt/ros/jazzy DEBUGINFOD_URLS=https://debuginfod.ubuntu.com /usr/bin/cmake --install /home/chacha/code/repo/ChaChaOpen/ros2_prj/ros2_pr_ws/build/user_interfaces
[3.777s] -- Install configuration: ""
[3.778s] -- Up-to-date: /home/chacha/code/repo/ChaChaOpen/ros2_prj/ros2_pr_ws/install/user_interfaces/share/ament_index/resource_index/rosidl_interfaces/user_interfaces
[3.778s] -- Up-to-date: /home/chacha/code/repo/ChaChaOpen/ros2_prj/ros2_pr_ws/install/user_interfaces/share/user_interfaces/msg/User.json
[3.778s] -- Up-to-date: /home/chacha/code/repo/ChaChaOpen/ros2_prj/ros2_pr_ws/install/user_interfaces/share/user_interfaces/srv/User.json
[3.779s] -- Up-to-date: /home/chacha/code/repo/ChaChaOpen/ros2_prj/ros2_pr_ws/install/user_interfaces/include/user_interfaces/user_interfaces
[3.779s] -- Up-to-date: /home/chacha/code/repo/ChaChaOpen/ros2_prj/ros2_pr_ws/install/user_interfaces/include/user_interfaces/user_interfaces/msg
[3.779s] -- Up-to-date: /home/chacha/code/repo/ChaChaOpen/ros2_prj/ros2_pr_ws/install/user_interfaces/include/user_interfaces/user_interfaces/msg/rosidl_generator_c__visibility_control.h
[3.779s] -- Up-to-date: /home/chacha/code/repo/ChaChaOpen/ros2_prj/ros2_pr_ws/install/user_interfaces/include/user_interfaces/user_interfaces/msg/user.h
[3.780s] -- Up-to-date: /home/chacha/code/repo/ChaChaOpen/ros2_prj/ros2_pr_ws/install/user_interfaces/include/user_interfaces/user_interfaces/msg/detail
[3.780s] -- Installing: /home/chacha/code/repo/ChaChaOpen/ros2_prj/ros2_pr_ws/install/user_interfaces/include/user_interfaces/user_interfaces/msg/detail/user__type_support.c
[3.780s] -- Up-to-date: /home/chacha/code/repo/ChaChaOpen/ros2_prj/ros2_pr_ws/install/user_interfaces/include/user_interfaces/user_interfaces/msg/detail/user__struct.h
[3.781s] -- Up-to-date: /home/chacha/code/repo/ChaChaOpen/ros2_prj/ros2_pr_ws/install/user_interfaces/include/user_interfaces/user_interfaces/msg/detail/user__functions.h
[3.781s] -- Up-to-date: /home/chacha/code/repo/ChaChaOpen/ros2_prj/ros2_pr_ws/install/user_interfaces/include/user_interfaces/user_interfaces/msg/detail/user__type_support.h
[3.781s] -- Up-to-date: /home/chacha/code/repo/ChaChaOpen/ros2_prj/ros2_pr_ws/install/user_interfaces/include/user_interfaces/user_interfaces/msg/detail/user__functions.c
[3.782s] -- Up-to-date: /home/chacha/code/repo/ChaChaOpen/ros2_prj/ros2_pr_ws/install/user_interfaces/include/user_interfaces/user_interfaces/msg/detail/user__description.c
[3.782s] -- Up-to-date: /home/chacha/code/repo/ChaChaOpen/ros2_prj/ros2_pr_ws/install/user_interfaces/include/user_interfaces/user_interfaces/srv
[3.783s] -- Up-to-date: /home/chacha/code/repo/ChaChaOpen/ros2_prj/ros2_pr_ws/install/user_interfaces/include/user_interfaces/user_interfaces/srv/user.h
[3.783s] -- Up-to-date: /home/chacha/code/repo/ChaChaOpen/ros2_prj/ros2_pr_ws/install/user_interfaces/include/user_interfaces/user_interfaces/srv/detail
[3.783s] -- Installing: /home/chacha/code/repo/ChaChaOpen/ros2_prj/ros2_pr_ws/install/user_interfaces/include/user_interfaces/user_interfaces/srv/detail/user__type_support.c
[3.783s] -- Up-to-date: /home/chacha/code/repo/ChaChaOpen/ros2_prj/ros2_pr_ws/install/user_interfaces/include/user_interfaces/user_interfaces/srv/detail/user__struct.h
[3.783s] -- Up-to-date: /home/chacha/code/repo/ChaChaOpen/ros2_prj/ros2_pr_ws/install/user_interfaces/include/user_interfaces/user_interfaces/srv/detail/user__functions.h
[3.783s] -- Up-to-date: /home/chacha/code/repo/ChaChaOpen/ros2_prj/ros2_pr_ws/install/user_interfaces/include/user_interfaces/user_interfaces/srv/detail/user__type_support.h
[3.783s] -- Up-to-date: /home/chacha/code/repo/ChaChaOpen/ros2_prj/ros2_pr_ws/install/user_interfaces/include/user_interfaces/user_interfaces/srv/detail/user__functions.c
[3.784s] -- Up-to-date: /home/chacha/code/repo/ChaChaOpen/ros2_prj/ros2_pr_ws/install/user_interfaces/include/user_interfaces/user_interfaces/srv/detail/user__description.c
[3.784s] -- Up-to-date: /home/chacha/code/repo/ChaChaOpen/ros2_prj/ros2_pr_ws/install/user_interfaces/share/user_interfaces/environment/library_path.sh
[3.784s] -- Up-to-date: /home/chacha/code/repo/ChaChaOpen/ros2_prj/ros2_pr_ws/install/user_interfaces/share/user_interfaces/environment/library_path.dsv
[3.784s] -- Up-to-date: /home/chacha/code/repo/ChaChaOpen/ros2_prj/ros2_pr_ws/install/user_interfaces/lib/libuser_interfaces__rosidl_generator_c.so
[3.785s] -- Up-to-date: /home/chacha/code/repo/ChaChaOpen/ros2_prj/ros2_pr_ws/install/user_interfaces/include/user_interfaces/user_interfaces
[3.785s] -- Up-to-date: /home/chacha/code/repo/ChaChaOpen/ros2_prj/ros2_pr_ws/install/user_interfaces/include/user_interfaces/user_interfaces/msg
[3.785s] -- Up-to-date: /home/chacha/code/repo/ChaChaOpen/ros2_prj/ros2_pr_ws/install/user_interfaces/include/user_interfaces/user_interfaces/msg/rosidl_typesupport_fastrtps_c__visibility_control.h
[3.785s] -- Up-to-date: /home/chacha/code/repo/ChaChaOpen/ros2_prj/ros2_pr_ws/install/user_interfaces/include/user_interfaces/user_interfaces/msg/detail
[3.786s] -- Up-to-date: /home/chacha/code/repo/ChaChaOpen/ros2_prj/ros2_pr_ws/install/user_interfaces/include/user_interfaces/user_interfaces/msg/detail/user__rosidl_typesupport_fastrtps_c.h
[3.786s] -- Up-to-date: /home/chacha/code/repo/ChaChaOpen/ros2_prj/ros2_pr_ws/install/user_interfaces/include/user_interfaces/user_interfaces/srv
[3.786s] -- Up-to-date: /home/chacha/code/repo/ChaChaOpen/ros2_prj/ros2_pr_ws/install/user_interfaces/include/user_interfaces/user_interfaces/srv/detail
[3.787s] -- Up-to-date: /home/chacha/code/repo/ChaChaOpen/ros2_prj/ros2_pr_ws/install/user_interfaces/include/user_interfaces/user_interfaces/srv/detail/user__rosidl_typesupport_fastrtps_c.h
[3.788s] -- Up-to-date: /home/chacha/code/repo/ChaChaOpen/ros2_prj/ros2_pr_ws/install/user_interfaces/lib/libuser_interfaces__rosidl_typesupport_fastrtps_c.so
[3.788s] -- Up-to-date: /home/chacha/code/repo/ChaChaOpen/ros2_prj/ros2_pr_ws/install/user_interfaces/include/user_interfaces/user_interfaces
[3.788s] -- Up-to-date: /home/chacha/code/repo/ChaChaOpen/ros2_prj/ros2_pr_ws/install/user_interfaces/include/user_interfaces/user_interfaces/msg
[3.789s] -- Up-to-date: /home/chacha/code/repo/ChaChaOpen/ros2_prj/ros2_pr_ws/install/user_interfaces/include/user_interfaces/user_interfaces/msg/rosidl_generator_cpp__visibility_control.hpp
[3.789s] -- Up-to-date: /home/chacha/code/repo/ChaChaOpen/ros2_prj/ros2_pr_ws/install/user_interfaces/include/user_interfaces/user_interfaces/msg/user.hpp
[3.789s] -- Up-to-date: /home/chacha/code/repo/ChaChaOpen/ros2_prj/ros2_pr_ws/install/user_interfaces/include/user_interfaces/user_interfaces/msg/detail
[3.789s] -- Up-to-date: /home/chacha/code/repo/ChaChaOpen/ros2_prj/ros2_pr_ws/install/user_interfaces/include/user_interfaces/user_interfaces/msg/detail/user__traits.hpp
[3.789s] -- Up-to-date: /home/chacha/code/repo/ChaChaOpen/ros2_prj/ros2_pr_ws/install/user_interfaces/include/user_interfaces/user_interfaces/msg/detail/user__builder.hpp
[3.790s] -- Up-to-date: /home/chacha/code/repo/ChaChaOpen/ros2_prj/ros2_pr_ws/install/user_interfaces/include/user_interfaces/user_interfaces/msg/detail/user__struct.hpp
[3.790s] -- Up-to-date: /home/chacha/code/repo/ChaChaOpen/ros2_prj/ros2_pr_ws/install/user_interfaces/include/user_interfaces/user_interfaces/msg/detail/user__type_support.hpp
[3.790s] -- Up-to-date: /home/chacha/code/repo/ChaChaOpen/ros2_prj/ros2_pr_ws/install/user_interfaces/include/user_interfaces/user_interfaces/srv
[3.790s] -- Up-to-date: /home/chacha/code/repo/ChaChaOpen/ros2_prj/ros2_pr_ws/install/user_interfaces/include/user_interfaces/user_interfaces/srv/user.hpp
[3.791s] -- Up-to-date: /home/chacha/code/repo/ChaChaOpen/ros2_prj/ros2_pr_ws/install/user_interfaces/include/user_interfaces/user_interfaces/srv/detail
[3.791s] -- Up-to-date: /home/chacha/code/repo/ChaChaOpen/ros2_prj/ros2_pr_ws/install/user_interfaces/include/user_interfaces/user_interfaces/srv/detail/user__traits.hpp
[3.791s] -- Up-to-date: /home/chacha/code/repo/ChaChaOpen/ros2_prj/ros2_pr_ws/install/user_interfaces/include/user_interfaces/user_interfaces/srv/detail/user__builder.hpp
[3.791s] -- Up-to-date: /home/chacha/code/repo/ChaChaOpen/ros2_prj/ros2_pr_ws/install/user_interfaces/include/user_interfaces/user_interfaces/srv/detail/user__struct.hpp
[3.791s] -- Up-to-date: /home/chacha/code/repo/ChaChaOpen/ros2_prj/ros2_pr_ws/install/user_interfaces/include/user_interfaces/user_interfaces/srv/detail/user__type_support.hpp
[3.792s] -- Up-to-date: /home/chacha/code/repo/ChaChaOpen/ros2_prj/ros2_pr_ws/install/user_interfaces/include/user_interfaces/user_interfaces
[3.792s] -- Up-to-date: /home/chacha/code/repo/ChaChaOpen/ros2_prj/ros2_pr_ws/install/user_interfaces/include/user_interfaces/user_interfaces/msg
[3.792s] -- Up-to-date: /home/chacha/code/repo/ChaChaOpen/ros2_prj/ros2_pr_ws/install/user_interfaces/include/user_interfaces/user_interfaces/msg/rosidl_typesupport_fastrtps_cpp__visibility_control.h
[3.792s] -- Up-to-date: /home/chacha/code/repo/ChaChaOpen/ros2_prj/ros2_pr_ws/install/user_interfaces/include/user_interfaces/user_interfaces/msg/detail
[3.792s] -- Up-to-date: /home/chacha/code/repo/ChaChaOpen/ros2_prj/ros2_pr_ws/install/user_interfaces/include/user_interfaces/user_interfaces/msg/detail/user__rosidl_typesupport_fastrtps_cpp.hpp
[3.793s] -- Up-to-date: /home/chacha/code/repo/ChaChaOpen/ros2_prj/ros2_pr_ws/install/user_interfaces/include/user_interfaces/user_interfaces/msg/detail/dds_fastrtps
[3.793s] -- Up-to-date: /home/chacha/code/repo/ChaChaOpen/ros2_prj/ros2_pr_ws/install/user_interfaces/include/user_interfaces/user_interfaces/srv
[3.793s] -- Up-to-date: /home/chacha/code/repo/ChaChaOpen/ros2_prj/ros2_pr_ws/install/user_interfaces/include/user_interfaces/user_interfaces/srv/detail
[3.793s] -- Up-to-date: /home/chacha/code/repo/ChaChaOpen/ros2_prj/ros2_pr_ws/install/user_interfaces/include/user_interfaces/user_interfaces/srv/detail/user__rosidl_typesupport_fastrtps_cpp.hpp
[3.793s] -- Up-to-date: /home/chacha/code/repo/ChaChaOpen/ros2_prj/ros2_pr_ws/install/user_interfaces/include/user_interfaces/user_interfaces/srv/detail/dds_fastrtps
[3.794s] -- Up-to-date: /home/chacha/code/repo/ChaChaOpen/ros2_prj/ros2_pr_ws/install/user_interfaces/lib/libuser_interfaces__rosidl_typesupport_fastrtps_cpp.so
[3.794s] -- Up-to-date: /home/chacha/code/repo/ChaChaOpen/ros2_prj/ros2_pr_ws/install/user_interfaces/include/user_interfaces/user_interfaces
[3.794s] -- Up-to-date: /home/chacha/code/repo/ChaChaOpen/ros2_prj/ros2_pr_ws/install/user_interfaces/include/user_interfaces/user_interfaces/msg
[3.794s] -- Up-to-date: /home/chacha/code/repo/ChaChaOpen/ros2_prj/ros2_pr_ws/install/user_interfaces/include/user_interfaces/user_interfaces/msg/rosidl_typesupport_introspection_c__visibility_control.h
[3.794s] -- Up-to-date: /home/chacha/code/repo/ChaChaOpen/ros2_prj/ros2_pr_ws/install/user_interfaces/include/user_interfaces/user_interfaces/msg/detail
[3.795s] -- Installing: /home/chacha/code/repo/ChaChaOpen/ros2_prj/ros2_pr_ws/install/user_interfaces/include/user_interfaces/user_interfaces/msg/detail/user__type_support.c
[3.795s] -- Up-to-date: /home/chacha/code/repo/ChaChaOpen/ros2_prj/ros2_pr_ws/install/user_interfaces/include/user_interfaces/user_interfaces/msg/detail/user__rosidl_typesupport_introspection_c.h
[3.795s] -- Up-to-date: /home/chacha/code/repo/ChaChaOpen/ros2_prj/ros2_pr_ws/install/user_interfaces/include/user_interfaces/user_interfaces/srv
[3.795s] -- Up-to-date: /home/chacha/code/repo/ChaChaOpen/ros2_prj/ros2_pr_ws/install/user_interfaces/include/user_interfaces/user_interfaces/srv/detail
[3.795s] -- Installing: /home/chacha/code/repo/ChaChaOpen/ros2_prj/ros2_pr_ws/install/user_interfaces/include/user_interfaces/user_interfaces/srv/detail/user__type_support.c
[3.796s] -- Up-to-date: /home/chacha/code/repo/ChaChaOpen/ros2_prj/ros2_pr_ws/install/user_interfaces/include/user_interfaces/user_interfaces/srv/detail/user__rosidl_typesupport_introspection_c.h
[3.796s] -- Up-to-date: /home/chacha/code/repo/ChaChaOpen/ros2_prj/ros2_pr_ws/install/user_interfaces/lib/libuser_interfaces__rosidl_typesupport_introspection_c.so
[3.796s] -- Up-to-date: /home/chacha/code/repo/ChaChaOpen/ros2_prj/ros2_pr_ws/install/user_interfaces/lib/libuser_interfaces__rosidl_typesupport_c.so
[3.796s] -- Up-to-date: /home/chacha/code/repo/ChaChaOpen/ros2_prj/ros2_pr_ws/install/user_interfaces/include/user_interfaces/user_interfaces
[3.796s] -- Up-to-date: /home/chacha/code/repo/ChaChaOpen/ros2_prj/ros2_pr_ws/install/user_interfaces/include/user_interfaces/user_interfaces/msg
[3.797s] -- Up-to-date: /home/chacha/code/repo/ChaChaOpen/ros2_prj/ros2_pr_ws/install/user_interfaces/include/user_interfaces/user_interfaces/msg/detail
[3.797s] -- Up-to-date: /home/chacha/code/repo/ChaChaOpen/ros2_prj/ros2_pr_ws/install/user_interfaces/include/user_interfaces/user_interfaces/msg/detail/user__type_support.cpp
[3.797s] -- Up-to-date: /home/chacha/code/repo/ChaChaOpen/ros2_prj/ros2_pr_ws/install/user_interfaces/include/user_interfaces/user_interfaces/msg/detail/user__rosidl_typesupport_introspection_cpp.hpp
[3.797s] -- Up-to-date: /home/chacha/code/repo/ChaChaOpen/ros2_prj/ros2_pr_ws/install/user_interfaces/include/user_interfaces/user_interfaces/srv
[3.797s] -- Up-to-date: /home/chacha/code/repo/ChaChaOpen/ros2_prj/ros2_pr_ws/install/user_interfaces/include/user_interfaces/user_interfaces/srv/detail
[3.798s] -- Up-to-date: /home/chacha/code/repo/ChaChaOpen/ros2_prj/ros2_pr_ws/install/user_interfaces/include/user_interfaces/user_interfaces/srv/detail/user__type_support.cpp
[3.798s] -- Up-to-date: /home/chacha/code/repo/ChaChaOpen/ros2_prj/ros2_pr_ws/install/user_interfaces/include/user_interfaces/user_interfaces/srv/detail/user__rosidl_typesupport_introspection_cpp.hpp
[3.798s] -- Up-to-date: /home/chacha/code/repo/ChaChaOpen/ros2_prj/ros2_pr_ws/install/user_interfaces/lib/libuser_interfaces__rosidl_typesupport_introspection_cpp.so
[3.798s] -- Up-to-date: /home/chacha/code/repo/ChaChaOpen/ros2_prj/ros2_pr_ws/install/user_interfaces/lib/libuser_interfaces__rosidl_typesupport_cpp.so
[3.798s] -- Up-to-date: /home/chacha/code/repo/ChaChaOpen/ros2_prj/ros2_pr_ws/install/user_interfaces/share/user_interfaces/environment/pythonpath.sh
[3.799s] -- Up-to-date: /home/chacha/code/repo/ChaChaOpen/ros2_prj/ros2_pr_ws/install/user_interfaces/share/user_interfaces/environment/pythonpath.dsv
[3.799s] -- Up-to-date: /home/chacha/code/repo/ChaChaOpen/ros2_prj/ros2_pr_ws/install/user_interfaces/lib/python3.12/site-packages/user_interfaces-0.0.0-py3.12.egg-info
[3.799s] -- Installing: /home/chacha/code/repo/ChaChaOpen/ros2_prj/ros2_pr_ws/install/user_interfaces/lib/python3.12/site-packages/user_interfaces-0.0.0-py3.12.egg-info/top_level.txt
[3.799s] -- Installing: /home/chacha/code/repo/ChaChaOpen/ros2_prj/ros2_pr_ws/install/user_interfaces/lib/python3.12/site-packages/user_interfaces-0.0.0-py3.12.egg-info/SOURCES.txt
[3.799s] -- Installing: /home/chacha/code/repo/ChaChaOpen/ros2_prj/ros2_pr_ws/install/user_interfaces/lib/python3.12/site-packages/user_interfaces-0.0.0-py3.12.egg-info/PKG-INFO
[3.800s] -- Installing: /home/chacha/code/repo/ChaChaOpen/ros2_prj/ros2_pr_ws/install/user_interfaces/lib/python3.12/site-packages/user_interfaces-0.0.0-py3.12.egg-info/dependency_links.txt
[3.800s] -- Up-to-date: /home/chacha/code/repo/ChaChaOpen/ros2_prj/ros2_pr_ws/install/user_interfaces/lib/python3.12/site-packages/user_interfaces
[3.800s] -- Up-to-date: /home/chacha/code/repo/ChaChaOpen/ros2_prj/ros2_pr_ws/install/user_interfaces/lib/python3.12/site-packages/user_interfaces/user_interfaces_s__rosidl_typesupport_c.so
[3.800s] -- Up-to-date: /home/chacha/code/repo/ChaChaOpen/ros2_prj/ros2_pr_ws/install/user_interfaces/lib/python3.12/site-packages/user_interfaces/msg
[3.800s] -- Up-to-date: /home/chacha/code/repo/ChaChaOpen/ros2_prj/ros2_pr_ws/install/user_interfaces/lib/python3.12/site-packages/user_interfaces/msg/_user_s.c
[3.801s] -- Up-to-date: /home/chacha/code/repo/ChaChaOpen/ros2_prj/ros2_pr_ws/install/user_interfaces/lib/python3.12/site-packages/user_interfaces/msg/__init__.py
[3.801s] -- Up-to-date: /home/chacha/code/repo/ChaChaOpen/ros2_prj/ros2_pr_ws/install/user_interfaces/lib/python3.12/site-packages/user_interfaces/msg/_user.py
[3.801s] -- Up-to-date: /home/chacha/code/repo/ChaChaOpen/ros2_prj/ros2_pr_ws/install/user_interfaces/lib/python3.12/site-packages/user_interfaces/_user_interfaces_s.ep.rosidl_typesupport_introspection_c.c
[3.801s] -- Up-to-date: /home/chacha/code/repo/ChaChaOpen/ros2_prj/ros2_pr_ws/install/user_interfaces/lib/python3.12/site-packages/user_interfaces/_user_interfaces_s.ep.rosidl_typesupport_c.c
[3.801s] -- Up-to-date: /home/chacha/code/repo/ChaChaOpen/ros2_prj/ros2_pr_ws/install/user_interfaces/lib/python3.12/site-packages/user_interfaces/user_interfaces_s__rosidl_typesupport_fastrtps_c.so
[3.802s] -- Up-to-date: /home/chacha/code/repo/ChaChaOpen/ros2_prj/ros2_pr_ws/install/user_interfaces/lib/python3.12/site-packages/user_interfaces/_user_interfaces_s.ep.rosidl_typesupport_fastrtps_c.c
[3.802s] -- Up-to-date: /home/chacha/code/repo/ChaChaOpen/ros2_prj/ros2_pr_ws/install/user_interfaces/lib/python3.12/site-packages/user_interfaces/srv
[3.802s] -- Up-to-date: /home/chacha/code/repo/ChaChaOpen/ros2_prj/ros2_pr_ws/install/user_interfaces/lib/python3.12/site-packages/user_interfaces/srv/_user_s.c
[3.802s] -- Up-to-date: /home/chacha/code/repo/ChaChaOpen/ros2_prj/ros2_pr_ws/install/user_interfaces/lib/python3.12/site-packages/user_interfaces/srv/__init__.py
[3.802s] -- Up-to-date: /home/chacha/code/repo/ChaChaOpen/ros2_prj/ros2_pr_ws/install/user_interfaces/lib/python3.12/site-packages/user_interfaces/srv/_user.py
[3.803s] -- Installing: /home/chacha/code/repo/ChaChaOpen/ros2_prj/ros2_pr_ws/install/user_interfaces/lib/python3.12/site-packages/user_interfaces/__init__.py
[3.803s] -- Up-to-date: /home/chacha/code/repo/ChaChaOpen/ros2_prj/ros2_pr_ws/install/user_interfaces/lib/python3.12/site-packages/user_interfaces/user_interfaces_s__rosidl_typesupport_introspection_c.so
[3.867s] Listing '/home/chacha/code/repo/ChaChaOpen/ros2_prj/ros2_pr_ws/install/user_interfaces/lib/python3.12/site-packages/user_interfaces'...
[3.867s] Compiling '/home/chacha/code/repo/ChaChaOpen/ros2_prj/ros2_pr_ws/install/user_interfaces/lib/python3.12/site-packages/user_interfaces/__init__.py'...
[3.867s] Listing '/home/chacha/code/repo/ChaChaOpen/ros2_prj/ros2_pr_ws/install/user_interfaces/lib/python3.12/site-packages/user_interfaces/msg'...
[3.867s] Listing '/home/chacha/code/repo/ChaChaOpen/ros2_prj/ros2_pr_ws/install/user_interfaces/lib/python3.12/site-packages/user_interfaces/srv'...
[3.877s] -- Up-to-date: /home/chacha/code/repo/ChaChaOpen/ros2_prj/ros2_pr_ws/install/user_interfaces/lib/python3.12/site-packages/user_interfaces/user_interfaces_s__rosidl_typesupport_fastrtps_c.so
[3.878s] -- Up-to-date: /home/chacha/code/repo/ChaChaOpen/ros2_prj/ros2_pr_ws/install/user_interfaces/lib/python3.12/site-packages/user_interfaces/user_interfaces_s__rosidl_typesupport_introspection_c.so
[3.878s] -- Up-to-date: /home/chacha/code/repo/ChaChaOpen/ros2_prj/ros2_pr_ws/install/user_interfaces/lib/python3.12/site-packages/user_interfaces/user_interfaces_s__rosidl_typesupport_c.so
[3.879s] -- Up-to-date: /home/chacha/code/repo/ChaChaOpen/ros2_prj/ros2_pr_ws/install/user_interfaces/lib/libuser_interfaces__rosidl_generator_py.so
[3.879s] -- Up-to-date: /home/chacha/code/repo/ChaChaOpen/ros2_prj/ros2_pr_ws/install/user_interfaces/share/user_interfaces/msg/User.idl
[3.880s] -- Up-to-date: /home/chacha/code/repo/ChaChaOpen/ros2_prj/ros2_pr_ws/install/user_interfaces/share/user_interfaces/srv/User.idl
[3.880s] -- Up-to-date: /home/chacha/code/repo/ChaChaOpen/ros2_prj/ros2_pr_ws/install/user_interfaces/share/user_interfaces/msg/User.msg
[3.881s] -- Up-to-date: /home/chacha/code/repo/ChaChaOpen/ros2_prj/ros2_pr_ws/install/user_interfaces/share/user_interfaces/srv/User.srv
[3.882s] -- Up-to-date: /home/chacha/code/repo/ChaChaOpen/ros2_prj/ros2_pr_ws/install/user_interfaces/share/ament_index/resource_index/package_run_dependencies/user_interfaces
[3.882s] -- Up-to-date: /home/chacha/code/repo/ChaChaOpen/ros2_prj/ros2_pr_ws/install/user_interfaces/share/ament_index/resource_index/parent_prefix_path/user_interfaces
[3.882s] -- Up-to-date: /home/chacha/code/repo/ChaChaOpen/ros2_prj/ros2_pr_ws/install/user_interfaces/share/user_interfaces/environment/ament_prefix_path.sh
[3.883s] -- Up-to-date: /home/chacha/code/repo/ChaChaOpen/ros2_prj/ros2_pr_ws/install/user_interfaces/share/user_interfaces/environment/ament_prefix_path.dsv
[3.883s] -- Up-to-date: /home/chacha/code/repo/ChaChaOpen/ros2_prj/ros2_pr_ws/install/user_interfaces/share/user_interfaces/environment/path.sh
[3.883s] -- Up-to-date: /home/chacha/code/repo/ChaChaOpen/ros2_prj/ros2_pr_ws/install/user_interfaces/share/user_interfaces/environment/path.dsv
[3.883s] -- Up-to-date: /home/chacha/code/repo/ChaChaOpen/ros2_prj/ros2_pr_ws/install/user_interfaces/share/user_interfaces/local_setup.bash
[3.884s] -- Up-to-date: /home/chacha/code/repo/ChaChaOpen/ros2_prj/ros2_pr_ws/install/user_interfaces/share/user_interfaces/local_setup.sh
[3.884s] -- Up-to-date: /home/chacha/code/repo/ChaChaOpen/ros2_prj/ros2_pr_ws/install/user_interfaces/share/user_interfaces/local_setup.zsh
[3.884s] -- Up-to-date: /home/chacha/code/repo/ChaChaOpen/ros2_prj/ros2_pr_ws/install/user_interfaces/share/user_interfaces/local_setup.dsv
[3.884s] -- Installing: /home/chacha/code/repo/ChaChaOpen/ros2_prj/ros2_pr_ws/install/user_interfaces/share/user_interfaces/package.dsv
[3.884s] -- Up-to-date: /home/chacha/code/repo/ChaChaOpen/ros2_prj/ros2_pr_ws/install/user_interfaces/share/ament_index/resource_index/packages/user_interfaces
[3.885s] -- Up-to-date: /home/chacha/code/repo/ChaChaOpen/ros2_prj/ros2_pr_ws/install/user_interfaces/share/user_interfaces/cmake/export_user_interfaces__rosidl_generator_cExport.cmake
[3.885s] -- Up-to-date: /home/chacha/code/repo/ChaChaOpen/ros2_prj/ros2_pr_ws/install/user_interfaces/share/user_interfaces/cmake/export_user_interfaces__rosidl_generator_cExport-noconfig.cmake
[3.885s] -- Up-to-date: /home/chacha/code/repo/ChaChaOpen/ros2_prj/ros2_pr_ws/install/user_interfaces/share/user_interfaces/cmake/export_user_interfaces__rosidl_typesupport_fastrtps_cExport.cmake
[3.885s] -- Up-to-date: /home/chacha/code/repo/ChaChaOpen/ros2_prj/ros2_pr_ws/install/user_interfaces/share/user_interfaces/cmake/export_user_interfaces__rosidl_typesupport_fastrtps_cExport-noconfig.cmake
[3.885s] -- Up-to-date: /home/chacha/code/repo/ChaChaOpen/ros2_prj/ros2_pr_ws/install/user_interfaces/share/user_interfaces/cmake/export_user_interfaces__rosidl_generator_cppExport.cmake
[3.885s] -- Up-to-date: /home/chacha/code/repo/ChaChaOpen/ros2_prj/ros2_pr_ws/install/user_interfaces/share/user_interfaces/cmake/export_user_interfaces__rosidl_typesupport_fastrtps_cppExport.cmake
[3.886s] -- Up-to-date: /home/chacha/code/repo/ChaChaOpen/ros2_prj/ros2_pr_ws/install/user_interfaces/share/user_interfaces/cmake/export_user_interfaces__rosidl_typesupport_fastrtps_cppExport-noconfig.cmake
[3.886s] -- Up-to-date: /home/chacha/code/repo/ChaChaOpen/ros2_prj/ros2_pr_ws/install/user_interfaces/share/user_interfaces/cmake/user_interfaces__rosidl_typesupport_introspection_cExport.cmake
[3.887s] -- Up-to-date: /home/chacha/code/repo/ChaChaOpen/ros2_prj/ros2_pr_ws/install/user_interfaces/share/user_interfaces/cmake/user_interfaces__rosidl_typesupport_introspection_cExport-noconfig.cmake
[3.887s] -- Up-to-date: /home/chacha/code/repo/ChaChaOpen/ros2_prj/ros2_pr_ws/install/user_interfaces/share/user_interfaces/cmake/user_interfaces__rosidl_typesupport_cExport.cmake
[3.887s] -- Up-to-date: /home/chacha/code/repo/ChaChaOpen/ros2_prj/ros2_pr_ws/install/user_interfaces/share/user_interfaces/cmake/user_interfaces__rosidl_typesupport_cExport-noconfig.cmake
[3.888s] -- Up-to-date: /home/chacha/code/repo/ChaChaOpen/ros2_prj/ros2_pr_ws/install/user_interfaces/share/user_interfaces/cmake/user_interfaces__rosidl_typesupport_introspection_cppExport.cmake
[3.888s] -- Up-to-date: /home/chacha/code/repo/ChaChaOpen/ros2_prj/ros2_pr_ws/install/user_interfaces/share/user_interfaces/cmake/user_interfaces__rosidl_typesupport_introspection_cppExport-noconfig.cmake
[3.888s] -- Up-to-date: /home/chacha/code/repo/ChaChaOpen/ros2_prj/ros2_pr_ws/install/user_interfaces/share/user_interfaces/cmake/user_interfaces__rosidl_typesupport_cppExport.cmake
[3.888s] -- Up-to-date: /home/chacha/code/repo/ChaChaOpen/ros2_prj/ros2_pr_ws/install/user_interfaces/share/user_interfaces/cmake/user_interfaces__rosidl_typesupport_cppExport-noconfig.cmake
[3.889s] -- Up-to-date: /home/chacha/code/repo/ChaChaOpen/ros2_prj/ros2_pr_ws/install/user_interfaces/share/user_interfaces/cmake/export_user_interfaces__rosidl_generator_pyExport.cmake
[3.889s] -- Up-to-date: /home/chacha/code/repo/ChaChaOpen/ros2_prj/ros2_pr_ws/install/user_interfaces/share/user_interfaces/cmake/export_user_interfaces__rosidl_generator_pyExport-noconfig.cmake
[3.889s] -- Up-to-date: /home/chacha/code/repo/ChaChaOpen/ros2_prj/ros2_pr_ws/install/user_interfaces/share/user_interfaces/cmake/rosidl_cmake-extras.cmake
[3.889s] -- Up-to-date: /home/chacha/code/repo/ChaChaOpen/ros2_prj/ros2_pr_ws/install/user_interfaces/share/user_interfaces/cmake/ament_cmake_export_dependencies-extras.cmake
[3.889s] -- Up-to-date: /home/chacha/code/repo/ChaChaOpen/ros2_prj/ros2_pr_ws/install/user_interfaces/share/user_interfaces/cmake/ament_cmake_export_include_directories-extras.cmake
[3.890s] -- Up-to-date: /home/chacha/code/repo/ChaChaOpen/ros2_prj/ros2_pr_ws/install/user_interfaces/share/user_interfaces/cmake/ament_cmake_export_libraries-extras.cmake
[3.890s] -- Up-to-date: /home/chacha/code/repo/ChaChaOpen/ros2_prj/ros2_pr_ws/install/user_interfaces/share/user_interfaces/cmake/ament_cmake_export_targets-extras.cmake
[3.890s] -- Up-to-date: /home/chacha/code/repo/ChaChaOpen/ros2_prj/ros2_pr_ws/install/user_interfaces/share/user_interfaces/cmake/rosidl_cmake_export_typesupport_targets-extras.cmake
[3.890s] -- Up-to-date: /home/chacha/code/repo/ChaChaOpen/ros2_prj/ros2_pr_ws/install/user_interfaces/share/user_interfaces/cmake/rosidl_cmake_export_typesupport_libraries-extras.cmake
[3.891s] -- Up-to-date: /home/chacha/code/repo/ChaChaOpen/ros2_prj/ros2_pr_ws/install/user_interfaces/share/user_interfaces/cmake/user_interfacesConfig.cmake
[3.891s] -- Up-to-date: /home/chacha/code/repo/ChaChaOpen/ros2_prj/ros2_pr_ws/install/user_interfaces/share/user_interfaces/cmake/user_interfacesConfig-version.cmake
[3.891s] -- Up-to-date: /home/chacha/code/repo/ChaChaOpen/ros2_prj/ros2_pr_ws/install/user_interfaces/share/user_interfaces/package.xml
[3.892s] Invoked command in '/home/chacha/code/repo/ChaChaOpen/ros2_prj/ros2_pr_ws/build/user_interfaces' returned '0': CMAKE_PREFIX_PATH=${CMAKE_PREFIX_PATH}:/opt/ros/jazzy DEBUGINFOD_URLS=https://debuginfod.ubuntu.com /usr/bin/cmake --install /home/chacha/code/repo/ChaChaOpen/ros2_prj/ros2_pr_ws/build/user_interfaces
