[0.090s] DEBUG:colcon:Command line arguments: ['/usr/bin/colcon', 'build']
[0.090s] DEBUG:colcon:Parsed command line arguments: Namespace(log_base=None, log_level=None, verb_name='build', build_base='build', install_base='install', merge_install=False, symlink_install=False, test_result_base=None, continue_on_error=False, executor='parallel', parallel_workers=8, event_handlers=None, ignore_user_meta=False, metas=['./colcon.meta'], base_paths=['.'], packages_ignore=None, packages_ignore_regex=None, paths=None, packages_up_to=None, packages_up_to_regex=None, packages_above=None, packages_above_and_dependencies=None, packages_above_depth=None, packages_select_by_dep=None, packages_skip_by_dep=None, packages_skip_up_to=None, packages_select_build_failed=False, packages_skip_build_finished=False, packages_select_test_failures=False, packages_skip_test_passed=False, packages_select=None, packages_skip=None, packages_select_regex=None, packages_skip_regex=None, packages_start=None, packages_end=None, allow_overriding=[], cmake_args=None, cmake_target=None, cmake_target_skip_unavailable=False, cmake_clean_cache=False, cmake_clean_first=False, cmake_force_configure=False, ament_cmake_args=None, catkin_cmake_args=None, catkin_skip_building_tests=False, verb_parser=<colcon_defaults.argument_parser.defaults.DefaultArgumentsDecorator object at 0x77c741e67c20>, verb_extension=<colcon_core.verb.build.BuildVerb object at 0x77c741e657c0>, main=<bound method BuildVerb.main of <colcon_core.verb.build.BuildVerb object at 0x77c741e657c0>>)
[0.123s] Level 1:colcon.colcon_core.package_discovery:discover_packages(colcon_meta) check parameters
[0.123s] Level 1:colcon.colcon_core.package_discovery:discover_packages(recursive) check parameters
[0.123s] Level 1:colcon.colcon_core.package_discovery:discover_packages(ignore) check parameters
[0.123s] Level 1:colcon.colcon_core.package_discovery:discover_packages(path) check parameters
[0.123s] Level 1:colcon.colcon_core.package_discovery:discover_packages(colcon_meta) discover
[0.123s] Level 1:colcon.colcon_core.package_discovery:discover_packages(recursive) discover
[0.123s] INFO:colcon.colcon_core.package_discovery:Crawling recursively for packages in '/home/chacha/code/repo/ChaChaOpen/ros2_prj/ros2_pr_ws'
[0.124s] Level 1:colcon.colcon_core.package_identification:_identify(.) by extensions ['ignore', 'ignore_ament_install']
[0.124s] Level 1:colcon.colcon_core.package_identification:_identify(.) by extension 'ignore'
[0.124s] Level 1:colcon.colcon_core.package_identification:_identify(.) by extension 'ignore_ament_install'
[0.124s] Level 1:colcon.colcon_core.package_identification:_identify(.) by extensions ['colcon_pkg']
[0.124s] Level 1:colcon.colcon_core.package_identification:_identify(.) by extension 'colcon_pkg'
[0.124s] Level 1:colcon.colcon_core.package_identification:_identify(.) by extensions ['colcon_meta']
[0.124s] Level 1:colcon.colcon_core.package_identification:_identify(.) by extension 'colcon_meta'
[0.124s] Level 1:colcon.colcon_core.package_identification:_identify(.) by extensions ['ros']
[0.124s] Level 1:colcon.colcon_core.package_identification:_identify(.) by extension 'ros'
[0.151s] Level 1:colcon.colcon_core.package_identification:_identify(.) by extensions ['cmake', 'python']
[0.151s] Level 1:colcon.colcon_core.package_identification:_identify(.) by extension 'cmake'
[0.151s] Level 1:colcon.colcon_core.package_identification:_identify(.) by extension 'python'
[0.151s] Level 1:colcon.colcon_core.package_identification:_identify(.) by extensions ['python_setup_py']
[0.151s] Level 1:colcon.colcon_core.package_identification:_identify(.) by extension 'python_setup_py'
[0.151s] Level 1:colcon.colcon_core.package_identification:_identify(build) by extensions ['ignore', 'ignore_ament_install']
[0.151s] Level 1:colcon.colcon_core.package_identification:_identify(build) by extension 'ignore'
[0.151s] Level 1:colcon.colcon_core.package_identification:_identify(build) ignored
[0.151s] Level 1:colcon.colcon_core.package_identification:_identify(install) by extensions ['ignore', 'ignore_ament_install']
[0.151s] Level 1:colcon.colcon_core.package_identification:_identify(install) by extension 'ignore'
[0.152s] Level 1:colcon.colcon_core.package_identification:_identify(install) ignored
[0.152s] Level 1:colcon.colcon_core.package_identification:_identify(log) by extensions ['ignore', 'ignore_ament_install']
[0.152s] Level 1:colcon.colcon_core.package_identification:_identify(log) by extension 'ignore'
[0.152s] Level 1:colcon.colcon_core.package_identification:_identify(log) ignored
[0.152s] Level 1:colcon.colcon_core.package_identification:_identify(src) by extensions ['ignore', 'ignore_ament_install']
[0.152s] Level 1:colcon.colcon_core.package_identification:_identify(src) by extension 'ignore'
[0.152s] Level 1:colcon.colcon_core.package_identification:_identify(src) by extension 'ignore_ament_install'
[0.152s] Level 1:colcon.colcon_core.package_identification:_identify(src) by extensions ['colcon_pkg']
[0.152s] Level 1:colcon.colcon_core.package_identification:_identify(src) by extension 'colcon_pkg'
[0.152s] Level 1:colcon.colcon_core.package_identification:_identify(src) by extensions ['colcon_meta']
[0.152s] Level 1:colcon.colcon_core.package_identification:_identify(src) by extension 'colcon_meta'
[0.152s] Level 1:colcon.colcon_core.package_identification:_identify(src) by extensions ['ros']
[0.152s] Level 1:colcon.colcon_core.package_identification:_identify(src) by extension 'ros'
[0.152s] Level 1:colcon.colcon_core.package_identification:_identify(src) by extensions ['cmake', 'python']
[0.152s] Level 1:colcon.colcon_core.package_identification:_identify(src) by extension 'cmake'
[0.153s] Level 1:colcon.colcon_core.package_identification:_identify(src) by extension 'python'
[0.153s] Level 1:colcon.colcon_core.package_identification:_identify(src) by extensions ['python_setup_py']
[0.153s] Level 1:colcon.colcon_core.package_identification:_identify(src) by extension 'python_setup_py'
[0.153s] Level 1:colcon.colcon_core.package_identification:_identify(src/pr_hello) by extensions ['ignore', 'ignore_ament_install']
[0.153s] Level 1:colcon.colcon_core.package_identification:_identify(src/pr_hello) by extension 'ignore'
[0.153s] Level 1:colcon.colcon_core.package_identification:_identify(src/pr_hello) by extension 'ignore_ament_install'
[0.153s] Level 1:colcon.colcon_core.package_identification:_identify(src/pr_hello) by extensions ['colcon_pkg']
[0.153s] Level 1:colcon.colcon_core.package_identification:_identify(src/pr_hello) by extension 'colcon_pkg'
[0.153s] Level 1:colcon.colcon_core.package_identification:_identify(src/pr_hello) by extensions ['colcon_meta']
[0.153s] Level 1:colcon.colcon_core.package_identification:_identify(src/pr_hello) by extension 'colcon_meta'
[0.153s] Level 1:colcon.colcon_core.package_identification:_identify(src/pr_hello) by extensions ['ros']
[0.153s] Level 1:colcon.colcon_core.package_identification:_identify(src/pr_hello) by extension 'ros'
[0.156s] DEBUG:colcon.colcon_core.package_identification:Package 'src/pr_hello' with type 'ros.ament_cmake' and name 'pr_hello'
[0.156s] Level 1:colcon.colcon_core.package_identification:_identify(src/user_interfaces) by extensions ['ignore', 'ignore_ament_install']
[0.156s] Level 1:colcon.colcon_core.package_identification:_identify(src/user_interfaces) by extension 'ignore'
[0.157s] Level 1:colcon.colcon_core.package_identification:_identify(src/user_interfaces) by extension 'ignore_ament_install'
[0.157s] Level 1:colcon.colcon_core.package_identification:_identify(src/user_interfaces) by extensions ['colcon_pkg']
[0.157s] Level 1:colcon.colcon_core.package_identification:_identify(src/user_interfaces) by extension 'colcon_pkg'
[0.157s] Level 1:colcon.colcon_core.package_identification:_identify(src/user_interfaces) by extensions ['colcon_meta']
[0.157s] Level 1:colcon.colcon_core.package_identification:_identify(src/user_interfaces) by extension 'colcon_meta'
[0.157s] Level 1:colcon.colcon_core.package_identification:_identify(src/user_interfaces) by extensions ['ros']
[0.157s] Level 1:colcon.colcon_core.package_identification:_identify(src/user_interfaces) by extension 'ros'
[0.157s] DEBUG:colcon.colcon_core.package_identification:Package 'src/user_interfaces' with type 'ros.ament_cmake' and name 'user_interfaces'
[0.157s] Level 1:colcon.colcon_core.package_discovery:discover_packages(recursive) using defaults
[0.158s] Level 1:colcon.colcon_core.package_discovery:discover_packages(ignore) discover
[0.158s] Level 1:colcon.colcon_core.package_discovery:discover_packages(ignore) using defaults
[0.158s] Level 1:colcon.colcon_core.package_discovery:discover_packages(path) discover
[0.158s] Level 1:colcon.colcon_core.package_discovery:discover_packages(path) using defaults
[0.186s] Level 1:colcon.colcon_core.package_discovery:discover_packages(prefix_path) check parameters
[0.186s] Level 1:colcon.colcon_core.package_discovery:discover_packages(prefix_path) discover
[0.188s] DEBUG:colcon.colcon_installed_package_information.package_discovery:Found 318 installed packages in /opt/ros/jazzy
[0.189s] Level 1:colcon.colcon_core.package_discovery:discover_packages(prefix_path) using defaults
[0.236s] Level 5:colcon.colcon_core.verb:set package 'user_interfaces' build argument 'cmake_args' from command line to 'None'
[0.236s] Level 5:colcon.colcon_core.verb:set package 'user_interfaces' build argument 'cmake_target' from command line to 'None'
[0.236s] Level 5:colcon.colcon_core.verb:set package 'user_interfaces' build argument 'cmake_target_skip_unavailable' from command line to 'False'
[0.236s] Level 5:colcon.colcon_core.verb:set package 'user_interfaces' build argument 'cmake_clean_cache' from command line to 'False'
[0.236s] Level 5:colcon.colcon_core.verb:set package 'user_interfaces' build argument 'cmake_clean_first' from command line to 'False'
[0.236s] Level 5:colcon.colcon_core.verb:set package 'user_interfaces' build argument 'cmake_force_configure' from command line to 'False'
[0.236s] Level 5:colcon.colcon_core.verb:set package 'user_interfaces' build argument 'ament_cmake_args' from command line to 'None'
[0.236s] Level 5:colcon.colcon_core.verb:set package 'user_interfaces' build argument 'catkin_cmake_args' from command line to 'None'
[0.236s] Level 5:colcon.colcon_core.verb:set package 'user_interfaces' build argument 'catkin_skip_building_tests' from command line to 'False'
[0.236s] DEBUG:colcon.colcon_core.verb:Building package 'user_interfaces' with the following arguments: {'ament_cmake_args': None, 'build_base': '/home/chacha/code/repo/ChaChaOpen/ros2_prj/ros2_pr_ws/build/user_interfaces', 'catkin_cmake_args': None, 'catkin_skip_building_tests': False, 'cmake_args': None, 'cmake_clean_cache': False, 'cmake_clean_first': False, 'cmake_force_configure': False, 'cmake_target': None, 'cmake_target_skip_unavailable': False, 'install_base': '/home/chacha/code/repo/ChaChaOpen/ros2_prj/ros2_pr_ws/install/user_interfaces', 'merge_install': False, 'path': '/home/chacha/code/repo/ChaChaOpen/ros2_prj/ros2_pr_ws/src/user_interfaces', 'symlink_install': False, 'test_result_base': None}
[0.237s] Level 5:colcon.colcon_core.verb:set package 'pr_hello' build argument 'cmake_args' from command line to 'None'
[0.237s] Level 5:colcon.colcon_core.verb:set package 'pr_hello' build argument 'cmake_target' from command line to 'None'
[0.237s] Level 5:colcon.colcon_core.verb:set package 'pr_hello' build argument 'cmake_target_skip_unavailable' from command line to 'False'
[0.237s] Level 5:colcon.colcon_core.verb:set package 'pr_hello' build argument 'cmake_clean_cache' from command line to 'False'
[0.237s] Level 5:colcon.colcon_core.verb:set package 'pr_hello' build argument 'cmake_clean_first' from command line to 'False'
[0.237s] Level 5:colcon.colcon_core.verb:set package 'pr_hello' build argument 'cmake_force_configure' from command line to 'False'
[0.237s] Level 5:colcon.colcon_core.verb:set package 'pr_hello' build argument 'ament_cmake_args' from command line to 'None'
[0.237s] Level 5:colcon.colcon_core.verb:set package 'pr_hello' build argument 'catkin_cmake_args' from command line to 'None'
[0.237s] Level 5:colcon.colcon_core.verb:set package 'pr_hello' build argument 'catkin_skip_building_tests' from command line to 'False'
[0.237s] DEBUG:colcon.colcon_core.verb:Building package 'pr_hello' with the following arguments: {'ament_cmake_args': None, 'build_base': '/home/chacha/code/repo/ChaChaOpen/ros2_prj/ros2_pr_ws/build/pr_hello', 'catkin_cmake_args': None, 'catkin_skip_building_tests': False, 'cmake_args': None, 'cmake_clean_cache': False, 'cmake_clean_first': False, 'cmake_force_configure': False, 'cmake_target': None, 'cmake_target_skip_unavailable': False, 'install_base': '/home/chacha/code/repo/ChaChaOpen/ros2_prj/ros2_pr_ws/install/pr_hello', 'merge_install': False, 'path': '/home/chacha/code/repo/ChaChaOpen/ros2_prj/ros2_pr_ws/src/pr_hello', 'symlink_install': False, 'test_result_base': None}
[0.237s] INFO:colcon.colcon_core.executor:Executing jobs using 'parallel' executor
[0.238s] DEBUG:colcon.colcon_parallel_executor.executor.parallel:run_until_complete
[0.238s] INFO:colcon.colcon_ros.task.ament_cmake.build:Building ROS package in '/home/chacha/code/repo/ChaChaOpen/ros2_prj/ros2_pr_ws/src/user_interfaces' with build type 'ament_cmake'
[0.238s] INFO:colcon.colcon_cmake.task.cmake.build:Building CMake package in '/home/chacha/code/repo/ChaChaOpen/ros2_prj/ros2_pr_ws/src/user_interfaces'
[0.241s] INFO:colcon.colcon_core.plugin_system:Skipping extension 'colcon_core.shell.bat': Not used on non-Windows systems
[0.241s] INFO:colcon.colcon_core.shell:Skip shell extension 'powershell' for command environment: Not usable outside of PowerShell
[0.241s] DEBUG:colcon.colcon_core.shell:Skip shell extension 'dsv' for command environment
[0.252s] DEBUG:colcon.colcon_core.event_handler.log_command:Invoking command in '/home/chacha/code/repo/ChaChaOpen/ros2_prj/ros2_pr_ws/build/user_interfaces': CMAKE_PREFIX_PATH=${CMAKE_PREFIX_PATH}:/opt/ros/jazzy DEBUGINFOD_URLS=https://debuginfod.ubuntu.com /usr/bin/cmake /home/chacha/code/repo/ChaChaOpen/ros2_prj/ros2_pr_ws/src/user_interfaces -DCMAKE_INSTALL_PREFIX=/home/chacha/code/repo/ChaChaOpen/ros2_prj/ros2_pr_ws/install/user_interfaces
[5.208s] DEBUG:colcon.colcon_core.event_handler.log_command:Invoked command in '/home/chacha/code/repo/ChaChaOpen/ros2_prj/ros2_pr_ws/build/user_interfaces' returned '0': CMAKE_PREFIX_PATH=${CMAKE_PREFIX_PATH}:/opt/ros/jazzy DEBUGINFOD_URLS=https://debuginfod.ubuntu.com /usr/bin/cmake /home/chacha/code/repo/ChaChaOpen/ros2_prj/ros2_pr_ws/src/user_interfaces -DCMAKE_INSTALL_PREFIX=/home/chacha/code/repo/ChaChaOpen/ros2_prj/ros2_pr_ws/install/user_interfaces
[5.209s] DEBUG:colcon.colcon_core.event_handler.log_command:Invoking command in '/home/chacha/code/repo/ChaChaOpen/ros2_prj/ros2_pr_ws/build/user_interfaces': CMAKE_PREFIX_PATH=${CMAKE_PREFIX_PATH}:/opt/ros/jazzy DEBUGINFOD_URLS=https://debuginfod.ubuntu.com /usr/bin/cmake --build /home/chacha/code/repo/ChaChaOpen/ros2_prj/ros2_pr_ws/build/user_interfaces -- -j8 -l8
[14.232s] DEBUG:colcon.colcon_core.event_handler.log_command:Invoked command in '/home/chacha/code/repo/ChaChaOpen/ros2_prj/ros2_pr_ws/build/user_interfaces' returned '0': CMAKE_PREFIX_PATH=${CMAKE_PREFIX_PATH}:/opt/ros/jazzy DEBUGINFOD_URLS=https://debuginfod.ubuntu.com /usr/bin/cmake --build /home/chacha/code/repo/ChaChaOpen/ros2_prj/ros2_pr_ws/build/user_interfaces -- -j8 -l8
[14.254s] DEBUG:colcon.colcon_core.event_handler.log_command:Invoking command in '/home/chacha/code/repo/ChaChaOpen/ros2_prj/ros2_pr_ws/build/user_interfaces': CMAKE_PREFIX_PATH=${CMAKE_PREFIX_PATH}:/opt/ros/jazzy DEBUGINFOD_URLS=https://debuginfod.ubuntu.com /usr/bin/cmake --install /home/chacha/code/repo/ChaChaOpen/ros2_prj/ros2_pr_ws/build/user_interfaces
[14.540s] Level 1:colcon.colcon_core.environment:create_environment_scripts_only(user_interfaces)
[14.542s] DEBUG:colcon.colcon_core.event_handler.log_command:Invoked command in '/home/chacha/code/repo/ChaChaOpen/ros2_prj/ros2_pr_ws/build/user_interfaces' returned '0': CMAKE_PREFIX_PATH=${CMAKE_PREFIX_PATH}:/opt/ros/jazzy DEBUGINFOD_URLS=https://debuginfod.ubuntu.com /usr/bin/cmake --install /home/chacha/code/repo/ChaChaOpen/ros2_prj/ros2_pr_ws/build/user_interfaces
[14.546s] Level 1:colcon.colcon_core.environment:checking '/home/chacha/code/repo/ChaChaOpen/ros2_prj/ros2_pr_ws/install/user_interfaces' for CMake module files
[14.547s] Level 1:colcon.colcon_core.environment:checking '/home/chacha/code/repo/ChaChaOpen/ros2_prj/ros2_pr_ws/install/user_interfaces' for CMake config files
[14.548s] Level 1:colcon.colcon_core.shell:create_environment_hook('user_interfaces', 'cmake_prefix_path')
[14.548s] INFO:colcon.colcon_core.shell:Creating environment hook '/home/chacha/code/repo/ChaChaOpen/ros2_prj/ros2_pr_ws/install/user_interfaces/share/user_interfaces/hook/cmake_prefix_path.ps1'
[14.549s] INFO:colcon.colcon_core.shell:Creating environment descriptor '/home/chacha/code/repo/ChaChaOpen/ros2_prj/ros2_pr_ws/install/user_interfaces/share/user_interfaces/hook/cmake_prefix_path.dsv'
[14.550s] INFO:colcon.colcon_core.shell:Creating environment hook '/home/chacha/code/repo/ChaChaOpen/ros2_prj/ros2_pr_ws/install/user_interfaces/share/user_interfaces/hook/cmake_prefix_path.sh'
[14.553s] Level 1:colcon.colcon_core.environment:checking '/home/chacha/code/repo/ChaChaOpen/ros2_prj/ros2_pr_ws/install/user_interfaces/lib'
[14.553s] Level 1:colcon.colcon_core.shell:create_environment_hook('user_interfaces', 'ld_library_path_lib')
[14.554s] INFO:colcon.colcon_core.shell:Creating environment hook '/home/chacha/code/repo/ChaChaOpen/ros2_prj/ros2_pr_ws/install/user_interfaces/share/user_interfaces/hook/ld_library_path_lib.ps1'
[14.555s] INFO:colcon.colcon_core.shell:Creating environment descriptor '/home/chacha/code/repo/ChaChaOpen/ros2_prj/ros2_pr_ws/install/user_interfaces/share/user_interfaces/hook/ld_library_path_lib.dsv'
[14.555s] INFO:colcon.colcon_core.shell:Creating environment hook '/home/chacha/code/repo/ChaChaOpen/ros2_prj/ros2_pr_ws/install/user_interfaces/share/user_interfaces/hook/ld_library_path_lib.sh'
[14.556s] Level 1:colcon.colcon_core.environment:checking '/home/chacha/code/repo/ChaChaOpen/ros2_prj/ros2_pr_ws/install/user_interfaces/bin'
[14.556s] Level 1:colcon.colcon_core.environment:checking '/home/chacha/code/repo/ChaChaOpen/ros2_prj/ros2_pr_ws/install/user_interfaces/lib/pkgconfig/user_interfaces.pc'
[14.556s] Level 1:colcon.colcon_core.environment:checking '/home/chacha/code/repo/ChaChaOpen/ros2_prj/ros2_pr_ws/install/user_interfaces/lib/python3.12/site-packages'
[14.557s] Level 1:colcon.colcon_core.shell:create_environment_hook('user_interfaces', 'pythonpath')
[14.557s] INFO:colcon.colcon_core.shell:Creating environment hook '/home/chacha/code/repo/ChaChaOpen/ros2_prj/ros2_pr_ws/install/user_interfaces/share/user_interfaces/hook/pythonpath.ps1'
[14.558s] INFO:colcon.colcon_core.shell:Creating environment descriptor '/home/chacha/code/repo/ChaChaOpen/ros2_prj/ros2_pr_ws/install/user_interfaces/share/user_interfaces/hook/pythonpath.dsv'
[14.558s] INFO:colcon.colcon_core.shell:Creating environment hook '/home/chacha/code/repo/ChaChaOpen/ros2_prj/ros2_pr_ws/install/user_interfaces/share/user_interfaces/hook/pythonpath.sh'
[14.559s] Level 1:colcon.colcon_core.environment:checking '/home/chacha/code/repo/ChaChaOpen/ros2_prj/ros2_pr_ws/install/user_interfaces/bin'
[14.560s] INFO:colcon.colcon_core.shell:Creating package script '/home/chacha/code/repo/ChaChaOpen/ros2_prj/ros2_pr_ws/install/user_interfaces/share/user_interfaces/package.ps1'
[14.564s] INFO:colcon.colcon_core.shell:Creating package descriptor '/home/chacha/code/repo/ChaChaOpen/ros2_prj/ros2_pr_ws/install/user_interfaces/share/user_interfaces/package.dsv'
[14.565s] INFO:colcon.colcon_core.shell:Creating package script '/home/chacha/code/repo/ChaChaOpen/ros2_prj/ros2_pr_ws/install/user_interfaces/share/user_interfaces/package.sh'
[14.567s] INFO:colcon.colcon_core.shell:Creating package script '/home/chacha/code/repo/ChaChaOpen/ros2_prj/ros2_pr_ws/install/user_interfaces/share/user_interfaces/package.bash'
[14.568s] INFO:colcon.colcon_core.shell:Creating package script '/home/chacha/code/repo/ChaChaOpen/ros2_prj/ros2_pr_ws/install/user_interfaces/share/user_interfaces/package.zsh'
[14.569s] Level 1:colcon.colcon_core.environment:create_file_with_runtime_dependencies(/home/chacha/code/repo/ChaChaOpen/ros2_prj/ros2_pr_ws/install/user_interfaces/share/colcon-core/packages/user_interfaces)
[14.570s] Level 1:colcon.colcon_core.environment:create_environment_scripts_only(user_interfaces)
[14.571s] Level 1:colcon.colcon_core.environment:checking '/home/chacha/code/repo/ChaChaOpen/ros2_prj/ros2_pr_ws/install/user_interfaces' for CMake module files
[14.573s] Level 1:colcon.colcon_core.environment:checking '/home/chacha/code/repo/ChaChaOpen/ros2_prj/ros2_pr_ws/install/user_interfaces' for CMake config files
[14.574s] Level 1:colcon.colcon_core.shell:create_environment_hook('user_interfaces', 'cmake_prefix_path')
[14.574s] INFO:colcon.colcon_core.shell:Creating environment hook '/home/chacha/code/repo/ChaChaOpen/ros2_prj/ros2_pr_ws/install/user_interfaces/share/user_interfaces/hook/cmake_prefix_path.ps1'
[14.575s] INFO:colcon.colcon_core.shell:Creating environment descriptor '/home/chacha/code/repo/ChaChaOpen/ros2_prj/ros2_pr_ws/install/user_interfaces/share/user_interfaces/hook/cmake_prefix_path.dsv'
[14.576s] INFO:colcon.colcon_core.shell:Creating environment hook '/home/chacha/code/repo/ChaChaOpen/ros2_prj/ros2_pr_ws/install/user_interfaces/share/user_interfaces/hook/cmake_prefix_path.sh'
[14.578s] Level 1:colcon.colcon_core.environment:checking '/home/chacha/code/repo/ChaChaOpen/ros2_prj/ros2_pr_ws/install/user_interfaces/lib'
[14.578s] Level 1:colcon.colcon_core.shell:create_environment_hook('user_interfaces', 'ld_library_path_lib')
[14.578s] INFO:colcon.colcon_core.shell:Creating environment hook '/home/chacha/code/repo/ChaChaOpen/ros2_prj/ros2_pr_ws/install/user_interfaces/share/user_interfaces/hook/ld_library_path_lib.ps1'
[14.579s] INFO:colcon.colcon_core.shell:Creating environment descriptor '/home/chacha/code/repo/ChaChaOpen/ros2_prj/ros2_pr_ws/install/user_interfaces/share/user_interfaces/hook/ld_library_path_lib.dsv'
[14.580s] INFO:colcon.colcon_core.shell:Creating environment hook '/home/chacha/code/repo/ChaChaOpen/ros2_prj/ros2_pr_ws/install/user_interfaces/share/user_interfaces/hook/ld_library_path_lib.sh'
[14.581s] Level 1:colcon.colcon_core.environment:checking '/home/chacha/code/repo/ChaChaOpen/ros2_prj/ros2_pr_ws/install/user_interfaces/bin'
[14.581s] Level 1:colcon.colcon_core.environment:checking '/home/chacha/code/repo/ChaChaOpen/ros2_prj/ros2_pr_ws/install/user_interfaces/lib/pkgconfig/user_interfaces.pc'
[14.582s] Level 1:colcon.colcon_core.environment:checking '/home/chacha/code/repo/ChaChaOpen/ros2_prj/ros2_pr_ws/install/user_interfaces/lib/python3.12/site-packages'
[14.582s] Level 1:colcon.colcon_core.shell:create_environment_hook('user_interfaces', 'pythonpath')
[14.582s] INFO:colcon.colcon_core.shell:Creating environment hook '/home/chacha/code/repo/ChaChaOpen/ros2_prj/ros2_pr_ws/install/user_interfaces/share/user_interfaces/hook/pythonpath.ps1'
[14.583s] INFO:colcon.colcon_core.shell:Creating environment descriptor '/home/chacha/code/repo/ChaChaOpen/ros2_prj/ros2_pr_ws/install/user_interfaces/share/user_interfaces/hook/pythonpath.dsv'
[14.584s] INFO:colcon.colcon_core.shell:Creating environment hook '/home/chacha/code/repo/ChaChaOpen/ros2_prj/ros2_pr_ws/install/user_interfaces/share/user_interfaces/hook/pythonpath.sh'
[14.586s] Level 1:colcon.colcon_core.environment:checking '/home/chacha/code/repo/ChaChaOpen/ros2_prj/ros2_pr_ws/install/user_interfaces/bin'
[14.587s] INFO:colcon.colcon_core.shell:Creating package script '/home/chacha/code/repo/ChaChaOpen/ros2_prj/ros2_pr_ws/install/user_interfaces/share/user_interfaces/package.ps1'
[14.588s] INFO:colcon.colcon_core.shell:Creating package descriptor '/home/chacha/code/repo/ChaChaOpen/ros2_prj/ros2_pr_ws/install/user_interfaces/share/user_interfaces/package.dsv'
[14.589s] INFO:colcon.colcon_core.shell:Creating package script '/home/chacha/code/repo/ChaChaOpen/ros2_prj/ros2_pr_ws/install/user_interfaces/share/user_interfaces/package.sh'
[14.591s] INFO:colcon.colcon_core.shell:Creating package script '/home/chacha/code/repo/ChaChaOpen/ros2_prj/ros2_pr_ws/install/user_interfaces/share/user_interfaces/package.bash'
[14.592s] INFO:colcon.colcon_core.shell:Creating package script '/home/chacha/code/repo/ChaChaOpen/ros2_prj/ros2_pr_ws/install/user_interfaces/share/user_interfaces/package.zsh'
[14.593s] Level 1:colcon.colcon_core.environment:create_file_with_runtime_dependencies(/home/chacha/code/repo/ChaChaOpen/ros2_prj/ros2_pr_ws/install/user_interfaces/share/colcon-core/packages/user_interfaces)
[14.594s] INFO:colcon.colcon_ros.task.ament_cmake.build:Building ROS package in '/home/chacha/code/repo/ChaChaOpen/ros2_prj/ros2_pr_ws/src/pr_hello' with build type 'ament_cmake'
[14.595s] INFO:colcon.colcon_cmake.task.cmake.build:Building CMake package in '/home/chacha/code/repo/ChaChaOpen/ros2_prj/ros2_pr_ws/src/pr_hello'
[14.595s] INFO:colcon.colcon_core.shell:Skip shell extension 'powershell' for command environment: Not usable outside of PowerShell
[14.595s] DEBUG:colcon.colcon_core.shell:Skip shell extension 'dsv' for command environment
[14.618s] DEBUG:colcon.colcon_core.event_handler.log_command:Invoking command in '/home/chacha/code/repo/ChaChaOpen/ros2_prj/ros2_pr_ws/build/pr_hello': AMENT_PREFIX_PATH=/home/chacha/code/repo/ChaChaOpen/ros2_prj/ros2_pr_ws/install/user_interfaces:${AMENT_PREFIX_PATH} CMAKE_PREFIX_PATH=/home/chacha/code/repo/ChaChaOpen/ros2_prj/ros2_pr_ws/install/user_interfaces:/opt/ros/jazzy/opt/gz_sim_vendor:/opt/ros/jazzy/opt/gz_sensors_vendor:/opt/ros/jazzy/opt/gz_physics_vendor:/opt/ros/jazzy/opt/sdformat_vendor:/opt/ros/jazzy/opt/gz_gui_vendor:/opt/ros/jazzy/opt/gz_transport_vendor:/opt/ros/jazzy/opt/gz_rendering_vendor:/opt/ros/jazzy/opt/gz_plugin_vendor:/opt/ros/jazzy/opt/gz_fuel_tools_vendor:/opt/ros/jazzy/opt/gz_msgs_vendor:/opt/ros/jazzy/opt/gz_common_vendor:/opt/ros/jazzy/opt/gz_math_vendor:/opt/ros/jazzy/opt/gz_utils_vendor:/opt/ros/jazzy/opt/gz_tools_vendor:/opt/ros/jazzy/opt/gz_ogre_next_vendor:/opt/ros/jazzy/opt/gz_dartsim_vendor:/opt/ros/jazzy/opt/gz_cmake_vendor:/opt/ros/jazzy DEBUGINFOD_URLS=https://debuginfod.ubuntu.com LD_LIBRARY_PATH=/home/chacha/code/repo/ChaChaOpen/ros2_prj/ros2_pr_ws/install/user_interfaces/lib:${LD_LIBRARY_PATH} PYTHONPATH=/home/chacha/code/repo/ChaChaOpen/ros2_prj/ros2_pr_ws/install/user_interfaces/lib/python3.12/site-packages:${PYTHONPATH} /usr/bin/cmake /home/chacha/code/repo/ChaChaOpen/ros2_prj/ros2_pr_ws/src/pr_hello -DCMAKE_INSTALL_PREFIX=/home/chacha/code/repo/ChaChaOpen/ros2_prj/ros2_pr_ws/install/pr_hello
[17.563s] DEBUG:colcon.colcon_core.event_handler.log_command:Invoked command in '/home/chacha/code/repo/ChaChaOpen/ros2_prj/ros2_pr_ws/build/pr_hello' returned '0': AMENT_PREFIX_PATH=/home/chacha/code/repo/ChaChaOpen/ros2_prj/ros2_pr_ws/install/user_interfaces:${AMENT_PREFIX_PATH} CMAKE_PREFIX_PATH=/home/chacha/code/repo/ChaChaOpen/ros2_prj/ros2_pr_ws/install/user_interfaces:/opt/ros/jazzy/opt/gz_sim_vendor:/opt/ros/jazzy/opt/gz_sensors_vendor:/opt/ros/jazzy/opt/gz_physics_vendor:/opt/ros/jazzy/opt/sdformat_vendor:/opt/ros/jazzy/opt/gz_gui_vendor:/opt/ros/jazzy/opt/gz_transport_vendor:/opt/ros/jazzy/opt/gz_rendering_vendor:/opt/ros/jazzy/opt/gz_plugin_vendor:/opt/ros/jazzy/opt/gz_fuel_tools_vendor:/opt/ros/jazzy/opt/gz_msgs_vendor:/opt/ros/jazzy/opt/gz_common_vendor:/opt/ros/jazzy/opt/gz_math_vendor:/opt/ros/jazzy/opt/gz_utils_vendor:/opt/ros/jazzy/opt/gz_tools_vendor:/opt/ros/jazzy/opt/gz_ogre_next_vendor:/opt/ros/jazzy/opt/gz_dartsim_vendor:/opt/ros/jazzy/opt/gz_cmake_vendor:/opt/ros/jazzy DEBUGINFOD_URLS=https://debuginfod.ubuntu.com LD_LIBRARY_PATH=/home/chacha/code/repo/ChaChaOpen/ros2_prj/ros2_pr_ws/install/user_interfaces/lib:${LD_LIBRARY_PATH} PYTHONPATH=/home/chacha/code/repo/ChaChaOpen/ros2_prj/ros2_pr_ws/install/user_interfaces/lib/python3.12/site-packages:${PYTHONPATH} /usr/bin/cmake /home/chacha/code/repo/ChaChaOpen/ros2_prj/ros2_pr_ws/src/pr_hello -DCMAKE_INSTALL_PREFIX=/home/chacha/code/repo/ChaChaOpen/ros2_prj/ros2_pr_ws/install/pr_hello
[17.564s] DEBUG:colcon.colcon_core.event_handler.log_command:Invoking command in '/home/chacha/code/repo/ChaChaOpen/ros2_prj/ros2_pr_ws/build/pr_hello': AMENT_PREFIX_PATH=/home/chacha/code/repo/ChaChaOpen/ros2_prj/ros2_pr_ws/install/user_interfaces:${AMENT_PREFIX_PATH} CMAKE_PREFIX_PATH=/home/chacha/code/repo/ChaChaOpen/ros2_prj/ros2_pr_ws/install/user_interfaces:/opt/ros/jazzy/opt/gz_sim_vendor:/opt/ros/jazzy/opt/gz_sensors_vendor:/opt/ros/jazzy/opt/gz_physics_vendor:/opt/ros/jazzy/opt/sdformat_vendor:/opt/ros/jazzy/opt/gz_gui_vendor:/opt/ros/jazzy/opt/gz_transport_vendor:/opt/ros/jazzy/opt/gz_rendering_vendor:/opt/ros/jazzy/opt/gz_plugin_vendor:/opt/ros/jazzy/opt/gz_fuel_tools_vendor:/opt/ros/jazzy/opt/gz_msgs_vendor:/opt/ros/jazzy/opt/gz_common_vendor:/opt/ros/jazzy/opt/gz_math_vendor:/opt/ros/jazzy/opt/gz_utils_vendor:/opt/ros/jazzy/opt/gz_tools_vendor:/opt/ros/jazzy/opt/gz_ogre_next_vendor:/opt/ros/jazzy/opt/gz_dartsim_vendor:/opt/ros/jazzy/opt/gz_cmake_vendor:/opt/ros/jazzy DEBUGINFOD_URLS=https://debuginfod.ubuntu.com LD_LIBRARY_PATH=/home/chacha/code/repo/ChaChaOpen/ros2_prj/ros2_pr_ws/install/user_interfaces/lib:${LD_LIBRARY_PATH} PYTHONPATH=/home/chacha/code/repo/ChaChaOpen/ros2_prj/ros2_pr_ws/install/user_interfaces/lib/python3.12/site-packages:${PYTHONPATH} /usr/bin/cmake --build /home/chacha/code/repo/ChaChaOpen/ros2_prj/ros2_pr_ws/build/pr_hello -- -j8 -l8
[32.816s] DEBUG:colcon.colcon_core.event_handler.log_command:Invoked command in '/home/chacha/code/repo/ChaChaOpen/ros2_prj/ros2_pr_ws/build/pr_hello' returned '0': AMENT_PREFIX_PATH=/home/chacha/code/repo/ChaChaOpen/ros2_prj/ros2_pr_ws/install/user_interfaces:${AMENT_PREFIX_PATH} CMAKE_PREFIX_PATH=/home/chacha/code/repo/ChaChaOpen/ros2_prj/ros2_pr_ws/install/user_interfaces:/opt/ros/jazzy/opt/gz_sim_vendor:/opt/ros/jazzy/opt/gz_sensors_vendor:/opt/ros/jazzy/opt/gz_physics_vendor:/opt/ros/jazzy/opt/sdformat_vendor:/opt/ros/jazzy/opt/gz_gui_vendor:/opt/ros/jazzy/opt/gz_transport_vendor:/opt/ros/jazzy/opt/gz_rendering_vendor:/opt/ros/jazzy/opt/gz_plugin_vendor:/opt/ros/jazzy/opt/gz_fuel_tools_vendor:/opt/ros/jazzy/opt/gz_msgs_vendor:/opt/ros/jazzy/opt/gz_common_vendor:/opt/ros/jazzy/opt/gz_math_vendor:/opt/ros/jazzy/opt/gz_utils_vendor:/opt/ros/jazzy/opt/gz_tools_vendor:/opt/ros/jazzy/opt/gz_ogre_next_vendor:/opt/ros/jazzy/opt/gz_dartsim_vendor:/opt/ros/jazzy/opt/gz_cmake_vendor:/opt/ros/jazzy DEBUGINFOD_URLS=https://debuginfod.ubuntu.com LD_LIBRARY_PATH=/home/chacha/code/repo/ChaChaOpen/ros2_prj/ros2_pr_ws/install/user_interfaces/lib:${LD_LIBRARY_PATH} PYTHONPATH=/home/chacha/code/repo/ChaChaOpen/ros2_prj/ros2_pr_ws/install/user_interfaces/lib/python3.12/site-packages:${PYTHONPATH} /usr/bin/cmake --build /home/chacha/code/repo/ChaChaOpen/ros2_prj/ros2_pr_ws/build/pr_hello -- -j8 -l8
[32.818s] DEBUG:colcon.colcon_core.event_handler.log_command:Invoking command in '/home/chacha/code/repo/ChaChaOpen/ros2_prj/ros2_pr_ws/build/pr_hello': AMENT_PREFIX_PATH=/home/chacha/code/repo/ChaChaOpen/ros2_prj/ros2_pr_ws/install/user_interfaces:${AMENT_PREFIX_PATH} CMAKE_PREFIX_PATH=/home/chacha/code/repo/ChaChaOpen/ros2_prj/ros2_pr_ws/install/user_interfaces:/opt/ros/jazzy/opt/gz_sim_vendor:/opt/ros/jazzy/opt/gz_sensors_vendor:/opt/ros/jazzy/opt/gz_physics_vendor:/opt/ros/jazzy/opt/sdformat_vendor:/opt/ros/jazzy/opt/gz_gui_vendor:/opt/ros/jazzy/opt/gz_transport_vendor:/opt/ros/jazzy/opt/gz_rendering_vendor:/opt/ros/jazzy/opt/gz_plugin_vendor:/opt/ros/jazzy/opt/gz_fuel_tools_vendor:/opt/ros/jazzy/opt/gz_msgs_vendor:/opt/ros/jazzy/opt/gz_common_vendor:/opt/ros/jazzy/opt/gz_math_vendor:/opt/ros/jazzy/opt/gz_utils_vendor:/opt/ros/jazzy/opt/gz_tools_vendor:/opt/ros/jazzy/opt/gz_ogre_next_vendor:/opt/ros/jazzy/opt/gz_dartsim_vendor:/opt/ros/jazzy/opt/gz_cmake_vendor:/opt/ros/jazzy DEBUGINFOD_URLS=https://debuginfod.ubuntu.com LD_LIBRARY_PATH=/home/chacha/code/repo/ChaChaOpen/ros2_prj/ros2_pr_ws/install/user_interfaces/lib:${LD_LIBRARY_PATH} PYTHONPATH=/home/chacha/code/repo/ChaChaOpen/ros2_prj/ros2_pr_ws/install/user_interfaces/lib/python3.12/site-packages:${PYTHONPATH} /usr/bin/cmake --install /home/chacha/code/repo/ChaChaOpen/ros2_prj/ros2_pr_ws/build/pr_hello
[32.842s] Level 1:colcon.colcon_core.environment:create_environment_scripts_only(pr_hello)
[32.842s] Level 1:colcon.colcon_core.environment:checking '/home/chacha/code/repo/ChaChaOpen/ros2_prj/ros2_pr_ws/install/pr_hello' for CMake module files
[32.843s] DEBUG:colcon.colcon_core.event_handler.log_command:Invoked command in '/home/chacha/code/repo/ChaChaOpen/ros2_prj/ros2_pr_ws/build/pr_hello' returned '0': AMENT_PREFIX_PATH=/home/chacha/code/repo/ChaChaOpen/ros2_prj/ros2_pr_ws/install/user_interfaces:${AMENT_PREFIX_PATH} CMAKE_PREFIX_PATH=/home/chacha/code/repo/ChaChaOpen/ros2_prj/ros2_pr_ws/install/user_interfaces:/opt/ros/jazzy/opt/gz_sim_vendor:/opt/ros/jazzy/opt/gz_sensors_vendor:/opt/ros/jazzy/opt/gz_physics_vendor:/opt/ros/jazzy/opt/sdformat_vendor:/opt/ros/jazzy/opt/gz_gui_vendor:/opt/ros/jazzy/opt/gz_transport_vendor:/opt/ros/jazzy/opt/gz_rendering_vendor:/opt/ros/jazzy/opt/gz_plugin_vendor:/opt/ros/jazzy/opt/gz_fuel_tools_vendor:/opt/ros/jazzy/opt/gz_msgs_vendor:/opt/ros/jazzy/opt/gz_common_vendor:/opt/ros/jazzy/opt/gz_math_vendor:/opt/ros/jazzy/opt/gz_utils_vendor:/opt/ros/jazzy/opt/gz_tools_vendor:/opt/ros/jazzy/opt/gz_ogre_next_vendor:/opt/ros/jazzy/opt/gz_dartsim_vendor:/opt/ros/jazzy/opt/gz_cmake_vendor:/opt/ros/jazzy DEBUGINFOD_URLS=https://debuginfod.ubuntu.com LD_LIBRARY_PATH=/home/chacha/code/repo/ChaChaOpen/ros2_prj/ros2_pr_ws/install/user_interfaces/lib:${LD_LIBRARY_PATH} PYTHONPATH=/home/chacha/code/repo/ChaChaOpen/ros2_prj/ros2_pr_ws/install/user_interfaces/lib/python3.12/site-packages:${PYTHONPATH} /usr/bin/cmake --install /home/chacha/code/repo/ChaChaOpen/ros2_prj/ros2_pr_ws/build/pr_hello
[32.844s] Level 1:colcon.colcon_core.environment:checking '/home/chacha/code/repo/ChaChaOpen/ros2_prj/ros2_pr_ws/install/pr_hello' for CMake config files
[32.844s] Level 1:colcon.colcon_core.shell:create_environment_hook('pr_hello', 'cmake_prefix_path')
[32.844s] INFO:colcon.colcon_core.shell:Creating environment hook '/home/chacha/code/repo/ChaChaOpen/ros2_prj/ros2_pr_ws/install/pr_hello/share/pr_hello/hook/cmake_prefix_path.ps1'
[32.845s] INFO:colcon.colcon_core.shell:Creating environment descriptor '/home/chacha/code/repo/ChaChaOpen/ros2_prj/ros2_pr_ws/install/pr_hello/share/pr_hello/hook/cmake_prefix_path.dsv'
[32.845s] INFO:colcon.colcon_core.shell:Creating environment hook '/home/chacha/code/repo/ChaChaOpen/ros2_prj/ros2_pr_ws/install/pr_hello/share/pr_hello/hook/cmake_prefix_path.sh'
[32.846s] Level 1:colcon.colcon_core.environment:checking '/home/chacha/code/repo/ChaChaOpen/ros2_prj/ros2_pr_ws/install/pr_hello/lib'
[32.846s] Level 1:colcon.colcon_core.environment:checking '/home/chacha/code/repo/ChaChaOpen/ros2_prj/ros2_pr_ws/install/pr_hello/bin'
[32.846s] Level 1:colcon.colcon_core.environment:checking '/home/chacha/code/repo/ChaChaOpen/ros2_prj/ros2_pr_ws/install/pr_hello/lib/pkgconfig/pr_hello.pc'
[32.847s] Level 1:colcon.colcon_core.environment:checking '/home/chacha/code/repo/ChaChaOpen/ros2_prj/ros2_pr_ws/install/pr_hello/lib/python3.12/site-packages'
[32.847s] Level 1:colcon.colcon_core.environment:checking '/home/chacha/code/repo/ChaChaOpen/ros2_prj/ros2_pr_ws/install/pr_hello/bin'
[32.847s] INFO:colcon.colcon_core.shell:Creating package script '/home/chacha/code/repo/ChaChaOpen/ros2_prj/ros2_pr_ws/install/pr_hello/share/pr_hello/package.ps1'
[32.848s] INFO:colcon.colcon_core.shell:Creating package descriptor '/home/chacha/code/repo/ChaChaOpen/ros2_prj/ros2_pr_ws/install/pr_hello/share/pr_hello/package.dsv'
[32.849s] INFO:colcon.colcon_core.shell:Creating package script '/home/chacha/code/repo/ChaChaOpen/ros2_prj/ros2_pr_ws/install/pr_hello/share/pr_hello/package.sh'
[32.849s] INFO:colcon.colcon_core.shell:Creating package script '/home/chacha/code/repo/ChaChaOpen/ros2_prj/ros2_pr_ws/install/pr_hello/share/pr_hello/package.bash'
[32.850s] INFO:colcon.colcon_core.shell:Creating package script '/home/chacha/code/repo/ChaChaOpen/ros2_prj/ros2_pr_ws/install/pr_hello/share/pr_hello/package.zsh'
[32.850s] Level 1:colcon.colcon_core.environment:create_file_with_runtime_dependencies(/home/chacha/code/repo/ChaChaOpen/ros2_prj/ros2_pr_ws/install/pr_hello/share/colcon-core/packages/pr_hello)
[32.852s] Level 1:colcon.colcon_core.environment:create_environment_scripts_only(pr_hello)
[32.852s] Level 1:colcon.colcon_core.environment:checking '/home/chacha/code/repo/ChaChaOpen/ros2_prj/ros2_pr_ws/install/pr_hello' for CMake module files
[32.853s] Level 1:colcon.colcon_core.environment:checking '/home/chacha/code/repo/ChaChaOpen/ros2_prj/ros2_pr_ws/install/pr_hello' for CMake config files
[32.853s] Level 1:colcon.colcon_core.shell:create_environment_hook('pr_hello', 'cmake_prefix_path')
[32.853s] INFO:colcon.colcon_core.shell:Creating environment hook '/home/chacha/code/repo/ChaChaOpen/ros2_prj/ros2_pr_ws/install/pr_hello/share/pr_hello/hook/cmake_prefix_path.ps1'
[32.854s] INFO:colcon.colcon_core.shell:Creating environment descriptor '/home/chacha/code/repo/ChaChaOpen/ros2_prj/ros2_pr_ws/install/pr_hello/share/pr_hello/hook/cmake_prefix_path.dsv'
[32.855s] INFO:colcon.colcon_core.shell:Creating environment hook '/home/chacha/code/repo/ChaChaOpen/ros2_prj/ros2_pr_ws/install/pr_hello/share/pr_hello/hook/cmake_prefix_path.sh'
[32.856s] Level 1:colcon.colcon_core.environment:checking '/home/chacha/code/repo/ChaChaOpen/ros2_prj/ros2_pr_ws/install/pr_hello/lib'
[32.856s] Level 1:colcon.colcon_core.environment:checking '/home/chacha/code/repo/ChaChaOpen/ros2_prj/ros2_pr_ws/install/pr_hello/bin'
[32.856s] Level 1:colcon.colcon_core.environment:checking '/home/chacha/code/repo/ChaChaOpen/ros2_prj/ros2_pr_ws/install/pr_hello/lib/pkgconfig/pr_hello.pc'
[32.856s] Level 1:colcon.colcon_core.environment:checking '/home/chacha/code/repo/ChaChaOpen/ros2_prj/ros2_pr_ws/install/pr_hello/lib/python3.12/site-packages'
[32.857s] Level 1:colcon.colcon_core.environment:checking '/home/chacha/code/repo/ChaChaOpen/ros2_prj/ros2_pr_ws/install/pr_hello/bin'
[32.857s] INFO:colcon.colcon_core.shell:Creating package script '/home/chacha/code/repo/ChaChaOpen/ros2_prj/ros2_pr_ws/install/pr_hello/share/pr_hello/package.ps1'
[32.859s] INFO:colcon.colcon_core.shell:Creating package descriptor '/home/chacha/code/repo/ChaChaOpen/ros2_prj/ros2_pr_ws/install/pr_hello/share/pr_hello/package.dsv'
[32.859s] INFO:colcon.colcon_core.shell:Creating package script '/home/chacha/code/repo/ChaChaOpen/ros2_prj/ros2_pr_ws/install/pr_hello/share/pr_hello/package.sh'
[32.860s] INFO:colcon.colcon_core.shell:Creating package script '/home/chacha/code/repo/ChaChaOpen/ros2_prj/ros2_pr_ws/install/pr_hello/share/pr_hello/package.bash'
[32.861s] INFO:colcon.colcon_core.shell:Creating package script '/home/chacha/code/repo/ChaChaOpen/ros2_prj/ros2_pr_ws/install/pr_hello/share/pr_hello/package.zsh'
[32.862s] Level 1:colcon.colcon_core.environment:create_file_with_runtime_dependencies(/home/chacha/code/repo/ChaChaOpen/ros2_prj/ros2_pr_ws/install/pr_hello/share/colcon-core/packages/pr_hello)
[32.862s] DEBUG:colcon.colcon_parallel_executor.executor.parallel:closing loop
[32.863s] DEBUG:colcon.colcon_parallel_executor.executor.parallel:loop closed
[32.863s] DEBUG:colcon.colcon_parallel_executor.executor.parallel:run_until_complete finished with '0'
[32.863s] DEBUG:colcon.colcon_core.event_reactor:joining thread
[32.870s] INFO:colcon.colcon_core.plugin_system:Skipping extension 'colcon_notification.desktop_notification.terminal_notifier': Not used on non-Darwin systems
[32.870s] INFO:colcon.colcon_core.plugin_system:Skipping extension 'colcon_notification.desktop_notification.win32': Not used on non-Windows systems
[32.870s] INFO:colcon.colcon_notification.desktop_notification:Sending desktop notification using 'notify2'
[32.894s] DEBUG:colcon.colcon_core.event_reactor:joined thread
[32.895s] INFO:colcon.colcon_core.shell:Creating prefix script '/home/chacha/code/repo/ChaChaOpen/ros2_prj/ros2_pr_ws/install/local_setup.ps1'
[32.897s] INFO:colcon.colcon_core.shell:Creating prefix util module '/home/chacha/code/repo/ChaChaOpen/ros2_prj/ros2_pr_ws/install/_local_setup_util_ps1.py'
[32.898s] INFO:colcon.colcon_core.shell:Creating prefix chain script '/home/chacha/code/repo/ChaChaOpen/ros2_prj/ros2_pr_ws/install/setup.ps1'
[32.900s] INFO:colcon.colcon_core.shell:Creating prefix script '/home/chacha/code/repo/ChaChaOpen/ros2_prj/ros2_pr_ws/install/local_setup.sh'
[32.901s] INFO:colcon.colcon_core.shell:Creating prefix util module '/home/chacha/code/repo/ChaChaOpen/ros2_prj/ros2_pr_ws/install/_local_setup_util_sh.py'
[32.902s] INFO:colcon.colcon_core.shell:Creating prefix chain script '/home/chacha/code/repo/ChaChaOpen/ros2_prj/ros2_pr_ws/install/setup.sh'
[32.904s] INFO:colcon.colcon_core.shell:Creating prefix script '/home/chacha/code/repo/ChaChaOpen/ros2_prj/ros2_pr_ws/install/local_setup.bash'
[32.905s] INFO:colcon.colcon_core.shell:Creating prefix chain script '/home/chacha/code/repo/ChaChaOpen/ros2_prj/ros2_pr_ws/install/setup.bash'
[32.906s] INFO:colcon.colcon_core.shell:Creating prefix script '/home/chacha/code/repo/ChaChaOpen/ros2_prj/ros2_pr_ws/install/local_setup.zsh'
[32.906s] INFO:colcon.colcon_core.shell:Creating prefix chain script '/home/chacha/code/repo/ChaChaOpen/ros2_prj/ros2_pr_ws/install/setup.zsh'
