[0.091s] DEBUG:colcon:Command line arguments: ['/usr/bin/colcon', 'build', '--packages-select', 'pr_hello', '--cmake-clean-cache']
[0.091s] DEBUG:colcon:Parsed command line arguments: Namespace(log_base=None, log_level=None, verb_name='build', build_base='build', install_base='install', merge_install=False, symlink_install=False, test_result_base=None, continue_on_error=False, executor='parallel', parallel_workers=8, event_handlers=None, ignore_user_meta=False, metas=['./colcon.meta'], base_paths=['.'], packages_ignore=None, packages_ignore_regex=None, paths=None, packages_up_to=None, packages_up_to_regex=None, packages_above=None, packages_above_and_dependencies=None, packages_above_depth=None, packages_select_by_dep=None, packages_skip_by_dep=None, packages_skip_up_to=None, packages_select_build_failed=False, packages_skip_build_finished=False, packages_select_test_failures=False, packages_skip_test_passed=False, packages_select=['pr_hello'], packages_skip=None, packages_select_regex=None, packages_skip_regex=None, packages_start=None, packages_end=None, allow_overriding=[], cmake_args=None, cmake_target=None, cmake_target_skip_unavailable=False, cmake_clean_cache=True, cmake_clean_first=False, cmake_force_configure=False, ament_cmake_args=None, catkin_cmake_args=None, catkin_skip_building_tests=False, verb_parser=<colcon_defaults.argument_parser.defaults.DefaultArgumentsDecorator object at 0x7048050887d0>, verb_extension=<colcon_core.verb.build.BuildVerb object at 0x7048050884d0>, main=<bound method BuildVerb.main of <colcon_core.verb.build.BuildVerb object at 0x7048050884d0>>)
[0.124s] Level 1:colcon.colcon_core.package_discovery:discover_packages(colcon_meta) check parameters
[0.124s] Level 1:colcon.colcon_core.package_discovery:discover_packages(recursive) check parameters
[0.124s] Level 1:colcon.colcon_core.package_discovery:discover_packages(ignore) check parameters
[0.124s] Level 1:colcon.colcon_core.package_discovery:discover_packages(path) check parameters
[0.124s] Level 1:colcon.colcon_core.package_discovery:discover_packages(colcon_meta) discover
[0.124s] Level 1:colcon.colcon_core.package_discovery:discover_packages(recursive) discover
[0.124s] INFO:colcon.colcon_core.package_discovery:Crawling recursively for packages in '/home/chacha/code/repo/ChaChaOpen/ros2_prj/ros2_pr_ws'
[0.124s] Level 1:colcon.colcon_core.package_identification:_identify(.) by extensions ['ignore', 'ignore_ament_install']
[0.125s] Level 1:colcon.colcon_core.package_identification:_identify(.) by extension 'ignore'
[0.125s] Level 1:colcon.colcon_core.package_identification:_identify(.) by extension 'ignore_ament_install'
[0.125s] Level 1:colcon.colcon_core.package_identification:_identify(.) by extensions ['colcon_pkg']
[0.125s] Level 1:colcon.colcon_core.package_identification:_identify(.) by extension 'colcon_pkg'
[0.125s] Level 1:colcon.colcon_core.package_identification:_identify(.) by extensions ['colcon_meta']
[0.125s] Level 1:colcon.colcon_core.package_identification:_identify(.) by extension 'colcon_meta'
[0.125s] Level 1:colcon.colcon_core.package_identification:_identify(.) by extensions ['ros']
[0.125s] Level 1:colcon.colcon_core.package_identification:_identify(.) by extension 'ros'
[0.143s] Level 1:colcon.colcon_core.package_identification:_identify(.) by extensions ['cmake', 'python']
[0.143s] Level 1:colcon.colcon_core.package_identification:_identify(.) by extension 'cmake'
[0.143s] Level 1:colcon.colcon_core.package_identification:_identify(.) by extension 'python'
[0.143s] Level 1:colcon.colcon_core.package_identification:_identify(.) by extensions ['python_setup_py']
[0.143s] Level 1:colcon.colcon_core.package_identification:_identify(.) by extension 'python_setup_py'
[0.143s] Level 1:colcon.colcon_core.package_identification:_identify(build) by extensions ['ignore', 'ignore_ament_install']
[0.143s] Level 1:colcon.colcon_core.package_identification:_identify(build) by extension 'ignore'
[0.143s] Level 1:colcon.colcon_core.package_identification:_identify(build) ignored
[0.143s] Level 1:colcon.colcon_core.package_identification:_identify(install) by extensions ['ignore', 'ignore_ament_install']
[0.144s] Level 1:colcon.colcon_core.package_identification:_identify(install) by extension 'ignore'
[0.144s] Level 1:colcon.colcon_core.package_identification:_identify(install) ignored
[0.144s] Level 1:colcon.colcon_core.package_identification:_identify(log) by extensions ['ignore', 'ignore_ament_install']
[0.144s] Level 1:colcon.colcon_core.package_identification:_identify(log) by extension 'ignore'
[0.144s] Level 1:colcon.colcon_core.package_identification:_identify(log) ignored
[0.144s] Level 1:colcon.colcon_core.package_identification:_identify(src) by extensions ['ignore', 'ignore_ament_install']
[0.144s] Level 1:colcon.colcon_core.package_identification:_identify(src) by extension 'ignore'
[0.144s] Level 1:colcon.colcon_core.package_identification:_identify(src) by extension 'ignore_ament_install'
[0.144s] Level 1:colcon.colcon_core.package_identification:_identify(src) by extensions ['colcon_pkg']
[0.144s] Level 1:colcon.colcon_core.package_identification:_identify(src) by extension 'colcon_pkg'
[0.144s] Level 1:colcon.colcon_core.package_identification:_identify(src) by extensions ['colcon_meta']
[0.144s] Level 1:colcon.colcon_core.package_identification:_identify(src) by extension 'colcon_meta'
[0.144s] Level 1:colcon.colcon_core.package_identification:_identify(src) by extensions ['ros']
[0.144s] Level 1:colcon.colcon_core.package_identification:_identify(src) by extension 'ros'
[0.144s] Level 1:colcon.colcon_core.package_identification:_identify(src) by extensions ['cmake', 'python']
[0.144s] Level 1:colcon.colcon_core.package_identification:_identify(src) by extension 'cmake'
[0.144s] Level 1:colcon.colcon_core.package_identification:_identify(src) by extension 'python'
[0.144s] Level 1:colcon.colcon_core.package_identification:_identify(src) by extensions ['python_setup_py']
[0.144s] Level 1:colcon.colcon_core.package_identification:_identify(src) by extension 'python_setup_py'
[0.144s] Level 1:colcon.colcon_core.package_identification:_identify(src/pr_hello) by extensions ['ignore', 'ignore_ament_install']
[0.144s] Level 1:colcon.colcon_core.package_identification:_identify(src/pr_hello) by extension 'ignore'
[0.144s] Level 1:colcon.colcon_core.package_identification:_identify(src/pr_hello) by extension 'ignore_ament_install'
[0.144s] Level 1:colcon.colcon_core.package_identification:_identify(src/pr_hello) by extensions ['colcon_pkg']
[0.144s] Level 1:colcon.colcon_core.package_identification:_identify(src/pr_hello) by extension 'colcon_pkg'
[0.144s] Level 1:colcon.colcon_core.package_identification:_identify(src/pr_hello) by extensions ['colcon_meta']
[0.144s] Level 1:colcon.colcon_core.package_identification:_identify(src/pr_hello) by extension 'colcon_meta'
[0.145s] Level 1:colcon.colcon_core.package_identification:_identify(src/pr_hello) by extensions ['ros']
[0.145s] Level 1:colcon.colcon_core.package_identification:_identify(src/pr_hello) by extension 'ros'
[0.147s] DEBUG:colcon.colcon_core.package_identification:Package 'src/pr_hello' with type 'ros.ament_cmake' and name 'pr_hello'
[0.147s] Level 1:colcon.colcon_core.package_identification:_identify(src/user_interfaces) by extensions ['ignore', 'ignore_ament_install']
[0.147s] Level 1:colcon.colcon_core.package_identification:_identify(src/user_interfaces) by extension 'ignore'
[0.147s] Level 1:colcon.colcon_core.package_identification:_identify(src/user_interfaces) by extension 'ignore_ament_install'
[0.147s] Level 1:colcon.colcon_core.package_identification:_identify(src/user_interfaces) by extensions ['colcon_pkg']
[0.147s] Level 1:colcon.colcon_core.package_identification:_identify(src/user_interfaces) by extension 'colcon_pkg'
[0.147s] Level 1:colcon.colcon_core.package_identification:_identify(src/user_interfaces) by extensions ['colcon_meta']
[0.147s] Level 1:colcon.colcon_core.package_identification:_identify(src/user_interfaces) by extension 'colcon_meta'
[0.147s] Level 1:colcon.colcon_core.package_identification:_identify(src/user_interfaces) by extensions ['ros']
[0.147s] Level 1:colcon.colcon_core.package_identification:_identify(src/user_interfaces) by extension 'ros'
[0.148s] DEBUG:colcon.colcon_core.package_identification:Package 'src/user_interfaces' with type 'ros.ament_cmake' and name 'user_interfaces'
[0.148s] Level 1:colcon.colcon_core.package_discovery:discover_packages(recursive) using defaults
[0.148s] Level 1:colcon.colcon_core.package_discovery:discover_packages(ignore) discover
[0.148s] Level 1:colcon.colcon_core.package_discovery:discover_packages(ignore) using defaults
[0.148s] Level 1:colcon.colcon_core.package_discovery:discover_packages(path) discover
[0.148s] Level 1:colcon.colcon_core.package_discovery:discover_packages(path) using defaults
[0.160s] INFO:colcon.colcon_core.package_selection:Skipping not selected package 'user_interfaces' in 'src/user_interfaces'
[0.160s] Level 1:colcon.colcon_core.package_discovery:discover_packages(prefix_path) check parameters
[0.160s] Level 1:colcon.colcon_core.package_discovery:discover_packages(prefix_path) discover
[0.162s] DEBUG:colcon.colcon_installed_package_information.package_discovery:Found 318 installed packages in /opt/ros/jazzy
[0.162s] Level 1:colcon.colcon_core.package_discovery:discover_packages(prefix_path) using defaults
[0.191s] Level 5:colcon.colcon_core.verb:set package 'pr_hello' build argument 'cmake_args' from command line to 'None'
[0.191s] Level 5:colcon.colcon_core.verb:set package 'pr_hello' build argument 'cmake_target' from command line to 'None'
[0.191s] Level 5:colcon.colcon_core.verb:set package 'pr_hello' build argument 'cmake_target_skip_unavailable' from command line to 'False'
[0.191s] Level 5:colcon.colcon_core.verb:set package 'pr_hello' build argument 'cmake_clean_cache' from command line to 'True'
[0.191s] Level 5:colcon.colcon_core.verb:set package 'pr_hello' build argument 'cmake_clean_first' from command line to 'False'
[0.191s] Level 5:colcon.colcon_core.verb:set package 'pr_hello' build argument 'cmake_force_configure' from command line to 'False'
[0.191s] Level 5:colcon.colcon_core.verb:set package 'pr_hello' build argument 'ament_cmake_args' from command line to 'None'
[0.191s] Level 5:colcon.colcon_core.verb:set package 'pr_hello' build argument 'catkin_cmake_args' from command line to 'None'
[0.191s] Level 5:colcon.colcon_core.verb:set package 'pr_hello' build argument 'catkin_skip_building_tests' from command line to 'False'
[0.191s] DEBUG:colcon.colcon_core.verb:Building package 'pr_hello' with the following arguments: {'ament_cmake_args': None, 'build_base': '/home/chacha/code/repo/ChaChaOpen/ros2_prj/ros2_pr_ws/build/pr_hello', 'catkin_cmake_args': None, 'catkin_skip_building_tests': False, 'cmake_args': None, 'cmake_clean_cache': True, 'cmake_clean_first': False, 'cmake_force_configure': False, 'cmake_target': None, 'cmake_target_skip_unavailable': False, 'install_base': '/home/chacha/code/repo/ChaChaOpen/ros2_prj/ros2_pr_ws/install/pr_hello', 'merge_install': False, 'path': '/home/chacha/code/repo/ChaChaOpen/ros2_prj/ros2_pr_ws/src/pr_hello', 'symlink_install': False, 'test_result_base': None}
[0.192s] INFO:colcon.colcon_core.executor:Executing jobs using 'parallel' executor
[0.193s] DEBUG:colcon.colcon_parallel_executor.executor.parallel:run_until_complete
[0.193s] INFO:colcon.colcon_ros.task.ament_cmake.build:Building ROS package in '/home/chacha/code/repo/ChaChaOpen/ros2_prj/ros2_pr_ws/src/pr_hello' with build type 'ament_cmake'
[0.193s] INFO:colcon.colcon_cmake.task.cmake.build:Building CMake package in '/home/chacha/code/repo/ChaChaOpen/ros2_prj/ros2_pr_ws/src/pr_hello'
[0.194s] INFO:colcon.colcon_core.plugin_system:Skipping extension 'colcon_core.shell.bat': Not used on non-Windows systems
[0.194s] INFO:colcon.colcon_core.shell:Skip shell extension 'powershell' for command environment: Not usable outside of PowerShell
[0.194s] DEBUG:colcon.colcon_core.shell:Skip shell extension 'dsv' for command environment
[0.202s] DEBUG:colcon.colcon_core.event_handler.log_command:Invoking command in '/home/chacha/code/repo/ChaChaOpen/ros2_prj/ros2_pr_ws/build/pr_hello': AMENT_PREFIX_PATH=/home/chacha/code/repo/ChaChaOpen/ros2_prj/ros2_pr_ws/install/user_interfaces:${AMENT_PREFIX_PATH} CMAKE_PREFIX_PATH=/home/chacha/code/repo/ChaChaOpen/ros2_prj/ros2_pr_ws/install/user_interfaces:/opt/ros/jazzy/opt/gz_sim_vendor:/opt/ros/jazzy/opt/gz_sensors_vendor:/opt/ros/jazzy/opt/gz_physics_vendor:/opt/ros/jazzy/opt/sdformat_vendor:/opt/ros/jazzy/opt/gz_gui_vendor:/opt/ros/jazzy/opt/gz_transport_vendor:/opt/ros/jazzy/opt/gz_rendering_vendor:/opt/ros/jazzy/opt/gz_plugin_vendor:/opt/ros/jazzy/opt/gz_fuel_tools_vendor:/opt/ros/jazzy/opt/gz_msgs_vendor:/opt/ros/jazzy/opt/gz_common_vendor:/opt/ros/jazzy/opt/gz_math_vendor:/opt/ros/jazzy/opt/gz_utils_vendor:/opt/ros/jazzy/opt/gz_tools_vendor:/opt/ros/jazzy/opt/gz_ogre_next_vendor:/opt/ros/jazzy/opt/gz_dartsim_vendor:/opt/ros/jazzy/opt/gz_cmake_vendor:/opt/ros/jazzy DEBUGINFOD_URLS=https://debuginfod.ubuntu.com LD_LIBRARY_PATH=/home/chacha/code/repo/ChaChaOpen/ros2_prj/ros2_pr_ws/install/user_interfaces/lib:${LD_LIBRARY_PATH} PYTHONPATH=/home/chacha/code/repo/ChaChaOpen/ros2_prj/ros2_pr_ws/install/user_interfaces/lib/python3.12/site-packages:${PYTHONPATH} /usr/bin/cmake /home/chacha/code/repo/ChaChaOpen/ros2_prj/ros2_pr_ws/src/pr_hello -DCMAKE_INSTALL_PREFIX=/home/chacha/code/repo/ChaChaOpen/ros2_prj/ros2_pr_ws/install/pr_hello
[1.490s] DEBUG:colcon.colcon_core.event_handler.log_command:Invoked command in '/home/chacha/code/repo/ChaChaOpen/ros2_prj/ros2_pr_ws/build/pr_hello' returned '0': AMENT_PREFIX_PATH=/home/chacha/code/repo/ChaChaOpen/ros2_prj/ros2_pr_ws/install/user_interfaces:${AMENT_PREFIX_PATH} CMAKE_PREFIX_PATH=/home/chacha/code/repo/ChaChaOpen/ros2_prj/ros2_pr_ws/install/user_interfaces:/opt/ros/jazzy/opt/gz_sim_vendor:/opt/ros/jazzy/opt/gz_sensors_vendor:/opt/ros/jazzy/opt/gz_physics_vendor:/opt/ros/jazzy/opt/sdformat_vendor:/opt/ros/jazzy/opt/gz_gui_vendor:/opt/ros/jazzy/opt/gz_transport_vendor:/opt/ros/jazzy/opt/gz_rendering_vendor:/opt/ros/jazzy/opt/gz_plugin_vendor:/opt/ros/jazzy/opt/gz_fuel_tools_vendor:/opt/ros/jazzy/opt/gz_msgs_vendor:/opt/ros/jazzy/opt/gz_common_vendor:/opt/ros/jazzy/opt/gz_math_vendor:/opt/ros/jazzy/opt/gz_utils_vendor:/opt/ros/jazzy/opt/gz_tools_vendor:/opt/ros/jazzy/opt/gz_ogre_next_vendor:/opt/ros/jazzy/opt/gz_dartsim_vendor:/opt/ros/jazzy/opt/gz_cmake_vendor:/opt/ros/jazzy DEBUGINFOD_URLS=https://debuginfod.ubuntu.com LD_LIBRARY_PATH=/home/chacha/code/repo/ChaChaOpen/ros2_prj/ros2_pr_ws/install/user_interfaces/lib:${LD_LIBRARY_PATH} PYTHONPATH=/home/chacha/code/repo/ChaChaOpen/ros2_prj/ros2_pr_ws/install/user_interfaces/lib/python3.12/site-packages:${PYTHONPATH} /usr/bin/cmake /home/chacha/code/repo/ChaChaOpen/ros2_prj/ros2_pr_ws/src/pr_hello -DCMAKE_INSTALL_PREFIX=/home/chacha/code/repo/ChaChaOpen/ros2_prj/ros2_pr_ws/install/pr_hello
[1.491s] DEBUG:colcon.colcon_core.event_handler.log_command:Invoking command in '/home/chacha/code/repo/ChaChaOpen/ros2_prj/ros2_pr_ws/build/pr_hello': AMENT_PREFIX_PATH=/home/chacha/code/repo/ChaChaOpen/ros2_prj/ros2_pr_ws/install/user_interfaces:${AMENT_PREFIX_PATH} CMAKE_PREFIX_PATH=/home/chacha/code/repo/ChaChaOpen/ros2_prj/ros2_pr_ws/install/user_interfaces:/opt/ros/jazzy/opt/gz_sim_vendor:/opt/ros/jazzy/opt/gz_sensors_vendor:/opt/ros/jazzy/opt/gz_physics_vendor:/opt/ros/jazzy/opt/sdformat_vendor:/opt/ros/jazzy/opt/gz_gui_vendor:/opt/ros/jazzy/opt/gz_transport_vendor:/opt/ros/jazzy/opt/gz_rendering_vendor:/opt/ros/jazzy/opt/gz_plugin_vendor:/opt/ros/jazzy/opt/gz_fuel_tools_vendor:/opt/ros/jazzy/opt/gz_msgs_vendor:/opt/ros/jazzy/opt/gz_common_vendor:/opt/ros/jazzy/opt/gz_math_vendor:/opt/ros/jazzy/opt/gz_utils_vendor:/opt/ros/jazzy/opt/gz_tools_vendor:/opt/ros/jazzy/opt/gz_ogre_next_vendor:/opt/ros/jazzy/opt/gz_dartsim_vendor:/opt/ros/jazzy/opt/gz_cmake_vendor:/opt/ros/jazzy DEBUGINFOD_URLS=https://debuginfod.ubuntu.com LD_LIBRARY_PATH=/home/chacha/code/repo/ChaChaOpen/ros2_prj/ros2_pr_ws/install/user_interfaces/lib:${LD_LIBRARY_PATH} PYTHONPATH=/home/chacha/code/repo/ChaChaOpen/ros2_prj/ros2_pr_ws/install/user_interfaces/lib/python3.12/site-packages:${PYTHONPATH} /usr/bin/cmake --build /home/chacha/code/repo/ChaChaOpen/ros2_prj/ros2_pr_ws/build/pr_hello -- -j8 -l8
[1.566s] DEBUG:colcon.colcon_core.event_handler.log_command:Invoked command in '/home/chacha/code/repo/ChaChaOpen/ros2_prj/ros2_pr_ws/build/pr_hello' returned '0': AMENT_PREFIX_PATH=/home/chacha/code/repo/ChaChaOpen/ros2_prj/ros2_pr_ws/install/user_interfaces:${AMENT_PREFIX_PATH} CMAKE_PREFIX_PATH=/home/chacha/code/repo/ChaChaOpen/ros2_prj/ros2_pr_ws/install/user_interfaces:/opt/ros/jazzy/opt/gz_sim_vendor:/opt/ros/jazzy/opt/gz_sensors_vendor:/opt/ros/jazzy/opt/gz_physics_vendor:/opt/ros/jazzy/opt/sdformat_vendor:/opt/ros/jazzy/opt/gz_gui_vendor:/opt/ros/jazzy/opt/gz_transport_vendor:/opt/ros/jazzy/opt/gz_rendering_vendor:/opt/ros/jazzy/opt/gz_plugin_vendor:/opt/ros/jazzy/opt/gz_fuel_tools_vendor:/opt/ros/jazzy/opt/gz_msgs_vendor:/opt/ros/jazzy/opt/gz_common_vendor:/opt/ros/jazzy/opt/gz_math_vendor:/opt/ros/jazzy/opt/gz_utils_vendor:/opt/ros/jazzy/opt/gz_tools_vendor:/opt/ros/jazzy/opt/gz_ogre_next_vendor:/opt/ros/jazzy/opt/gz_dartsim_vendor:/opt/ros/jazzy/opt/gz_cmake_vendor:/opt/ros/jazzy DEBUGINFOD_URLS=https://debuginfod.ubuntu.com LD_LIBRARY_PATH=/home/chacha/code/repo/ChaChaOpen/ros2_prj/ros2_pr_ws/install/user_interfaces/lib:${LD_LIBRARY_PATH} PYTHONPATH=/home/chacha/code/repo/ChaChaOpen/ros2_prj/ros2_pr_ws/install/user_interfaces/lib/python3.12/site-packages:${PYTHONPATH} /usr/bin/cmake --build /home/chacha/code/repo/ChaChaOpen/ros2_prj/ros2_pr_ws/build/pr_hello -- -j8 -l8
[1.577s] DEBUG:colcon.colcon_core.event_handler.log_command:Invoking command in '/home/chacha/code/repo/ChaChaOpen/ros2_prj/ros2_pr_ws/build/pr_hello': AMENT_PREFIX_PATH=/home/chacha/code/repo/ChaChaOpen/ros2_prj/ros2_pr_ws/install/user_interfaces:${AMENT_PREFIX_PATH} CMAKE_PREFIX_PATH=/home/chacha/code/repo/ChaChaOpen/ros2_prj/ros2_pr_ws/install/user_interfaces:/opt/ros/jazzy/opt/gz_sim_vendor:/opt/ros/jazzy/opt/gz_sensors_vendor:/opt/ros/jazzy/opt/gz_physics_vendor:/opt/ros/jazzy/opt/sdformat_vendor:/opt/ros/jazzy/opt/gz_gui_vendor:/opt/ros/jazzy/opt/gz_transport_vendor:/opt/ros/jazzy/opt/gz_rendering_vendor:/opt/ros/jazzy/opt/gz_plugin_vendor:/opt/ros/jazzy/opt/gz_fuel_tools_vendor:/opt/ros/jazzy/opt/gz_msgs_vendor:/opt/ros/jazzy/opt/gz_common_vendor:/opt/ros/jazzy/opt/gz_math_vendor:/opt/ros/jazzy/opt/gz_utils_vendor:/opt/ros/jazzy/opt/gz_tools_vendor:/opt/ros/jazzy/opt/gz_ogre_next_vendor:/opt/ros/jazzy/opt/gz_dartsim_vendor:/opt/ros/jazzy/opt/gz_cmake_vendor:/opt/ros/jazzy DEBUGINFOD_URLS=https://debuginfod.ubuntu.com LD_LIBRARY_PATH=/home/chacha/code/repo/ChaChaOpen/ros2_prj/ros2_pr_ws/install/user_interfaces/lib:${LD_LIBRARY_PATH} PYTHONPATH=/home/chacha/code/repo/ChaChaOpen/ros2_prj/ros2_pr_ws/install/user_interfaces/lib/python3.12/site-packages:${PYTHONPATH} /usr/bin/cmake --install /home/chacha/code/repo/ChaChaOpen/ros2_prj/ros2_pr_ws/build/pr_hello
[1.588s] Level 1:colcon.colcon_core.environment:create_environment_scripts_only(pr_hello)
[1.589s] DEBUG:colcon.colcon_core.event_handler.log_command:Invoked command in '/home/chacha/code/repo/ChaChaOpen/ros2_prj/ros2_pr_ws/build/pr_hello' returned '0': AMENT_PREFIX_PATH=/home/chacha/code/repo/ChaChaOpen/ros2_prj/ros2_pr_ws/install/user_interfaces:${AMENT_PREFIX_PATH} CMAKE_PREFIX_PATH=/home/chacha/code/repo/ChaChaOpen/ros2_prj/ros2_pr_ws/install/user_interfaces:/opt/ros/jazzy/opt/gz_sim_vendor:/opt/ros/jazzy/opt/gz_sensors_vendor:/opt/ros/jazzy/opt/gz_physics_vendor:/opt/ros/jazzy/opt/sdformat_vendor:/opt/ros/jazzy/opt/gz_gui_vendor:/opt/ros/jazzy/opt/gz_transport_vendor:/opt/ros/jazzy/opt/gz_rendering_vendor:/opt/ros/jazzy/opt/gz_plugin_vendor:/opt/ros/jazzy/opt/gz_fuel_tools_vendor:/opt/ros/jazzy/opt/gz_msgs_vendor:/opt/ros/jazzy/opt/gz_common_vendor:/opt/ros/jazzy/opt/gz_math_vendor:/opt/ros/jazzy/opt/gz_utils_vendor:/opt/ros/jazzy/opt/gz_tools_vendor:/opt/ros/jazzy/opt/gz_ogre_next_vendor:/opt/ros/jazzy/opt/gz_dartsim_vendor:/opt/ros/jazzy/opt/gz_cmake_vendor:/opt/ros/jazzy DEBUGINFOD_URLS=https://debuginfod.ubuntu.com LD_LIBRARY_PATH=/home/chacha/code/repo/ChaChaOpen/ros2_prj/ros2_pr_ws/install/user_interfaces/lib:${LD_LIBRARY_PATH} PYTHONPATH=/home/chacha/code/repo/ChaChaOpen/ros2_prj/ros2_pr_ws/install/user_interfaces/lib/python3.12/site-packages:${PYTHONPATH} /usr/bin/cmake --install /home/chacha/code/repo/ChaChaOpen/ros2_prj/ros2_pr_ws/build/pr_hello
[1.590s] Level 1:colcon.colcon_core.environment:checking '/home/chacha/code/repo/ChaChaOpen/ros2_prj/ros2_pr_ws/install/pr_hello' for CMake module files
[1.590s] Level 1:colcon.colcon_core.environment:checking '/home/chacha/code/repo/ChaChaOpen/ros2_prj/ros2_pr_ws/install/pr_hello' for CMake config files
[1.590s] Level 1:colcon.colcon_core.shell:create_environment_hook('pr_hello', 'cmake_prefix_path')
[1.591s] INFO:colcon.colcon_core.shell:Creating environment hook '/home/chacha/code/repo/ChaChaOpen/ros2_prj/ros2_pr_ws/install/pr_hello/share/pr_hello/hook/cmake_prefix_path.ps1'
[1.591s] INFO:colcon.colcon_core.shell:Creating environment descriptor '/home/chacha/code/repo/ChaChaOpen/ros2_prj/ros2_pr_ws/install/pr_hello/share/pr_hello/hook/cmake_prefix_path.dsv'
[1.591s] INFO:colcon.colcon_core.shell:Creating environment hook '/home/chacha/code/repo/ChaChaOpen/ros2_prj/ros2_pr_ws/install/pr_hello/share/pr_hello/hook/cmake_prefix_path.sh'
[1.592s] Level 1:colcon.colcon_core.environment:checking '/home/chacha/code/repo/ChaChaOpen/ros2_prj/ros2_pr_ws/install/pr_hello/lib'
[1.592s] Level 1:colcon.colcon_core.environment:checking '/home/chacha/code/repo/ChaChaOpen/ros2_prj/ros2_pr_ws/install/pr_hello/bin'
[1.592s] Level 1:colcon.colcon_core.environment:checking '/home/chacha/code/repo/ChaChaOpen/ros2_prj/ros2_pr_ws/install/pr_hello/lib/pkgconfig/pr_hello.pc'
[1.592s] Level 1:colcon.colcon_core.environment:checking '/home/chacha/code/repo/ChaChaOpen/ros2_prj/ros2_pr_ws/install/pr_hello/lib/python3.12/site-packages'
[1.593s] Level 1:colcon.colcon_core.environment:checking '/home/chacha/code/repo/ChaChaOpen/ros2_prj/ros2_pr_ws/install/pr_hello/bin'
[1.593s] INFO:colcon.colcon_core.shell:Creating package script '/home/chacha/code/repo/ChaChaOpen/ros2_prj/ros2_pr_ws/install/pr_hello/share/pr_hello/package.ps1'
[1.594s] INFO:colcon.colcon_core.shell:Creating package descriptor '/home/chacha/code/repo/ChaChaOpen/ros2_prj/ros2_pr_ws/install/pr_hello/share/pr_hello/package.dsv'
[1.595s] INFO:colcon.colcon_core.shell:Creating package script '/home/chacha/code/repo/ChaChaOpen/ros2_prj/ros2_pr_ws/install/pr_hello/share/pr_hello/package.sh'
[1.595s] INFO:colcon.colcon_core.shell:Creating package script '/home/chacha/code/repo/ChaChaOpen/ros2_prj/ros2_pr_ws/install/pr_hello/share/pr_hello/package.bash'
[1.596s] INFO:colcon.colcon_core.shell:Creating package script '/home/chacha/code/repo/ChaChaOpen/ros2_prj/ros2_pr_ws/install/pr_hello/share/pr_hello/package.zsh'
[1.596s] Level 1:colcon.colcon_core.environment:create_file_with_runtime_dependencies(/home/chacha/code/repo/ChaChaOpen/ros2_prj/ros2_pr_ws/install/pr_hello/share/colcon-core/packages/pr_hello)
[1.597s] Level 1:colcon.colcon_core.environment:create_environment_scripts_only(pr_hello)
[1.597s] Level 1:colcon.colcon_core.environment:checking '/home/chacha/code/repo/ChaChaOpen/ros2_prj/ros2_pr_ws/install/pr_hello' for CMake module files
[1.597s] Level 1:colcon.colcon_core.environment:checking '/home/chacha/code/repo/ChaChaOpen/ros2_prj/ros2_pr_ws/install/pr_hello' for CMake config files
[1.598s] Level 1:colcon.colcon_core.shell:create_environment_hook('pr_hello', 'cmake_prefix_path')
[1.598s] INFO:colcon.colcon_core.shell:Creating environment hook '/home/chacha/code/repo/ChaChaOpen/ros2_prj/ros2_pr_ws/install/pr_hello/share/pr_hello/hook/cmake_prefix_path.ps1'
[1.598s] INFO:colcon.colcon_core.shell:Creating environment descriptor '/home/chacha/code/repo/ChaChaOpen/ros2_prj/ros2_pr_ws/install/pr_hello/share/pr_hello/hook/cmake_prefix_path.dsv'
[1.598s] INFO:colcon.colcon_core.shell:Creating environment hook '/home/chacha/code/repo/ChaChaOpen/ros2_prj/ros2_pr_ws/install/pr_hello/share/pr_hello/hook/cmake_prefix_path.sh'
[1.599s] Level 1:colcon.colcon_core.environment:checking '/home/chacha/code/repo/ChaChaOpen/ros2_prj/ros2_pr_ws/install/pr_hello/lib'
[1.599s] Level 1:colcon.colcon_core.environment:checking '/home/chacha/code/repo/ChaChaOpen/ros2_prj/ros2_pr_ws/install/pr_hello/bin'
[1.599s] Level 1:colcon.colcon_core.environment:checking '/home/chacha/code/repo/ChaChaOpen/ros2_prj/ros2_pr_ws/install/pr_hello/lib/pkgconfig/pr_hello.pc'
[1.599s] Level 1:colcon.colcon_core.environment:checking '/home/chacha/code/repo/ChaChaOpen/ros2_prj/ros2_pr_ws/install/pr_hello/lib/python3.12/site-packages'
[1.599s] Level 1:colcon.colcon_core.environment:checking '/home/chacha/code/repo/ChaChaOpen/ros2_prj/ros2_pr_ws/install/pr_hello/bin'
[1.599s] INFO:colcon.colcon_core.shell:Creating package script '/home/chacha/code/repo/ChaChaOpen/ros2_prj/ros2_pr_ws/install/pr_hello/share/pr_hello/package.ps1'
[1.600s] INFO:colcon.colcon_core.shell:Creating package descriptor '/home/chacha/code/repo/ChaChaOpen/ros2_prj/ros2_pr_ws/install/pr_hello/share/pr_hello/package.dsv'
[1.600s] INFO:colcon.colcon_core.shell:Creating package script '/home/chacha/code/repo/ChaChaOpen/ros2_prj/ros2_pr_ws/install/pr_hello/share/pr_hello/package.sh'
[1.600s] INFO:colcon.colcon_core.shell:Creating package script '/home/chacha/code/repo/ChaChaOpen/ros2_prj/ros2_pr_ws/install/pr_hello/share/pr_hello/package.bash'
[1.600s] INFO:colcon.colcon_core.shell:Creating package script '/home/chacha/code/repo/ChaChaOpen/ros2_prj/ros2_pr_ws/install/pr_hello/share/pr_hello/package.zsh'
[1.601s] Level 1:colcon.colcon_core.environment:create_file_with_runtime_dependencies(/home/chacha/code/repo/ChaChaOpen/ros2_prj/ros2_pr_ws/install/pr_hello/share/colcon-core/packages/pr_hello)
[1.601s] DEBUG:colcon.colcon_parallel_executor.executor.parallel:closing loop
[1.601s] DEBUG:colcon.colcon_parallel_executor.executor.parallel:loop closed
[1.601s] DEBUG:colcon.colcon_parallel_executor.executor.parallel:run_until_complete finished with '0'
[1.601s] DEBUG:colcon.colcon_core.event_reactor:joining thread
[1.608s] INFO:colcon.colcon_core.plugin_system:Skipping extension 'colcon_notification.desktop_notification.terminal_notifier': Not used on non-Darwin systems
[1.608s] INFO:colcon.colcon_core.plugin_system:Skipping extension 'colcon_notification.desktop_notification.win32': Not used on non-Windows systems
[1.608s] INFO:colcon.colcon_notification.desktop_notification:Sending desktop notification using 'notify2'
[1.621s] DEBUG:colcon.colcon_core.event_reactor:joined thread
[1.621s] INFO:colcon.colcon_core.shell:Creating prefix script '/home/chacha/code/repo/ChaChaOpen/ros2_prj/ros2_pr_ws/install/local_setup.ps1'
[1.622s] INFO:colcon.colcon_core.shell:Creating prefix util module '/home/chacha/code/repo/ChaChaOpen/ros2_prj/ros2_pr_ws/install/_local_setup_util_ps1.py'
[1.623s] INFO:colcon.colcon_core.shell:Creating prefix chain script '/home/chacha/code/repo/ChaChaOpen/ros2_prj/ros2_pr_ws/install/setup.ps1'
[1.624s] INFO:colcon.colcon_core.shell:Creating prefix script '/home/chacha/code/repo/ChaChaOpen/ros2_prj/ros2_pr_ws/install/local_setup.sh'
[1.625s] INFO:colcon.colcon_core.shell:Creating prefix util module '/home/chacha/code/repo/ChaChaOpen/ros2_prj/ros2_pr_ws/install/_local_setup_util_sh.py'
[1.626s] INFO:colcon.colcon_core.shell:Creating prefix chain script '/home/chacha/code/repo/ChaChaOpen/ros2_prj/ros2_pr_ws/install/setup.sh'
[1.627s] INFO:colcon.colcon_core.shell:Creating prefix script '/home/chacha/code/repo/ChaChaOpen/ros2_prj/ros2_pr_ws/install/local_setup.bash'
[1.627s] INFO:colcon.colcon_core.shell:Creating prefix chain script '/home/chacha/code/repo/ChaChaOpen/ros2_prj/ros2_pr_ws/install/setup.bash'
[1.628s] INFO:colcon.colcon_core.shell:Creating prefix script '/home/chacha/code/repo/ChaChaOpen/ros2_prj/ros2_pr_ws/install/local_setup.zsh'
[1.628s] INFO:colcon.colcon_core.shell:Creating prefix chain script '/home/chacha/code/repo/ChaChaOpen/ros2_prj/ros2_pr_ws/install/setup.zsh'
