[0.013s] Invoking command in '/home/chacha/code/repo/ChaChaOpen/ros2_prj/ros2_topic_ws/build/topic': CMAKE_PREFIX_PATH=${CMAKE_PREFIX_PATH}:/opt/ros/jazzy DEBUGINFOD_URLS=https://debuginfod.ubuntu.com /usr/bin/cmake /home/chacha/code/repo/ChaChaOpen/ros2_prj/ros2_topic_ws/src/topic -DCMAKE_INSTALL_PREFIX=/home/chacha/code/repo/ChaChaOpen/ros2_prj/ros2_topic_ws/install/topic
[0.153s] -- The C compiler identification is GNU 13.3.0
[0.263s] -- The CXX compiler identification is GNU 13.3.0
[0.279s] -- Detecting C compiler ABI info
[0.363s] -- Detecting C compiler ABI info - done
[0.371s] -- Check for working C compiler: /usr/bin/cc - skipped
[0.371s] -- Detecting C compile features
[0.372s] -- Detecting C compile features - done
[0.380s] -- Detecting CXX compiler ABI info
[0.465s] -- Detecting CXX compiler ABI info - done
[0.473s] -- Check for working CXX compiler: /usr/bin/c++ - skipped
[0.473s] -- Detecting CXX compile features
[0.474s] -- Detecting CXX compile features - done
[0.482s] -- Found ament_cmake: 2.5.5 (/opt/ros/jazzy/share/ament_cmake/cmake)
[0.616s] -- Found Python3: /usr/bin/python3 (found version "3.12.3") found components: Interpreter 
[0.732s] -- Found rclcpp: 28.1.16 (/opt/ros/jazzy/share/rclcpp/cmake)
[0.787s] -- Found rosidl_generator_c: 4.6.7 (/opt/ros/jazzy/share/rosidl_generator_c/cmake)
[0.808s] -- Found rosidl_generator_cpp: 4.6.7 (/opt/ros/jazzy/share/rosidl_generator_cpp/cmake)
[0.827s] -- Using all available rosidl_typesupport_c: rosidl_typesupport_fastrtps_c;rosidl_typesupport_introspection_c
[0.848s] -- Using all available rosidl_typesupport_cpp: rosidl_typesupport_fastrtps_cpp;rosidl_typesupport_introspection_cpp
[0.937s] -- Found rmw_implementation_cmake: 7.3.3 (/opt/ros/jazzy/share/rmw_implementation_cmake/cmake)
[0.941s] -- Found rmw_fastrtps_cpp: 8.4.3 (/opt/ros/jazzy/share/rmw_fastrtps_cpp/cmake)
[1.036s] -- Found OpenSSL: /usr/lib/x86_64-linux-gnu/libcrypto.so (found version "3.0.13")  
[1.056s] -- Found FastRTPS: /opt/ros/jazzy/include (Required is at least version "2.13") 
[1.077s] -- Using RMW implementation 'rmw_fastrtps_cpp' as default
[1.164s] -- Found ament_lint_auto: 0.17.4 (/opt/ros/jazzy/share/ament_lint_auto/cmake)
[1.268s] -- Added test 'cppcheck' to perform static code analysis on C / C++ code
[1.268s] -- Configured cppcheck include dirs: 
[1.268s] -- Configured cppcheck exclude dirs and/or files: 
[1.269s] -- Added test 'lint_cmake' to check CMake code style
[1.270s] -- Added test 'uncrustify' to check C / C++ code style
[1.270s] -- Configured uncrustify additional arguments: 
[1.271s] -- Added test 'xmllint' to check XML markup files
[1.273s] -- Configuring done (1.3s)
[1.280s] -- Generating done (0.0s)
[1.284s] -- Build files have been written to: /home/chacha/code/repo/ChaChaOpen/ros2_prj/ros2_topic_ws/build/topic
[1.292s] Invoked command in '/home/chacha/code/repo/ChaChaOpen/ros2_prj/ros2_topic_ws/build/topic' returned '0': CMAKE_PREFIX_PATH=${CMAKE_PREFIX_PATH}:/opt/ros/jazzy DEBUGINFOD_URLS=https://debuginfod.ubuntu.com /usr/bin/cmake /home/chacha/code/repo/ChaChaOpen/ros2_prj/ros2_topic_ws/src/topic -DCMAKE_INSTALL_PREFIX=/home/chacha/code/repo/ChaChaOpen/ros2_prj/ros2_topic_ws/install/topic
[1.294s] Invoking command in '/home/chacha/code/repo/ChaChaOpen/ros2_prj/ros2_topic_ws/build/topic': CMAKE_PREFIX_PATH=${CMAKE_PREFIX_PATH}:/opt/ros/jazzy DEBUGINFOD_URLS=https://debuginfod.ubuntu.com /usr/bin/cmake --build /home/chacha/code/repo/ChaChaOpen/ros2_prj/ros2_topic_ws/build/topic -- -j8 -l8
[1.339s] [ 50%] [32mBuilding CXX object CMakeFiles/topic_node.dir/src/topicNode.cpp.o[0m
[3.305s] [01m[K/home/chacha/code/repo/ChaChaOpen/ros2_prj/ros2_topic_ws/src/topic/src/topicNode.cpp:[m[K In function ‘[01m[Kint[01;32m[K main[m[K(int, char**)[m[K’:
[3.305s] [01m[K/home/chacha/code/repo/ChaChaOpen/ros2_prj/ros2_topic_ws/src/topic/src/topicNode.cpp:4:28:[m[K [01;31m[Kerror: [m[Kinvalid conversion from ‘[01m[Kint[m[K’ to ‘[01m[Kconst char* const*[m[K’ [[01;31m[K]8;;https://gcc.gnu.org/onlinedocs/gcc/Warning-Options.html#index-fpermissive-fpermissive]8;;[m[K]
[3.305s]     4 |         rclcpp::init(argc, [01;31m[Kargc[m[K);
[3.305s]       |                            [01;31m[K^~~~[m[K
[3.305s]       |                            [01;31m[K|[m[K
[3.305s]       |                            [01;31m[Kint[m[K
[3.305s] In file included from [01m[K/opt/ros/jazzy/include/rclcpp/rclcpp/logging.hpp:25[m[K,
[3.305s]                  from [01m[K/opt/ros/jazzy/include/rclcpp/rclcpp/copy_all_parameter_values.hpp:27[m[K,
[3.305s]                  from [01m[K/opt/ros/jazzy/include/rclcpp/rclcpp/rclcpp.hpp:171[m[K,
[3.305s]                  from [01m[K/home/chacha/code/repo/ChaChaOpen/ros2_prj/ros2_topic_ws/src/topic/src/topicNode.cpp:1[m[K:
[3.306s] [01m[K/opt/ros/jazzy/include/rclcpp/rclcpp/utilities.hpp:77:24:[m[K [01;36m[Knote: [m[K  initializing argument 2 of ‘[01m[Kvoid rclcpp::[01;32m[Kinit[m[K(int, const char* const*, const InitOptions&, SignalHandlerOptions)[m[K’
[3.306s]    77 |   [01;36m[Kchar const * const * argv[m[K,
[3.306s]       |   [01;36m[K~~~~~~~~~~~~~~~~~~~~~^~~~[m[K
[3.307s] [01m[K/home/chacha/code/repo/ChaChaOpen/ros2_prj/ros2_topic_ws/src/topic/src/topicNode.cpp:3:27:[m[K [01;35m[Kwarning: [m[Kunused parameter ‘[01m[Kargv[m[K’ [[01;35m[K]8;;https://gcc.gnu.org/onlinedocs/gcc/Warning-Options.html#index-Wunused-parameter-Wunused-parameter]8;;[m[K]
[3.307s]     3 | int main(int argc, [01;35m[Kchar **argv[m[K) {
[3.307s]       |                    [01;35m[K~~~~~~~^~~~[m[K
[3.857s] gmake[2]: *** [CMakeFiles/topic_node.dir/build.make:76：CMakeFiles/topic_node.dir/src/topicNode.cpp.o] 错误 1
[3.857s] gmake[1]: *** [CMakeFiles/Makefile2:137：CMakeFiles/topic_node.dir/all] 错误 2
[3.857s] gmake: *** [Makefile:146：all] 错误 2
[3.859s] Invoked command in '/home/chacha/code/repo/ChaChaOpen/ros2_prj/ros2_topic_ws/build/topic' returned '2': CMAKE_PREFIX_PATH=${CMAKE_PREFIX_PATH}:/opt/ros/jazzy DEBUGINFOD_URLS=https://debuginfod.ubuntu.com /usr/bin/cmake --build /home/chacha/code/repo/ChaChaOpen/ros2_prj/ros2_topic_ws/build/topic -- -j8 -l8
