-- Found ament_cmake: 2.5.5 (/opt/ros/jazzy/share/ament_cmake/cmake)
-- Override CMake install command with custom implementation using symlinks instead of copying resources
-- Found rclcpp: 28.1.16 (/opt/ros/jazzy/share/rclcpp/cmake)
-- Found rosidl_generator_c: 4.6.7 (/opt/ros/jazzy/share/rosidl_generator_c/cmake)
-- Found rosidl_generator_cpp: 4.6.7 (/opt/ros/jazzy/share/rosidl_generator_cpp/cmake)
-- Using all available rosidl_typesupport_c: rosidl_typesupport_fastrtps_c;rosidl_typesupport_introspection_c
-- Using all available rosidl_typesupport_cpp: rosidl_typesupport_fastrtps_cpp;rosidl_typesupport_introspection_cpp
-- Found rmw_implementation_cmake: 7.3.3 (/opt/ros/jazzy/share/rmw_implementation_cmake/cmake)
-- Found rmw_fastrtps_cpp: 8.4.3 (/opt/ros/jazzy/share/rmw_fastrtps_cpp/cmake)
-- Using RMW implementation 'rmw_fastrtps_cpp' as default
-- Found std_msgs: 5.3.6 (/opt/ros/jazzy/share/std_msgs/cmake)
-- Found ament_lint_auto: 0.17.4 (/opt/ros/jazzy/share/ament_lint_auto/cmake)
-- Added test 'cppcheck' to perform static code analysis on C / C++ code
-- Configured cppcheck include dirs: 
-- Configured cppcheck exclude dirs and/or files: 
-- Added test 'lint_cmake' to check CMake code style
-- Added test 'uncrustify' to check C / C++ code style
-- Configured uncrustify additional arguments: 
-- Added test 'xmllint' to check XML markup files
-- Configuring done (0.7s)
-- Generating done (0.0s)
-- Build files have been written to: /home/chacha/code/ros2_prj/ros2_pr_ws/build/pr_hello
[ 50%] Building CXX object CMakeFiles/pr_hello_node.dir/src/pr_hello.cpp.o
In file included from /opt/ros/jazzy/include/rclcpp/rclcpp/utilities.hpp:19,
                 from /opt/ros/jazzy/include/rclcpp/rclcpp/logging.hpp:25,
                 from /opt/ros/jazzy/include/rclcpp/rclcpp/copy_all_parameter_values.hpp:27,
                 from /opt/ros/jazzy/include/rclcpp/rclcpp/rclcpp.hpp:171,
                 from /home/chacha/code/ros2_prj/ros2_pr_ws/src/pr_hello/src/pr_hello.cpp:1:
/usr/include/c++/13/functional: In instantiation of ‘struct std::_Bind_check_arity<void (hello::*)(), hello*, const std::_Placeholder<1>&>’:
/usr/include/c++/13/functional:859:12:   required from ‘struct std::_Bind_helper<false, void (hello::*)(), hello*, const std::_Placeholder<1>&>’
/usr/include/c++/13/functional:881:5:   required by substitution of ‘template<class _Func, class ... _BoundArgs> typename std::_Bind_helper<std::__is_socketlike<_Func>::value, _Func, _BoundArgs ...>::type std::bind(_Func&&, _BoundArgs&& ...) [with _Func = void (hello::*)(); _BoundArgs = {hello*, const std::_Placeholder<1>&}]’
/home/chacha/code/ros2_prj/ros2_pr_ws/src/pr_hello/src/pr_hello.cpp:10:91:   required from here
/usr/include/c++/13/functional:847:21: error: static assertion failed: Wrong number of arguments for pointer-to-member
  846 |       static_assert(_Varargs::value
      |                               ~~~~~
  847 |                     ? sizeof...(_BoundArgs) >= _Arity::value + 1
      |                     ^~~~~~~~~~~~~~~~~~~~~~~~~~~~~~~~~~~~~~~~~~~~
  848 |                     : sizeof...(_BoundArgs) == _Arity::value + 1,
      |                     ~~~~~~~~~~~~~~~~~~~~~~~~~~~~~~~~~~~~~~~~~~~~
/usr/include/c++/13/functional:847:21: note: ‘(false ? (2 >= (((long unsigned int)std::integral_constant<long unsigned int, 0>::value) + 1)) : (2 == (((long unsigned int)std::integral_constant<long unsigned int, 0>::value) + 1)))’ evaluates to false
In file included from /opt/ros/jazzy/include/rclcpp/rclcpp/subscription_base.hpp:32,
                 from /opt/ros/jazzy/include/rclcpp/rclcpp/callback_group.hpp:29,
                 from /opt/ros/jazzy/include/rclcpp/rclcpp/any_executable.hpp:20,
                 from /opt/ros/jazzy/include/rclcpp/rclcpp/memory_strategy.hpp:25,
                 from /opt/ros/jazzy/include/rclcpp/rclcpp/memory_strategies.hpp:18,
                 from /opt/ros/jazzy/include/rclcpp/rclcpp/executor_options.hpp:22,
                 from /opt/ros/jazzy/include/rclcpp/rclcpp/executor.hpp:38,
                 from /opt/ros/jazzy/include/rclcpp/rclcpp/executors/multi_threaded_executor.hpp:25,
                 from /opt/ros/jazzy/include/rclcpp/rclcpp/executors.hpp:21,
                 from /opt/ros/jazzy/include/rclcpp/rclcpp/rclcpp.hpp:172:
/opt/ros/jazzy/include/rclcpp/rclcpp/any_subscription_callback.hpp: In instantiation of ‘rclcpp::AnySubscriptionCallback<MessageT, AllocatorT> rclcpp::AnySubscriptionCallback<MessageT, AllocatorT>::set(CallbackT) [with CallbackT = std::_Bind<void (hello::*(hello*, std::_Placeholder<1>))()>; MessageT = std_msgs::msg::String_<std::allocator<void> >; AllocatorT = std::allocator<void>]’:
/opt/ros/jazzy/include/rclcpp/rclcpp/subscription_factory.hpp:93:32:   required from ‘rclcpp::SubscriptionFactory rclcpp::create_subscription_factory(CallbackT&&, const SubscriptionOptionsWithAllocator<AllocatorT>&, typename MessageMemoryStrategyT::SharedPtr, std::shared_ptr<topic_statistics::SubscriptionTopicStatistics>) [with MessageT = std_msgs::msg::String_<std::allocator<void> >; CallbackT = std::_Bind<void (hello::*(hello*, std::_Placeholder<1>))()>; AllocatorT = std::allocator<void>; SubscriptionT = Subscription<std_msgs::msg::String_<std::allocator<void> > >; MessageMemoryStrategyT = message_memory_strategy::MessageMemoryStrategy<std_msgs::msg::String_<std::allocator<void> >, std::allocator<void> >; typename MessageMemoryStrategyT::SharedPtr = std::shared_ptr<message_memory_strategy::MessageMemoryStrategy<std_msgs::msg::String_<std::allocator<void> >, std::allocator<void> > >]’
/opt/ros/jazzy/include/rclcpp/rclcpp/create_subscription.hpp:121:63:   required from ‘std::shared_ptr<ROSMessageT> rclcpp::detail::create_subscription(NodeParametersT&, NodeTopicsT&, const std::string&, const rclcpp::QoS&, CallbackT&&, const rclcpp::SubscriptionOptionsWithAllocator<AllocatorT>&, typename MessageMemoryStrategyT::SharedPtr) [with MessageT = std_msgs::msg::String_<std::allocator<void> >; CallbackT = std::_Bind<void (hello::*(hello*, std::_Placeholder<1>))()>; AllocatorT = std::allocator<void>; SubscriptionT = rclcpp::Subscription<std_msgs::msg::String_<std::allocator<void> > >; MessageMemoryStrategyT = rclcpp::message_memory_strategy::MessageMemoryStrategy<std_msgs::msg::String_<std::allocator<void> >, std::allocator<void> >; NodeParametersT = rclcpp::Node; NodeTopicsT = rclcpp::Node; std::string = std::__cxx11::basic_string<char>; typename MessageMemoryStrategyT::SharedPtr = std::shared_ptr<rclcpp::message_memory_strategy::MessageMemoryStrategy<std_msgs::msg::String_<std::allocator<void> >, std::allocator<void> > >]’
/opt/ros/jazzy/include/rclcpp/rclcpp/create_subscription.hpp:190:76:   required from ‘std::shared_ptr<ROSMessageT> rclcpp::create_subscription(NodeT&, const std::string&, const QoS&, CallbackT&&, const SubscriptionOptionsWithAllocator<AllocatorT>&, typename MessageMemoryStrategyT::SharedPtr) [with MessageT = std_msgs::msg::String_<std::allocator<void> >; CallbackT = std::_Bind<void (hello::*(hello*, std::_Placeholder<1>))()>; AllocatorT = std::allocator<void>; SubscriptionT = Subscription<std_msgs::msg::String_<std::allocator<void> > >; MessageMemoryStrategyT = message_memory_strategy::MessageMemoryStrategy<std_msgs::msg::String_<std::allocator<void> >, std::allocator<void> >; NodeT = Node; std::string = std::__cxx11::basic_string<char>; typename MessageMemoryStrategyT::SharedPtr = std::shared_ptr<message_memory_strategy::MessageMemoryStrategy<std_msgs::msg::String_<std::allocator<void> >, std::allocator<void> > >]’
/opt/ros/jazzy/include/rclcpp/rclcpp/node_impl.hpp:99:47:   required from ‘std::shared_ptr<ROSMessageT> rclcpp::Node::create_subscription(const std::string&, const rclcpp::QoS&, CallbackT&&, const rclcpp::SubscriptionOptionsWithAllocator<AllocatorT>&, typename MessageMemoryStrategyT::SharedPtr) [with MessageT = std_msgs::msg::String_<std::allocator<void> >; CallbackT = std::_Bind<void (hello::*(hello*, std::_Placeholder<1>))()>; AllocatorT = std::allocator<void>; SubscriptionT = rclcpp::Subscription<std_msgs::msg::String_<std::allocator<void> > >; MessageMemoryStrategyT = rclcpp::message_memory_strategy::MessageMemoryStrategy<std_msgs::msg::String_<std::allocator<void> >, std::allocator<void> >; std::string = std::__cxx11::basic_string<char>; typename MessageMemoryStrategyT::SharedPtr = std::shared_ptr<rclcpp::message_memory_strategy::MessageMemoryStrategy<std_msgs::msg::String_<std::allocator<void> >, std::allocator<void> > >]’
/home/chacha/code/ros2_prj/ros2_pr_ws/src/pr_hello/src/pr_hello.cpp:10:62:   required from here
/opt/ros/jazzy/include/rclcpp/rclcpp/any_subscription_callback.hpp:396:25: error: no matching function for call to ‘std::function<void()>::function(std::_Bind<void (hello::*(hello*, std::_Placeholder<1>))()>&)’
  396 |     callback_variant_ = static_cast<typename scbth::callback_type>(callback);
      |                         ^~~~~~~~~~~~~~~~~~~~~~~~~~~~~~~~~~~~~~~~~~~~~~~~~~~~
In file included from /usr/include/c++/13/functional:59:
/usr/include/c++/13/bits/std_function.h:435:9: note: candidate: ‘template<class _Functor, class _Constraints> std::function<_Res(_ArgTypes ...)>::function(_Functor&&) [with _Constraints = _Functor; _Res = void; _ArgTypes = {}]’
  435 |         function(_Functor&& __f)
      |         ^~~~~~~~
/usr/include/c++/13/bits/std_function.h:435:9: note:   template argument deduction/substitution failed:
In file included from /usr/include/c++/13/bits/move.h:37,
                 from /usr/include/c++/13/bits/new_allocator.h:36,
                 from /usr/include/x86_64-linux-gnu/c++/13/bits/c++allocator.h:33,
                 from /usr/include/c++/13/bits/allocator.h:46,
                 from /usr/include/c++/13/memory:65,
                 from /opt/ros/jazzy/include/rclcpp/rclcpp/rclcpp.hpp:169:
/usr/include/c++/13/type_traits: In substitution of ‘template<bool _Cond, class _Tp> using std::__enable_if_t = typename std::enable_if::type [with bool _Cond = false; _Tp = void]’:
/usr/include/c++/13/bits/std_function.h:353:8:   required by substitution of ‘template<class _Res, class ... _ArgTypes> template<class _Cond, class _Tp> using std::function<_Res(_ArgTypes ...)>::_Requires = std::__enable_if_t<_Cond::value, _Tp> [with _Cond = std::function<void()>::_Callable<std::_Bind<void (hello::*(hello*, std::_Placeholder<1>))()>&, std::_Bind<void (hello::*(hello*, std::_Placeholder<1>))()>, std::__invoke_result<std::_Bind<void (hello::*(hello*, std::_Placeholder<1>))()>&> >; _Tp = void; _Res = void; _ArgTypes = {}]’
/usr/include/c++/13/bits/std_function.h:434:9:   required from ‘rclcpp::AnySubscriptionCallback<MessageT, AllocatorT> rclcpp::AnySubscriptionCallback<MessageT, AllocatorT>::set(CallbackT) [with CallbackT = std::_Bind<void (hello::*(hello*, std::_Placeholder<1>))()>; MessageT = std_msgs::msg::String_<std::allocator<void> >; AllocatorT = std::allocator<void>]’
/opt/ros/jazzy/include/rclcpp/rclcpp/subscription_factory.hpp:93:32:   required from ‘rclcpp::SubscriptionFactory rclcpp::create_subscription_factory(CallbackT&&, const SubscriptionOptionsWithAllocator<AllocatorT>&, typename MessageMemoryStrategyT::SharedPtr, std::shared_ptr<topic_statistics::SubscriptionTopicStatistics>) [with MessageT = std_msgs::msg::String_<std::allocator<void> >; CallbackT = std::_Bind<void (hello::*(hello*, std::_Placeholder<1>))()>; AllocatorT = std::allocator<void>; SubscriptionT = Subscription<std_msgs::msg::String_<std::allocator<void> > >; MessageMemoryStrategyT = message_memory_strategy::MessageMemoryStrategy<std_msgs::msg::String_<std::allocator<void> >, std::allocator<void> >; typename MessageMemoryStrategyT::SharedPtr = std::shared_ptr<message_memory_strategy::MessageMemoryStrategy<std_msgs::msg::String_<std::allocator<void> >, std::allocator<void> > >]’
/opt/ros/jazzy/include/rclcpp/rclcpp/create_subscription.hpp:121:63:   required from ‘std::shared_ptr<ROSMessageT> rclcpp::detail::create_subscription(NodeParametersT&, NodeTopicsT&, const std::string&, const rclcpp::QoS&, CallbackT&&, const rclcpp::SubscriptionOptionsWithAllocator<AllocatorT>&, typename MessageMemoryStrategyT::SharedPtr) [with MessageT = std_msgs::msg::String_<std::allocator<void> >; CallbackT = std::_Bind<void (hello::*(hello*, std::_Placeholder<1>))()>; AllocatorT = std::allocator<void>; SubscriptionT = rclcpp::Subscription<std_msgs::msg::String_<std::allocator<void> > >; MessageMemoryStrategyT = rclcpp::message_memory_strategy::MessageMemoryStrategy<std_msgs::msg::String_<std::allocator<void> >, std::allocator<void> >; NodeParametersT = rclcpp::Node; NodeTopicsT = rclcpp::Node; std::string = std::__cxx11::basic_string<char>; typename MessageMemoryStrategyT::SharedPtr = std::shared_ptr<rclcpp::message_memory_strategy::MessageMemoryStrategy<std_msgs::msg::String_<std::allocator<void> >, std::allocator<void> > >]’
/opt/ros/jazzy/include/rclcpp/rclcpp/create_subscription.hpp:190:76:   required from ‘std::shared_ptr<ROSMessageT> rclcpp::create_subscription(NodeT&, const std::string&, const QoS&, CallbackT&&, const SubscriptionOptionsWithAllocator<AllocatorT>&, typename MessageMemoryStrategyT::SharedPtr) [with MessageT = std_msgs::msg::String_<std::allocator<void> >; CallbackT = std::_Bind<void (hello::*(hello*, std::_Placeholder<1>))()>; AllocatorT = std::allocator<void>; SubscriptionT = Subscription<std_msgs::msg::String_<std::allocator<void> > >; MessageMemoryStrategyT = message_memory_strategy::MessageMemoryStrategy<std_msgs::msg::String_<std::allocator<void> >, std::allocator<void> >; NodeT = Node; std::string = std::__cxx11::basic_string<char>; typename MessageMemoryStrategyT::SharedPtr = std::shared_ptr<message_memory_strategy::MessageMemoryStrategy<std_msgs::msg::String_<std::allocator<void> >, std::allocator<void> > >]’
/opt/ros/jazzy/include/rclcpp/rclcpp/node_impl.hpp:99:47:   required from ‘std::shared_ptr<ROSMessageT> rclcpp::Node::create_subscription(const std::string&, const rclcpp::QoS&, CallbackT&&, const rclcpp::SubscriptionOptionsWithAllocator<AllocatorT>&, typename MessageMemoryStrategyT::SharedPtr) [with MessageT = std_msgs::msg::String_<std::allocator<void> >; CallbackT = std::_Bind<void (hello::*(hello*, std::_Placeholder<1>))()>; AllocatorT = std::allocator<void>; SubscriptionT = rclcpp::Subscription<std_msgs::msg::String_<std::allocator<void> > >; MessageMemoryStrategyT = rclcpp::message_memory_strategy::MessageMemoryStrategy<std_msgs::msg::String_<std::allocator<void> >, std::allocator<void> >; std::string = std::__cxx11::basic_string<char>; typename MessageMemoryStrategyT::SharedPtr = std::shared_ptr<rclcpp::message_memory_strategy::MessageMemoryStrategy<std_msgs::msg::String_<std::allocator<void> >, std::allocator<void> > >]’
/home/chacha/code/ros2_prj/ros2_pr_ws/src/pr_hello/src/pr_hello.cpp:10:62:   required from here
/usr/include/c++/13/type_traits:116:11: error: no type named ‘type’ in ‘struct std::enable_if<false, void>’
  116 |     using __enable_if_t = typename enable_if<_Cond, _Tp>::type;
      |           ^~~~~~~~~~~~~
/opt/ros/jazzy/include/rclcpp/rclcpp/any_subscription_callback.hpp: In instantiation of ‘rclcpp::AnySubscriptionCallback<MessageT, AllocatorT> rclcpp::AnySubscriptionCallback<MessageT, AllocatorT>::set(CallbackT) [with CallbackT = std::_Bind<void (hello::*(hello*, std::_Placeholder<1>))()>; MessageT = std_msgs::msg::String_<std::allocator<void> >; AllocatorT = std::allocator<void>]’:
/opt/ros/jazzy/include/rclcpp/rclcpp/subscription_factory.hpp:93:32:   required from ‘rclcpp::SubscriptionFactory rclcpp::create_subscription_factory(CallbackT&&, const SubscriptionOptionsWithAllocator<AllocatorT>&, typename MessageMemoryStrategyT::SharedPtr, std::shared_ptr<topic_statistics::SubscriptionTopicStatistics>) [with MessageT = std_msgs::msg::String_<std::allocator<void> >; CallbackT = std::_Bind<void (hello::*(hello*, std::_Placeholder<1>))()>; AllocatorT = std::allocator<void>; SubscriptionT = Subscription<std_msgs::msg::String_<std::allocator<void> > >; MessageMemoryStrategyT = message_memory_strategy::MessageMemoryStrategy<std_msgs::msg::String_<std::allocator<void> >, std::allocator<void> >; typename MessageMemoryStrategyT::SharedPtr = std::shared_ptr<message_memory_strategy::MessageMemoryStrategy<std_msgs::msg::String_<std::allocator<void> >, std::allocator<void> > >]’
/opt/ros/jazzy/include/rclcpp/rclcpp/create_subscription.hpp:121:63:   required from ‘std::shared_ptr<ROSMessageT> rclcpp::detail::create_subscription(NodeParametersT&, NodeTopicsT&, const std::string&, const rclcpp::QoS&, CallbackT&&, const rclcpp::SubscriptionOptionsWithAllocator<AllocatorT>&, typename MessageMemoryStrategyT::SharedPtr) [with MessageT = std_msgs::msg::String_<std::allocator<void> >; CallbackT = std::_Bind<void (hello::*(hello*, std::_Placeholder<1>))()>; AllocatorT = std::allocator<void>; SubscriptionT = rclcpp::Subscription<std_msgs::msg::String_<std::allocator<void> > >; MessageMemoryStrategyT = rclcpp::message_memory_strategy::MessageMemoryStrategy<std_msgs::msg::String_<std::allocator<void> >, std::allocator<void> >; NodeParametersT = rclcpp::Node; NodeTopicsT = rclcpp::Node; std::string = std::__cxx11::basic_string<char>; typename MessageMemoryStrategyT::SharedPtr = std::shared_ptr<rclcpp::message_memory_strategy::MessageMemoryStrategy<std_msgs::msg::String_<std::allocator<void> >, std::allocator<void> > >]’
/opt/ros/jazzy/include/rclcpp/rclcpp/create_subscription.hpp:190:76:   required from ‘std::shared_ptr<ROSMessageT> rclcpp::create_subscription(NodeT&, const std::string&, const QoS&, CallbackT&&, const SubscriptionOptionsWithAllocator<AllocatorT>&, typename MessageMemoryStrategyT::SharedPtr) [with MessageT = std_msgs::msg::String_<std::allocator<void> >; CallbackT = std::_Bind<void (hello::*(hello*, std::_Placeholder<1>))()>; AllocatorT = std::allocator<void>; SubscriptionT = Subscription<std_msgs::msg::String_<std::allocator<void> > >; MessageMemoryStrategyT = message_memory_strategy::MessageMemoryStrategy<std_msgs::msg::String_<std::allocator<void> >, std::allocator<void> >; NodeT = Node; std::string = std::__cxx11::basic_string<char>; typename MessageMemoryStrategyT::SharedPtr = std::shared_ptr<message_memory_strategy::MessageMemoryStrategy<std_msgs::msg::String_<std::allocator<void> >, std::allocator<void> > >]’
/opt/ros/jazzy/include/rclcpp/rclcpp/node_impl.hpp:99:47:   required from ‘std::shared_ptr<ROSMessageT> rclcpp::Node::create_subscription(const std::string&, const rclcpp::QoS&, CallbackT&&, const rclcpp::SubscriptionOptionsWithAllocator<AllocatorT>&, typename MessageMemoryStrategyT::SharedPtr) [with MessageT = std_msgs::msg::String_<std::allocator<void> >; CallbackT = std::_Bind<void (hello::*(hello*, std::_Placeholder<1>))()>; AllocatorT = std::allocator<void>; SubscriptionT = rclcpp::Subscription<std_msgs::msg::String_<std::allocator<void> > >; MessageMemoryStrategyT = rclcpp::message_memory_strategy::MessageMemoryStrategy<std_msgs::msg::String_<std::allocator<void> >, std::allocator<void> >; std::string = std::__cxx11::basic_string<char>; typename MessageMemoryStrategyT::SharedPtr = std::shared_ptr<rclcpp::message_memory_strategy::MessageMemoryStrategy<std_msgs::msg::String_<std::allocator<void> >, std::allocator<void> > >]’
/home/chacha/code/ros2_prj/ros2_pr_ws/src/pr_hello/src/pr_hello.cpp:10:62:   required from here
/usr/include/c++/13/bits/std_function.h:404:7: note: candidate: ‘std::function<_Res(_ArgTypes ...)>::function(std::function<_Res(_ArgTypes ...)>&&) [with _Res = void; _ArgTypes = {}]’
  404 |       function(function&& __x) noexcept
      |       ^~~~~~~~
/usr/include/c++/13/bits/std_function.h:404:27: note:   no known conversion for argument 1 from ‘std::_Bind<void (hello::*(hello*, std::_Placeholder<1>))()>’ to ‘std::function<void()>&&’
  404 |       function(function&& __x) noexcept
      |                ~~~~~~~~~~~^~~
/usr/include/c++/13/bits/std_function.h:386:7: note: candidate: ‘std::function<_Res(_ArgTypes ...)>::function(const std::function<_Res(_ArgTypes ...)>&) [with _Res = void; _ArgTypes = {}]’
  386 |       function(const function& __x)
      |       ^~~~~~~~
/usr/include/c++/13/bits/std_function.h:386:32: note:   no known conversion for argument 1 from ‘std::_Bind<void (hello::*(hello*, std::_Placeholder<1>))()>’ to ‘const std::function<void()>&’
  386 |       function(const function& __x)
      |                ~~~~~~~~~~~~~~~~^~~
/usr/include/c++/13/bits/std_function.h:375:7: note: candidate: ‘std::function<_Res(_ArgTypes ...)>::function(std::nullptr_t) [with _Res = void; _ArgTypes = {}; std::nullptr_t = std::nullptr_t]’
  375 |       function(nullptr_t) noexcept
      |       ^~~~~~~~
/usr/include/c++/13/bits/std_function.h:375:16: note:   no known conversion for argument 1 from ‘std::_Bind<void (hello::*(hello*, std::_Placeholder<1>))()>’ to ‘std::nullptr_t’
  375 |       function(nullptr_t) noexcept
      |                ^~~~~~~~~
/usr/include/c++/13/bits/std_function.h:368:7: note: candidate: ‘std::function<_Res(_ArgTypes ...)>::function() [with _Res = void; _ArgTypes = {}]’
  368 |       function() noexcept
      |       ^~~~~~~~
/usr/include/c++/13/bits/std_function.h:368:7: note:   candidate expects 0 arguments, 1 provided
In file included from /usr/include/c++/13/bits/stl_tempbuf.h:61,
                 from /usr/include/c++/13/memory:66:
/usr/include/c++/13/bits/stl_construct.h: In instantiation of ‘void std::_Construct(_Tp*, _Args&& ...) [with _Tp = hello; _Args = {}]’:
/usr/include/c++/13/bits/alloc_traits.h:661:19:   required from ‘static void std::allocator_traits<std::allocator<void> >::construct(allocator_type&, _Up*, _Args&& ...) [with _Up = hello; _Args = {}; allocator_type = std::allocator<void>]’
/usr/include/c++/13/bits/shared_ptr_base.h:604:39:   required from ‘std::_Sp_counted_ptr_inplace<_Tp, _Alloc, _Lp>::_Sp_counted_ptr_inplace(_Alloc, _Args&& ...) [with _Args = {}; _Tp = hello; _Alloc = std::allocator<void>; __gnu_cxx::_Lock_policy _Lp = __gnu_cxx::_S_atomic]’
/usr/include/c++/13/bits/shared_ptr_base.h:971:16:   required from ‘std::__shared_count<_Lp>::__shared_count(_Tp*&, std::_Sp_alloc_shared_tag<_Alloc>, _Args&& ...) [with _Tp = hello; _Alloc = std::allocator<void>; _Args = {}; __gnu_cxx::_Lock_policy _Lp = __gnu_cxx::_S_atomic]’
/usr/include/c++/13/bits/shared_ptr_base.h:1712:14:   required from ‘std::__shared_ptr<_Tp, _Lp>::__shared_ptr(std::_Sp_alloc_shared_tag<_Tp>, _Args&& ...) [with _Alloc = std::allocator<void>; _Args = {}; _Tp = hello; __gnu_cxx::_Lock_policy _Lp = __gnu_cxx::_S_atomic]’
/usr/include/c++/13/bits/shared_ptr.h:464:59:   required from ‘std::shared_ptr<_Tp>::shared_ptr(std::_Sp_alloc_shared_tag<_Tp>, _Args&& ...) [with _Alloc = std::allocator<void>; _Args = {}; _Tp = hello]’
/usr/include/c++/13/bits/shared_ptr.h:1009:14:   required from ‘std::shared_ptr<typename std::enable_if<(! std::is_array< <template-parameter-1-1> >::value), _Tp>::type> std::make_shared(_Args&& ...) [with _Tp = hello; _Args = {}; typename enable_if<(! is_array< <template-parameter-1-1> >::value), _Tp>::type = hello]’
/home/chacha/code/ros2_prj/ros2_pr_ws/src/pr_hello/src/pr_hello.cpp:24:38:   required from here
/usr/include/c++/13/bits/stl_construct.h:119:7: error: no matching function for call to ‘hello::hello()’
  119 |       ::new((void*)__p) _Tp(std::forward<_Args>(__args)...);
      |       ^~~~~~~~~~~~~~~~~~~~~~~~~~~~~~~~~~~~~~~~~~~~~~~~~~~~~
/home/chacha/code/ros2_prj/ros2_pr_ws/src/pr_hello/src/pr_hello.cpp:8:5: note: candidate: ‘hello::hello(std::string)’
    8 |     hello(std::string msg) : Node(msg) {
      |     ^~~~~
/home/chacha/code/ros2_prj/ros2_pr_ws/src/pr_hello/src/pr_hello.cpp:8:5: note:   candidate expects 1 argument, 0 provided
gmake[2]: *** [CMakeFiles/pr_hello_node.dir/build.make:76: CMakeFiles/pr_hello_node.dir/src/pr_hello.cpp.o] Error 1
gmake[1]: *** [CMakeFiles/Makefile2:137: CMakeFiles/pr_hello_node.dir/all] Error 2
gmake: *** [Makefile:146: all] Error 2
