[0.011s] Invoking command in '/home/chacha/code/ros2_prj/ros2_pr_ws/build/pr_hello': CMAKE_PREFIX_PATH=${CMAKE_PREFIX_PATH}:/opt/ros/jazzy DEBUGINFOD_URLS=https://debuginfod.ubuntu.com /usr/bin/cmake /home/chacha/code/ros2_prj/ros2_pr_ws/src/pr_hello -DAMENT_CMAKE_SYMLINK_INSTALL=1 -DCMAKE_INSTALL_PREFIX=/home/chacha/code/ros2_prj/ros2_pr_ws/install/pr_hello
[0.027s] -- Found ament_cmake: 2.5.5 (/opt/ros/jazzy/share/ament_cmake/cmake)
[0.315s] -- Override CMake install command with custom implementation using symlinks instead of copying resources
[0.320s] -- Found rclcpp: 28.1.16 (/opt/ros/jazzy/share/rclcpp/cmake)
[0.348s] -- Found rosidl_generator_c: 4.6.7 (/opt/ros/jazzy/share/rosidl_generator_c/cmake)
[0.356s] -- Found rosidl_generator_cpp: 4.6.7 (/opt/ros/jazzy/share/rosidl_generator_cpp/cmake)
[0.368s] -- Using all available rosidl_typesupport_c: rosidl_typesupport_fastrtps_c;rosidl_typesupport_introspection_c
[0.384s] -- Using all available rosidl_typesupport_cpp: rosidl_typesupport_fastrtps_cpp;rosidl_typesupport_introspection_cpp
[0.448s] -- Found rmw_implementation_cmake: 7.3.3 (/opt/ros/jazzy/share/rmw_implementation_cmake/cmake)
[0.450s] -- Found rmw_fastrtps_cpp: 8.4.3 (/opt/ros/jazzy/share/rmw_fastrtps_cpp/cmake)
[0.515s] -- Using RMW implementation 'rmw_fastrtps_cpp' as default
[0.575s] -- Found std_msgs: 5.3.6 (/opt/ros/jazzy/share/std_msgs/cmake)
[0.587s] -- Found ament_lint_auto: 0.17.4 (/opt/ros/jazzy/share/ament_lint_auto/cmake)
[0.680s] -- Added test 'cppcheck' to perform static code analysis on C / C++ code
[0.680s] -- Configured cppcheck include dirs: 
[0.680s] -- Configured cppcheck exclude dirs and/or files: 
[0.680s] -- Added test 'lint_cmake' to check CMake code style
[0.681s] -- Added test 'uncrustify' to check C / C++ code style
[0.681s] -- Configured uncrustify additional arguments: 
[0.681s] -- Added test 'xmllint' to check XML markup files
[0.682s] -- Configuring done (0.7s)
[0.692s] -- Generating done (0.0s)
[0.695s] -- Build files have been written to: /home/chacha/code/ros2_prj/ros2_pr_ws/build/pr_hello
[0.704s] Invoked command in '/home/chacha/code/ros2_prj/ros2_pr_ws/build/pr_hello' returned '0': CMAKE_PREFIX_PATH=${CMAKE_PREFIX_PATH}:/opt/ros/jazzy DEBUGINFOD_URLS=https://debuginfod.ubuntu.com /usr/bin/cmake /home/chacha/code/ros2_prj/ros2_pr_ws/src/pr_hello -DAMENT_CMAKE_SYMLINK_INSTALL=1 -DCMAKE_INSTALL_PREFIX=/home/chacha/code/ros2_prj/ros2_pr_ws/install/pr_hello
[0.705s] Invoking command in '/home/chacha/code/ros2_prj/ros2_pr_ws/build/pr_hello': CMAKE_PREFIX_PATH=${CMAKE_PREFIX_PATH}:/opt/ros/jazzy DEBUGINFOD_URLS=https://debuginfod.ubuntu.com /usr/bin/cmake --build /home/chacha/code/ros2_prj/ros2_pr_ws/build/pr_hello -- -j8 -l8
[0.761s] [ 50%] Building CXX object CMakeFiles/pr_hello_node.dir/src/pr_hello.cpp.o
[3.133s] In file included from /opt/ros/jazzy/include/rclcpp/rclcpp/utilities.hpp:19,
[3.133s]                  from /opt/ros/jazzy/include/rclcpp/rclcpp/logging.hpp:25,
[3.133s]                  from /opt/ros/jazzy/include/rclcpp/rclcpp/copy_all_parameter_values.hpp:27,
[3.133s]                  from /opt/ros/jazzy/include/rclcpp/rclcpp/rclcpp.hpp:171,
[3.133s]                  from /home/chacha/code/ros2_prj/ros2_pr_ws/src/pr_hello/src/pr_hello.cpp:1:
[3.133s] /usr/include/c++/13/functional: In instantiation of ‘struct std::_Bind_check_arity<void (hello::*)(), hello*, const std::_Placeholder<1>&>’:
[3.133s] /usr/include/c++/13/functional:859:12:   required from ‘struct std::_Bind_helper<false, void (hello::*)(), hello*, const std::_Placeholder<1>&>’
[3.133s] /usr/include/c++/13/functional:881:5:   required by substitution of ‘template<class _Func, class ... _BoundArgs> typename std::_Bind_helper<std::__is_socketlike<_Func>::value, _Func, _BoundArgs ...>::type std::bind(_Func&&, _BoundArgs&& ...) [with _Func = void (hello::*)(); _BoundArgs = {hello*, const std::_Placeholder<1>&}]’
[3.134s] /home/chacha/code/ros2_prj/ros2_pr_ws/src/pr_hello/src/pr_hello.cpp:10:91:   required from here
[3.134s] /usr/include/c++/13/functional:847:21: error: static assertion failed: Wrong number of arguments for pointer-to-member
[3.134s]   846 |       static_assert(_Varargs::value
[3.134s]       |                               ~~~~~
[3.134s]   847 |                     ? sizeof...(_BoundArgs) >= _Arity::value + 1
[3.134s]       |                     ^~~~~~~~~~~~~~~~~~~~~~~~~~~~~~~~~~~~~~~~~~~~
[3.134s]   848 |                     : sizeof...(_BoundArgs) == _Arity::value + 1,
[3.134s]       |                     ~~~~~~~~~~~~~~~~~~~~~~~~~~~~~~~~~~~~~~~~~~~~
[3.134s] /usr/include/c++/13/functional:847:21: note: ‘(false ? (2 >= (((long unsigned int)std::integral_constant<long unsigned int, 0>::value) + 1)) : (2 == (((long unsigned int)std::integral_constant<long unsigned int, 0>::value) + 1)))’ evaluates to false
[3.601s] In file included from /opt/ros/jazzy/include/rclcpp/rclcpp/subscription_base.hpp:32,
[3.601s]                  from /opt/ros/jazzy/include/rclcpp/rclcpp/callback_group.hpp:29,
[3.601s]                  from /opt/ros/jazzy/include/rclcpp/rclcpp/any_executable.hpp:20,
[3.601s]                  from /opt/ros/jazzy/include/rclcpp/rclcpp/memory_strategy.hpp:25,
[3.602s]                  from /opt/ros/jazzy/include/rclcpp/rclcpp/memory_strategies.hpp:18,
[3.602s]                  from /opt/ros/jazzy/include/rclcpp/rclcpp/executor_options.hpp:22,
[3.602s]                  from /opt/ros/jazzy/include/rclcpp/rclcpp/executor.hpp:38,
[3.602s]                  from /opt/ros/jazzy/include/rclcpp/rclcpp/executors/multi_threaded_executor.hpp:25,
[3.602s]                  from /opt/ros/jazzy/include/rclcpp/rclcpp/executors.hpp:21,
[3.602s]                  from /opt/ros/jazzy/include/rclcpp/rclcpp/rclcpp.hpp:172:
[3.602s] /opt/ros/jazzy/include/rclcpp/rclcpp/any_subscription_callback.hpp: In instantiation of ‘rclcpp::AnySubscriptionCallback<MessageT, AllocatorT> rclcpp::AnySubscriptionCallback<MessageT, AllocatorT>::set(CallbackT) [with CallbackT = std::_Bind<void (hello::*(hello*, std::_Placeholder<1>))()>; MessageT = std_msgs::msg::String_<std::allocator<void> >; AllocatorT = std::allocator<void>]’:
[3.602s] /opt/ros/jazzy/include/rclcpp/rclcpp/subscription_factory.hpp:93:32:   required from ‘rclcpp::SubscriptionFactory rclcpp::create_subscription_factory(CallbackT&&, const SubscriptionOptionsWithAllocator<AllocatorT>&, typename MessageMemoryStrategyT::SharedPtr, std::shared_ptr<topic_statistics::SubscriptionTopicStatistics>) [with MessageT = std_msgs::msg::String_<std::allocator<void> >; CallbackT = std::_Bind<void (hello::*(hello*, std::_Placeholder<1>))()>; AllocatorT = std::allocator<void>; SubscriptionT = Subscription<std_msgs::msg::String_<std::allocator<void> > >; MessageMemoryStrategyT = message_memory_strategy::MessageMemoryStrategy<std_msgs::msg::String_<std::allocator<void> >, std::allocator<void> >; typename MessageMemoryStrategyT::SharedPtr = std::shared_ptr<message_memory_strategy::MessageMemoryStrategy<std_msgs::msg::String_<std::allocator<void> >, std::allocator<void> > >]’
[3.602s] /opt/ros/jazzy/include/rclcpp/rclcpp/create_subscription.hpp:121:63:   required from ‘std::shared_ptr<ROSMessageT> rclcpp::detail::create_subscription(NodeParametersT&, NodeTopicsT&, const std::string&, const rclcpp::QoS&, CallbackT&&, const rclcpp::SubscriptionOptionsWithAllocator<AllocatorT>&, typename MessageMemoryStrategyT::SharedPtr) [with MessageT = std_msgs::msg::String_<std::allocator<void> >; CallbackT = std::_Bind<void (hello::*(hello*, std::_Placeholder<1>))()>; AllocatorT = std::allocator<void>; SubscriptionT = rclcpp::Subscription<std_msgs::msg::String_<std::allocator<void> > >; MessageMemoryStrategyT = rclcpp::message_memory_strategy::MessageMemoryStrategy<std_msgs::msg::String_<std::allocator<void> >, std::allocator<void> >; NodeParametersT = rclcpp::Node; NodeTopicsT = rclcpp::Node; std::string = std::__cxx11::basic_string<char>; typename MessageMemoryStrategyT::SharedPtr = std::shared_ptr<rclcpp::message_memory_strategy::MessageMemoryStrategy<std_msgs::msg::String_<std::allocator<void> >, std::allocator<void> > >]’
[3.602s] /opt/ros/jazzy/include/rclcpp/rclcpp/create_subscription.hpp:190:76:   required from ‘std::shared_ptr<ROSMessageT> rclcpp::create_subscription(NodeT&, const std::string&, const QoS&, CallbackT&&, const SubscriptionOptionsWithAllocator<AllocatorT>&, typename MessageMemoryStrategyT::SharedPtr) [with MessageT = std_msgs::msg::String_<std::allocator<void> >; CallbackT = std::_Bind<void (hello::*(hello*, std::_Placeholder<1>))()>; AllocatorT = std::allocator<void>; SubscriptionT = Subscription<std_msgs::msg::String_<std::allocator<void> > >; MessageMemoryStrategyT = message_memory_strategy::MessageMemoryStrategy<std_msgs::msg::String_<std::allocator<void> >, std::allocator<void> >; NodeT = Node; std::string = std::__cxx11::basic_string<char>; typename MessageMemoryStrategyT::SharedPtr = std::shared_ptr<message_memory_strategy::MessageMemoryStrategy<std_msgs::msg::String_<std::allocator<void> >, std::allocator<void> > >]’
[3.602s] /opt/ros/jazzy/include/rclcpp/rclcpp/node_impl.hpp:99:47:   required from ‘std::shared_ptr<ROSMessageT> rclcpp::Node::create_subscription(const std::string&, const rclcpp::QoS&, CallbackT&&, const rclcpp::SubscriptionOptionsWithAllocator<AllocatorT>&, typename MessageMemoryStrategyT::SharedPtr) [with MessageT = std_msgs::msg::String_<std::allocator<void> >; CallbackT = std::_Bind<void (hello::*(hello*, std::_Placeholder<1>))()>; AllocatorT = std::allocator<void>; SubscriptionT = rclcpp::Subscription<std_msgs::msg::String_<std::allocator<void> > >; MessageMemoryStrategyT = rclcpp::message_memory_strategy::MessageMemoryStrategy<std_msgs::msg::String_<std::allocator<void> >, std::allocator<void> >; std::string = std::__cxx11::basic_string<char>; typename MessageMemoryStrategyT::SharedPtr = std::shared_ptr<rclcpp::message_memory_strategy::MessageMemoryStrategy<std_msgs::msg::String_<std::allocator<void> >, std::allocator<void> > >]’
[3.602s] /home/chacha/code/ros2_prj/ros2_pr_ws/src/pr_hello/src/pr_hello.cpp:10:62:   required from here
[3.602s] /opt/ros/jazzy/include/rclcpp/rclcpp/any_subscription_callback.hpp:396:25: error: no matching function for call to ‘std::function<void()>::function(std::_Bind<void (hello::*(hello*, std::_Placeholder<1>))()>&)’
[3.602s]   396 |     callback_variant_ = static_cast<typename scbth::callback_type>(callback);
[3.602s]       |                         ^~~~~~~~~~~~~~~~~~~~~~~~~~~~~~~~~~~~~~~~~~~~~~~~~~~~
[3.602s] In file included from /usr/include/c++/13/functional:59:
[3.602s] /usr/include/c++/13/bits/std_function.h:435:9: note: candidate: ‘template<class _Functor, class _Constraints> std::function<_Res(_ArgTypes ...)>::function(_Functor&&) [with _Constraints = _Functor; _Res = void; _ArgTypes = {}]’
[3.602s]   435 |         function(_Functor&& __f)
[3.603s]       |         ^~~~~~~~
[3.603s] /usr/include/c++/13/bits/std_function.h:435:9: note:   template argument deduction/substitution failed:
[3.603s] In file included from /usr/include/c++/13/bits/move.h:37,
[3.603s]                  from /usr/include/c++/13/bits/new_allocator.h:36,
[3.603s]                  from /usr/include/x86_64-linux-gnu/c++/13/bits/c++allocator.h:33,
[3.603s]                  from /usr/include/c++/13/bits/allocator.h:46,
[3.603s]                  from /usr/include/c++/13/memory:65,
[3.603s]                  from /opt/ros/jazzy/include/rclcpp/rclcpp/rclcpp.hpp:169:
[3.603s] /usr/include/c++/13/type_traits: In substitution of ‘template<bool _Cond, class _Tp> using std::__enable_if_t = typename std::enable_if::type [with bool _Cond = false; _Tp = void]’:
[3.603s] /usr/include/c++/13/bits/std_function.h:353:8:   required by substitution of ‘template<class _Res, class ... _ArgTypes> template<class _Cond, class _Tp> using std::function<_Res(_ArgTypes ...)>::_Requires = std::__enable_if_t<_Cond::value, _Tp> [with _Cond = std::function<void()>::_Callable<std::_Bind<void (hello::*(hello*, std::_Placeholder<1>))()>&, std::_Bind<void (hello::*(hello*, std::_Placeholder<1>))()>, std::__invoke_result<std::_Bind<void (hello::*(hello*, std::_Placeholder<1>))()>&> >; _Tp = void; _Res = void; _ArgTypes = {}]’
[3.603s] /usr/include/c++/13/bits/std_function.h:434:9:   required from ‘rclcpp::AnySubscriptionCallback<MessageT, AllocatorT> rclcpp::AnySubscriptionCallback<MessageT, AllocatorT>::set(CallbackT) [with CallbackT = std::_Bind<void (hello::*(hello*, std::_Placeholder<1>))()>; MessageT = std_msgs::msg::String_<std::allocator<void> >; AllocatorT = std::allocator<void>]’
[3.603s] /opt/ros/jazzy/include/rclcpp/rclcpp/subscription_factory.hpp:93:32:   required from ‘rclcpp::SubscriptionFactory rclcpp::create_subscription_factory(CallbackT&&, const SubscriptionOptionsWithAllocator<AllocatorT>&, typename MessageMemoryStrategyT::SharedPtr, std::shared_ptr<topic_statistics::SubscriptionTopicStatistics>) [with MessageT = std_msgs::msg::String_<std::allocator<void> >; CallbackT = std::_Bind<void (hello::*(hello*, std::_Placeholder<1>))()>; AllocatorT = std::allocator<void>; SubscriptionT = Subscription<std_msgs::msg::String_<std::allocator<void> > >; MessageMemoryStrategyT = message_memory_strategy::MessageMemoryStrategy<std_msgs::msg::String_<std::allocator<void> >, std::allocator<void> >; typename MessageMemoryStrategyT::SharedPtr = std::shared_ptr<message_memory_strategy::MessageMemoryStrategy<std_msgs::msg::String_<std::allocator<void> >, std::allocator<void> > >]’
[3.603s] /opt/ros/jazzy/include/rclcpp/rclcpp/create_subscription.hpp:121:63:   required from ‘std::shared_ptr<ROSMessageT> rclcpp::detail::create_subscription(NodeParametersT&, NodeTopicsT&, const std::string&, const rclcpp::QoS&, CallbackT&&, const rclcpp::SubscriptionOptionsWithAllocator<AllocatorT>&, typename MessageMemoryStrategyT::SharedPtr) [with MessageT = std_msgs::msg::String_<std::allocator<void> >; CallbackT = std::_Bind<void (hello::*(hello*, std::_Placeholder<1>))()>; AllocatorT = std::allocator<void>; SubscriptionT = rclcpp::Subscription<std_msgs::msg::String_<std::allocator<void> > >; MessageMemoryStrategyT = rclcpp::message_memory_strategy::MessageMemoryStrategy<std_msgs::msg::String_<std::allocator<void> >, std::allocator<void> >; NodeParametersT = rclcpp::Node; NodeTopicsT = rclcpp::Node; std::string = std::__cxx11::basic_string<char>; typename MessageMemoryStrategyT::SharedPtr = std::shared_ptr<rclcpp::message_memory_strategy::MessageMemoryStrategy<std_msgs::msg::String_<std::allocator<void> >, std::allocator<void> > >]’
[3.603s] /opt/ros/jazzy/include/rclcpp/rclcpp/create_subscription.hpp:190:76:   required from ‘std::shared_ptr<ROSMessageT> rclcpp::create_subscription(NodeT&, const std::string&, const QoS&, CallbackT&&, const SubscriptionOptionsWithAllocator<AllocatorT>&, typename MessageMemoryStrategyT::SharedPtr) [with MessageT = std_msgs::msg::String_<std::allocator<void> >; CallbackT = std::_Bind<void (hello::*(hello*, std::_Placeholder<1>))()>; AllocatorT = std::allocator<void>; SubscriptionT = Subscription<std_msgs::msg::String_<std::allocator<void> > >; MessageMemoryStrategyT = message_memory_strategy::MessageMemoryStrategy<std_msgs::msg::String_<std::allocator<void> >, std::allocator<void> >; NodeT = Node; std::string = std::__cxx11::basic_string<char>; typename MessageMemoryStrategyT::SharedPtr = std::shared_ptr<message_memory_strategy::MessageMemoryStrategy<std_msgs::msg::String_<std::allocator<void> >, std::allocator<void> > >]’
[3.603s] /opt/ros/jazzy/include/rclcpp/rclcpp/node_impl.hpp:99:47:   required from ‘std::shared_ptr<ROSMessageT> rclcpp::Node::create_subscription(const std::string&, const rclcpp::QoS&, CallbackT&&, const rclcpp::SubscriptionOptionsWithAllocator<AllocatorT>&, typename MessageMemoryStrategyT::SharedPtr) [with MessageT = std_msgs::msg::String_<std::allocator<void> >; CallbackT = std::_Bind<void (hello::*(hello*, std::_Placeholder<1>))()>; AllocatorT = std::allocator<void>; SubscriptionT = rclcpp::Subscription<std_msgs::msg::String_<std::allocator<void> > >; MessageMemoryStrategyT = rclcpp::message_memory_strategy::MessageMemoryStrategy<std_msgs::msg::String_<std::allocator<void> >, std::allocator<void> >; std::string = std::__cxx11::basic_string<char>; typename MessageMemoryStrategyT::SharedPtr = std::shared_ptr<rclcpp::message_memory_strategy::MessageMemoryStrategy<std_msgs::msg::String_<std::allocator<void> >, std::allocator<void> > >]’
[3.603s] /home/chacha/code/ros2_prj/ros2_pr_ws/src/pr_hello/src/pr_hello.cpp:10:62:   required from here
[3.603s] /usr/include/c++/13/type_traits:116:11: error: no type named ‘type’ in ‘struct std::enable_if<false, void>’
[3.603s]   116 |     using __enable_if_t = typename enable_if<_Cond, _Tp>::type;
[3.604s]       |           ^~~~~~~~~~~~~
[3.604s] /opt/ros/jazzy/include/rclcpp/rclcpp/any_subscription_callback.hpp: In instantiation of ‘rclcpp::AnySubscriptionCallback<MessageT, AllocatorT> rclcpp::AnySubscriptionCallback<MessageT, AllocatorT>::set(CallbackT) [with CallbackT = std::_Bind<void (hello::*(hello*, std::_Placeholder<1>))()>; MessageT = std_msgs::msg::String_<std::allocator<void> >; AllocatorT = std::allocator<void>]’:
[3.604s] /opt/ros/jazzy/include/rclcpp/rclcpp/subscription_factory.hpp:93:32:   required from ‘rclcpp::SubscriptionFactory rclcpp::create_subscription_factory(CallbackT&&, const SubscriptionOptionsWithAllocator<AllocatorT>&, typename MessageMemoryStrategyT::SharedPtr, std::shared_ptr<topic_statistics::SubscriptionTopicStatistics>) [with MessageT = std_msgs::msg::String_<std::allocator<void> >; CallbackT = std::_Bind<void (hello::*(hello*, std::_Placeholder<1>))()>; AllocatorT = std::allocator<void>; SubscriptionT = Subscription<std_msgs::msg::String_<std::allocator<void> > >; MessageMemoryStrategyT = message_memory_strategy::MessageMemoryStrategy<std_msgs::msg::String_<std::allocator<void> >, std::allocator<void> >; typename MessageMemoryStrategyT::SharedPtr = std::shared_ptr<message_memory_strategy::MessageMemoryStrategy<std_msgs::msg::String_<std::allocator<void> >, std::allocator<void> > >]’
[3.604s] /opt/ros/jazzy/include/rclcpp/rclcpp/create_subscription.hpp:121:63:   required from ‘std::shared_ptr<ROSMessageT> rclcpp::detail::create_subscription(NodeParametersT&, NodeTopicsT&, const std::string&, const rclcpp::QoS&, CallbackT&&, const rclcpp::SubscriptionOptionsWithAllocator<AllocatorT>&, typename MessageMemoryStrategyT::SharedPtr) [with MessageT = std_msgs::msg::String_<std::allocator<void> >; CallbackT = std::_Bind<void (hello::*(hello*, std::_Placeholder<1>))()>; AllocatorT = std::allocator<void>; SubscriptionT = rclcpp::Subscription<std_msgs::msg::String_<std::allocator<void> > >; MessageMemoryStrategyT = rclcpp::message_memory_strategy::MessageMemoryStrategy<std_msgs::msg::String_<std::allocator<void> >, std::allocator<void> >; NodeParametersT = rclcpp::Node; NodeTopicsT = rclcpp::Node; std::string = std::__cxx11::basic_string<char>; typename MessageMemoryStrategyT::SharedPtr = std::shared_ptr<rclcpp::message_memory_strategy::MessageMemoryStrategy<std_msgs::msg::String_<std::allocator<void> >, std::allocator<void> > >]’
[3.604s] /opt/ros/jazzy/include/rclcpp/rclcpp/create_subscription.hpp:190:76:   required from ‘std::shared_ptr<ROSMessageT> rclcpp::create_subscription(NodeT&, const std::string&, const QoS&, CallbackT&&, const SubscriptionOptionsWithAllocator<AllocatorT>&, typename MessageMemoryStrategyT::SharedPtr) [with MessageT = std_msgs::msg::String_<std::allocator<void> >; CallbackT = std::_Bind<void (hello::*(hello*, std::_Placeholder<1>))()>; AllocatorT = std::allocator<void>; SubscriptionT = Subscription<std_msgs::msg::String_<std::allocator<void> > >; MessageMemoryStrategyT = message_memory_strategy::MessageMemoryStrategy<std_msgs::msg::String_<std::allocator<void> >, std::allocator<void> >; NodeT = Node; std::string = std::__cxx11::basic_string<char>; typename MessageMemoryStrategyT::SharedPtr = std::shared_ptr<message_memory_strategy::MessageMemoryStrategy<std_msgs::msg::String_<std::allocator<void> >, std::allocator<void> > >]’
[3.604s] /opt/ros/jazzy/include/rclcpp/rclcpp/node_impl.hpp:99:47:   required from ‘std::shared_ptr<ROSMessageT> rclcpp::Node::create_subscription(const std::string&, const rclcpp::QoS&, CallbackT&&, const rclcpp::SubscriptionOptionsWithAllocator<AllocatorT>&, typename MessageMemoryStrategyT::SharedPtr) [with MessageT = std_msgs::msg::String_<std::allocator<void> >; CallbackT = std::_Bind<void (hello::*(hello*, std::_Placeholder<1>))()>; AllocatorT = std::allocator<void>; SubscriptionT = rclcpp::Subscription<std_msgs::msg::String_<std::allocator<void> > >; MessageMemoryStrategyT = rclcpp::message_memory_strategy::MessageMemoryStrategy<std_msgs::msg::String_<std::allocator<void> >, std::allocator<void> >; std::string = std::__cxx11::basic_string<char>; typename MessageMemoryStrategyT::SharedPtr = std::shared_ptr<rclcpp::message_memory_strategy::MessageMemoryStrategy<std_msgs::msg::String_<std::allocator<void> >, std::allocator<void> > >]’
[3.604s] /home/chacha/code/ros2_prj/ros2_pr_ws/src/pr_hello/src/pr_hello.cpp:10:62:   required from here
[3.604s] /usr/include/c++/13/bits/std_function.h:404:7: note: candidate: ‘std::function<_Res(_ArgTypes ...)>::function(std::function<_Res(_ArgTypes ...)>&&) [with _Res = void; _ArgTypes = {}]’
[3.604s]   404 |       function(function&& __x) noexcept
[3.604s]       |       ^~~~~~~~
[3.604s] /usr/include/c++/13/bits/std_function.h:404:27: note:   no known conversion for argument 1 from ‘std::_Bind<void (hello::*(hello*, std::_Placeholder<1>))()>’ to ‘std::function<void()>&&’
[3.604s]   404 |       function(function&& __x) noexcept
[3.604s]       |                ~~~~~~~~~~~^~~
[3.604s] /usr/include/c++/13/bits/std_function.h:386:7: note: candidate: ‘std::function<_Res(_ArgTypes ...)>::function(const std::function<_Res(_ArgTypes ...)>&) [with _Res = void; _ArgTypes = {}]’
[3.604s]   386 |       function(const function& __x)
[3.604s]       |       ^~~~~~~~
[3.604s] /usr/include/c++/13/bits/std_function.h:386:32: note:   no known conversion for argument 1 from ‘std::_Bind<void (hello::*(hello*, std::_Placeholder<1>))()>’ to ‘const std::function<void()>&’
[3.604s]   386 |       function(const function& __x)
[3.605s]       |                ~~~~~~~~~~~~~~~~^~~
[3.605s] /usr/include/c++/13/bits/std_function.h:375:7: note: candidate: ‘std::function<_Res(_ArgTypes ...)>::function(std::nullptr_t) [with _Res = void; _ArgTypes = {}; std::nullptr_t = std::nullptr_t]’
[3.605s]   375 |       function(nullptr_t) noexcept
[3.605s]       |       ^~~~~~~~
[3.605s] /usr/include/c++/13/bits/std_function.h:375:16: note:   no known conversion for argument 1 from ‘std::_Bind<void (hello::*(hello*, std::_Placeholder<1>))()>’ to ‘std::nullptr_t’
[3.605s]   375 |       function(nullptr_t) noexcept
[3.605s]       |                ^~~~~~~~~
[3.605s] /usr/include/c++/13/bits/std_function.h:368:7: note: candidate: ‘std::function<_Res(_ArgTypes ...)>::function() [with _Res = void; _ArgTypes = {}]’
[3.605s]   368 |       function() noexcept
[3.605s]       |       ^~~~~~~~
[3.605s] /usr/include/c++/13/bits/std_function.h:368:7: note:   candidate expects 0 arguments, 1 provided
[3.829s] In file included from /usr/include/c++/13/bits/stl_tempbuf.h:61,
[3.829s]                  from /usr/include/c++/13/memory:66:
[3.829s] /usr/include/c++/13/bits/stl_construct.h: In instantiation of ‘void std::_Construct(_Tp*, _Args&& ...) [with _Tp = hello; _Args = {}]’:
[3.829s] /usr/include/c++/13/bits/alloc_traits.h:661:19:   required from ‘static void std::allocator_traits<std::allocator<void> >::construct(allocator_type&, _Up*, _Args&& ...) [with _Up = hello; _Args = {}; allocator_type = std::allocator<void>]’
[3.829s] /usr/include/c++/13/bits/shared_ptr_base.h:604:39:   required from ‘std::_Sp_counted_ptr_inplace<_Tp, _Alloc, _Lp>::_Sp_counted_ptr_inplace(_Alloc, _Args&& ...) [with _Args = {}; _Tp = hello; _Alloc = std::allocator<void>; __gnu_cxx::_Lock_policy _Lp = __gnu_cxx::_S_atomic]’
[3.829s] /usr/include/c++/13/bits/shared_ptr_base.h:971:16:   required from ‘std::__shared_count<_Lp>::__shared_count(_Tp*&, std::_Sp_alloc_shared_tag<_Alloc>, _Args&& ...) [with _Tp = hello; _Alloc = std::allocator<void>; _Args = {}; __gnu_cxx::_Lock_policy _Lp = __gnu_cxx::_S_atomic]’
[3.829s] /usr/include/c++/13/bits/shared_ptr_base.h:1712:14:   required from ‘std::__shared_ptr<_Tp, _Lp>::__shared_ptr(std::_Sp_alloc_shared_tag<_Tp>, _Args&& ...) [with _Alloc = std::allocator<void>; _Args = {}; _Tp = hello; __gnu_cxx::_Lock_policy _Lp = __gnu_cxx::_S_atomic]’
[3.829s] /usr/include/c++/13/bits/shared_ptr.h:464:59:   required from ‘std::shared_ptr<_Tp>::shared_ptr(std::_Sp_alloc_shared_tag<_Tp>, _Args&& ...) [with _Alloc = std::allocator<void>; _Args = {}; _Tp = hello]’
[3.829s] /usr/include/c++/13/bits/shared_ptr.h:1009:14:   required from ‘std::shared_ptr<typename std::enable_if<(! std::is_array< <template-parameter-1-1> >::value), _Tp>::type> std::make_shared(_Args&& ...) [with _Tp = hello; _Args = {}; typename enable_if<(! is_array< <template-parameter-1-1> >::value), _Tp>::type = hello]’
[3.829s] /home/chacha/code/ros2_prj/ros2_pr_ws/src/pr_hello/src/pr_hello.cpp:24:38:   required from here
[3.829s] /usr/include/c++/13/bits/stl_construct.h:119:7: error: no matching function for call to ‘hello::hello()’
[3.829s]   119 |       ::new((void*)__p) _Tp(std::forward<_Args>(__args)...);
[3.829s]       |       ^~~~~~~~~~~~~~~~~~~~~~~~~~~~~~~~~~~~~~~~~~~~~~~~~~~~~
[3.829s] /home/chacha/code/ros2_prj/ros2_pr_ws/src/pr_hello/src/pr_hello.cpp:8:5: note: candidate: ‘hello::hello(std::string)’
[3.829s]     8 |     hello(std::string msg) : Node(msg) {
[3.830s]       |     ^~~~~
[3.830s] /home/chacha/code/ros2_prj/ros2_pr_ws/src/pr_hello/src/pr_hello.cpp:8:5: note:   candidate expects 1 argument, 0 provided
[4.872s] gmake[2]: *** [CMakeFiles/pr_hello_node.dir/build.make:76: CMakeFiles/pr_hello_node.dir/src/pr_hello.cpp.o] Error 1
[4.872s] gmake[1]: *** [CMakeFiles/Makefile2:137: CMakeFiles/pr_hello_node.dir/all] Error 2
[4.872s] gmake: *** [Makefile:146: all] Error 2
[4.874s] Invoked command in '/home/chacha/code/ros2_prj/ros2_pr_ws/build/pr_hello' returned '2': CMAKE_PREFIX_PATH=${CMAKE_PREFIX_PATH}:/opt/ros/jazzy DEBUGINFOD_URLS=https://debuginfod.ubuntu.com /usr/bin/cmake --build /home/chacha/code/ros2_prj/ros2_pr_ws/build/pr_hello -- -j8 -l8
