[ 66%] Built target pr_test_node
[ 66%] Built target pr_hello_node
[ 83%] [32mBuilding CXX object CMakeFiles/test_node.dir/src/test.cpp.o[0m
In file included from [01m[K/opt/ros/jazzy/include/rclcpp/rclcpp/logging.hpp:24[m[K,
                 from [01m[K/opt/ros/jazzy/include/rclcpp/rclcpp/copy_all_parameter_values.hpp:27[m[K,
                 from [01m[K/opt/ros/jazzy/include/rclcpp/rclcpp/rclcpp.hpp:171[m[K,
                 from [01m[K/home/chacha/code/ros2_prj/ros2_pr_ws/src/pr_hello/src/test.cpp:1[m[K:
[01m[K/home/chacha/code/ros2_prj/ros2_pr_ws/src/pr_hello/src/test.cpp:[m[K In constructor ‘[01m[KtestNode::[01;32m[KtestNode[m[K(std::string)[m[K’:
[01m[K/home/chacha/code/ros2_prj/ros2_pr_ws/src/pr_hello/src/test.cpp:7:48:[m[K [01;35m[Kwarning: [m[Kformat ‘[01m[K%s[m[K’ expects argument of type ‘[01m[Kchar*[m[K’, but argument 5 has type ‘[01m[Kstd::string[m[K’ {aka ‘[01m[Kstd::__cxx11::basic_string<char>[m[K’} [[01;35m[K]8;;https://gcc.gnu.org/onlinedocs/gcc/Warning-Options.html#index-Wformat=-Wformat=]8;;[m[K]
    7 |                 RCLCPP_INFO(this->get_logger(),[01;35m[K"create node : %s\n"[m[K,node_name);
      |                                                [01;35m[K^~~~~~~~~~~~~~~~~~~~[m[K
[01m[K/home/chacha/code/ros2_prj/ros2_pr_ws/src/pr_hello/src/test.cpp:7:64:[m[K [01;36m[Knote: [m[Kformat string is defined here
    7 |                 RCLCPP_INFO(this->get_logger(),"create node : [01;36m[K%s[m[K\n",node_name);
      |                                                               [01;36m[K~^[m[K
      |                                                                [01;36m[K|[m[K
      |                                                                [01;36m[Kchar*[m[K
[100%] [32m[1mLinking CXX executable test_node[0m
[100%] Built target test_node
-- Install configuration: ""
-- Execute custom install script
-- Up-to-date symlink: /home/chacha/code/ros2_prj/ros2_pr_ws/install/pr_hello/lib/pr_hello/pr_hello_node
-- Up-to-date symlink: /home/chacha/code/ros2_prj/ros2_pr_ws/install/pr_hello/lib/pr_hello/test_node
-- Up-to-date symlink: /home/chacha/code/ros2_prj/ros2_pr_ws/install/pr_hello/lib/pr_hello/pr_test_node
-- Up-to-date symlink: /home/chacha/code/ros2_prj/ros2_pr_ws/install/pr_hello/share/ament_index/resource_index/package_run_dependencies/pr_hello
-- Up-to-date symlink: /home/chacha/code/ros2_prj/ros2_pr_ws/install/pr_hello/share/ament_index/resource_index/parent_prefix_path/pr_hello
-- Up-to-date symlink: /home/chacha/code/ros2_prj/ros2_pr_ws/install/pr_hello/share/pr_hello/environment/ament_prefix_path.sh
-- Up-to-date symlink: /home/chacha/code/ros2_prj/ros2_pr_ws/install/pr_hello/share/pr_hello/environment/ament_prefix_path.dsv
-- Up-to-date symlink: /home/chacha/code/ros2_prj/ros2_pr_ws/install/pr_hello/share/pr_hello/environment/path.sh
-- Up-to-date symlink: /home/chacha/code/ros2_prj/ros2_pr_ws/install/pr_hello/share/pr_hello/environment/path.dsv
-- Up-to-date symlink: /home/chacha/code/ros2_prj/ros2_pr_ws/install/pr_hello/share/pr_hello/local_setup.bash
-- Up-to-date symlink: /home/chacha/code/ros2_prj/ros2_pr_ws/install/pr_hello/share/pr_hello/local_setup.sh
-- Up-to-date symlink: /home/chacha/code/ros2_prj/ros2_pr_ws/install/pr_hello/share/pr_hello/local_setup.zsh
-- Up-to-date symlink: /home/chacha/code/ros2_prj/ros2_pr_ws/install/pr_hello/share/pr_hello/local_setup.dsv
-- Symlinking: /home/chacha/code/ros2_prj/ros2_pr_ws/install/pr_hello/share/pr_hello/package.dsv
-- Up-to-date symlink: /home/chacha/code/ros2_prj/ros2_pr_ws/install/pr_hello/share/ament_index/resource_index/packages/pr_hello
-- Up-to-date symlink: /home/chacha/code/ros2_prj/ros2_pr_ws/install/pr_hello/share/pr_hello/cmake/pr_helloConfig.cmake
-- Up-to-date symlink: /home/chacha/code/ros2_prj/ros2_pr_ws/install/pr_hello/share/pr_hello/cmake/pr_helloConfig-version.cmake
-- Up-to-date symlink: /home/chacha/code/ros2_prj/ros2_pr_ws/install/pr_hello/share/pr_hello/package.xml
