[0.017s] Invoking command in '/home/chacha/code/ros2_prj/ros2_pr_ws/build/pr_hello': CMAKE_PREFIX_PATH=${CMAKE_PREFIX_PATH}:/opt/ros/jazzy DEBUGINFOD_URLS=https://debuginfod.ubuntu.com /usr/bin/cmake --build /home/chacha/code/ros2_prj/ros2_pr_ws/build/pr_hello -- -j8 -l8
[0.084s] -- Found ament_cmake: 2.5.5 (/opt/ros/jazzy/share/ament_cmake/cmake)
[0.398s] -- Override CMake install command with custom implementation using symlinks instead of copying resources
[0.419s] -- Found rclcpp: 28.1.16 (/opt/ros/jazzy/share/rclcpp/cmake)
[0.476s] -- Found rosidl_generator_c: 4.6.7 (/opt/ros/jazzy/share/rosidl_generator_c/cmake)
[0.488s] -- Found rosidl_generator_cpp: 4.6.7 (/opt/ros/jazzy/share/rosidl_generator_cpp/cmake)
[0.514s] -- Using all available rosidl_typesupport_c: rosidl_typesupport_fastrtps_c;rosidl_typesupport_introspection_c
[0.542s] -- Using all available rosidl_typesupport_cpp: rosidl_typesupport_fastrtps_cpp;rosidl_typesupport_introspection_cpp
[0.740s] -- Found rmw_implementation_cmake: 7.3.3 (/opt/ros/jazzy/share/rmw_implementation_cmake/cmake)
[0.743s] -- Found rmw_fastrtps_cpp: 8.4.3 (/opt/ros/jazzy/share/rmw_fastrtps_cpp/cmake)
[0.912s] -- Using RMW implementation 'rmw_fastrtps_cpp' as default
[1.034s] -- Found std_msgs: 5.3.6 (/opt/ros/jazzy/share/std_msgs/cmake)
[1.062s] -- Found ament_lint_auto: 0.17.4 (/opt/ros/jazzy/share/ament_lint_auto/cmake)
[1.217s] -- Added test 'cppcheck' to perform static code analysis on C / C++ code
[1.217s] -- Configured cppcheck include dirs: 
[1.217s] -- Configured cppcheck exclude dirs and/or files: 
[1.218s] -- Added test 'lint_cmake' to check CMake code style
[1.219s] -- Added test 'uncrustify' to check C / C++ code style
[1.219s] -- Configured uncrustify additional arguments: 
[1.220s] -- Added test 'xmllint' to check XML markup files
[1.223s] -- Configuring done (1.2s)
[1.252s] -- Generating done (0.0s)
[1.262s] -- Build files have been written to: /home/chacha/code/ros2_prj/ros2_pr_ws/build/pr_hello
[1.324s] [ 25%] [32mBuilding CXX object CMakeFiles/test_node.dir/src/test.cpp.o[0m
[1.337s] [ 50%] [32mBuilding CXX object CMakeFiles/pr_hello_node.dir/src/pr_hello.cpp.o[0m
[4.940s] In file included from [01m[K/opt/ros/jazzy/include/rclcpp/rclcpp/logging.hpp:24[m[K,
[4.940s]                  from [01m[K/opt/ros/jazzy/include/rclcpp/rclcpp/copy_all_parameter_values.hpp:27[m[K,
[4.942s]                  from [01m[K/opt/ros/jazzy/include/rclcpp/rclcpp/rclcpp.hpp:171[m[K,
[4.942s]                  from [01m[K/home/chacha/code/ros2_prj/ros2_pr_ws/src/pr_hello/src/test.cpp:1[m[K:
[4.942s] [01m[K/home/chacha/code/ros2_prj/ros2_pr_ws/src/pr_hello/src/test.cpp:[m[K In constructor ‘[01m[KtestNode::[01;32m[KtestNode[m[K(std::string)[m[K’:
[4.942s] [01m[K/home/chacha/code/ros2_prj/ros2_pr_ws/src/pr_hello/src/test.cpp:7:56:[m[K [01;35m[Kwarning: [m[Kformat ‘[01m[K%s[m[K’ expects argument of type ‘[01m[Kchar*[m[K’, but argument 5 has type ‘[01m[Kstd::string[m[K’ {aka ‘[01m[Kstd::__cxx11::basic_string<char>[m[K’} [[01;35m[K]8;;https://gcc.gnu.org/onlinedocs/gcc/Warning-Options.html#index-Wformat=-Wformat=]8;;[m[K]
[4.942s]     7 |                         RCLCPP_INFO(this->get_logger(),[01;35m[K"create node : %s "[m[K,node_name);
[4.942s]       |                                                        [01;35m[K^~~~~~~~~~~~~~~~~~~[m[K
[4.942s] [01m[K/home/chacha/code/ros2_prj/ros2_pr_ws/src/pr_hello/src/test.cpp:7:72:[m[K [01;36m[Knote: [m[Kformat string is defined here
[4.942s]     7 |                         RCLCPP_INFO(this->get_logger(),"create node : [01;36m[K%s[m[K ",node_name);
[4.942s]       |                                                                       [01;36m[K~^[m[K
[4.942s]       |                                                                        [01;36m[K|[m[K
[4.942s]       |                                                                        [01;36m[Kchar*[m[K
[12.379s] [100%] [32m[1mLinking CXX executable test_node[0m
[12.379s] [100%] [32m[1mLinking CXX executable pr_hello_node[0m
[12.910s] [100%] Built target pr_hello_node
[12.912s] [100%] Built target test_node
[12.927s] Invoked command in '/home/chacha/code/ros2_prj/ros2_pr_ws/build/pr_hello' returned '0': CMAKE_PREFIX_PATH=${CMAKE_PREFIX_PATH}:/opt/ros/jazzy DEBUGINFOD_URLS=https://debuginfod.ubuntu.com /usr/bin/cmake --build /home/chacha/code/ros2_prj/ros2_pr_ws/build/pr_hello -- -j8 -l8
[12.944s] Invoking command in '/home/chacha/code/ros2_prj/ros2_pr_ws/build/pr_hello': CMAKE_PREFIX_PATH=${CMAKE_PREFIX_PATH}:/opt/ros/jazzy DEBUGINFOD_URLS=https://debuginfod.ubuntu.com /usr/bin/cmake --install /home/chacha/code/ros2_prj/ros2_pr_ws/build/pr_hello
[12.956s] -- Install configuration: ""
[12.956s] -- Execute custom install script
[12.957s] -- Up-to-date symlink: /home/chacha/code/ros2_prj/ros2_pr_ws/install/pr_hello/lib/pr_hello/pr_hello_node
[12.957s] -- Symlinking: /home/chacha/code/ros2_prj/ros2_pr_ws/install/pr_hello/lib/pr_hello/test_node
[12.969s] -- Up-to-date symlink: /home/chacha/code/ros2_prj/ros2_pr_ws/install/pr_hello/share/ament_index/resource_index/package_run_dependencies/pr_hello
[12.969s] -- Up-to-date symlink: /home/chacha/code/ros2_prj/ros2_pr_ws/install/pr_hello/share/ament_index/resource_index/parent_prefix_path/pr_hello
[12.969s] -- Up-to-date symlink: /home/chacha/code/ros2_prj/ros2_pr_ws/install/pr_hello/share/pr_hello/environment/ament_prefix_path.sh
[12.969s] -- Up-to-date symlink: /home/chacha/code/ros2_prj/ros2_pr_ws/install/pr_hello/share/pr_hello/environment/ament_prefix_path.dsv
[12.969s] -- Up-to-date symlink: /home/chacha/code/ros2_prj/ros2_pr_ws/install/pr_hello/share/pr_hello/environment/path.sh
[12.970s] -- Up-to-date symlink: /home/chacha/code/ros2_prj/ros2_pr_ws/install/pr_hello/share/pr_hello/environment/path.dsv
[12.970s] -- Up-to-date symlink: /home/chacha/code/ros2_prj/ros2_pr_ws/install/pr_hello/share/pr_hello/local_setup.bash
[12.970s] -- Up-to-date symlink: /home/chacha/code/ros2_prj/ros2_pr_ws/install/pr_hello/share/pr_hello/local_setup.sh
[12.970s] -- Up-to-date symlink: /home/chacha/code/ros2_prj/ros2_pr_ws/install/pr_hello/share/pr_hello/local_setup.zsh
[12.970s] -- Up-to-date symlink: /home/chacha/code/ros2_prj/ros2_pr_ws/install/pr_hello/share/pr_hello/local_setup.dsv
[12.970s] -- Symlinking: /home/chacha/code/ros2_prj/ros2_pr_ws/install/pr_hello/share/pr_hello/package.dsv
[12.980s] -- Up-to-date symlink: /home/chacha/code/ros2_prj/ros2_pr_ws/install/pr_hello/share/ament_index/resource_index/packages/pr_hello
[12.980s] -- Up-to-date symlink: /home/chacha/code/ros2_prj/ros2_pr_ws/install/pr_hello/share/pr_hello/cmake/pr_helloConfig.cmake
[12.980s] -- Up-to-date symlink: /home/chacha/code/ros2_prj/ros2_pr_ws/install/pr_hello/share/pr_hello/cmake/pr_helloConfig-version.cmake
[12.981s] -- Up-to-date symlink: /home/chacha/code/ros2_prj/ros2_pr_ws/install/pr_hello/share/pr_hello/package.xml
[12.984s] Invoked command in '/home/chacha/code/ros2_prj/ros2_pr_ws/build/pr_hello' returned '0': CMAKE_PREFIX_PATH=${CMAKE_PREFIX_PATH}:/opt/ros/jazzy DEBUGINFOD_URLS=https://debuginfod.ubuntu.com /usr/bin/cmake --install /home/chacha/code/ros2_prj/ros2_pr_ws/build/pr_hello
