[0.009s] Invoking command in '/home/chacha/code/repo/ChaChaOpen/ros2_prj/ros2_stu_ws/build/topic': CMAKE_PREFIX_PATH=${CMAKE_PREFIX_PATH}:/opt/ros/jazzy DEBUGINFOD_URLS=https://debuginfod.ubuntu.com /usr/bin/cmake --build /home/chacha/code/repo/ChaChaOpen/ros2_prj/ros2_stu_ws/build/topic -- -j8 -l8
[0.084s] [ 50%] Building CXX object CMakeFiles/sub_node.dir/src/sub_node.cpp.o
[2.777s] /home/chacha/code/repo/ChaChaOpen/ros2_prj/ros2_stu_ws/src/topic/src/sub_node.cpp:18:5: warning: first argument of ‘int main(int*, char*)’ should be ‘int’ [-Wmain]
[2.777s]    18 | int main(int* argc, char* argv) {
[2.777s]       |     ^~~~
[2.777s] /home/chacha/code/repo/ChaChaOpen/ros2_prj/ros2_stu_ws/src/topic/src/sub_node.cpp:18:5: warning: second argument of ‘int main(int*, char*)’ should be ‘char **’ [-Wmain]
[2.777s] /home/chacha/code/repo/ChaChaOpen/ros2_prj/ros2_stu_ws/src/topic/src/sub_node.cpp: In function ‘int main(int*, char*)’:
[2.777s] /home/chacha/code/repo/ChaChaOpen/ros2_prj/ros2_stu_ws/src/topic/src/sub_node.cpp:19:22: error: invalid conversion from ‘int*’ to ‘int’ [-fpermissive]
[2.777s]    19 |         rclcpp::init(argc, argv);
[2.777s]       |                      ^~~~
[2.778s]       |                      |
[2.778s]       |                      int*
[2.778s] /home/chacha/code/repo/ChaChaOpen/ros2_prj/ros2_stu_ws/src/topic/src/sub_node.cpp:19:28: error: cannot convert ‘char*’ to ‘const char* const*’
[2.778s]    19 |         rclcpp::init(argc, argv);
[2.778s]       |                            ^~~~
[2.778s]       |                            |
[2.778s]       |                            char*
[2.778s] In file included from /opt/ros/jazzy/include/rclcpp/rclcpp/logging.hpp:25,
[2.778s]                  from /opt/ros/jazzy/include/rclcpp/rclcpp/copy_all_parameter_values.hpp:27,
[2.778s]                  from /opt/ros/jazzy/include/rclcpp/rclcpp/rclcpp.hpp:171,
[2.779s]                  from /home/chacha/code/repo/ChaChaOpen/ros2_prj/ros2_stu_ws/src/topic/src/sub_node.cpp:1:
[2.779s] /opt/ros/jazzy/include/rclcpp/rclcpp/utilities.hpp:77:24: note:   initializing argument 2 of ‘void rclcpp::init(int, const char* const*, const InitOptions&, SignalHandlerOptions)’
[2.779s]    77 |   char const * const * argv,
[2.779s]       |   ~~~~~~~~~~~~~~~~~~~~~^~~~
[5.173s] gmake[2]: *** [CMakeFiles/sub_node.dir/build.make:76: CMakeFiles/sub_node.dir/src/sub_node.cpp.o] Error 1
[5.174s] gmake[1]: *** [CMakeFiles/Makefile2:137: CMakeFiles/sub_node.dir/all] Error 2
[5.174s] gmake: *** [Makefile:146: all] Error 2
[5.176s] Invoked command in '/home/chacha/code/repo/ChaChaOpen/ros2_prj/ros2_stu_ws/build/topic' returned '2': CMAKE_PREFIX_PATH=${CMAKE_PREFIX_PATH}:/opt/ros/jazzy DEBUGINFOD_URLS=https://debuginfod.ubuntu.com /usr/bin/cmake --build /home/chacha/code/repo/ChaChaOpen/ros2_prj/ros2_stu_ws/build/topic -- -j8 -l8
