[0.246s] DEBUG:colcon:Command line arguments: ['/usr/bin/colcon', 'build']
[0.246s] DEBUG:colcon:Parsed command line arguments: Namespace(log_base=None, log_level=None, verb_name='build', build_base='build', install_base='install', merge_install=False, symlink_install=False, test_result_base=None, continue_on_error=False, executor='parallel', parallel_workers=8, event_handlers=None, ignore_user_meta=False, metas=['./colcon.meta'], base_paths=['.'], packages_ignore=None, packages_ignore_regex=None, paths=None, packages_up_to=None, packages_up_to_regex=None, packages_above=None, packages_above_and_dependencies=None, packages_above_depth=None, packages_select_by_dep=None, packages_skip_by_dep=None, packages_skip_up_to=None, packages_select_build_failed=False, packages_skip_build_finished=False, packages_select_test_failures=False, packages_skip_test_passed=False, packages_select=None, packages_skip=None, packages_select_regex=None, packages_skip_regex=None, packages_start=None, packages_end=None, allow_overriding=[], cmake_args=None, cmake_target=None, cmake_target_skip_unavailable=False, cmake_clean_cache=False, cmake_clean_first=False, cmake_force_configure=False, ament_cmake_args=None, catkin_cmake_args=None, catkin_skip_building_tests=False, verb_parser=<colcon_defaults.argument_parser.defaults.DefaultArgumentsDecorator object at 0x72c0bfb23e00>, verb_extension=<colcon_core.verb.build.BuildVerb object at 0x72c0bfb23aa0>, main=<bound method BuildVerb.main of <colcon_core.verb.build.BuildVerb object at 0x72c0bfb23aa0>>)
[0.356s] Level 1:colcon.colcon_core.package_discovery:discover_packages(colcon_meta) check parameters
[0.356s] Level 1:colcon.colcon_core.package_discovery:discover_packages(recursive) check parameters
[0.356s] Level 1:colcon.colcon_core.package_discovery:discover_packages(ignore) check parameters
[0.356s] Level 1:colcon.colcon_core.package_discovery:discover_packages(path) check parameters
[0.356s] Level 1:colcon.colcon_core.package_discovery:discover_packages(colcon_meta) discover
[0.356s] Level 1:colcon.colcon_core.package_discovery:discover_packages(recursive) discover
[0.356s] INFO:colcon.colcon_core.package_discovery:Crawling recursively for packages in '/home/chacha/code/ros2_prj/ros2_pr_ws/src/user_interfaces'
[0.356s] Level 1:colcon.colcon_core.package_identification:_identify(.) by extensions ['ignore', 'ignore_ament_install']
[0.356s] Level 1:colcon.colcon_core.package_identification:_identify(.) by extension 'ignore'
[0.356s] Level 1:colcon.colcon_core.package_identification:_identify(.) by extension 'ignore_ament_install'
[0.356s] Level 1:colcon.colcon_core.package_identification:_identify(.) by extensions ['colcon_pkg']
[0.357s] Level 1:colcon.colcon_core.package_identification:_identify(.) by extension 'colcon_pkg'
[0.357s] Level 1:colcon.colcon_core.package_identification:_identify(.) by extensions ['colcon_meta']
[0.357s] Level 1:colcon.colcon_core.package_identification:_identify(.) by extension 'colcon_meta'
[0.357s] Level 1:colcon.colcon_core.package_identification:_identify(.) by extensions ['ros']
[0.357s] Level 1:colcon.colcon_core.package_identification:_identify(.) by extension 'ros'
[0.405s] DEBUG:colcon.colcon_core.package_identification:Package '.' with type 'ros.ament_cmake' and name 'user_interfaces'
[0.405s] Level 1:colcon.colcon_core.package_discovery:discover_packages(recursive) using defaults
[0.406s] Level 1:colcon.colcon_core.package_discovery:discover_packages(ignore) discover
[0.406s] Level 1:colcon.colcon_core.package_discovery:discover_packages(ignore) using defaults
[0.406s] Level 1:colcon.colcon_core.package_discovery:discover_packages(path) discover
[0.406s] Level 1:colcon.colcon_core.package_discovery:discover_packages(path) using defaults
[0.446s] Level 1:colcon.colcon_core.package_discovery:discover_packages(prefix_path) check parameters
[0.446s] Level 1:colcon.colcon_core.package_discovery:discover_packages(prefix_path) discover
[0.452s] DEBUG:colcon.colcon_installed_package_information.package_discovery:Found 318 installed packages in /opt/ros/jazzy
[0.453s] Level 1:colcon.colcon_core.package_discovery:discover_packages(prefix_path) using defaults
[0.521s] Level 5:colcon.colcon_core.verb:set package 'user_interfaces' build argument 'cmake_args' from command line to 'None'
[0.521s] Level 5:colcon.colcon_core.verb:set package 'user_interfaces' build argument 'cmake_target' from command line to 'None'
[0.521s] Level 5:colcon.colcon_core.verb:set package 'user_interfaces' build argument 'cmake_target_skip_unavailable' from command line to 'False'
[0.521s] Level 5:colcon.colcon_core.verb:set package 'user_interfaces' build argument 'cmake_clean_cache' from command line to 'False'
[0.521s] Level 5:colcon.colcon_core.verb:set package 'user_interfaces' build argument 'cmake_clean_first' from command line to 'False'
[0.521s] Level 5:colcon.colcon_core.verb:set package 'user_interfaces' build argument 'cmake_force_configure' from command line to 'False'
[0.521s] Level 5:colcon.colcon_core.verb:set package 'user_interfaces' build argument 'ament_cmake_args' from command line to 'None'
[0.521s] Level 5:colcon.colcon_core.verb:set package 'user_interfaces' build argument 'catkin_cmake_args' from command line to 'None'
[0.521s] Level 5:colcon.colcon_core.verb:set package 'user_interfaces' build argument 'catkin_skip_building_tests' from command line to 'False'
[0.521s] DEBUG:colcon.colcon_core.verb:Building package 'user_interfaces' with the following arguments: {'ament_cmake_args': None, 'build_base': '/home/chacha/code/ros2_prj/ros2_pr_ws/src/user_interfaces/build/user_interfaces', 'catkin_cmake_args': None, 'catkin_skip_building_tests': False, 'cmake_args': None, 'cmake_clean_cache': False, 'cmake_clean_first': False, 'cmake_force_configure': False, 'cmake_target': None, 'cmake_target_skip_unavailable': False, 'install_base': '/home/chacha/code/ros2_prj/ros2_pr_ws/src/user_interfaces/install/user_interfaces', 'merge_install': False, 'path': '/home/chacha/code/ros2_prj/ros2_pr_ws/src/user_interfaces', 'symlink_install': False, 'test_result_base': None}
[0.521s] INFO:colcon.colcon_core.executor:Executing jobs using 'parallel' executor
[0.522s] DEBUG:colcon.colcon_parallel_executor.executor.parallel:run_until_complete
[0.523s] INFO:colcon.colcon_ros.task.ament_cmake.build:Building ROS package in '/home/chacha/code/ros2_prj/ros2_pr_ws/src/user_interfaces' with build type 'ament_cmake'
[0.523s] INFO:colcon.colcon_cmake.task.cmake.build:Building CMake package in '/home/chacha/code/ros2_prj/ros2_pr_ws/src/user_interfaces'
[0.527s] INFO:colcon.colcon_core.plugin_system:Skipping extension 'colcon_core.shell.bat': Not used on non-Windows systems
[0.528s] INFO:colcon.colcon_core.shell:Skip shell extension 'powershell' for command environment: Not usable outside of PowerShell
[0.528s] DEBUG:colcon.colcon_core.shell:Skip shell extension 'dsv' for command environment
[0.542s] DEBUG:colcon.colcon_core.event_handler.log_command:Invoking command in '/home/chacha/code/ros2_prj/ros2_pr_ws/src/user_interfaces/build/user_interfaces': CMAKE_PREFIX_PATH=${CMAKE_PREFIX_PATH}:/opt/ros/jazzy DEBUGINFOD_URLS=https://debuginfod.ubuntu.com /usr/bin/cmake /home/chacha/code/ros2_prj/ros2_pr_ws/src/user_interfaces -DCMAKE_INSTALL_PREFIX=/home/chacha/code/ros2_prj/ros2_pr_ws/src/user_interfaces/install/user_interfaces
[2.437s] DEBUG:colcon.colcon_core.event_handler.log_command:Invoked command in '/home/chacha/code/ros2_prj/ros2_pr_ws/src/user_interfaces/build/user_interfaces' returned '1': CMAKE_PREFIX_PATH=${CMAKE_PREFIX_PATH}:/opt/ros/jazzy DEBUGINFOD_URLS=https://debuginfod.ubuntu.com /usr/bin/cmake /home/chacha/code/ros2_prj/ros2_pr_ws/src/user_interfaces -DCMAKE_INSTALL_PREFIX=/home/chacha/code/ros2_prj/ros2_pr_ws/src/user_interfaces/install/user_interfaces
[2.481s] Level 1:colcon.colcon_core.environment:create_environment_scripts_only(user_interfaces)
[2.488s] Level 1:colcon.colcon_core.environment:checking '/home/chacha/code/ros2_prj/ros2_pr_ws/src/user_interfaces/install/user_interfaces' for CMake module files
[2.489s] Level 1:colcon.colcon_core.environment:checking '/home/chacha/code/ros2_prj/ros2_pr_ws/src/user_interfaces/install/user_interfaces' for CMake config files
[2.490s] Level 1:colcon.colcon_core.environment:checking '/home/chacha/code/ros2_prj/ros2_pr_ws/src/user_interfaces/install/user_interfaces/bin'
[2.490s] Level 1:colcon.colcon_core.environment:checking '/home/chacha/code/ros2_prj/ros2_pr_ws/src/user_interfaces/install/user_interfaces/lib/pkgconfig/user_interfaces.pc'
[2.490s] Level 1:colcon.colcon_core.environment:checking '/home/chacha/code/ros2_prj/ros2_pr_ws/src/user_interfaces/install/user_interfaces/lib/python3.12/site-packages'
[2.492s] Level 1:colcon.colcon_core.environment:checking '/home/chacha/code/ros2_prj/ros2_pr_ws/src/user_interfaces/install/user_interfaces/bin'
[2.492s] INFO:colcon.colcon_core.shell:Creating package script '/home/chacha/code/ros2_prj/ros2_pr_ws/src/user_interfaces/install/user_interfaces/share/user_interfaces/package.ps1'
[2.495s] INFO:colcon.colcon_core.shell:Creating package descriptor '/home/chacha/code/ros2_prj/ros2_pr_ws/src/user_interfaces/install/user_interfaces/share/user_interfaces/package.dsv'
[2.496s] INFO:colcon.colcon_core.shell:Creating package script '/home/chacha/code/ros2_prj/ros2_pr_ws/src/user_interfaces/install/user_interfaces/share/user_interfaces/package.sh'
[2.497s] INFO:colcon.colcon_core.shell:Creating package script '/home/chacha/code/ros2_prj/ros2_pr_ws/src/user_interfaces/install/user_interfaces/share/user_interfaces/package.bash'
[2.499s] INFO:colcon.colcon_core.shell:Creating package script '/home/chacha/code/ros2_prj/ros2_pr_ws/src/user_interfaces/install/user_interfaces/share/user_interfaces/package.zsh'
[2.499s] Level 1:colcon.colcon_core.environment:create_file_with_runtime_dependencies(/home/chacha/code/ros2_prj/ros2_pr_ws/src/user_interfaces/install/user_interfaces/share/colcon-core/packages/user_interfaces)
[2.511s] DEBUG:colcon.colcon_parallel_executor.executor.parallel:closing loop
[2.511s] DEBUG:colcon.colcon_parallel_executor.executor.parallel:loop closed
[2.511s] DEBUG:colcon.colcon_parallel_executor.executor.parallel:run_until_complete finished with '1'
[2.511s] DEBUG:colcon.colcon_core.event_reactor:joining thread
[2.526s] INFO:colcon.colcon_core.plugin_system:Skipping extension 'colcon_notification.desktop_notification.terminal_notifier': Not used on non-Darwin systems
[2.526s] INFO:colcon.colcon_core.plugin_system:Skipping extension 'colcon_notification.desktop_notification.win32': Not used on non-Windows systems
[2.527s] INFO:colcon.colcon_notification.desktop_notification:Sending desktop notification using 'notify2'
[2.568s] DEBUG:colcon.colcon_core.event_reactor:joined thread
[2.568s] INFO:colcon.colcon_core.shell:Creating prefix script '/home/chacha/code/ros2_prj/ros2_pr_ws/src/user_interfaces/install/local_setup.ps1'
[2.571s] INFO:colcon.colcon_core.shell:Creating prefix util module '/home/chacha/code/ros2_prj/ros2_pr_ws/src/user_interfaces/install/_local_setup_util_ps1.py'
[2.575s] INFO:colcon.colcon_core.shell:Creating prefix chain script '/home/chacha/code/ros2_prj/ros2_pr_ws/src/user_interfaces/install/setup.ps1'
[2.578s] INFO:colcon.colcon_core.shell:Creating prefix script '/home/chacha/code/ros2_prj/ros2_pr_ws/src/user_interfaces/install/local_setup.sh'
[2.580s] INFO:colcon.colcon_core.shell:Creating prefix util module '/home/chacha/code/ros2_prj/ros2_pr_ws/src/user_interfaces/install/_local_setup_util_sh.py'
[2.581s] INFO:colcon.colcon_core.shell:Creating prefix chain script '/home/chacha/code/ros2_prj/ros2_pr_ws/src/user_interfaces/install/setup.sh'
[2.585s] INFO:colcon.colcon_core.shell:Creating prefix script '/home/chacha/code/ros2_prj/ros2_pr_ws/src/user_interfaces/install/local_setup.bash'
[2.586s] INFO:colcon.colcon_core.shell:Creating prefix chain script '/home/chacha/code/ros2_prj/ros2_pr_ws/src/user_interfaces/install/setup.bash'
[2.589s] INFO:colcon.colcon_core.shell:Creating prefix script '/home/chacha/code/ros2_prj/ros2_pr_ws/src/user_interfaces/install/local_setup.zsh'
[2.590s] INFO:colcon.colcon_core.shell:Creating prefix chain script '/home/chacha/code/ros2_prj/ros2_pr_ws/src/user_interfaces/install/setup.zsh'
