[01m[K/home/chacha/code/repo/ChaChaOpen/ros2_prj/topic_ws/topic/src/sub.cpp:10:25:[m[K [01;31m[Kerror: [m[K‘[01m[Ksubscription[m[K’ in namespace ‘[01m[Krclcpp[m[K’ does not name a template type; did you mean ‘[01m[KSubscription[m[K’?
   10 |                 rclcpp::[01;31m[Ksubscription[m[K<std_msgs::msg::String>::SharedPtr sub_;
      |                         [01;31m[K^~~~~~~~~~~~[m[K
      |                         [32m[KSubscription[m[K
[01m[K/home/chacha/code/repo/ChaChaOpen/ros2_prj/topic_ws/topic/src/sub.cpp:12:17:[m[K [01;31m[Kerror: [m[KISO C++ forbids declaration of ‘[01m[Ksub_callback[m[K’ with no type [[01;31m[K]8;;https://gcc.gnu.org/onlinedocs/gcc/Warning-Options.html#index-fpermissive-fpermissive]8;;[m[K]
   12 |                 [01;31m[Ksub_callback[m[K(std_msgs::msg::String msg) {
      |                 [01;31m[K^~~~~~~~~~~~[m[K
[01m[K/home/chacha/code/repo/ChaChaOpen/ros2_prj/topic_ws/topic/src/sub.cpp:[m[K In constructor ‘[01m[KsubNode::[01;32m[KsubNode[m[K(std::string)[m[K’:
[01m[K/home/chacha/code/repo/ChaChaOpen/ros2_prj/topic_ws/topic/src/sub.cpp:7:25:[m[K [01;31m[Kerror: [m[K‘[01m[Ksub_[m[K’ was not declared in this scope
    7 |                         [01;31m[Ksub_[m[K = this->create_subscription<std_msgs::msg::String>("topicNode", 10, std::bind(&subNode::sub_callback, this, std::placeholders::_1));
      |                         [01;31m[K^~~~[m[K
[01m[K/home/chacha/code/repo/ChaChaOpen/ros2_prj/topic_ws/topic/src/sub.cpp:[m[K In member function ‘[01m[Kint subNode::[01;32m[Ksub_callback[m[K(std_msgs::msg::String)[m[K’:
[01m[K/home/chacha/code/repo/ChaChaOpen/ros2_prj/topic_ws/topic/src/sub.cpp:14:17:[m[K [01;35m[Kwarning: [m[Kno return statement in function returning non-void [[01;35m[K]8;;https://gcc.gnu.org/onlinedocs/gcc/Warning-Options.html#index-Wreturn-type-Wreturn-type]8;;[m[K]
   14 |                 [01;35m[K}[m[K
      |                 [01;35m[K^[m[K
In file included from [01m[K/opt/ros/jazzy/include/rclcpp/rclcpp/copy_all_parameter_values.hpp:27[m[K,
                 from [01m[K/opt/ros/jazzy/include/rclcpp/rclcpp/rclcpp.hpp:171[m[K,
                 from [01m[K/home/chacha/code/repo/ChaChaOpen/ros2_prj/topic_ws/topic/src/sub.cpp:1[m[K:
[01m[K/home/chacha/code/repo/ChaChaOpen/ros2_prj/topic_ws/topic/src/sub.cpp:[m[K In function ‘[01m[Kint[01;32m[K main[m[K(int, char**)[m[K’:
[01m[K/home/chacha/code/repo/ChaChaOpen/ros2_prj/topic_ws/topic/src/sub.cpp:20:21:[m[K [01;31m[Kerror: [m[Kinvalid use of ‘[01m[Kthis[m[K’ in non-member function
   20 |         RCLCPP_INFO([01;31m[Kthis[m[K->get_logger(), "sub_node created!");
      |                     [01;31m[K^~~~[m[K
[01m[K/home/chacha/code/repo/ChaChaOpen/ros2_prj/topic_ws/topic/src/sub.cpp:20:21:[m[K [01;31m[Kerror: [m[Kinvalid use of ‘[01m[Kthis[m[K’ in non-member function
[01m[K/home/chacha/code/repo/ChaChaOpen/ros2_prj/topic_ws/topic/src/sub.cpp:20:9:[m[K [01;31m[Kerror: [m[Ktemplate argument 1 is invalid
   20 |         [01;31m[KRCLCPP_INFO[m[K(this->get_logger(), "sub_node created!");
      |         [01;31m[K^~~~~~~~~~~[m[K
In file included from [01m[K/opt/ros/jazzy/include/rclcpp/rclcpp/logging.hpp:24[m[K:
[01m[K/home/chacha/code/repo/ChaChaOpen/ros2_prj/topic_ws/topic/src/sub.cpp:20:21:[m[K [01;31m[Kerror: [m[Kinvalid use of ‘[01m[Kthis[m[K’ in non-member function
   20 |         RCLCPP_INFO([01;31m[Kthis[m[K->get_logger(), "sub_node created!");
      |                     [01;31m[K^~~~[m[K
[01m[K/home/chacha/code/repo/ChaChaOpen/ros2_prj/topic_ws/topic/src/sub.cpp:20:21:[m[K [01;31m[Kerror: [m[Kinvalid use of ‘[01m[Kthis[m[K’ in non-member function
   20 |         RCLCPP_INFO([01;31m[Kthis[m[K->get_logger(), "sub_node created!");
      |                     [01;31m[K^~~~[m[K
In file included from [01m[K/opt/ros/jazzy/include/rclcpp/rclcpp/copy_all_parameter_values.hpp:27[m[K,
                 from [01m[K/opt/ros/jazzy/include/rclcpp/rclcpp/rclcpp.hpp:171[m[K,
                 from [01m[K/home/chacha/code/repo/ChaChaOpen/ros2_prj/topic_ws/topic/src/pub.cpp:1[m[K:
[01m[K/home/chacha/code/repo/ChaChaOpen/ros2_prj/topic_ws/topic/src/pub.cpp:[m[K In function ‘[01m[Kint[01;32m[K main[m[K(int, char**)[m[K’:
[01m[K/home/chacha/code/repo/ChaChaOpen/ros2_prj/topic_ws/topic/src/pub.cpp:18:21:[m[K [01;31m[Kerror: [m[Kinvalid use of ‘[01m[Kthis[m[K’ in non-member function
   18 |         RCLCPP_INFO([01;31m[Kthis[m[K->get_logger(), "pub node created!");
      |                     [01;31m[K^~~~[m[K
[01m[K/home/chacha/code/repo/ChaChaOpen/ros2_prj/topic_ws/topic/src/pub.cpp:18:21:[m[K [01;31m[Kerror: [m[Kinvalid use of ‘[01m[Kthis[m[K’ in non-member function
[01m[K/home/chacha/code/repo/ChaChaOpen/ros2_prj/topic_ws/topic/src/pub.cpp:18:9:[m[K [01;31m[Kerror: [m[Ktemplate argument 1 is invalid
   18 |         [01;31m[KRCLCPP_INFO[m[K(this->get_logger(), "pub node created!");
      |         [01;31m[K^~~~~~~~~~~[m[K
In file included from [01m[K/opt/ros/jazzy/include/rclcpp/rclcpp/logging.hpp:24[m[K:
[01m[K/home/chacha/code/repo/ChaChaOpen/ros2_prj/topic_ws/topic/src/pub.cpp:18:21:[m[K [01;31m[Kerror: [m[Kinvalid use of ‘[01m[Kthis[m[K’ in non-member function
   18 |         RCLCPP_INFO([01;31m[Kthis[m[K->get_logger(), "pub node created!");
      |                     [01;31m[K^~~~[m[K
[01m[K/home/chacha/code/repo/ChaChaOpen/ros2_prj/topic_ws/topic/src/pub.cpp:18:21:[m[K [01;31m[Kerror: [m[Kinvalid use of ‘[01m[Kthis[m[K’ in non-member function
   18 |         RCLCPP_INFO([01;31m[Kthis[m[K->get_logger(), "pub node created!");
      |                     [01;31m[K^~~~[m[K
In file included from [01m[K/usr/include/c++/13/bits/stl_tempbuf.h:61[m[K,
                 from [01m[K/usr/include/c++/13/memory:66[m[K,
                 from [01m[K/opt/ros/jazzy/include/rclcpp/rclcpp/rclcpp.hpp:169[m[K:
/usr/include/c++/13/bits/stl_construct.h: In instantiation of ‘[01m[Kvoid std::[01;32m[K_Construct[m[K(_Tp*, _Args&& ...) [35m[K[with _Tp = pubNode; _Args = {}][m[K[m[K’:
[01m[K/usr/include/c++/13/bits/alloc_traits.h:661:19:[m[K   required from ‘[01m[Kstatic void std::allocator_traits<std::allocator<void> >::[01;32m[Kconstruct[m[K(allocator_type&, _Up*, _Args&& ...) [35m[K[with _Up = pubNode; _Args = {}; allocator_type = std::allocator<void>][m[K[m[K’
[01m[K/usr/include/c++/13/bits/shared_ptr_base.h:604:39:[m[K   required from ‘[01m[Kstd::_Sp_counted_ptr_inplace<_Tp, _Alloc, _Lp>::[01;32m[K_Sp_counted_ptr_inplace[m[K(_Alloc, _Args&& ...) [35m[K[with _Args = {}; _Tp = pubNode; _Alloc = std::allocator<void>; __gnu_cxx::_Lock_policy _Lp = __gnu_cxx::_S_atomic][m[K[m[K’
[01m[K/usr/include/c++/13/bits/shared_ptr_base.h:971:16:[m[K   required from ‘[01m[Kstd::__shared_count<_Lp>::[01;32m[K__shared_count[m[K(_Tp*&, std::_Sp_alloc_shared_tag<_Alloc>, _Args&& ...) [35m[K[with _Tp = pubNode; _Alloc = std::allocator<void>; _Args = {}; __gnu_cxx::_Lock_policy _Lp = __gnu_cxx::_S_atomic][m[K[m[K’
[01m[K/usr/include/c++/13/bits/shared_ptr_base.h:1712:14:[m[K   required from ‘[01m[Kstd::__shared_ptr<_Tp, _Lp>::[01;32m[K__shared_ptr[m[K(std::_Sp_alloc_shared_tag<_Tp>, _Args&& ...) [35m[K[with _Alloc = std::allocator<void>; _Args = {}; _Tp = pubNode; __gnu_cxx::_Lock_policy _Lp = __gnu_cxx::_S_atomic][m[K[m[K’
[01m[K/usr/include/c++/13/bits/shared_ptr.h:464:59:[m[K   required from ‘[01m[Kstd::shared_ptr<_Tp>::[01;32m[Kshared_ptr[m[K(std::_Sp_alloc_shared_tag<_Tp>, _Args&& ...) [35m[K[with _Alloc = std::allocator<void>; _Args = {}; _Tp = pubNode][m[K[m[K’
[01m[K/usr/include/c++/13/bits/shared_ptr.h:1009:14:[m[K   required from ‘[01m[Kstd::shared_ptr<typename std::enable_if<(! std::is_array< <template-parameter-1-1> >::value), _Tp>::type> std::[01;32m[Kmake_shared[m[K(_Args&& ...) [35m[K[with _Tp = pubNode; _Args = {}; typename enable_if<(! is_array< <template-parameter-1-1> >::value), _Tp>::type = pubNode][m[K[m[K’
[01m[K/home/chacha/code/repo/ChaChaOpen/ros2_prj/topic_ws/topic/src/pub.cpp:16:39:[m[K   required from here
[01m[K/usr/include/c++/13/bits/stl_construct.h:119:7:[m[K [01;31m[Kerror: [m[Kno matching function for call to ‘[01m[KpubNode::pubNode()[m[K’
  119 |       [01;31m[K::new((void*)__p) _Tp(std::forward<_Args>(__args)...)[m[K;
      |       [01;31m[K^~~~~~~~~~~~~~~~~~~~~~~~~~~~~~~~~~~~~~~~~~~~~~~~~~~~~[m[K
[01m[K/home/chacha/code/repo/ChaChaOpen/ros2_prj/topic_ws/topic/src/pub.cpp:6:17:[m[K [01;36m[Knote: [m[Kcandidate: ‘[01m[KpubNode::[01;32m[KpubNode[m[K(std::string)[m[K’
    6 |                 [01;36m[KpubNode[m[K(std::string node_name) : Node(node_name) {
      |                 [01;36m[K^~~~~~~[m[K
[01m[K/home/chacha/code/repo/ChaChaOpen/ros2_prj/topic_ws/topic/src/pub.cpp:6:17:[m[K [01;36m[Knote: [m[K  candidate expects 1 argument, 0 provided
gmake[2]: *** [CMakeFiles/pub_node.dir/build.make:76：CMakeFiles/pub_node.dir/src/pub.cpp.o] 错误 1
gmake[1]: *** [CMakeFiles/Makefile2:165：CMakeFiles/pub_node.dir/all] 错误 2
gmake[1]: *** 正在等待未完成的任务....
gmake[2]: *** [CMakeFiles/sub_node.dir/build.make:76：CMakeFiles/sub_node.dir/src/sub.cpp.o] 错误 1
gmake[1]: *** [CMakeFiles/Makefile2:139：CMakeFiles/sub_node.dir/all] 错误 2
gmake: *** [Makefile:146：all] 错误 2
