[0.350s] DEBUG:colcon:Command line arguments: ['/usr/bin/colcon', 'build']
[0.350s] DEBUG:colcon:Parsed command line arguments: Namespace(log_base=None, log_level=None, verb_name='build', build_base='build', install_base='install', merge_install=False, symlink_install=False, test_result_base=None, continue_on_error=False, executor='parallel', parallel_workers=8, event_handlers=None, ignore_user_meta=False, metas=['./colcon.meta'], base_paths=['.'], packages_ignore=None, packages_ignore_regex=None, paths=None, packages_up_to=None, packages_up_to_regex=None, packages_above=None, packages_above_and_dependencies=None, packages_above_depth=None, packages_select_by_dep=None, packages_skip_by_dep=None, packages_skip_up_to=None, packages_select_build_failed=False, packages_skip_build_finished=False, packages_select_test_failures=False, packages_skip_test_passed=False, packages_select=None, packages_skip=None, packages_select_regex=None, packages_skip_regex=None, packages_start=None, packages_end=None, allow_overriding=[], cmake_args=None, cmake_target=None, cmake_target_skip_unavailable=False, cmake_clean_cache=False, cmake_clean_first=False, cmake_force_configure=False, ament_cmake_args=None, catkin_cmake_args=None, catkin_skip_building_tests=False, verb_parser=<colcon_defaults.argument_parser.defaults.DefaultArgumentsDecorator object at 0x71ecc3677e60>, verb_extension=<colcon_core.verb.build.BuildVerb object at 0x71ecc3677bf0>, main=<bound method BuildVerb.main of <colcon_core.verb.build.BuildVerb object at 0x71ecc3677bf0>>)
[0.434s] Level 1:colcon.colcon_core.package_discovery:discover_packages(colcon_meta) check parameters
[0.434s] Level 1:colcon.colcon_core.package_discovery:discover_packages(recursive) check parameters
[0.434s] Level 1:colcon.colcon_core.package_discovery:discover_packages(ignore) check parameters
[0.434s] Level 1:colcon.colcon_core.package_discovery:discover_packages(path) check parameters
[0.434s] Level 1:colcon.colcon_core.package_discovery:discover_packages(colcon_meta) discover
[0.435s] Level 1:colcon.colcon_core.package_discovery:discover_packages(recursive) discover
[0.435s] INFO:colcon.colcon_core.package_discovery:Crawling recursively for packages in '/home/chacha/code/ros2_prj/ros2_pr_ws'
[0.435s] Level 1:colcon.colcon_core.package_identification:_identify(.) by extensions ['ignore', 'ignore_ament_install']
[0.435s] Level 1:colcon.colcon_core.package_identification:_identify(.) by extension 'ignore'
[0.435s] Level 1:colcon.colcon_core.package_identification:_identify(.) by extension 'ignore_ament_install'
[0.435s] Level 1:colcon.colcon_core.package_identification:_identify(.) by extensions ['colcon_pkg']
[0.435s] Level 1:colcon.colcon_core.package_identification:_identify(.) by extension 'colcon_pkg'
[0.435s] Level 1:colcon.colcon_core.package_identification:_identify(.) by extensions ['colcon_meta']
[0.435s] Level 1:colcon.colcon_core.package_identification:_identify(.) by extension 'colcon_meta'
[0.435s] Level 1:colcon.colcon_core.package_identification:_identify(.) by extensions ['ros']
[0.435s] Level 1:colcon.colcon_core.package_identification:_identify(.) by extension 'ros'
[0.479s] Level 1:colcon.colcon_core.package_identification:_identify(.) by extensions ['cmake', 'python']
[0.479s] Level 1:colcon.colcon_core.package_identification:_identify(.) by extension 'cmake'
[0.479s] Level 1:colcon.colcon_core.package_identification:_identify(.) by extension 'python'
[0.479s] Level 1:colcon.colcon_core.package_identification:_identify(.) by extensions ['python_setup_py']
[0.479s] Level 1:colcon.colcon_core.package_identification:_identify(.) by extension 'python_setup_py'
[0.479s] Level 1:colcon.colcon_core.package_identification:_identify(build) by extensions ['ignore', 'ignore_ament_install']
[0.479s] Level 1:colcon.colcon_core.package_identification:_identify(build) by extension 'ignore'
[0.479s] Level 1:colcon.colcon_core.package_identification:_identify(build) ignored
[0.479s] Level 1:colcon.colcon_core.package_identification:_identify(install) by extensions ['ignore', 'ignore_ament_install']
[0.480s] Level 1:colcon.colcon_core.package_identification:_identify(install) by extension 'ignore'
[0.480s] Level 1:colcon.colcon_core.package_identification:_identify(install) ignored
[0.480s] Level 1:colcon.colcon_core.package_identification:_identify(log) by extensions ['ignore', 'ignore_ament_install']
[0.480s] Level 1:colcon.colcon_core.package_identification:_identify(log) by extension 'ignore'
[0.480s] Level 1:colcon.colcon_core.package_identification:_identify(log) ignored
[0.480s] Level 1:colcon.colcon_core.package_identification:_identify(src) by extensions ['ignore', 'ignore_ament_install']
[0.480s] Level 1:colcon.colcon_core.package_identification:_identify(src) by extension 'ignore'
[0.480s] Level 1:colcon.colcon_core.package_identification:_identify(src) by extension 'ignore_ament_install'
[0.480s] Level 1:colcon.colcon_core.package_identification:_identify(src) by extensions ['colcon_pkg']
[0.480s] Level 1:colcon.colcon_core.package_identification:_identify(src) by extension 'colcon_pkg'
[0.480s] Level 1:colcon.colcon_core.package_identification:_identify(src) by extensions ['colcon_meta']
[0.480s] Level 1:colcon.colcon_core.package_identification:_identify(src) by extension 'colcon_meta'
[0.480s] Level 1:colcon.colcon_core.package_identification:_identify(src) by extensions ['ros']
[0.480s] Level 1:colcon.colcon_core.package_identification:_identify(src) by extension 'ros'
[0.480s] Level 1:colcon.colcon_core.package_identification:_identify(src) by extensions ['cmake', 'python']
[0.481s] Level 1:colcon.colcon_core.package_identification:_identify(src) by extension 'cmake'
[0.481s] Level 1:colcon.colcon_core.package_identification:_identify(src) by extension 'python'
[0.481s] Level 1:colcon.colcon_core.package_identification:_identify(src) by extensions ['python_setup_py']
[0.481s] Level 1:colcon.colcon_core.package_identification:_identify(src) by extension 'python_setup_py'
[0.481s] Level 1:colcon.colcon_core.package_identification:_identify(src/pr_hello) by extensions ['ignore', 'ignore_ament_install']
[0.481s] Level 1:colcon.colcon_core.package_identification:_identify(src/pr_hello) by extension 'ignore'
[0.481s] Level 1:colcon.colcon_core.package_identification:_identify(src/pr_hello) by extension 'ignore_ament_install'
[0.481s] Level 1:colcon.colcon_core.package_identification:_identify(src/pr_hello) by extensions ['colcon_pkg']
[0.481s] Level 1:colcon.colcon_core.package_identification:_identify(src/pr_hello) by extension 'colcon_pkg'
[0.481s] Level 1:colcon.colcon_core.package_identification:_identify(src/pr_hello) by extensions ['colcon_meta']
[0.481s] Level 1:colcon.colcon_core.package_identification:_identify(src/pr_hello) by extension 'colcon_meta'
[0.481s] Level 1:colcon.colcon_core.package_identification:_identify(src/pr_hello) by extensions ['ros']
[0.481s] Level 1:colcon.colcon_core.package_identification:_identify(src/pr_hello) by extension 'ros'
[0.487s] DEBUG:colcon.colcon_core.package_identification:Package 'src/pr_hello' with type 'ros.ament_cmake' and name 'pr_hello'
[0.487s] Level 1:colcon.colcon_core.package_discovery:discover_packages(recursive) using defaults
[0.487s] Level 1:colcon.colcon_core.package_discovery:discover_packages(ignore) discover
[0.487s] Level 1:colcon.colcon_core.package_discovery:discover_packages(ignore) using defaults
[0.487s] Level 1:colcon.colcon_core.package_discovery:discover_packages(path) discover
[0.487s] Level 1:colcon.colcon_core.package_discovery:discover_packages(path) using defaults
[0.522s] Level 1:colcon.colcon_core.package_discovery:discover_packages(prefix_path) check parameters
[0.522s] Level 1:colcon.colcon_core.package_discovery:discover_packages(prefix_path) discover
[0.527s] DEBUG:colcon.colcon_installed_package_information.package_discovery:Found 318 installed packages in /opt/ros/jazzy
[0.529s] Level 1:colcon.colcon_core.package_discovery:discover_packages(prefix_path) using defaults
[0.591s] Level 5:colcon.colcon_core.verb:set package 'pr_hello' build argument 'cmake_args' from command line to 'None'
[0.591s] Level 5:colcon.colcon_core.verb:set package 'pr_hello' build argument 'cmake_target' from command line to 'None'
[0.591s] Level 5:colcon.colcon_core.verb:set package 'pr_hello' build argument 'cmake_target_skip_unavailable' from command line to 'False'
[0.591s] Level 5:colcon.colcon_core.verb:set package 'pr_hello' build argument 'cmake_clean_cache' from command line to 'False'
[0.591s] Level 5:colcon.colcon_core.verb:set package 'pr_hello' build argument 'cmake_clean_first' from command line to 'False'
[0.592s] Level 5:colcon.colcon_core.verb:set package 'pr_hello' build argument 'cmake_force_configure' from command line to 'False'
[0.592s] Level 5:colcon.colcon_core.verb:set package 'pr_hello' build argument 'ament_cmake_args' from command line to 'None'
[0.592s] Level 5:colcon.colcon_core.verb:set package 'pr_hello' build argument 'catkin_cmake_args' from command line to 'None'
[0.592s] Level 5:colcon.colcon_core.verb:set package 'pr_hello' build argument 'catkin_skip_building_tests' from command line to 'False'
[0.592s] DEBUG:colcon.colcon_core.verb:Building package 'pr_hello' with the following arguments: {'ament_cmake_args': None, 'build_base': '/home/chacha/code/ros2_prj/ros2_pr_ws/build/pr_hello', 'catkin_cmake_args': None, 'catkin_skip_building_tests': False, 'cmake_args': None, 'cmake_clean_cache': False, 'cmake_clean_first': False, 'cmake_force_configure': False, 'cmake_target': None, 'cmake_target_skip_unavailable': False, 'install_base': '/home/chacha/code/ros2_prj/ros2_pr_ws/install/pr_hello', 'merge_install': False, 'path': '/home/chacha/code/ros2_prj/ros2_pr_ws/src/pr_hello', 'symlink_install': False, 'test_result_base': None}
[0.592s] INFO:colcon.colcon_core.executor:Executing jobs using 'parallel' executor
[0.594s] DEBUG:colcon.colcon_parallel_executor.executor.parallel:run_until_complete
[0.594s] INFO:colcon.colcon_ros.task.ament_cmake.build:Building ROS package in '/home/chacha/code/ros2_prj/ros2_pr_ws/src/pr_hello' with build type 'ament_cmake'
[0.595s] INFO:colcon.colcon_cmake.task.cmake.build:Building CMake package in '/home/chacha/code/ros2_prj/ros2_pr_ws/src/pr_hello'
[0.601s] INFO:colcon.colcon_core.plugin_system:Skipping extension 'colcon_core.shell.bat': Not used on non-Windows systems
[0.601s] INFO:colcon.colcon_core.shell:Skip shell extension 'powershell' for command environment: Not usable outside of PowerShell
[0.602s] DEBUG:colcon.colcon_core.shell:Skip shell extension 'dsv' for command environment
[0.617s] DEBUG:colcon.colcon_core.event_handler.log_command:Invoking command in '/home/chacha/code/ros2_prj/ros2_pr_ws/build/pr_hello': CMAKE_PREFIX_PATH=${CMAKE_PREFIX_PATH}:/opt/ros/jazzy DEBUGINFOD_URLS=https://debuginfod.ubuntu.com /usr/bin/cmake --build /home/chacha/code/ros2_prj/ros2_pr_ws/build/pr_hello -- -j8 -l8
[16.735s] DEBUG:colcon.colcon_core.event_handler.log_command:Invoked command in '/home/chacha/code/ros2_prj/ros2_pr_ws/build/pr_hello' returned '0': CMAKE_PREFIX_PATH=${CMAKE_PREFIX_PATH}:/opt/ros/jazzy DEBUGINFOD_URLS=https://debuginfod.ubuntu.com /usr/bin/cmake --build /home/chacha/code/ros2_prj/ros2_pr_ws/build/pr_hello -- -j8 -l8
[16.750s] DEBUG:colcon.colcon_core.event_handler.log_command:Invoking command in '/home/chacha/code/ros2_prj/ros2_pr_ws/build/pr_hello': CMAKE_PREFIX_PATH=${CMAKE_PREFIX_PATH}:/opt/ros/jazzy DEBUGINFOD_URLS=https://debuginfod.ubuntu.com /usr/bin/cmake --install /home/chacha/code/ros2_prj/ros2_pr_ws/build/pr_hello
[16.782s] Level 1:colcon.colcon_core.environment:create_environment_scripts_only(pr_hello)
[16.783s] DEBUG:colcon.colcon_core.event_handler.log_command:Invoked command in '/home/chacha/code/ros2_prj/ros2_pr_ws/build/pr_hello' returned '0': CMAKE_PREFIX_PATH=${CMAKE_PREFIX_PATH}:/opt/ros/jazzy DEBUGINFOD_URLS=https://debuginfod.ubuntu.com /usr/bin/cmake --install /home/chacha/code/ros2_prj/ros2_pr_ws/build/pr_hello
[16.787s] Level 1:colcon.colcon_core.environment:checking '/home/chacha/code/ros2_prj/ros2_pr_ws/install/pr_hello' for CMake module files
[16.788s] Level 1:colcon.colcon_core.environment:checking '/home/chacha/code/ros2_prj/ros2_pr_ws/install/pr_hello' for CMake config files
[16.789s] Level 1:colcon.colcon_core.shell:create_environment_hook('pr_hello', 'cmake_prefix_path')
[16.789s] INFO:colcon.colcon_core.shell:Creating environment hook '/home/chacha/code/ros2_prj/ros2_pr_ws/install/pr_hello/share/pr_hello/hook/cmake_prefix_path.ps1'
[16.790s] INFO:colcon.colcon_core.shell:Creating environment descriptor '/home/chacha/code/ros2_prj/ros2_pr_ws/install/pr_hello/share/pr_hello/hook/cmake_prefix_path.dsv'
[16.791s] INFO:colcon.colcon_core.shell:Creating environment hook '/home/chacha/code/ros2_prj/ros2_pr_ws/install/pr_hello/share/pr_hello/hook/cmake_prefix_path.sh'
[16.793s] Level 1:colcon.colcon_core.environment:checking '/home/chacha/code/ros2_prj/ros2_pr_ws/install/pr_hello/lib'
[16.794s] Level 1:colcon.colcon_core.environment:checking '/home/chacha/code/ros2_prj/ros2_pr_ws/install/pr_hello/bin'
[16.794s] Level 1:colcon.colcon_core.environment:checking '/home/chacha/code/ros2_prj/ros2_pr_ws/install/pr_hello/lib/pkgconfig/pr_hello.pc'
[16.794s] Level 1:colcon.colcon_core.environment:checking '/home/chacha/code/ros2_prj/ros2_pr_ws/install/pr_hello/lib/python3.12/site-packages'
[16.795s] Level 1:colcon.colcon_core.environment:checking '/home/chacha/code/ros2_prj/ros2_pr_ws/install/pr_hello/bin'
[16.796s] INFO:colcon.colcon_core.shell:Creating package script '/home/chacha/code/ros2_prj/ros2_pr_ws/install/pr_hello/share/pr_hello/package.ps1'
[16.798s] INFO:colcon.colcon_core.shell:Creating package descriptor '/home/chacha/code/ros2_prj/ros2_pr_ws/install/pr_hello/share/pr_hello/package.dsv'
[16.800s] INFO:colcon.colcon_core.shell:Creating package script '/home/chacha/code/ros2_prj/ros2_pr_ws/install/pr_hello/share/pr_hello/package.sh'
[16.801s] INFO:colcon.colcon_core.shell:Creating package script '/home/chacha/code/ros2_prj/ros2_pr_ws/install/pr_hello/share/pr_hello/package.bash'
[16.803s] INFO:colcon.colcon_core.shell:Creating package script '/home/chacha/code/ros2_prj/ros2_pr_ws/install/pr_hello/share/pr_hello/package.zsh'
[16.804s] Level 1:colcon.colcon_core.environment:create_file_with_runtime_dependencies(/home/chacha/code/ros2_prj/ros2_pr_ws/install/pr_hello/share/colcon-core/packages/pr_hello)
[16.806s] Level 1:colcon.colcon_core.environment:create_environment_scripts_only(pr_hello)
[16.806s] Level 1:colcon.colcon_core.environment:checking '/home/chacha/code/ros2_prj/ros2_pr_ws/install/pr_hello' for CMake module files
[16.808s] Level 1:colcon.colcon_core.environment:checking '/home/chacha/code/ros2_prj/ros2_pr_ws/install/pr_hello' for CMake config files
[16.808s] Level 1:colcon.colcon_core.shell:create_environment_hook('pr_hello', 'cmake_prefix_path')
[16.808s] INFO:colcon.colcon_core.shell:Creating environment hook '/home/chacha/code/ros2_prj/ros2_pr_ws/install/pr_hello/share/pr_hello/hook/cmake_prefix_path.ps1'
[16.809s] INFO:colcon.colcon_core.shell:Creating environment descriptor '/home/chacha/code/ros2_prj/ros2_pr_ws/install/pr_hello/share/pr_hello/hook/cmake_prefix_path.dsv'
[16.810s] INFO:colcon.colcon_core.shell:Creating environment hook '/home/chacha/code/ros2_prj/ros2_pr_ws/install/pr_hello/share/pr_hello/hook/cmake_prefix_path.sh'
[16.811s] Level 1:colcon.colcon_core.environment:checking '/home/chacha/code/ros2_prj/ros2_pr_ws/install/pr_hello/lib'
[16.812s] Level 1:colcon.colcon_core.environment:checking '/home/chacha/code/ros2_prj/ros2_pr_ws/install/pr_hello/bin'
[16.812s] Level 1:colcon.colcon_core.environment:checking '/home/chacha/code/ros2_prj/ros2_pr_ws/install/pr_hello/lib/pkgconfig/pr_hello.pc'
[16.813s] Level 1:colcon.colcon_core.environment:checking '/home/chacha/code/ros2_prj/ros2_pr_ws/install/pr_hello/lib/python3.12/site-packages'
[16.814s] Level 1:colcon.colcon_core.environment:checking '/home/chacha/code/ros2_prj/ros2_pr_ws/install/pr_hello/bin'
[16.814s] INFO:colcon.colcon_core.shell:Creating package script '/home/chacha/code/ros2_prj/ros2_pr_ws/install/pr_hello/share/pr_hello/package.ps1'
[16.816s] INFO:colcon.colcon_core.shell:Creating package descriptor '/home/chacha/code/ros2_prj/ros2_pr_ws/install/pr_hello/share/pr_hello/package.dsv'
[16.817s] INFO:colcon.colcon_core.shell:Creating package script '/home/chacha/code/ros2_prj/ros2_pr_ws/install/pr_hello/share/pr_hello/package.sh'
[16.818s] INFO:colcon.colcon_core.shell:Creating package script '/home/chacha/code/ros2_prj/ros2_pr_ws/install/pr_hello/share/pr_hello/package.bash'
[16.819s] INFO:colcon.colcon_core.shell:Creating package script '/home/chacha/code/ros2_prj/ros2_pr_ws/install/pr_hello/share/pr_hello/package.zsh'
[16.820s] Level 1:colcon.colcon_core.environment:create_file_with_runtime_dependencies(/home/chacha/code/ros2_prj/ros2_pr_ws/install/pr_hello/share/colcon-core/packages/pr_hello)
[16.820s] DEBUG:colcon.colcon_parallel_executor.executor.parallel:closing loop
[16.821s] DEBUG:colcon.colcon_parallel_executor.executor.parallel:loop closed
[16.821s] DEBUG:colcon.colcon_parallel_executor.executor.parallel:run_until_complete finished with '0'
[16.822s] DEBUG:colcon.colcon_core.event_reactor:joining thread
[16.833s] INFO:colcon.colcon_core.plugin_system:Skipping extension 'colcon_notification.desktop_notification.terminal_notifier': Not used on non-Darwin systems
[16.834s] INFO:colcon.colcon_core.plugin_system:Skipping extension 'colcon_notification.desktop_notification.win32': Not used on non-Windows systems
[16.834s] INFO:colcon.colcon_notification.desktop_notification:Sending desktop notification using 'notify2'
[16.864s] DEBUG:colcon.colcon_core.event_reactor:joined thread
[16.864s] INFO:colcon.colcon_core.shell:Creating prefix script '/home/chacha/code/ros2_prj/ros2_pr_ws/install/local_setup.ps1'
[16.866s] INFO:colcon.colcon_core.shell:Creating prefix util module '/home/chacha/code/ros2_prj/ros2_pr_ws/install/_local_setup_util_ps1.py'
[16.869s] INFO:colcon.colcon_core.shell:Creating prefix chain script '/home/chacha/code/ros2_prj/ros2_pr_ws/install/setup.ps1'
[16.872s] INFO:colcon.colcon_core.shell:Creating prefix script '/home/chacha/code/ros2_prj/ros2_pr_ws/install/local_setup.sh'
[16.873s] INFO:colcon.colcon_core.shell:Creating prefix util module '/home/chacha/code/ros2_prj/ros2_pr_ws/install/_local_setup_util_sh.py'
[16.875s] INFO:colcon.colcon_core.shell:Creating prefix chain script '/home/chacha/code/ros2_prj/ros2_pr_ws/install/setup.sh'
[16.877s] INFO:colcon.colcon_core.shell:Creating prefix script '/home/chacha/code/ros2_prj/ros2_pr_ws/install/local_setup.bash'
[16.879s] INFO:colcon.colcon_core.shell:Creating prefix chain script '/home/chacha/code/ros2_prj/ros2_pr_ws/install/setup.bash'
[16.880s] INFO:colcon.colcon_core.shell:Creating prefix script '/home/chacha/code/ros2_prj/ros2_pr_ws/install/local_setup.zsh'
[16.882s] INFO:colcon.colcon_core.shell:Creating prefix chain script '/home/chacha/code/ros2_prj/ros2_pr_ws/install/setup.zsh'
