[0.019s] Invoking command in '/home/chacha/code/ros2_prj/ros2_pr_ws/src/user_interfaces/build/user_interfaces': CMAKE_PREFIX_PATH=${CMAKE_PREFIX_PATH}:/opt/ros/jazzy DEBUGINFOD_URLS=https://debuginfod.ubuntu.com /usr/bin/cmake /home/chacha/code/ros2_prj/ros2_pr_ws/src/user_interfaces -DCMAKE_INSTALL_PREFIX=/home/chacha/code/ros2_prj/ros2_pr_ws/src/user_interfaces/install/user_interfaces
[0.049s] -- Found ament_cmake: 2.5.5 (/opt/ros/jazzy/share/ament_cmake/cmake)
[0.544s] -- Found std_msgs: 5.3.6 (/opt/ros/jazzy/share/std_msgs/cmake)
[0.605s] -- Found rosidl_generator_c: 4.6.7 (/opt/ros/jazzy/share/rosidl_generator_c/cmake)
[0.625s] -- Found rosidl_generator_cpp: 4.6.7 (/opt/ros/jazzy/share/rosidl_generator_cpp/cmake)
[0.653s] -- Using all available rosidl_typesupport_c: rosidl_typesupport_fastrtps_c;rosidl_typesupport_introspection_c
[0.686s] -- Using all available rosidl_typesupport_cpp: rosidl_typesupport_fastrtps_cpp;rosidl_typesupport_introspection_cpp
[0.744s] -- Found sensor_msgs: 5.3.6 (/opt/ros/jazzy/share/sensor_msgs/cmake)
[0.850s] -- Found rosidl_default_generators: 1.6.0 (/opt/ros/jazzy/share/rosidl_default_generators/cmake)
[0.865s] -- Found rosidl_adapter: 4.6.7 (/opt/ros/jazzy/share/rosidl_adapter/cmake)
[2.565s] -- Found ament_cmake_ros: 0.12.0 (/opt/ros/jazzy/share/ament_cmake_ros/cmake)
[4.904s] -- Using all available rosidl_typesupport_c: rosidl_typesupport_fastrtps_c;rosidl_typesupport_introspection_c
[5.763s] -- Using all available rosidl_typesupport_cpp: rosidl_typesupport_fastrtps_cpp;rosidl_typesupport_introspection_cpp
[5.773s] -- Found python_cmake_module: 0.11.1 (/opt/ros/jazzy/share/python_cmake_module/cmake)
[6.148s] -- Found PythonExtra: /usr/bin/python3  
[7.263s] -- Found Python3: /usr/bin/python3 (found version "3.12.3") found components: Interpreter Development NumPy Development.Module Development.Embed 
[7.439s] -- Found ament_lint_auto: 0.17.4 (/opt/ros/jazzy/share/ament_lint_auto/cmake)
[7.523s] -- Added test 'cppcheck' to perform static code analysis on C / C++ code
[7.529s] -- Configured cppcheck include dirs: $<BUILD_INTERFACE:/home/chacha/code/ros2_prj/ros2_pr_ws/src/user_interfaces/build/user_interfaces/rosidl_generator_c>;$<BUILD_INTERFACE:/home/chacha/code/ros2_prj/ros2_pr_ws/src/user_interfaces/build/user_interfaces/rosidl_typesupport_fastrtps_c>;$<BUILD_INTERFACE:/home/chacha/code/ros2_prj/ros2_pr_ws/src/user_interfaces/build/user_interfaces/rosidl_generator_cpp>;$<BUILD_INTERFACE:/home/chacha/code/ros2_prj/ros2_pr_ws/src/user_interfaces/build/user_interfaces/rosidl_typesupport_fastrtps_cpp>;$<BUILD_INTERFACE:/home/chacha/code/ros2_prj/ros2_pr_ws/src/user_interfaces/build/user_interfaces/rosidl_typesupport_introspection_c>;$<BUILD_INTERFACE:/home/chacha/code/ros2_prj/ros2_pr_ws/src/user_interfaces/build/user_interfaces/rosidl_typesupport_introspection_cpp>;/home/chacha/code/ros2_prj/ros2_pr_ws/src/user_interfaces/build/user_interfaces/rosidl_generator_c;/home/chacha/code/ros2_prj/ros2_pr_ws/src/user_interfaces/build/user_interfaces/rosidl_generator_py
[7.530s] -- Configured cppcheck exclude dirs and/or files: 
[7.532s] -- Added test 'flake8' to check Python code syntax and style conventions
[7.533s] -- Configured 'flake8' exclude dirs and/or files: 
[7.547s] -- Added test 'lint_cmake' to check CMake code style
[7.550s] -- Added test 'pep257' to check Python code against some of the docstring style conventions in PEP 257
[7.579s] -- Added test 'uncrustify' to check C / C++ code style
[7.579s] -- Configured uncrustify additional arguments: 
[7.585s] -- Added test 'xmllint' to check XML markup files
[7.602s] -- Configuring done (7.6s)
[7.781s] -- Generating done (0.1s)
[7.831s] -- Build files have been written to: /home/chacha/code/ros2_prj/ros2_pr_ws/src/user_interfaces/build/user_interfaces
[7.868s] Invoked command in '/home/chacha/code/ros2_prj/ros2_pr_ws/src/user_interfaces/build/user_interfaces' returned '0': CMAKE_PREFIX_PATH=${CMAKE_PREFIX_PATH}:/opt/ros/jazzy DEBUGINFOD_URLS=https://debuginfod.ubuntu.com /usr/bin/cmake /home/chacha/code/ros2_prj/ros2_pr_ws/src/user_interfaces -DCMAKE_INSTALL_PREFIX=/home/chacha/code/ros2_prj/ros2_pr_ws/src/user_interfaces/install/user_interfaces
[7.875s] Invoking command in '/home/chacha/code/ros2_prj/ros2_pr_ws/src/user_interfaces/build/user_interfaces': CMAKE_PREFIX_PATH=${CMAKE_PREFIX_PATH}:/opt/ros/jazzy DEBUGINFOD_URLS=https://debuginfod.ubuntu.com /usr/bin/cmake --build /home/chacha/code/ros2_prj/ros2_pr_ws/src/user_interfaces/build/user_interfaces -- -j8 -l8
[8.036s] [  2%] [34m[1mGenerating type hashes for ROS interfaces[0m
[8.069s] [  2%] Built target ament_cmake_python_copy_user_interfaces
[8.670s] running egg_info
[8.674s] creating user_interfaces.egg-info
[8.674s] [  2%] Built target user_interfaces__rosidl_generator_type_description
[8.706s] [  5%] [34m[1mGenerating C code for ROS interfaces[0m
[8.738s] writing user_interfaces.egg-info/PKG-INFO
[8.739s] writing dependency_links to user_interfaces.egg-info/dependency_links.txt
[8.739s] writing top-level names to user_interfaces.egg-info/top_level.txt
[8.739s] writing manifest file 'user_interfaces.egg-info/SOURCES.txt'
[8.747s] [  8%] [34m[1mGenerating C++ code for ROS interfaces[0m
[8.979s] reading manifest file 'user_interfaces.egg-info/SOURCES.txt'
[8.980s] writing manifest file 'user_interfaces.egg-info/SOURCES.txt'
[9.170s] [  8%] Built target ament_cmake_python_build_user_interfaces_egg
[9.725s] [  8%] Built target user_interfaces__cpp
[9.757s] [ 17%] [32mBuilding C object CMakeFiles/user_interfaces__rosidl_generator_c.dir/rosidl_generator_c/user_interfaces/msg/detail/user__functions.c.o[0m
[9.758s] [ 17%] [32mBuilding C object CMakeFiles/user_interfaces__rosidl_generator_c.dir/rosidl_generator_c/user_interfaces/msg/detail/user__description.c.o[0m
[9.758s] [ 17%] [32mBuilding C object CMakeFiles/user_interfaces__rosidl_generator_c.dir/rosidl_generator_c/user_interfaces/msg/detail/user__type_support.c.o[0m
[9.926s] [ 20%] [32m[1mLinking C shared library libuser_interfaces__rosidl_generator_c.so[0m
[10.055s] [ 20%] Built target user_interfaces__rosidl_generator_c
[10.096s] [ 35%] [34m[1mGenerating C introspection for ROS interfaces[0m
[10.096s] [ 35%] [34m[1mGenerating C++ type support dispatch for ROS interfaces[0m
[10.101s] [ 35%] [34m[1mGenerating C type support for eProsima Fast-RTPS[0m
[10.101s] [ 35%] [34m[1mGenerating C++ type support for eProsima Fast-RTPS[0m
[10.101s] [ 35%] [34m[1mGenerating C++ introspection for ROS interfaces[0m
[10.102s] [ 38%] [34m[1mGenerating C type support dispatch for ROS interfaces[0m
[11.342s] [ 41%] [32mBuilding C object CMakeFiles/user_interfaces__rosidl_typesupport_introspection_c.dir/rosidl_typesupport_introspection_c/user_interfaces/msg/detail/user__type_support.c.o[0m
[11.486s] [ 44%] [32mBuilding CXX object CMakeFiles/user_interfaces__rosidl_typesupport_cpp.dir/rosidl_typesupport_cpp/user_interfaces/msg/user__type_support.cpp.o[0m
[11.548s] [ 47%] [32mBuilding CXX object CMakeFiles/user_interfaces__rosidl_typesupport_fastrtps_cpp.dir/rosidl_typesupport_fastrtps_cpp/user_interfaces/msg/detail/dds_fastrtps/user__type_support.cpp.o[0m
[11.566s] [ 50%] [32mBuilding CXX object CMakeFiles/user_interfaces__rosidl_typesupport_c.dir/rosidl_typesupport_c/user_interfaces/msg/user__type_support.cpp.o[0m
[11.604s] [ 52%] [32m[1mLinking C shared library libuser_interfaces__rosidl_typesupport_introspection_c.so[0m
[11.659s] [ 55%] [32mBuilding CXX object CMakeFiles/user_interfaces__rosidl_typesupport_introspection_cpp.dir/rosidl_typesupport_introspection_cpp/user_interfaces/msg/detail/user__type_support.cpp.o[0m
[11.831s] [ 58%] [32mBuilding CXX object CMakeFiles/user_interfaces__rosidl_typesupport_fastrtps_c.dir/rosidl_typesupport_fastrtps_c/user_interfaces/msg/detail/user__type_support_c.cpp.o[0m
[11.838s] [ 61%] [32m[1mLinking CXX shared library libuser_interfaces__rosidl_typesupport_c.so[0m
[11.910s] [ 61%] Built target user_interfaces__rosidl_typesupport_introspection_c
[12.230s] [ 61%] Built target user_interfaces__rosidl_typesupport_c
[13.067s] [ 64%] [32m[1mLinking CXX shared library libuser_interfaces__rosidl_typesupport_cpp.so[0m
[13.202s] [ 64%] Built target user_interfaces__rosidl_typesupport_cpp
[13.289s] [ 67%] [32m[1mLinking CXX shared library libuser_interfaces__rosidl_typesupport_introspection_cpp.so[0m
[13.580s] [ 67%] Built target user_interfaces__rosidl_typesupport_introspection_cpp
[13.941s] [ 70%] [32m[1mLinking CXX shared library libuser_interfaces__rosidl_typesupport_fastrtps_cpp.so[0m
[14.035s] [ 73%] [32m[1mLinking CXX shared library libuser_interfaces__rosidl_typesupport_fastrtps_c.so[0m
[14.259s] [ 73%] Built target user_interfaces__rosidl_typesupport_fastrtps_cpp
[14.335s] [ 73%] Built target user_interfaces__rosidl_typesupport_fastrtps_c
[14.417s] [ 73%] Built target user_interfaces
[14.483s] [ 76%] [34m[1mGenerating Python code for ROS interfaces[0m
[15.474s] [ 76%] Built target user_interfaces__py
[15.542s] [ 79%] [32mBuilding C object CMakeFiles/user_interfaces__rosidl_generator_py.dir/rosidl_generator_py/user_interfaces/msg/_user_s.c.o[0m
[15.909s] [ 82%] [32m[1mLinking C shared library libuser_interfaces__rosidl_generator_py.so[0m
[16.062s] [ 82%] Built target user_interfaces__rosidl_generator_py
[16.136s] [ 85%] [32mBuilding C object CMakeFiles/user_interfaces_s__rosidl_typesupport_c.dir/rosidl_generator_py/user_interfaces/_user_interfaces_s.ep.rosidl_typesupport_c.c.o[0m
[16.137s] [ 88%] [32mBuilding C object CMakeFiles/user_interfaces_s__rosidl_typesupport_introspection_c.dir/rosidl_generator_py/user_interfaces/_user_interfaces_s.ep.rosidl_typesupport_introspection_c.c.o[0m
[16.145s] [ 91%] [32mBuilding C object CMakeFiles/user_interfaces_s__rosidl_typesupport_fastrtps_c.dir/rosidl_generator_py/user_interfaces/_user_interfaces_s.ep.rosidl_typesupport_fastrtps_c.c.o[0m
[16.560s] [ 94%] [32m[1mLinking C shared module rosidl_generator_py/user_interfaces/user_interfaces_s__rosidl_typesupport_fastrtps_c.so[0m
[16.574s] [ 97%] [32m[1mLinking C shared module rosidl_generator_py/user_interfaces/user_interfaces_s__rosidl_typesupport_c.so[0m
[16.630s] [100%] [32m[1mLinking C shared module rosidl_generator_py/user_interfaces/user_interfaces_s__rosidl_typesupport_introspection_c.so[0m
[16.770s] [100%] Built target user_interfaces_s__rosidl_typesupport_c
[16.779s] [100%] Built target user_interfaces_s__rosidl_typesupport_fastrtps_c
[16.813s] [100%] Built target user_interfaces_s__rosidl_typesupport_introspection_c
[16.866s] Invoked command in '/home/chacha/code/ros2_prj/ros2_pr_ws/src/user_interfaces/build/user_interfaces' returned '0': CMAKE_PREFIX_PATH=${CMAKE_PREFIX_PATH}:/opt/ros/jazzy DEBUGINFOD_URLS=https://debuginfod.ubuntu.com /usr/bin/cmake --build /home/chacha/code/ros2_prj/ros2_pr_ws/src/user_interfaces/build/user_interfaces -- -j8 -l8
[16.908s] Invoking command in '/home/chacha/code/ros2_prj/ros2_pr_ws/src/user_interfaces/build/user_interfaces': CMAKE_PREFIX_PATH=${CMAKE_PREFIX_PATH}:/opt/ros/jazzy DEBUGINFOD_URLS=https://debuginfod.ubuntu.com /usr/bin/cmake --install /home/chacha/code/ros2_prj/ros2_pr_ws/src/user_interfaces/build/user_interfaces
[16.942s] -- Install configuration: ""
[16.943s] -- Installing: /home/chacha/code/ros2_prj/ros2_pr_ws/src/user_interfaces/install/user_interfaces/share/ament_index/resource_index/rosidl_interfaces/user_interfaces
[16.944s] -- Installing: /home/chacha/code/ros2_prj/ros2_pr_ws/src/user_interfaces/install/user_interfaces/share/user_interfaces/msg/User.json
[16.945s] -- Installing: /home/chacha/code/ros2_prj/ros2_pr_ws/src/user_interfaces/install/user_interfaces/include/user_interfaces/user_interfaces
[16.945s] -- Installing: /home/chacha/code/ros2_prj/ros2_pr_ws/src/user_interfaces/install/user_interfaces/include/user_interfaces/user_interfaces/msg
[16.945s] -- Installing: /home/chacha/code/ros2_prj/ros2_pr_ws/src/user_interfaces/install/user_interfaces/include/user_interfaces/user_interfaces/msg/rosidl_generator_c__visibility_control.h
[16.946s] -- Installing: /home/chacha/code/ros2_prj/ros2_pr_ws/src/user_interfaces/install/user_interfaces/include/user_interfaces/user_interfaces/msg/user.h
[16.946s] -- Installing: /home/chacha/code/ros2_prj/ros2_pr_ws/src/user_interfaces/install/user_interfaces/include/user_interfaces/user_interfaces/msg/detail
[16.946s] -- Installing: /home/chacha/code/ros2_prj/ros2_pr_ws/src/user_interfaces/install/user_interfaces/include/user_interfaces/user_interfaces/msg/detail/user__type_support.c
[16.947s] -- Installing: /home/chacha/code/ros2_prj/ros2_pr_ws/src/user_interfaces/install/user_interfaces/include/user_interfaces/user_interfaces/msg/detail/user__struct.h
[16.948s] -- Installing: /home/chacha/code/ros2_prj/ros2_pr_ws/src/user_interfaces/install/user_interfaces/include/user_interfaces/user_interfaces/msg/detail/user__functions.h
[16.948s] -- Installing: /home/chacha/code/ros2_prj/ros2_pr_ws/src/user_interfaces/install/user_interfaces/include/user_interfaces/user_interfaces/msg/detail/user__type_support.h
[16.948s] -- Installing: /home/chacha/code/ros2_prj/ros2_pr_ws/src/user_interfaces/install/user_interfaces/include/user_interfaces/user_interfaces/msg/detail/user__functions.c
[16.949s] -- Installing: /home/chacha/code/ros2_prj/ros2_pr_ws/src/user_interfaces/install/user_interfaces/include/user_interfaces/user_interfaces/msg/detail/user__description.c
[16.950s] -- Installing: /home/chacha/code/ros2_prj/ros2_pr_ws/src/user_interfaces/install/user_interfaces/share/user_interfaces/environment/library_path.sh
[16.950s] -- Installing: /home/chacha/code/ros2_prj/ros2_pr_ws/src/user_interfaces/install/user_interfaces/share/user_interfaces/environment/library_path.dsv
[16.950s] -- Installing: /home/chacha/code/ros2_prj/ros2_pr_ws/src/user_interfaces/install/user_interfaces/lib/libuser_interfaces__rosidl_generator_c.so
[16.951s] -- Set non-toolchain portion of runtime path of "/home/chacha/code/ros2_prj/ros2_pr_ws/src/user_interfaces/install/user_interfaces/lib/libuser_interfaces__rosidl_generator_c.so" to ""
[16.951s] -- Up-to-date: /home/chacha/code/ros2_prj/ros2_pr_ws/src/user_interfaces/install/user_interfaces/include/user_interfaces/user_interfaces
[16.952s] -- Up-to-date: /home/chacha/code/ros2_prj/ros2_pr_ws/src/user_interfaces/install/user_interfaces/include/user_interfaces/user_interfaces/msg
[16.952s] -- Installing: /home/chacha/code/ros2_prj/ros2_pr_ws/src/user_interfaces/install/user_interfaces/include/user_interfaces/user_interfaces/msg/rosidl_typesupport_fastrtps_c__visibility_control.h
[16.952s] -- Up-to-date: /home/chacha/code/ros2_prj/ros2_pr_ws/src/user_interfaces/install/user_interfaces/include/user_interfaces/user_interfaces/msg/detail
[16.952s] -- Installing: /home/chacha/code/ros2_prj/ros2_pr_ws/src/user_interfaces/install/user_interfaces/include/user_interfaces/user_interfaces/msg/detail/user__rosidl_typesupport_fastrtps_c.h
[16.953s] -- Installing: /home/chacha/code/ros2_prj/ros2_pr_ws/src/user_interfaces/install/user_interfaces/lib/libuser_interfaces__rosidl_typesupport_fastrtps_c.so
[16.954s] -- Set non-toolchain portion of runtime path of "/home/chacha/code/ros2_prj/ros2_pr_ws/src/user_interfaces/install/user_interfaces/lib/libuser_interfaces__rosidl_typesupport_fastrtps_c.so" to ""
[16.954s] -- Up-to-date: /home/chacha/code/ros2_prj/ros2_pr_ws/src/user_interfaces/install/user_interfaces/include/user_interfaces/user_interfaces
[16.954s] -- Up-to-date: /home/chacha/code/ros2_prj/ros2_pr_ws/src/user_interfaces/install/user_interfaces/include/user_interfaces/user_interfaces/msg
[16.954s] -- Installing: /home/chacha/code/ros2_prj/ros2_pr_ws/src/user_interfaces/install/user_interfaces/include/user_interfaces/user_interfaces/msg/rosidl_generator_cpp__visibility_control.hpp
[16.955s] -- Installing: /home/chacha/code/ros2_prj/ros2_pr_ws/src/user_interfaces/install/user_interfaces/include/user_interfaces/user_interfaces/msg/user.hpp
[16.955s] -- Up-to-date: /home/chacha/code/ros2_prj/ros2_pr_ws/src/user_interfaces/install/user_interfaces/include/user_interfaces/user_interfaces/msg/detail
[16.955s] -- Installing: /home/chacha/code/ros2_prj/ros2_pr_ws/src/user_interfaces/install/user_interfaces/include/user_interfaces/user_interfaces/msg/detail/user__traits.hpp
[16.956s] -- Installing: /home/chacha/code/ros2_prj/ros2_pr_ws/src/user_interfaces/install/user_interfaces/include/user_interfaces/user_interfaces/msg/detail/user__builder.hpp
[16.956s] -- Installing: /home/chacha/code/ros2_prj/ros2_pr_ws/src/user_interfaces/install/user_interfaces/include/user_interfaces/user_interfaces/msg/detail/user__struct.hpp
[16.956s] -- Installing: /home/chacha/code/ros2_prj/ros2_pr_ws/src/user_interfaces/install/user_interfaces/include/user_interfaces/user_interfaces/msg/detail/user__type_support.hpp
[16.957s] -- Up-to-date: /home/chacha/code/ros2_prj/ros2_pr_ws/src/user_interfaces/install/user_interfaces/include/user_interfaces/user_interfaces
[16.957s] -- Up-to-date: /home/chacha/code/ros2_prj/ros2_pr_ws/src/user_interfaces/install/user_interfaces/include/user_interfaces/user_interfaces/msg
[16.957s] -- Installing: /home/chacha/code/ros2_prj/ros2_pr_ws/src/user_interfaces/install/user_interfaces/include/user_interfaces/user_interfaces/msg/rosidl_typesupport_fastrtps_cpp__visibility_control.h
[16.958s] -- Up-to-date: /home/chacha/code/ros2_prj/ros2_pr_ws/src/user_interfaces/install/user_interfaces/include/user_interfaces/user_interfaces/msg/detail
[16.958s] -- Installing: /home/chacha/code/ros2_prj/ros2_pr_ws/src/user_interfaces/install/user_interfaces/include/user_interfaces/user_interfaces/msg/detail/user__rosidl_typesupport_fastrtps_cpp.hpp
[16.958s] -- Installing: /home/chacha/code/ros2_prj/ros2_pr_ws/src/user_interfaces/install/user_interfaces/include/user_interfaces/user_interfaces/msg/detail/dds_fastrtps
[16.958s] -- Installing: /home/chacha/code/ros2_prj/ros2_pr_ws/src/user_interfaces/install/user_interfaces/lib/libuser_interfaces__rosidl_typesupport_fastrtps_cpp.so
[16.959s] -- Set non-toolchain portion of runtime path of "/home/chacha/code/ros2_prj/ros2_pr_ws/src/user_interfaces/install/user_interfaces/lib/libuser_interfaces__rosidl_typesupport_fastrtps_cpp.so" to ""
[16.959s] -- Up-to-date: /home/chacha/code/ros2_prj/ros2_pr_ws/src/user_interfaces/install/user_interfaces/include/user_interfaces/user_interfaces
[16.960s] -- Up-to-date: /home/chacha/code/ros2_prj/ros2_pr_ws/src/user_interfaces/install/user_interfaces/include/user_interfaces/user_interfaces/msg
[16.960s] -- Installing: /home/chacha/code/ros2_prj/ros2_pr_ws/src/user_interfaces/install/user_interfaces/include/user_interfaces/user_interfaces/msg/rosidl_typesupport_introspection_c__visibility_control.h
[16.960s] -- Up-to-date: /home/chacha/code/ros2_prj/ros2_pr_ws/src/user_interfaces/install/user_interfaces/include/user_interfaces/user_interfaces/msg/detail
[16.960s] -- Installing: /home/chacha/code/ros2_prj/ros2_pr_ws/src/user_interfaces/install/user_interfaces/include/user_interfaces/user_interfaces/msg/detail/user__type_support.c
[16.961s] -- Installing: /home/chacha/code/ros2_prj/ros2_pr_ws/src/user_interfaces/install/user_interfaces/include/user_interfaces/user_interfaces/msg/detail/user__rosidl_typesupport_introspection_c.h
[16.961s] -- Installing: /home/chacha/code/ros2_prj/ros2_pr_ws/src/user_interfaces/install/user_interfaces/lib/libuser_interfaces__rosidl_typesupport_introspection_c.so
[16.962s] -- Set non-toolchain portion of runtime path of "/home/chacha/code/ros2_prj/ros2_pr_ws/src/user_interfaces/install/user_interfaces/lib/libuser_interfaces__rosidl_typesupport_introspection_c.so" to ""
[16.962s] -- Installing: /home/chacha/code/ros2_prj/ros2_pr_ws/src/user_interfaces/install/user_interfaces/lib/libuser_interfaces__rosidl_typesupport_c.so
[16.963s] -- Set non-toolchain portion of runtime path of "/home/chacha/code/ros2_prj/ros2_pr_ws/src/user_interfaces/install/user_interfaces/lib/libuser_interfaces__rosidl_typesupport_c.so" to ""
[16.963s] -- Up-to-date: /home/chacha/code/ros2_prj/ros2_pr_ws/src/user_interfaces/install/user_interfaces/include/user_interfaces/user_interfaces
[16.964s] -- Up-to-date: /home/chacha/code/ros2_prj/ros2_pr_ws/src/user_interfaces/install/user_interfaces/include/user_interfaces/user_interfaces/msg
[16.965s] -- Up-to-date: /home/chacha/code/ros2_prj/ros2_pr_ws/src/user_interfaces/install/user_interfaces/include/user_interfaces/user_interfaces/msg/detail
[16.965s] -- Installing: /home/chacha/code/ros2_prj/ros2_pr_ws/src/user_interfaces/install/user_interfaces/include/user_interfaces/user_interfaces/msg/detail/user__type_support.cpp
[16.966s] -- Installing: /home/chacha/code/ros2_prj/ros2_pr_ws/src/user_interfaces/install/user_interfaces/include/user_interfaces/user_interfaces/msg/detail/user__rosidl_typesupport_introspection_cpp.hpp
[16.966s] -- Installing: /home/chacha/code/ros2_prj/ros2_pr_ws/src/user_interfaces/install/user_interfaces/lib/libuser_interfaces__rosidl_typesupport_introspection_cpp.so
[16.966s] -- Set non-toolchain portion of runtime path of "/home/chacha/code/ros2_prj/ros2_pr_ws/src/user_interfaces/install/user_interfaces/lib/libuser_interfaces__rosidl_typesupport_introspection_cpp.so" to ""
[16.967s] -- Installing: /home/chacha/code/ros2_prj/ros2_pr_ws/src/user_interfaces/install/user_interfaces/lib/libuser_interfaces__rosidl_typesupport_cpp.so
[16.967s] -- Set non-toolchain portion of runtime path of "/home/chacha/code/ros2_prj/ros2_pr_ws/src/user_interfaces/install/user_interfaces/lib/libuser_interfaces__rosidl_typesupport_cpp.so" to ""
[16.968s] -- Installing: /home/chacha/code/ros2_prj/ros2_pr_ws/src/user_interfaces/install/user_interfaces/share/user_interfaces/environment/pythonpath.sh
[16.968s] -- Installing: /home/chacha/code/ros2_prj/ros2_pr_ws/src/user_interfaces/install/user_interfaces/share/user_interfaces/environment/pythonpath.dsv
[16.969s] -- Installing: /home/chacha/code/ros2_prj/ros2_pr_ws/src/user_interfaces/install/user_interfaces/lib/python3.12/site-packages/user_interfaces-0.0.0-py3.12.egg-info
[16.969s] -- Installing: /home/chacha/code/ros2_prj/ros2_pr_ws/src/user_interfaces/install/user_interfaces/lib/python3.12/site-packages/user_interfaces-0.0.0-py3.12.egg-info/top_level.txt
[16.970s] -- Installing: /home/chacha/code/ros2_prj/ros2_pr_ws/src/user_interfaces/install/user_interfaces/lib/python3.12/site-packages/user_interfaces-0.0.0-py3.12.egg-info/SOURCES.txt
[16.970s] -- Installing: /home/chacha/code/ros2_prj/ros2_pr_ws/src/user_interfaces/install/user_interfaces/lib/python3.12/site-packages/user_interfaces-0.0.0-py3.12.egg-info/PKG-INFO
[16.970s] -- Installing: /home/chacha/code/ros2_prj/ros2_pr_ws/src/user_interfaces/install/user_interfaces/lib/python3.12/site-packages/user_interfaces-0.0.0-py3.12.egg-info/dependency_links.txt
[16.971s] -- Installing: /home/chacha/code/ros2_prj/ros2_pr_ws/src/user_interfaces/install/user_interfaces/lib/python3.12/site-packages/user_interfaces
[16.971s] -- Installing: /home/chacha/code/ros2_prj/ros2_pr_ws/src/user_interfaces/install/user_interfaces/lib/python3.12/site-packages/user_interfaces/user_interfaces_s__rosidl_typesupport_c.so
[16.971s] -- Installing: /home/chacha/code/ros2_prj/ros2_pr_ws/src/user_interfaces/install/user_interfaces/lib/python3.12/site-packages/user_interfaces/msg
[16.972s] -- Installing: /home/chacha/code/ros2_prj/ros2_pr_ws/src/user_interfaces/install/user_interfaces/lib/python3.12/site-packages/user_interfaces/msg/_user_s.c
[16.972s] -- Installing: /home/chacha/code/ros2_prj/ros2_pr_ws/src/user_interfaces/install/user_interfaces/lib/python3.12/site-packages/user_interfaces/msg/__init__.py
[16.973s] -- Installing: /home/chacha/code/ros2_prj/ros2_pr_ws/src/user_interfaces/install/user_interfaces/lib/python3.12/site-packages/user_interfaces/msg/_user.py
[16.973s] -- Installing: /home/chacha/code/ros2_prj/ros2_pr_ws/src/user_interfaces/install/user_interfaces/lib/python3.12/site-packages/user_interfaces/_user_interfaces_s.ep.rosidl_typesupport_introspection_c.c
[16.973s] -- Installing: /home/chacha/code/ros2_prj/ros2_pr_ws/src/user_interfaces/install/user_interfaces/lib/python3.12/site-packages/user_interfaces/_user_interfaces_s.ep.rosidl_typesupport_c.c
[16.974s] -- Installing: /home/chacha/code/ros2_prj/ros2_pr_ws/src/user_interfaces/install/user_interfaces/lib/python3.12/site-packages/user_interfaces/user_interfaces_s__rosidl_typesupport_fastrtps_c.so
[16.974s] -- Installing: /home/chacha/code/ros2_prj/ros2_pr_ws/src/user_interfaces/install/user_interfaces/lib/python3.12/site-packages/user_interfaces/_user_interfaces_s.ep.rosidl_typesupport_fastrtps_c.c
[16.974s] -- Installing: /home/chacha/code/ros2_prj/ros2_pr_ws/src/user_interfaces/install/user_interfaces/lib/python3.12/site-packages/user_interfaces/__init__.py
[16.975s] -- Installing: /home/chacha/code/ros2_prj/ros2_pr_ws/src/user_interfaces/install/user_interfaces/lib/python3.12/site-packages/user_interfaces/user_interfaces_s__rosidl_typesupport_introspection_c.so
[17.132s] Listing '/home/chacha/code/ros2_prj/ros2_pr_ws/src/user_interfaces/install/user_interfaces/lib/python3.12/site-packages/user_interfaces'...
[17.132s] Compiling '/home/chacha/code/ros2_prj/ros2_pr_ws/src/user_interfaces/install/user_interfaces/lib/python3.12/site-packages/user_interfaces/__init__.py'...
[17.133s] Listing '/home/chacha/code/ros2_prj/ros2_pr_ws/src/user_interfaces/install/user_interfaces/lib/python3.12/site-packages/user_interfaces/msg'...
[17.133s] Compiling '/home/chacha/code/ros2_prj/ros2_pr_ws/src/user_interfaces/install/user_interfaces/lib/python3.12/site-packages/user_interfaces/msg/__init__.py'...
[17.134s] Compiling '/home/chacha/code/ros2_prj/ros2_pr_ws/src/user_interfaces/install/user_interfaces/lib/python3.12/site-packages/user_interfaces/msg/_user.py'...
[17.155s] -- Installing: /home/chacha/code/ros2_prj/ros2_pr_ws/src/user_interfaces/install/user_interfaces/lib/python3.12/site-packages/user_interfaces/user_interfaces_s__rosidl_typesupport_fastrtps_c.so
[17.155s] -- Set non-toolchain portion of runtime path of "/home/chacha/code/ros2_prj/ros2_pr_ws/src/user_interfaces/install/user_interfaces/lib/python3.12/site-packages/user_interfaces/user_interfaces_s__rosidl_typesupport_fastrtps_c.so" to ""
[17.156s] -- Installing: /home/chacha/code/ros2_prj/ros2_pr_ws/src/user_interfaces/install/user_interfaces/lib/python3.12/site-packages/user_interfaces/user_interfaces_s__rosidl_typesupport_introspection_c.so
[17.157s] -- Set non-toolchain portion of runtime path of "/home/chacha/code/ros2_prj/ros2_pr_ws/src/user_interfaces/install/user_interfaces/lib/python3.12/site-packages/user_interfaces/user_interfaces_s__rosidl_typesupport_introspection_c.so" to ""
[17.157s] -- Installing: /home/chacha/code/ros2_prj/ros2_pr_ws/src/user_interfaces/install/user_interfaces/lib/python3.12/site-packages/user_interfaces/user_interfaces_s__rosidl_typesupport_c.so
[17.159s] -- Set non-toolchain portion of runtime path of "/home/chacha/code/ros2_prj/ros2_pr_ws/src/user_interfaces/install/user_interfaces/lib/python3.12/site-packages/user_interfaces/user_interfaces_s__rosidl_typesupport_c.so" to ""
[17.159s] -- Installing: /home/chacha/code/ros2_prj/ros2_pr_ws/src/user_interfaces/install/user_interfaces/lib/libuser_interfaces__rosidl_generator_py.so
[17.160s] -- Set non-toolchain portion of runtime path of "/home/chacha/code/ros2_prj/ros2_pr_ws/src/user_interfaces/install/user_interfaces/lib/libuser_interfaces__rosidl_generator_py.so" to ""
[17.161s] -- Installing: /home/chacha/code/ros2_prj/ros2_pr_ws/src/user_interfaces/install/user_interfaces/share/user_interfaces/msg/User.idl
[17.161s] -- Installing: /home/chacha/code/ros2_prj/ros2_pr_ws/src/user_interfaces/install/user_interfaces/share/user_interfaces/msg/User.msg
[17.161s] -- Installing: /home/chacha/code/ros2_prj/ros2_pr_ws/src/user_interfaces/install/user_interfaces/share/ament_index/resource_index/package_run_dependencies/user_interfaces
[17.162s] -- Installing: /home/chacha/code/ros2_prj/ros2_pr_ws/src/user_interfaces/install/user_interfaces/share/ament_index/resource_index/parent_prefix_path/user_interfaces
[17.162s] -- Installing: /home/chacha/code/ros2_prj/ros2_pr_ws/src/user_interfaces/install/user_interfaces/share/user_interfaces/environment/ament_prefix_path.sh
[17.162s] -- Installing: /home/chacha/code/ros2_prj/ros2_pr_ws/src/user_interfaces/install/user_interfaces/share/user_interfaces/environment/ament_prefix_path.dsv
[17.163s] -- Installing: /home/chacha/code/ros2_prj/ros2_pr_ws/src/user_interfaces/install/user_interfaces/share/user_interfaces/environment/path.sh
[17.163s] -- Installing: /home/chacha/code/ros2_prj/ros2_pr_ws/src/user_interfaces/install/user_interfaces/share/user_interfaces/environment/path.dsv
[17.164s] -- Installing: /home/chacha/code/ros2_prj/ros2_pr_ws/src/user_interfaces/install/user_interfaces/share/user_interfaces/local_setup.bash
[17.166s] -- Installing: /home/chacha/code/ros2_prj/ros2_pr_ws/src/user_interfaces/install/user_interfaces/share/user_interfaces/local_setup.sh
[17.166s] -- Installing: /home/chacha/code/ros2_prj/ros2_pr_ws/src/user_interfaces/install/user_interfaces/share/user_interfaces/local_setup.zsh
[17.166s] -- Installing: /home/chacha/code/ros2_prj/ros2_pr_ws/src/user_interfaces/install/user_interfaces/share/user_interfaces/local_setup.dsv
[17.166s] -- Installing: /home/chacha/code/ros2_prj/ros2_pr_ws/src/user_interfaces/install/user_interfaces/share/user_interfaces/package.dsv
[17.166s] -- Installing: /home/chacha/code/ros2_prj/ros2_pr_ws/src/user_interfaces/install/user_interfaces/share/ament_index/resource_index/packages/user_interfaces
[17.167s] -- Installing: /home/chacha/code/ros2_prj/ros2_pr_ws/src/user_interfaces/install/user_interfaces/share/user_interfaces/cmake/export_user_interfaces__rosidl_generator_cExport.cmake
[17.167s] -- Installing: /home/chacha/code/ros2_prj/ros2_pr_ws/src/user_interfaces/install/user_interfaces/share/user_interfaces/cmake/export_user_interfaces__rosidl_generator_cExport-noconfig.cmake
[17.168s] -- Installing: /home/chacha/code/ros2_prj/ros2_pr_ws/src/user_interfaces/install/user_interfaces/share/user_interfaces/cmake/export_user_interfaces__rosidl_typesupport_fastrtps_cExport.cmake
[17.168s] -- Installing: /home/chacha/code/ros2_prj/ros2_pr_ws/src/user_interfaces/install/user_interfaces/share/user_interfaces/cmake/export_user_interfaces__rosidl_typesupport_fastrtps_cExport-noconfig.cmake
[17.169s] -- Installing: /home/chacha/code/ros2_prj/ros2_pr_ws/src/user_interfaces/install/user_interfaces/share/user_interfaces/cmake/export_user_interfaces__rosidl_generator_cppExport.cmake
[17.169s] -- Installing: /home/chacha/code/ros2_prj/ros2_pr_ws/src/user_interfaces/install/user_interfaces/share/user_interfaces/cmake/export_user_interfaces__rosidl_typesupport_fastrtps_cppExport.cmake
[17.170s] -- Installing: /home/chacha/code/ros2_prj/ros2_pr_ws/src/user_interfaces/install/user_interfaces/share/user_interfaces/cmake/export_user_interfaces__rosidl_typesupport_fastrtps_cppExport-noconfig.cmake
[17.170s] -- Installing: /home/chacha/code/ros2_prj/ros2_pr_ws/src/user_interfaces/install/user_interfaces/share/user_interfaces/cmake/user_interfaces__rosidl_typesupport_introspection_cExport.cmake
[17.171s] -- Installing: /home/chacha/code/ros2_prj/ros2_pr_ws/src/user_interfaces/install/user_interfaces/share/user_interfaces/cmake/user_interfaces__rosidl_typesupport_introspection_cExport-noconfig.cmake
[17.171s] -- Installing: /home/chacha/code/ros2_prj/ros2_pr_ws/src/user_interfaces/install/user_interfaces/share/user_interfaces/cmake/user_interfaces__rosidl_typesupport_cExport.cmake
[17.171s] -- Installing: /home/chacha/code/ros2_prj/ros2_pr_ws/src/user_interfaces/install/user_interfaces/share/user_interfaces/cmake/user_interfaces__rosidl_typesupport_cExport-noconfig.cmake
[17.172s] -- Installing: /home/chacha/code/ros2_prj/ros2_pr_ws/src/user_interfaces/install/user_interfaces/share/user_interfaces/cmake/user_interfaces__rosidl_typesupport_introspection_cppExport.cmake
[17.173s] -- Installing: /home/chacha/code/ros2_prj/ros2_pr_ws/src/user_interfaces/install/user_interfaces/share/user_interfaces/cmake/user_interfaces__rosidl_typesupport_introspection_cppExport-noconfig.cmake
[17.173s] -- Installing: /home/chacha/code/ros2_prj/ros2_pr_ws/src/user_interfaces/install/user_interfaces/share/user_interfaces/cmake/user_interfaces__rosidl_typesupport_cppExport.cmake
[17.173s] -- Installing: /home/chacha/code/ros2_prj/ros2_pr_ws/src/user_interfaces/install/user_interfaces/share/user_interfaces/cmake/user_interfaces__rosidl_typesupport_cppExport-noconfig.cmake
[17.174s] -- Installing: /home/chacha/code/ros2_prj/ros2_pr_ws/src/user_interfaces/install/user_interfaces/share/user_interfaces/cmake/export_user_interfaces__rosidl_generator_pyExport.cmake
[17.174s] -- Installing: /home/chacha/code/ros2_prj/ros2_pr_ws/src/user_interfaces/install/user_interfaces/share/user_interfaces/cmake/export_user_interfaces__rosidl_generator_pyExport-noconfig.cmake
[17.175s] -- Installing: /home/chacha/code/ros2_prj/ros2_pr_ws/src/user_interfaces/install/user_interfaces/share/user_interfaces/cmake/rosidl_cmake-extras.cmake
[17.175s] -- Installing: /home/chacha/code/ros2_prj/ros2_pr_ws/src/user_interfaces/install/user_interfaces/share/user_interfaces/cmake/ament_cmake_export_dependencies-extras.cmake
[17.176s] -- Installing: /home/chacha/code/ros2_prj/ros2_pr_ws/src/user_interfaces/install/user_interfaces/share/user_interfaces/cmake/ament_cmake_export_include_directories-extras.cmake
[17.176s] -- Installing: /home/chacha/code/ros2_prj/ros2_pr_ws/src/user_interfaces/install/user_interfaces/share/user_interfaces/cmake/ament_cmake_export_libraries-extras.cmake
[17.177s] -- Installing: /home/chacha/code/ros2_prj/ros2_pr_ws/src/user_interfaces/install/user_interfaces/share/user_interfaces/cmake/ament_cmake_export_targets-extras.cmake
[17.177s] -- Installing: /home/chacha/code/ros2_prj/ros2_pr_ws/src/user_interfaces/install/user_interfaces/share/user_interfaces/cmake/rosidl_cmake_export_typesupport_targets-extras.cmake
[17.178s] -- Installing: /home/chacha/code/ros2_prj/ros2_pr_ws/src/user_interfaces/install/user_interfaces/share/user_interfaces/cmake/rosidl_cmake_export_typesupport_libraries-extras.cmake
[17.178s] -- Installing: /home/chacha/code/ros2_prj/ros2_pr_ws/src/user_interfaces/install/user_interfaces/share/user_interfaces/cmake/user_interfacesConfig.cmake
[17.178s] -- Installing: /home/chacha/code/ros2_prj/ros2_pr_ws/src/user_interfaces/install/user_interfaces/share/user_interfaces/cmake/user_interfacesConfig-version.cmake
[17.179s] -- Installing: /home/chacha/code/ros2_prj/ros2_pr_ws/src/user_interfaces/install/user_interfaces/share/user_interfaces/package.xml
[17.188s] Invoked command in '/home/chacha/code/ros2_prj/ros2_pr_ws/src/user_interfaces/build/user_interfaces' returned '0': CMAKE_PREFIX_PATH=${CMAKE_PREFIX_PATH}:/opt/ros/jazzy DEBUGINFOD_URLS=https://debuginfod.ubuntu.com /usr/bin/cmake --install /home/chacha/code/ros2_prj/ros2_pr_ws/src/user_interfaces/build/user_interfaces
