[0.007s] Invoking command in '/home/chacha/code/repo/ChaChaOpen/ros2_prj/ros2_pr_ws/src/user_interfaces/build/user_interfaces': CMAKE_PREFIX_PATH=${CMAKE_PREFIX_PATH}:/opt/ros/jazzy DEBUGINFOD_URLS=https://debuginfod.ubuntu.com /usr/bin/cmake /home/chacha/code/repo/ChaChaOpen/ros2_prj/ros2_pr_ws/src/user_interfaces -DCMAKE_INSTALL_PREFIX=/home/chacha/code/repo/ChaChaOpen/ros2_prj/ros2_pr_ws/src/user_interfaces/install/user_interfaces
[0.058s] -- The C compiler identification is GNU 13.3.0
[0.100s] -- The CXX compiler identification is GNU 13.3.0
[0.115s] -- Detecting C compiler ABI info
[0.184s] -- Detecting C compiler ABI info - done
[0.191s] -- Check for working C compiler: /usr/bin/cc - skipped
[0.191s] -- Detecting C compile features
[0.191s] -- Detecting C compile features - done
[0.199s] -- Detecting CXX compiler ABI info
[0.279s] -- Detecting CXX compiler ABI info - done
[0.286s] -- Check for working CXX compiler: /usr/bin/c++ - skipped
[0.286s] -- Detecting CXX compile features
[0.286s] -- Detecting CXX compile features - done
[0.294s] -- Found ament_cmake: 2.5.5 (/opt/ros/jazzy/share/ament_cmake/cmake)
[0.413s] -- Found Python3: /usr/bin/python3 (found version "3.12.3") found components: Interpreter 
[0.506s] -- Found std_msgs: 5.3.6 (/opt/ros/jazzy/share/std_msgs/cmake)
[0.549s] -- Found rosidl_generator_c: 4.6.7 (/opt/ros/jazzy/share/rosidl_generator_c/cmake)
[0.561s] -- Found rosidl_generator_cpp: 4.6.7 (/opt/ros/jazzy/share/rosidl_generator_cpp/cmake)
[0.575s] -- Using all available rosidl_typesupport_c: rosidl_typesupport_fastrtps_c;rosidl_typesupport_introspection_c
[0.591s] -- Using all available rosidl_typesupport_cpp: rosidl_typesupport_fastrtps_cpp;rosidl_typesupport_introspection_cpp
[0.620s] -- Found sensor_msgs: 5.3.6 (/opt/ros/jazzy/share/sensor_msgs/cmake)
[0.662s] -- Found rosidl_default_generators: 1.6.0 (/opt/ros/jazzy/share/rosidl_default_generators/cmake)
[0.677s] -- Found rosidl_adapter: 4.6.7 (/opt/ros/jazzy/share/rosidl_adapter/cmake)
[1.173s] -- Found ament_cmake_ros: 0.12.0 (/opt/ros/jazzy/share/ament_cmake_ros/cmake)
[1.877s] -- Using all available rosidl_typesupport_c: rosidl_typesupport_fastrtps_c;rosidl_typesupport_introspection_c
[2.154s] -- Using all available rosidl_typesupport_cpp: rosidl_typesupport_fastrtps_cpp;rosidl_typesupport_introspection_cpp
[2.162s] -- Found python_cmake_module: 0.11.1 (/opt/ros/jazzy/share/python_cmake_module/cmake)
[2.268s] -- Found PythonExtra: /usr/bin/python3  
[2.617s] -- Found Python3: /usr/bin/python3 (found version "3.12.3") found components: Interpreter Development NumPy Development.Module Development.Embed 
[2.678s] -- Found ament_lint_auto: 0.17.4 (/opt/ros/jazzy/share/ament_lint_auto/cmake)
[2.702s] -- Added test 'cppcheck' to perform static code analysis on C / C++ code
[2.702s] -- Configured cppcheck include dirs: $<BUILD_INTERFACE:/home/chacha/code/repo/ChaChaOpen/ros2_prj/ros2_pr_ws/src/user_interfaces/build/user_interfaces/rosidl_generator_c>;$<BUILD_INTERFACE:/home/chacha/code/repo/ChaChaOpen/ros2_prj/ros2_pr_ws/src/user_interfaces/build/user_interfaces/rosidl_typesupport_fastrtps_c>;$<BUILD_INTERFACE:/home/chacha/code/repo/ChaChaOpen/ros2_prj/ros2_pr_ws/src/user_interfaces/build/user_interfaces/rosidl_generator_cpp>;$<BUILD_INTERFACE:/home/chacha/code/repo/ChaChaOpen/ros2_prj/ros2_pr_ws/src/user_interfaces/build/user_interfaces/rosidl_typesupport_fastrtps_cpp>;$<BUILD_INTERFACE:/home/chacha/code/repo/ChaChaOpen/ros2_prj/ros2_pr_ws/src/user_interfaces/build/user_interfaces/rosidl_typesupport_introspection_c>;$<BUILD_INTERFACE:/home/chacha/code/repo/ChaChaOpen/ros2_prj/ros2_pr_ws/src/user_interfaces/build/user_interfaces/rosidl_typesupport_introspection_cpp>;/home/chacha/code/repo/ChaChaOpen/ros2_prj/ros2_pr_ws/src/user_interfaces/build/user_interfaces/rosidl_generator_c;/home/chacha/code/repo/ChaChaOpen/ros2_prj/ros2_pr_ws/src/user_interfaces/build/user_interfaces/rosidl_generator_py
[2.702s] -- Configured cppcheck exclude dirs and/or files: 
[2.704s] -- Added test 'flake8' to check Python code syntax and style conventions
[2.704s] -- Configured 'flake8' exclude dirs and/or files: 
[2.706s] -- Added test 'lint_cmake' to check CMake code style
[2.707s] -- Added test 'pep257' to check Python code against some of the docstring style conventions in PEP 257
[2.713s] -- Added test 'uncrustify' to check C / C++ code style
[2.713s] -- Configured uncrustify additional arguments: 
[2.714s] -- Added test 'xmllint' to check XML markup files
[2.716s] -- Configuring done (2.7s)
[2.753s] -- Generating done (0.0s)
[2.763s] -- Build files have been written to: /home/chacha/code/repo/ChaChaOpen/ros2_prj/ros2_pr_ws/src/user_interfaces/build/user_interfaces
[2.771s] Invoked command in '/home/chacha/code/repo/ChaChaOpen/ros2_prj/ros2_pr_ws/src/user_interfaces/build/user_interfaces' returned '0': CMAKE_PREFIX_PATH=${CMAKE_PREFIX_PATH}:/opt/ros/jazzy DEBUGINFOD_URLS=https://debuginfod.ubuntu.com /usr/bin/cmake /home/chacha/code/repo/ChaChaOpen/ros2_prj/ros2_pr_ws/src/user_interfaces -DCMAKE_INSTALL_PREFIX=/home/chacha/code/repo/ChaChaOpen/ros2_prj/ros2_pr_ws/src/user_interfaces/install/user_interfaces
[2.772s] Invoking command in '/home/chacha/code/repo/ChaChaOpen/ros2_prj/ros2_pr_ws/src/user_interfaces/build/user_interfaces': CMAKE_PREFIX_PATH=${CMAKE_PREFIX_PATH}:/opt/ros/jazzy DEBUGINFOD_URLS=https://debuginfod.ubuntu.com /usr/bin/cmake --build /home/chacha/code/repo/ChaChaOpen/ros2_prj/ros2_pr_ws/src/user_interfaces/build/user_interfaces -- -j8 -l8
[2.810s] [  2%] [34m[1mGenerating type hashes for ROS interfaces[0m
[2.818s] [  2%] Built target ament_cmake_python_copy_user_interfaces
[3.008s] running egg_info
[3.009s] creating user_interfaces.egg-info
[3.014s] [  2%] Built target user_interfaces__rosidl_generator_type_description
[3.025s] [  4%] [34m[1mGenerating C code for ROS interfaces[0m
[3.028s] writing user_interfaces.egg-info/PKG-INFO
[3.028s] writing dependency_links to user_interfaces.egg-info/dependency_links.txt
[3.028s] writing top-level names to user_interfaces.egg-info/top_level.txt
[3.028s] writing manifest file 'user_interfaces.egg-info/SOURCES.txt'
[3.036s] [  6%] [34m[1mGenerating C++ code for ROS interfaces[0m
[3.080s] reading manifest file 'user_interfaces.egg-info/SOURCES.txt'
[3.081s] writing manifest file 'user_interfaces.egg-info/SOURCES.txt'
[3.108s] [  6%] Built target ament_cmake_python_build_user_interfaces_egg
[3.336s] [  6%] Built target user_interfaces__cpp
[3.381s] [ 15%] [32mBuilding C object CMakeFiles/user_interfaces__rosidl_generator_c.dir/rosidl_generator_c/user_interfaces/msg/detail/user__functions.c.o[0m
[3.381s] [ 15%] [32mBuilding C object CMakeFiles/user_interfaces__rosidl_generator_c.dir/rosidl_generator_c/user_interfaces/msg/detail/user__type_support.c.o[0m
[3.381s] [ 15%] [32mBuilding C object CMakeFiles/user_interfaces__rosidl_generator_c.dir/rosidl_generator_c/user_interfaces/srv/detail/user__functions.c.o[0m
[3.381s] [ 15%] [32mBuilding C object CMakeFiles/user_interfaces__rosidl_generator_c.dir/rosidl_generator_c/user_interfaces/msg/detail/user__description.c.o[0m
[3.381s] [ 18%] [32mBuilding C object CMakeFiles/user_interfaces__rosidl_generator_c.dir/rosidl_generator_c/user_interfaces/srv/detail/user__description.c.o[0m
[3.382s] [ 20%] [32mBuilding C object CMakeFiles/user_interfaces__rosidl_generator_c.dir/rosidl_generator_c/user_interfaces/srv/detail/user__type_support.c.o[0m
[3.472s] [ 22%] [32m[1mLinking C shared library libuser_interfaces__rosidl_generator_c.so[0m
[3.502s] [ 22%] Built target user_interfaces__rosidl_generator_c
[3.513s] [ 27%] [34m[1mGenerating C++ introspection for ROS interfaces[0m
[3.514s] [ 27%] [34m[1mGenerating C++ type support for eProsima Fast-RTPS[0m
[3.514s] [ 29%] [34m[1mGenerating C++ type support dispatch for ROS interfaces[0m
[3.515s] [ 31%] [34m[1mGenerating C type support for eProsima Fast-RTPS[0m
[3.515s] [ 34%] [34m[1mGenerating C type support dispatch for ROS interfaces[0m
[3.520s] [ 36%] [34m[1mGenerating C introspection for ROS interfaces[0m
[3.905s] [ 40%] [32mBuilding CXX object CMakeFiles/user_interfaces__rosidl_typesupport_c.dir/rosidl_typesupport_c/user_interfaces/msg/user__type_support.cpp.o[0m
[3.906s] [ 40%] [32mBuilding CXX object CMakeFiles/user_interfaces__rosidl_typesupport_c.dir/rosidl_typesupport_c/user_interfaces/srv/user__type_support.cpp.o[0m
[3.974s] [ 43%] [32m[1mLinking CXX shared library libuser_interfaces__rosidl_typesupport_c.so[0m
[4.021s] [ 43%] Built target user_interfaces__rosidl_typesupport_c
[4.043s] [ 47%] [32mBuilding CXX object CMakeFiles/user_interfaces__rosidl_typesupport_cpp.dir/rosidl_typesupport_cpp/user_interfaces/srv/user__type_support.cpp.o[0m
[4.043s] [ 47%] [32mBuilding CXX object CMakeFiles/user_interfaces__rosidl_typesupport_cpp.dir/rosidl_typesupport_cpp/user_interfaces/msg/user__type_support.cpp.o[0m
[4.088s] [ 50%] [32mBuilding C object CMakeFiles/user_interfaces__rosidl_typesupport_introspection_c.dir/rosidl_typesupport_introspection_c/user_interfaces/srv/detail/user__type_support.c.o[0m
[4.089s] [ 52%] [32mBuilding C object CMakeFiles/user_interfaces__rosidl_typesupport_introspection_c.dir/rosidl_typesupport_introspection_c/user_interfaces/msg/detail/user__type_support.c.o[0m
[4.102s] [ 54%] [32mBuilding CXX object CMakeFiles/user_interfaces__rosidl_typesupport_fastrtps_c.dir/rosidl_typesupport_fastrtps_c/user_interfaces/msg/detail/user__type_support_c.cpp.o[0m
[4.103s] [ 56%] [32mBuilding CXX object CMakeFiles/user_interfaces__rosidl_typesupport_fastrtps_c.dir/rosidl_typesupport_fastrtps_c/user_interfaces/srv/detail/user__type_support_c.cpp.o[0m
[4.165s] [ 59%] [32m[1mLinking C shared library libuser_interfaces__rosidl_typesupport_introspection_c.so[0m
[4.184s] [ 61%] [32mBuilding CXX object CMakeFiles/user_interfaces__rosidl_typesupport_introspection_cpp.dir/rosidl_typesupport_introspection_cpp/user_interfaces/msg/detail/user__type_support.cpp.o[0m
[4.194s] [ 63%] [32mBuilding CXX object CMakeFiles/user_interfaces__rosidl_typesupport_introspection_cpp.dir/rosidl_typesupport_introspection_cpp/user_interfaces/srv/detail/user__type_support.cpp.o[0m
[4.216s] [ 63%] Built target user_interfaces__rosidl_typesupport_introspection_c
[4.228s] [ 65%] [32mBuilding CXX object CMakeFiles/user_interfaces__rosidl_typesupport_fastrtps_cpp.dir/rosidl_typesupport_fastrtps_cpp/user_interfaces/msg/detail/dds_fastrtps/user__type_support.cpp.o[0m
[4.234s] [ 68%] [32mBuilding CXX object CMakeFiles/user_interfaces__rosidl_typesupport_fastrtps_cpp.dir/rosidl_typesupport_fastrtps_cpp/user_interfaces/srv/detail/dds_fastrtps/user__type_support.cpp.o[0m
[4.751s] [ 70%] [32m[1mLinking CXX shared library libuser_interfaces__rosidl_typesupport_cpp.so[0m
[4.876s] [ 70%] Built target user_interfaces__rosidl_typesupport_cpp
[4.900s] [ 72%] [32m[1mLinking CXX shared library libuser_interfaces__rosidl_typesupport_introspection_cpp.so[0m
[4.902s] [ 75%] [32m[1mLinking CXX shared library libuser_interfaces__rosidl_typesupport_fastrtps_c.so[0m
[4.989s] [ 75%] Built target user_interfaces__rosidl_typesupport_fastrtps_c
[4.990s] [ 75%] Built target user_interfaces__rosidl_typesupport_introspection_cpp
[5.090s] [ 77%] [32m[1mLinking CXX shared library libuser_interfaces__rosidl_typesupport_fastrtps_cpp.so[0m
[5.162s] [ 77%] Built target user_interfaces__rosidl_typesupport_fastrtps_cpp
[5.177s] [ 77%] Built target user_interfaces
[5.193s] [ 79%] [34m[1mGenerating Python code for ROS interfaces[0m
[5.537s] [ 79%] Built target user_interfaces__py
[5.557s] [ 84%] [32mBuilding C object CMakeFiles/user_interfaces__rosidl_generator_py.dir/rosidl_generator_py/user_interfaces/srv/_user_s.c.o[0m
[5.557s] [ 84%] [32mBuilding C object CMakeFiles/user_interfaces__rosidl_generator_py.dir/rosidl_generator_py/user_interfaces/msg/_user_s.c.o[0m
[5.687s] [ 86%] [32m[1mLinking C shared library libuser_interfaces__rosidl_generator_py.so[0m
[5.728s] [ 86%] Built target user_interfaces__rosidl_generator_py
[5.750s] [ 93%] [32mBuilding C object CMakeFiles/user_interfaces_s__rosidl_typesupport_introspection_c.dir/rosidl_generator_py/user_interfaces/_user_interfaces_s.ep.rosidl_typesupport_introspection_c.c.o[0m
[5.750s] [ 93%] [32mBuilding C object CMakeFiles/user_interfaces_s__rosidl_typesupport_c.dir/rosidl_generator_py/user_interfaces/_user_interfaces_s.ep.rosidl_typesupport_c.c.o[0m
[5.750s] [ 93%] [32mBuilding C object CMakeFiles/user_interfaces_s__rosidl_typesupport_fastrtps_c.dir/rosidl_generator_py/user_interfaces/_user_interfaces_s.ep.rosidl_typesupport_fastrtps_c.c.o[0m
[5.849s] [ 97%] [32m[1mLinking C shared module rosidl_generator_py/user_interfaces/user_interfaces_s__rosidl_typesupport_c.so[0m
[5.849s] [ 97%] [32m[1mLinking C shared module rosidl_generator_py/user_interfaces/user_interfaces_s__rosidl_typesupport_introspection_c.so[0m
[5.853s] [100%] [32m[1mLinking C shared module rosidl_generator_py/user_interfaces/user_interfaces_s__rosidl_typesupport_fastrtps_c.so[0m
[5.877s] [100%] Built target user_interfaces_s__rosidl_typesupport_c
[5.878s] [100%] Built target user_interfaces_s__rosidl_typesupport_introspection_c
[5.883s] [100%] Built target user_interfaces_s__rosidl_typesupport_fastrtps_c
[5.892s] Invoked command in '/home/chacha/code/repo/ChaChaOpen/ros2_prj/ros2_pr_ws/src/user_interfaces/build/user_interfaces' returned '0': CMAKE_PREFIX_PATH=${CMAKE_PREFIX_PATH}:/opt/ros/jazzy DEBUGINFOD_URLS=https://debuginfod.ubuntu.com /usr/bin/cmake --build /home/chacha/code/repo/ChaChaOpen/ros2_prj/ros2_pr_ws/src/user_interfaces/build/user_interfaces -- -j8 -l8
[5.900s] Invoking command in '/home/chacha/code/repo/ChaChaOpen/ros2_prj/ros2_pr_ws/src/user_interfaces/build/user_interfaces': CMAKE_PREFIX_PATH=${CMAKE_PREFIX_PATH}:/opt/ros/jazzy DEBUGINFOD_URLS=https://debuginfod.ubuntu.com /usr/bin/cmake --install /home/chacha/code/repo/ChaChaOpen/ros2_prj/ros2_pr_ws/src/user_interfaces/build/user_interfaces
[5.906s] -- Install configuration: ""
[5.906s] -- Installing: /home/chacha/code/repo/ChaChaOpen/ros2_prj/ros2_pr_ws/src/user_interfaces/install/user_interfaces/share/ament_index/resource_index/rosidl_interfaces/user_interfaces
[5.906s] -- Installing: /home/chacha/code/repo/ChaChaOpen/ros2_prj/ros2_pr_ws/src/user_interfaces/install/user_interfaces/share/user_interfaces/msg/User.json
[5.906s] -- Installing: /home/chacha/code/repo/ChaChaOpen/ros2_prj/ros2_pr_ws/src/user_interfaces/install/user_interfaces/share/user_interfaces/srv/User.json
[5.906s] -- Installing: /home/chacha/code/repo/ChaChaOpen/ros2_prj/ros2_pr_ws/src/user_interfaces/install/user_interfaces/include/user_interfaces/user_interfaces
[5.907s] -- Installing: /home/chacha/code/repo/ChaChaOpen/ros2_prj/ros2_pr_ws/src/user_interfaces/install/user_interfaces/include/user_interfaces/user_interfaces/msg
[5.907s] -- Installing: /home/chacha/code/repo/ChaChaOpen/ros2_prj/ros2_pr_ws/src/user_interfaces/install/user_interfaces/include/user_interfaces/user_interfaces/msg/rosidl_generator_c__visibility_control.h
[5.907s] -- Installing: /home/chacha/code/repo/ChaChaOpen/ros2_prj/ros2_pr_ws/src/user_interfaces/install/user_interfaces/include/user_interfaces/user_interfaces/msg/user.h
[5.907s] -- Installing: /home/chacha/code/repo/ChaChaOpen/ros2_prj/ros2_pr_ws/src/user_interfaces/install/user_interfaces/include/user_interfaces/user_interfaces/msg/detail
[5.907s] -- Installing: /home/chacha/code/repo/ChaChaOpen/ros2_prj/ros2_pr_ws/src/user_interfaces/install/user_interfaces/include/user_interfaces/user_interfaces/msg/detail/user__type_support.c
[5.907s] -- Installing: /home/chacha/code/repo/ChaChaOpen/ros2_prj/ros2_pr_ws/src/user_interfaces/install/user_interfaces/include/user_interfaces/user_interfaces/msg/detail/user__struct.h
[5.907s] -- Installing: /home/chacha/code/repo/ChaChaOpen/ros2_prj/ros2_pr_ws/src/user_interfaces/install/user_interfaces/include/user_interfaces/user_interfaces/msg/detail/user__functions.h
[5.907s] -- Installing: /home/chacha/code/repo/ChaChaOpen/ros2_prj/ros2_pr_ws/src/user_interfaces/install/user_interfaces/include/user_interfaces/user_interfaces/msg/detail/user__type_support.h
[5.907s] -- Installing: /home/chacha/code/repo/ChaChaOpen/ros2_prj/ros2_pr_ws/src/user_interfaces/install/user_interfaces/include/user_interfaces/user_interfaces/msg/detail/user__functions.c
[5.907s] -- Installing: /home/chacha/code/repo/ChaChaOpen/ros2_prj/ros2_pr_ws/src/user_interfaces/install/user_interfaces/include/user_interfaces/user_interfaces/msg/detail/user__description.c
[5.907s] -- Installing: /home/chacha/code/repo/ChaChaOpen/ros2_prj/ros2_pr_ws/src/user_interfaces/install/user_interfaces/include/user_interfaces/user_interfaces/srv
[5.907s] -- Installing: /home/chacha/code/repo/ChaChaOpen/ros2_prj/ros2_pr_ws/src/user_interfaces/install/user_interfaces/include/user_interfaces/user_interfaces/srv/user.h
[5.907s] -- Installing: /home/chacha/code/repo/ChaChaOpen/ros2_prj/ros2_pr_ws/src/user_interfaces/install/user_interfaces/include/user_interfaces/user_interfaces/srv/detail
[5.907s] -- Installing: /home/chacha/code/repo/ChaChaOpen/ros2_prj/ros2_pr_ws/src/user_interfaces/install/user_interfaces/include/user_interfaces/user_interfaces/srv/detail/user__type_support.c
[5.907s] -- Installing: /home/chacha/code/repo/ChaChaOpen/ros2_prj/ros2_pr_ws/src/user_interfaces/install/user_interfaces/include/user_interfaces/user_interfaces/srv/detail/user__struct.h
[5.908s] -- Installing: /home/chacha/code/repo/ChaChaOpen/ros2_prj/ros2_pr_ws/src/user_interfaces/install/user_interfaces/include/user_interfaces/user_interfaces/srv/detail/user__functions.h
[5.908s] -- Installing: /home/chacha/code/repo/ChaChaOpen/ros2_prj/ros2_pr_ws/src/user_interfaces/install/user_interfaces/include/user_interfaces/user_interfaces/srv/detail/user__type_support.h
[5.908s] -- Installing: /home/chacha/code/repo/ChaChaOpen/ros2_prj/ros2_pr_ws/src/user_interfaces/install/user_interfaces/include/user_interfaces/user_interfaces/srv/detail/user__functions.c
[5.908s] -- Installing: /home/chacha/code/repo/ChaChaOpen/ros2_prj/ros2_pr_ws/src/user_interfaces/install/user_interfaces/include/user_interfaces/user_interfaces/srv/detail/user__description.c
[5.908s] -- Installing: /home/chacha/code/repo/ChaChaOpen/ros2_prj/ros2_pr_ws/src/user_interfaces/install/user_interfaces/share/user_interfaces/environment/library_path.sh
[5.908s] -- Installing: /home/chacha/code/repo/ChaChaOpen/ros2_prj/ros2_pr_ws/src/user_interfaces/install/user_interfaces/share/user_interfaces/environment/library_path.dsv
[5.908s] -- Installing: /home/chacha/code/repo/ChaChaOpen/ros2_prj/ros2_pr_ws/src/user_interfaces/install/user_interfaces/lib/libuser_interfaces__rosidl_generator_c.so
[5.908s] -- Set non-toolchain portion of runtime path of "/home/chacha/code/repo/ChaChaOpen/ros2_prj/ros2_pr_ws/src/user_interfaces/install/user_interfaces/lib/libuser_interfaces__rosidl_generator_c.so" to ""
[5.908s] -- Up-to-date: /home/chacha/code/repo/ChaChaOpen/ros2_prj/ros2_pr_ws/src/user_interfaces/install/user_interfaces/include/user_interfaces/user_interfaces
[5.908s] -- Up-to-date: /home/chacha/code/repo/ChaChaOpen/ros2_prj/ros2_pr_ws/src/user_interfaces/install/user_interfaces/include/user_interfaces/user_interfaces/msg
[5.908s] -- Installing: /home/chacha/code/repo/ChaChaOpen/ros2_prj/ros2_pr_ws/src/user_interfaces/install/user_interfaces/include/user_interfaces/user_interfaces/msg/rosidl_typesupport_fastrtps_c__visibility_control.h
[5.908s] -- Up-to-date: /home/chacha/code/repo/ChaChaOpen/ros2_prj/ros2_pr_ws/src/user_interfaces/install/user_interfaces/include/user_interfaces/user_interfaces/msg/detail
[5.909s] -- Installing: /home/chacha/code/repo/ChaChaOpen/ros2_prj/ros2_pr_ws/src/user_interfaces/install/user_interfaces/include/user_interfaces/user_interfaces/msg/detail/user__rosidl_typesupport_fastrtps_c.h
[5.909s] -- Up-to-date: /home/chacha/code/repo/ChaChaOpen/ros2_prj/ros2_pr_ws/src/user_interfaces/install/user_interfaces/include/user_interfaces/user_interfaces/srv
[5.909s] -- Up-to-date: /home/chacha/code/repo/ChaChaOpen/ros2_prj/ros2_pr_ws/src/user_interfaces/install/user_interfaces/include/user_interfaces/user_interfaces/srv/detail
[5.909s] -- Installing: /home/chacha/code/repo/ChaChaOpen/ros2_prj/ros2_pr_ws/src/user_interfaces/install/user_interfaces/include/user_interfaces/user_interfaces/srv/detail/user__rosidl_typesupport_fastrtps_c.h
[5.909s] -- Installing: /home/chacha/code/repo/ChaChaOpen/ros2_prj/ros2_pr_ws/src/user_interfaces/install/user_interfaces/lib/libuser_interfaces__rosidl_typesupport_fastrtps_c.so
[5.909s] -- Set non-toolchain portion of runtime path of "/home/chacha/code/repo/ChaChaOpen/ros2_prj/ros2_pr_ws/src/user_interfaces/install/user_interfaces/lib/libuser_interfaces__rosidl_typesupport_fastrtps_c.so" to ""
[5.909s] -- Up-to-date: /home/chacha/code/repo/ChaChaOpen/ros2_prj/ros2_pr_ws/src/user_interfaces/install/user_interfaces/include/user_interfaces/user_interfaces
[5.909s] -- Up-to-date: /home/chacha/code/repo/ChaChaOpen/ros2_prj/ros2_pr_ws/src/user_interfaces/install/user_interfaces/include/user_interfaces/user_interfaces/msg
[5.909s] -- Installing: /home/chacha/code/repo/ChaChaOpen/ros2_prj/ros2_pr_ws/src/user_interfaces/install/user_interfaces/include/user_interfaces/user_interfaces/msg/rosidl_generator_cpp__visibility_control.hpp
[5.909s] -- Installing: /home/chacha/code/repo/ChaChaOpen/ros2_prj/ros2_pr_ws/src/user_interfaces/install/user_interfaces/include/user_interfaces/user_interfaces/msg/user.hpp
[5.909s] -- Up-to-date: /home/chacha/code/repo/ChaChaOpen/ros2_prj/ros2_pr_ws/src/user_interfaces/install/user_interfaces/include/user_interfaces/user_interfaces/msg/detail
[5.909s] -- Installing: /home/chacha/code/repo/ChaChaOpen/ros2_prj/ros2_pr_ws/src/user_interfaces/install/user_interfaces/include/user_interfaces/user_interfaces/msg/detail/user__traits.hpp
[5.909s] -- Installing: /home/chacha/code/repo/ChaChaOpen/ros2_prj/ros2_pr_ws/src/user_interfaces/install/user_interfaces/include/user_interfaces/user_interfaces/msg/detail/user__builder.hpp
[5.909s] -- Installing: /home/chacha/code/repo/ChaChaOpen/ros2_prj/ros2_pr_ws/src/user_interfaces/install/user_interfaces/include/user_interfaces/user_interfaces/msg/detail/user__struct.hpp
[5.909s] -- Installing: /home/chacha/code/repo/ChaChaOpen/ros2_prj/ros2_pr_ws/src/user_interfaces/install/user_interfaces/include/user_interfaces/user_interfaces/msg/detail/user__type_support.hpp
[5.909s] -- Up-to-date: /home/chacha/code/repo/ChaChaOpen/ros2_prj/ros2_pr_ws/src/user_interfaces/install/user_interfaces/include/user_interfaces/user_interfaces/srv
[5.909s] -- Installing: /home/chacha/code/repo/ChaChaOpen/ros2_prj/ros2_pr_ws/src/user_interfaces/install/user_interfaces/include/user_interfaces/user_interfaces/srv/user.hpp
[5.910s] -- Up-to-date: /home/chacha/code/repo/ChaChaOpen/ros2_prj/ros2_pr_ws/src/user_interfaces/install/user_interfaces/include/user_interfaces/user_interfaces/srv/detail
[5.910s] -- Installing: /home/chacha/code/repo/ChaChaOpen/ros2_prj/ros2_pr_ws/src/user_interfaces/install/user_interfaces/include/user_interfaces/user_interfaces/srv/detail/user__traits.hpp
[5.910s] -- Installing: /home/chacha/code/repo/ChaChaOpen/ros2_prj/ros2_pr_ws/src/user_interfaces/install/user_interfaces/include/user_interfaces/user_interfaces/srv/detail/user__builder.hpp
[5.910s] -- Installing: /home/chacha/code/repo/ChaChaOpen/ros2_prj/ros2_pr_ws/src/user_interfaces/install/user_interfaces/include/user_interfaces/user_interfaces/srv/detail/user__struct.hpp
[5.910s] -- Installing: /home/chacha/code/repo/ChaChaOpen/ros2_prj/ros2_pr_ws/src/user_interfaces/install/user_interfaces/include/user_interfaces/user_interfaces/srv/detail/user__type_support.hpp
[5.910s] -- Up-to-date: /home/chacha/code/repo/ChaChaOpen/ros2_prj/ros2_pr_ws/src/user_interfaces/install/user_interfaces/include/user_interfaces/user_interfaces
[5.910s] -- Up-to-date: /home/chacha/code/repo/ChaChaOpen/ros2_prj/ros2_pr_ws/src/user_interfaces/install/user_interfaces/include/user_interfaces/user_interfaces/msg
[5.910s] -- Installing: /home/chacha/code/repo/ChaChaOpen/ros2_prj/ros2_pr_ws/src/user_interfaces/install/user_interfaces/include/user_interfaces/user_interfaces/msg/rosidl_typesupport_fastrtps_cpp__visibility_control.h
[5.910s] -- Up-to-date: /home/chacha/code/repo/ChaChaOpen/ros2_prj/ros2_pr_ws/src/user_interfaces/install/user_interfaces/include/user_interfaces/user_interfaces/msg/detail
[5.910s] -- Installing: /home/chacha/code/repo/ChaChaOpen/ros2_prj/ros2_pr_ws/src/user_interfaces/install/user_interfaces/include/user_interfaces/user_interfaces/msg/detail/user__rosidl_typesupport_fastrtps_cpp.hpp
[5.910s] -- Installing: /home/chacha/code/repo/ChaChaOpen/ros2_prj/ros2_pr_ws/src/user_interfaces/install/user_interfaces/include/user_interfaces/user_interfaces/msg/detail/dds_fastrtps
[5.910s] -- Up-to-date: /home/chacha/code/repo/ChaChaOpen/ros2_prj/ros2_pr_ws/src/user_interfaces/install/user_interfaces/include/user_interfaces/user_interfaces/srv
[5.910s] -- Up-to-date: /home/chacha/code/repo/ChaChaOpen/ros2_prj/ros2_pr_ws/src/user_interfaces/install/user_interfaces/include/user_interfaces/user_interfaces/srv/detail
[5.910s] -- Installing: /home/chacha/code/repo/ChaChaOpen/ros2_prj/ros2_pr_ws/src/user_interfaces/install/user_interfaces/include/user_interfaces/user_interfaces/srv/detail/user__rosidl_typesupport_fastrtps_cpp.hpp
[5.910s] -- Installing: /home/chacha/code/repo/ChaChaOpen/ros2_prj/ros2_pr_ws/src/user_interfaces/install/user_interfaces/include/user_interfaces/user_interfaces/srv/detail/dds_fastrtps
[5.910s] -- Installing: /home/chacha/code/repo/ChaChaOpen/ros2_prj/ros2_pr_ws/src/user_interfaces/install/user_interfaces/lib/libuser_interfaces__rosidl_typesupport_fastrtps_cpp.so
[5.910s] -- Set non-toolchain portion of runtime path of "/home/chacha/code/repo/ChaChaOpen/ros2_prj/ros2_pr_ws/src/user_interfaces/install/user_interfaces/lib/libuser_interfaces__rosidl_typesupport_fastrtps_cpp.so" to ""
[5.911s] -- Up-to-date: /home/chacha/code/repo/ChaChaOpen/ros2_prj/ros2_pr_ws/src/user_interfaces/install/user_interfaces/include/user_interfaces/user_interfaces
[5.911s] -- Up-to-date: /home/chacha/code/repo/ChaChaOpen/ros2_prj/ros2_pr_ws/src/user_interfaces/install/user_interfaces/include/user_interfaces/user_interfaces/msg
[5.911s] -- Installing: /home/chacha/code/repo/ChaChaOpen/ros2_prj/ros2_pr_ws/src/user_interfaces/install/user_interfaces/include/user_interfaces/user_interfaces/msg/rosidl_typesupport_introspection_c__visibility_control.h
[5.911s] -- Up-to-date: /home/chacha/code/repo/ChaChaOpen/ros2_prj/ros2_pr_ws/src/user_interfaces/install/user_interfaces/include/user_interfaces/user_interfaces/msg/detail
[5.911s] -- Installing: /home/chacha/code/repo/ChaChaOpen/ros2_prj/ros2_pr_ws/src/user_interfaces/install/user_interfaces/include/user_interfaces/user_interfaces/msg/detail/user__type_support.c
[5.911s] -- Installing: /home/chacha/code/repo/ChaChaOpen/ros2_prj/ros2_pr_ws/src/user_interfaces/install/user_interfaces/include/user_interfaces/user_interfaces/msg/detail/user__rosidl_typesupport_introspection_c.h
[5.911s] -- Up-to-date: /home/chacha/code/repo/ChaChaOpen/ros2_prj/ros2_pr_ws/src/user_interfaces/install/user_interfaces/include/user_interfaces/user_interfaces/srv
[5.911s] -- Up-to-date: /home/chacha/code/repo/ChaChaOpen/ros2_prj/ros2_pr_ws/src/user_interfaces/install/user_interfaces/include/user_interfaces/user_interfaces/srv/detail
[5.911s] -- Installing: /home/chacha/code/repo/ChaChaOpen/ros2_prj/ros2_pr_ws/src/user_interfaces/install/user_interfaces/include/user_interfaces/user_interfaces/srv/detail/user__type_support.c
[5.911s] -- Installing: /home/chacha/code/repo/ChaChaOpen/ros2_prj/ros2_pr_ws/src/user_interfaces/install/user_interfaces/include/user_interfaces/user_interfaces/srv/detail/user__rosidl_typesupport_introspection_c.h
[5.911s] -- Installing: /home/chacha/code/repo/ChaChaOpen/ros2_prj/ros2_pr_ws/src/user_interfaces/install/user_interfaces/lib/libuser_interfaces__rosidl_typesupport_introspection_c.so
[5.911s] -- Set non-toolchain portion of runtime path of "/home/chacha/code/repo/ChaChaOpen/ros2_prj/ros2_pr_ws/src/user_interfaces/install/user_interfaces/lib/libuser_interfaces__rosidl_typesupport_introspection_c.so" to ""
[5.911s] -- Installing: /home/chacha/code/repo/ChaChaOpen/ros2_prj/ros2_pr_ws/src/user_interfaces/install/user_interfaces/lib/libuser_interfaces__rosidl_typesupport_c.so
[5.911s] -- Set non-toolchain portion of runtime path of "/home/chacha/code/repo/ChaChaOpen/ros2_prj/ros2_pr_ws/src/user_interfaces/install/user_interfaces/lib/libuser_interfaces__rosidl_typesupport_c.so" to ""
[5.911s] -- Up-to-date: /home/chacha/code/repo/ChaChaOpen/ros2_prj/ros2_pr_ws/src/user_interfaces/install/user_interfaces/include/user_interfaces/user_interfaces
[5.911s] -- Up-to-date: /home/chacha/code/repo/ChaChaOpen/ros2_prj/ros2_pr_ws/src/user_interfaces/install/user_interfaces/include/user_interfaces/user_interfaces/msg
[5.912s] -- Up-to-date: /home/chacha/code/repo/ChaChaOpen/ros2_prj/ros2_pr_ws/src/user_interfaces/install/user_interfaces/include/user_interfaces/user_interfaces/msg/detail
[5.912s] -- Installing: /home/chacha/code/repo/ChaChaOpen/ros2_prj/ros2_pr_ws/src/user_interfaces/install/user_interfaces/include/user_interfaces/user_interfaces/msg/detail/user__type_support.cpp
[5.912s] -- Installing: /home/chacha/code/repo/ChaChaOpen/ros2_prj/ros2_pr_ws/src/user_interfaces/install/user_interfaces/include/user_interfaces/user_interfaces/msg/detail/user__rosidl_typesupport_introspection_cpp.hpp
[5.912s] -- Up-to-date: /home/chacha/code/repo/ChaChaOpen/ros2_prj/ros2_pr_ws/src/user_interfaces/install/user_interfaces/include/user_interfaces/user_interfaces/srv
[5.912s] -- Up-to-date: /home/chacha/code/repo/ChaChaOpen/ros2_prj/ros2_pr_ws/src/user_interfaces/install/user_interfaces/include/user_interfaces/user_interfaces/srv/detail
[5.912s] -- Installing: /home/chacha/code/repo/ChaChaOpen/ros2_prj/ros2_pr_ws/src/user_interfaces/install/user_interfaces/include/user_interfaces/user_interfaces/srv/detail/user__type_support.cpp
[5.912s] -- Installing: /home/chacha/code/repo/ChaChaOpen/ros2_prj/ros2_pr_ws/src/user_interfaces/install/user_interfaces/include/user_interfaces/user_interfaces/srv/detail/user__rosidl_typesupport_introspection_cpp.hpp
[5.912s] -- Installing: /home/chacha/code/repo/ChaChaOpen/ros2_prj/ros2_pr_ws/src/user_interfaces/install/user_interfaces/lib/libuser_interfaces__rosidl_typesupport_introspection_cpp.so
[5.912s] -- Set non-toolchain portion of runtime path of "/home/chacha/code/repo/ChaChaOpen/ros2_prj/ros2_pr_ws/src/user_interfaces/install/user_interfaces/lib/libuser_interfaces__rosidl_typesupport_introspection_cpp.so" to ""
[5.912s] -- Installing: /home/chacha/code/repo/ChaChaOpen/ros2_prj/ros2_pr_ws/src/user_interfaces/install/user_interfaces/lib/libuser_interfaces__rosidl_typesupport_cpp.so
[5.912s] -- Set non-toolchain portion of runtime path of "/home/chacha/code/repo/ChaChaOpen/ros2_prj/ros2_pr_ws/src/user_interfaces/install/user_interfaces/lib/libuser_interfaces__rosidl_typesupport_cpp.so" to ""
[5.912s] -- Installing: /home/chacha/code/repo/ChaChaOpen/ros2_prj/ros2_pr_ws/src/user_interfaces/install/user_interfaces/share/user_interfaces/environment/pythonpath.sh
[5.912s] -- Installing: /home/chacha/code/repo/ChaChaOpen/ros2_prj/ros2_pr_ws/src/user_interfaces/install/user_interfaces/share/user_interfaces/environment/pythonpath.dsv
[5.912s] -- Installing: /home/chacha/code/repo/ChaChaOpen/ros2_prj/ros2_pr_ws/src/user_interfaces/install/user_interfaces/lib/python3.12/site-packages/user_interfaces-0.0.0-py3.12.egg-info
[5.913s] -- Installing: /home/chacha/code/repo/ChaChaOpen/ros2_prj/ros2_pr_ws/src/user_interfaces/install/user_interfaces/lib/python3.12/site-packages/user_interfaces-0.0.0-py3.12.egg-info/top_level.txt
[5.913s] -- Installing: /home/chacha/code/repo/ChaChaOpen/ros2_prj/ros2_pr_ws/src/user_interfaces/install/user_interfaces/lib/python3.12/site-packages/user_interfaces-0.0.0-py3.12.egg-info/SOURCES.txt
[5.913s] -- Installing: /home/chacha/code/repo/ChaChaOpen/ros2_prj/ros2_pr_ws/src/user_interfaces/install/user_interfaces/lib/python3.12/site-packages/user_interfaces-0.0.0-py3.12.egg-info/PKG-INFO
[5.913s] -- Installing: /home/chacha/code/repo/ChaChaOpen/ros2_prj/ros2_pr_ws/src/user_interfaces/install/user_interfaces/lib/python3.12/site-packages/user_interfaces-0.0.0-py3.12.egg-info/dependency_links.txt
[5.913s] -- Installing: /home/chacha/code/repo/ChaChaOpen/ros2_prj/ros2_pr_ws/src/user_interfaces/install/user_interfaces/lib/python3.12/site-packages/user_interfaces
[5.913s] -- Installing: /home/chacha/code/repo/ChaChaOpen/ros2_prj/ros2_pr_ws/src/user_interfaces/install/user_interfaces/lib/python3.12/site-packages/user_interfaces/user_interfaces_s__rosidl_typesupport_c.so
[5.913s] -- Installing: /home/chacha/code/repo/ChaChaOpen/ros2_prj/ros2_pr_ws/src/user_interfaces/install/user_interfaces/lib/python3.12/site-packages/user_interfaces/msg
[5.913s] -- Installing: /home/chacha/code/repo/ChaChaOpen/ros2_prj/ros2_pr_ws/src/user_interfaces/install/user_interfaces/lib/python3.12/site-packages/user_interfaces/msg/_user_s.c
[5.913s] -- Installing: /home/chacha/code/repo/ChaChaOpen/ros2_prj/ros2_pr_ws/src/user_interfaces/install/user_interfaces/lib/python3.12/site-packages/user_interfaces/msg/__init__.py
[5.913s] -- Installing: /home/chacha/code/repo/ChaChaOpen/ros2_prj/ros2_pr_ws/src/user_interfaces/install/user_interfaces/lib/python3.12/site-packages/user_interfaces/msg/_user.py
[5.913s] -- Installing: /home/chacha/code/repo/ChaChaOpen/ros2_prj/ros2_pr_ws/src/user_interfaces/install/user_interfaces/lib/python3.12/site-packages/user_interfaces/_user_interfaces_s.ep.rosidl_typesupport_introspection_c.c
[5.913s] -- Installing: /home/chacha/code/repo/ChaChaOpen/ros2_prj/ros2_pr_ws/src/user_interfaces/install/user_interfaces/lib/python3.12/site-packages/user_interfaces/_user_interfaces_s.ep.rosidl_typesupport_c.c
[5.913s] -- Installing: /home/chacha/code/repo/ChaChaOpen/ros2_prj/ros2_pr_ws/src/user_interfaces/install/user_interfaces/lib/python3.12/site-packages/user_interfaces/user_interfaces_s__rosidl_typesupport_fastrtps_c.so
[5.913s] -- Installing: /home/chacha/code/repo/ChaChaOpen/ros2_prj/ros2_pr_ws/src/user_interfaces/install/user_interfaces/lib/python3.12/site-packages/user_interfaces/_user_interfaces_s.ep.rosidl_typesupport_fastrtps_c.c
[5.913s] -- Installing: /home/chacha/code/repo/ChaChaOpen/ros2_prj/ros2_pr_ws/src/user_interfaces/install/user_interfaces/lib/python3.12/site-packages/user_interfaces/srv
[5.914s] -- Installing: /home/chacha/code/repo/ChaChaOpen/ros2_prj/ros2_pr_ws/src/user_interfaces/install/user_interfaces/lib/python3.12/site-packages/user_interfaces/srv/_user_s.c
[5.914s] -- Installing: /home/chacha/code/repo/ChaChaOpen/ros2_prj/ros2_pr_ws/src/user_interfaces/install/user_interfaces/lib/python3.12/site-packages/user_interfaces/srv/__init__.py
[5.914s] -- Installing: /home/chacha/code/repo/ChaChaOpen/ros2_prj/ros2_pr_ws/src/user_interfaces/install/user_interfaces/lib/python3.12/site-packages/user_interfaces/srv/_user.py
[5.914s] -- Installing: /home/chacha/code/repo/ChaChaOpen/ros2_prj/ros2_pr_ws/src/user_interfaces/install/user_interfaces/lib/python3.12/site-packages/user_interfaces/__init__.py
[5.914s] -- Installing: /home/chacha/code/repo/ChaChaOpen/ros2_prj/ros2_pr_ws/src/user_interfaces/install/user_interfaces/lib/python3.12/site-packages/user_interfaces/user_interfaces_s__rosidl_typesupport_introspection_c.so
[5.951s] Listing '/home/chacha/code/repo/ChaChaOpen/ros2_prj/ros2_pr_ws/src/user_interfaces/install/user_interfaces/lib/python3.12/site-packages/user_interfaces'...
[5.951s] Compiling '/home/chacha/code/repo/ChaChaOpen/ros2_prj/ros2_pr_ws/src/user_interfaces/install/user_interfaces/lib/python3.12/site-packages/user_interfaces/__init__.py'...
[5.951s] Listing '/home/chacha/code/repo/ChaChaOpen/ros2_prj/ros2_pr_ws/src/user_interfaces/install/user_interfaces/lib/python3.12/site-packages/user_interfaces/msg'...
[5.951s] Compiling '/home/chacha/code/repo/ChaChaOpen/ros2_prj/ros2_pr_ws/src/user_interfaces/install/user_interfaces/lib/python3.12/site-packages/user_interfaces/msg/__init__.py'...
[5.951s] Compiling '/home/chacha/code/repo/ChaChaOpen/ros2_prj/ros2_pr_ws/src/user_interfaces/install/user_interfaces/lib/python3.12/site-packages/user_interfaces/msg/_user.py'...
[5.951s] Listing '/home/chacha/code/repo/ChaChaOpen/ros2_prj/ros2_pr_ws/src/user_interfaces/install/user_interfaces/lib/python3.12/site-packages/user_interfaces/srv'...
[5.951s] Compiling '/home/chacha/code/repo/ChaChaOpen/ros2_prj/ros2_pr_ws/src/user_interfaces/install/user_interfaces/lib/python3.12/site-packages/user_interfaces/srv/__init__.py'...
[5.951s] Compiling '/home/chacha/code/repo/ChaChaOpen/ros2_prj/ros2_pr_ws/src/user_interfaces/install/user_interfaces/lib/python3.12/site-packages/user_interfaces/srv/_user.py'...
[5.955s] -- Installing: /home/chacha/code/repo/ChaChaOpen/ros2_prj/ros2_pr_ws/src/user_interfaces/install/user_interfaces/lib/python3.12/site-packages/user_interfaces/user_interfaces_s__rosidl_typesupport_fastrtps_c.so
[5.956s] -- Set non-toolchain portion of runtime path of "/home/chacha/code/repo/ChaChaOpen/ros2_prj/ros2_pr_ws/src/user_interfaces/install/user_interfaces/lib/python3.12/site-packages/user_interfaces/user_interfaces_s__rosidl_typesupport_fastrtps_c.so" to ""
[5.956s] -- Installing: /home/chacha/code/repo/ChaChaOpen/ros2_prj/ros2_pr_ws/src/user_interfaces/install/user_interfaces/lib/python3.12/site-packages/user_interfaces/user_interfaces_s__rosidl_typesupport_introspection_c.so
[5.956s] -- Set non-toolchain portion of runtime path of "/home/chacha/code/repo/ChaChaOpen/ros2_prj/ros2_pr_ws/src/user_interfaces/install/user_interfaces/lib/python3.12/site-packages/user_interfaces/user_interfaces_s__rosidl_typesupport_introspection_c.so" to ""
[5.956s] -- Installing: /home/chacha/code/repo/ChaChaOpen/ros2_prj/ros2_pr_ws/src/user_interfaces/install/user_interfaces/lib/python3.12/site-packages/user_interfaces/user_interfaces_s__rosidl_typesupport_c.so
[5.956s] -- Set non-toolchain portion of runtime path of "/home/chacha/code/repo/ChaChaOpen/ros2_prj/ros2_pr_ws/src/user_interfaces/install/user_interfaces/lib/python3.12/site-packages/user_interfaces/user_interfaces_s__rosidl_typesupport_c.so" to ""
[5.956s] -- Installing: /home/chacha/code/repo/ChaChaOpen/ros2_prj/ros2_pr_ws/src/user_interfaces/install/user_interfaces/lib/libuser_interfaces__rosidl_generator_py.so
[5.957s] -- Set non-toolchain portion of runtime path of "/home/chacha/code/repo/ChaChaOpen/ros2_prj/ros2_pr_ws/src/user_interfaces/install/user_interfaces/lib/libuser_interfaces__rosidl_generator_py.so" to ""
[5.957s] -- Installing: /home/chacha/code/repo/ChaChaOpen/ros2_prj/ros2_pr_ws/src/user_interfaces/install/user_interfaces/share/user_interfaces/msg/User.idl
[5.957s] -- Installing: /home/chacha/code/repo/ChaChaOpen/ros2_prj/ros2_pr_ws/src/user_interfaces/install/user_interfaces/share/user_interfaces/srv/User.idl
[5.957s] -- Installing: /home/chacha/code/repo/ChaChaOpen/ros2_prj/ros2_pr_ws/src/user_interfaces/install/user_interfaces/share/user_interfaces/msg/User.msg
[5.957s] -- Installing: /home/chacha/code/repo/ChaChaOpen/ros2_prj/ros2_pr_ws/src/user_interfaces/install/user_interfaces/share/user_interfaces/srv/User.srv
[5.957s] -- Installing: /home/chacha/code/repo/ChaChaOpen/ros2_prj/ros2_pr_ws/src/user_interfaces/install/user_interfaces/share/ament_index/resource_index/package_run_dependencies/user_interfaces
[5.957s] -- Installing: /home/chacha/code/repo/ChaChaOpen/ros2_prj/ros2_pr_ws/src/user_interfaces/install/user_interfaces/share/ament_index/resource_index/parent_prefix_path/user_interfaces
[5.957s] -- Installing: /home/chacha/code/repo/ChaChaOpen/ros2_prj/ros2_pr_ws/src/user_interfaces/install/user_interfaces/share/user_interfaces/environment/ament_prefix_path.sh
[5.958s] -- Installing: /home/chacha/code/repo/ChaChaOpen/ros2_prj/ros2_pr_ws/src/user_interfaces/install/user_interfaces/share/user_interfaces/environment/ament_prefix_path.dsv
[5.958s] -- Installing: /home/chacha/code/repo/ChaChaOpen/ros2_prj/ros2_pr_ws/src/user_interfaces/install/user_interfaces/share/user_interfaces/environment/path.sh
[5.958s] -- Installing: /home/chacha/code/repo/ChaChaOpen/ros2_prj/ros2_pr_ws/src/user_interfaces/install/user_interfaces/share/user_interfaces/environment/path.dsv
[5.958s] -- Installing: /home/chacha/code/repo/ChaChaOpen/ros2_prj/ros2_pr_ws/src/user_interfaces/install/user_interfaces/share/user_interfaces/local_setup.bash
[5.958s] -- Installing: /home/chacha/code/repo/ChaChaOpen/ros2_prj/ros2_pr_ws/src/user_interfaces/install/user_interfaces/share/user_interfaces/local_setup.sh
[5.958s] -- Installing: /home/chacha/code/repo/ChaChaOpen/ros2_prj/ros2_pr_ws/src/user_interfaces/install/user_interfaces/share/user_interfaces/local_setup.zsh
[5.958s] -- Installing: /home/chacha/code/repo/ChaChaOpen/ros2_prj/ros2_pr_ws/src/user_interfaces/install/user_interfaces/share/user_interfaces/local_setup.dsv
[5.958s] -- Installing: /home/chacha/code/repo/ChaChaOpen/ros2_prj/ros2_pr_ws/src/user_interfaces/install/user_interfaces/share/user_interfaces/package.dsv
[5.959s] -- Installing: /home/chacha/code/repo/ChaChaOpen/ros2_prj/ros2_pr_ws/src/user_interfaces/install/user_interfaces/share/ament_index/resource_index/packages/user_interfaces
[5.959s] -- Installing: /home/chacha/code/repo/ChaChaOpen/ros2_prj/ros2_pr_ws/src/user_interfaces/install/user_interfaces/share/user_interfaces/cmake/export_user_interfaces__rosidl_generator_cExport.cmake
[5.959s] -- Installing: /home/chacha/code/repo/ChaChaOpen/ros2_prj/ros2_pr_ws/src/user_interfaces/install/user_interfaces/share/user_interfaces/cmake/export_user_interfaces__rosidl_generator_cExport-noconfig.cmake
[5.959s] -- Installing: /home/chacha/code/repo/ChaChaOpen/ros2_prj/ros2_pr_ws/src/user_interfaces/install/user_interfaces/share/user_interfaces/cmake/export_user_interfaces__rosidl_typesupport_fastrtps_cExport.cmake
[5.959s] -- Installing: /home/chacha/code/repo/ChaChaOpen/ros2_prj/ros2_pr_ws/src/user_interfaces/install/user_interfaces/share/user_interfaces/cmake/export_user_interfaces__rosidl_typesupport_fastrtps_cExport-noconfig.cmake
[5.959s] -- Installing: /home/chacha/code/repo/ChaChaOpen/ros2_prj/ros2_pr_ws/src/user_interfaces/install/user_interfaces/share/user_interfaces/cmake/export_user_interfaces__rosidl_generator_cppExport.cmake
[5.960s] -- Installing: /home/chacha/code/repo/ChaChaOpen/ros2_prj/ros2_pr_ws/src/user_interfaces/install/user_interfaces/share/user_interfaces/cmake/export_user_interfaces__rosidl_typesupport_fastrtps_cppExport.cmake
[5.960s] -- Installing: /home/chacha/code/repo/ChaChaOpen/ros2_prj/ros2_pr_ws/src/user_interfaces/install/user_interfaces/share/user_interfaces/cmake/export_user_interfaces__rosidl_typesupport_fastrtps_cppExport-noconfig.cmake
[5.960s] -- Installing: /home/chacha/code/repo/ChaChaOpen/ros2_prj/ros2_pr_ws/src/user_interfaces/install/user_interfaces/share/user_interfaces/cmake/user_interfaces__rosidl_typesupport_introspection_cExport.cmake
[5.960s] -- Installing: /home/chacha/code/repo/ChaChaOpen/ros2_prj/ros2_pr_ws/src/user_interfaces/install/user_interfaces/share/user_interfaces/cmake/user_interfaces__rosidl_typesupport_introspection_cExport-noconfig.cmake
[5.960s] -- Installing: /home/chacha/code/repo/ChaChaOpen/ros2_prj/ros2_pr_ws/src/user_interfaces/install/user_interfaces/share/user_interfaces/cmake/user_interfaces__rosidl_typesupport_cExport.cmake
[5.960s] -- Installing: /home/chacha/code/repo/ChaChaOpen/ros2_prj/ros2_pr_ws/src/user_interfaces/install/user_interfaces/share/user_interfaces/cmake/user_interfaces__rosidl_typesupport_cExport-noconfig.cmake
[5.960s] -- Installing: /home/chacha/code/repo/ChaChaOpen/ros2_prj/ros2_pr_ws/src/user_interfaces/install/user_interfaces/share/user_interfaces/cmake/user_interfaces__rosidl_typesupport_introspection_cppExport.cmake
[5.961s] -- Installing: /home/chacha/code/repo/ChaChaOpen/ros2_prj/ros2_pr_ws/src/user_interfaces/install/user_interfaces/share/user_interfaces/cmake/user_interfaces__rosidl_typesupport_introspection_cppExport-noconfig.cmake
[5.961s] -- Installing: /home/chacha/code/repo/ChaChaOpen/ros2_prj/ros2_pr_ws/src/user_interfaces/install/user_interfaces/share/user_interfaces/cmake/user_interfaces__rosidl_typesupport_cppExport.cmake
[5.961s] -- Installing: /home/chacha/code/repo/ChaChaOpen/ros2_prj/ros2_pr_ws/src/user_interfaces/install/user_interfaces/share/user_interfaces/cmake/user_interfaces__rosidl_typesupport_cppExport-noconfig.cmake
[5.961s] -- Installing: /home/chacha/code/repo/ChaChaOpen/ros2_prj/ros2_pr_ws/src/user_interfaces/install/user_interfaces/share/user_interfaces/cmake/export_user_interfaces__rosidl_generator_pyExport.cmake
[5.961s] -- Installing: /home/chacha/code/repo/ChaChaOpen/ros2_prj/ros2_pr_ws/src/user_interfaces/install/user_interfaces/share/user_interfaces/cmake/export_user_interfaces__rosidl_generator_pyExport-noconfig.cmake
[5.961s] -- Installing: /home/chacha/code/repo/ChaChaOpen/ros2_prj/ros2_pr_ws/src/user_interfaces/install/user_interfaces/share/user_interfaces/cmake/rosidl_cmake-extras.cmake
[5.961s] -- Installing: /home/chacha/code/repo/ChaChaOpen/ros2_prj/ros2_pr_ws/src/user_interfaces/install/user_interfaces/share/user_interfaces/cmake/ament_cmake_export_dependencies-extras.cmake
[5.962s] -- Installing: /home/chacha/code/repo/ChaChaOpen/ros2_prj/ros2_pr_ws/src/user_interfaces/install/user_interfaces/share/user_interfaces/cmake/ament_cmake_export_include_directories-extras.cmake
[5.962s] -- Installing: /home/chacha/code/repo/ChaChaOpen/ros2_prj/ros2_pr_ws/src/user_interfaces/install/user_interfaces/share/user_interfaces/cmake/ament_cmake_export_libraries-extras.cmake
[5.962s] -- Installing: /home/chacha/code/repo/ChaChaOpen/ros2_prj/ros2_pr_ws/src/user_interfaces/install/user_interfaces/share/user_interfaces/cmake/ament_cmake_export_targets-extras.cmake
[5.962s] -- Installing: /home/chacha/code/repo/ChaChaOpen/ros2_prj/ros2_pr_ws/src/user_interfaces/install/user_interfaces/share/user_interfaces/cmake/rosidl_cmake_export_typesupport_targets-extras.cmake
[5.962s] -- Installing: /home/chacha/code/repo/ChaChaOpen/ros2_prj/ros2_pr_ws/src/user_interfaces/install/user_interfaces/share/user_interfaces/cmake/rosidl_cmake_export_typesupport_libraries-extras.cmake
[5.962s] -- Installing: /home/chacha/code/repo/ChaChaOpen/ros2_prj/ros2_pr_ws/src/user_interfaces/install/user_interfaces/share/user_interfaces/cmake/user_interfacesConfig.cmake
[5.962s] -- Installing: /home/chacha/code/repo/ChaChaOpen/ros2_prj/ros2_pr_ws/src/user_interfaces/install/user_interfaces/share/user_interfaces/cmake/user_interfacesConfig-version.cmake
[5.962s] -- Installing: /home/chacha/code/repo/ChaChaOpen/ros2_prj/ros2_pr_ws/src/user_interfaces/install/user_interfaces/share/user_interfaces/package.xml
[5.964s] Invoked command in '/home/chacha/code/repo/ChaChaOpen/ros2_prj/ros2_pr_ws/src/user_interfaces/build/user_interfaces' returned '0': CMAKE_PREFIX_PATH=${CMAKE_PREFIX_PATH}:/opt/ros/jazzy DEBUGINFOD_URLS=https://debuginfod.ubuntu.com /usr/bin/cmake --install /home/chacha/code/repo/ChaChaOpen/ros2_prj/ros2_pr_ws/src/user_interfaces/build/user_interfaces
