[0.009s] Invoking command in '/home/chacha/code/repo/ChaChaOpen/ros2_prj/ros2_stu_ws/build/topic': CMAKE_PREFIX_PATH=${CMAKE_PREFIX_PATH}:/opt/ros/jazzy DEBUGINFOD_URLS=https://debuginfod.ubuntu.com /usr/bin/cmake --build /home/chacha/code/repo/ChaChaOpen/ros2_prj/ros2_stu_ws/build/topic -- -j8 -l8
[0.035s] -- Found ament_cmake: 2.5.5 (/opt/ros/jazzy/share/ament_cmake/cmake)
[0.223s] -- Found rclcpp: 28.1.16 (/opt/ros/jazzy/share/rclcpp/cmake)
[0.246s] -- Found rosidl_generator_c: 4.6.7 (/opt/ros/jazzy/share/rosidl_generator_c/cmake)
[0.253s] -- Found rosidl_generator_cpp: 4.6.7 (/opt/ros/jazzy/share/rosidl_generator_cpp/cmake)
[0.261s] -- Using all available rosidl_typesupport_c: rosidl_typesupport_fastrtps_c;rosidl_typesupport_introspection_c
[0.271s] -- Using all available rosidl_typesupport_cpp: rosidl_typesupport_fastrtps_cpp;rosidl_typesupport_introspection_cpp
[0.318s] -- Found rmw_implementation_cmake: 7.3.3 (/opt/ros/jazzy/share/rmw_implementation_cmake/cmake)
[0.319s] -- Found rmw_fastrtps_cpp: 8.4.3 (/opt/ros/jazzy/share/rmw_fastrtps_cpp/cmake)
[0.375s] -- Using RMW implementation 'rmw_fastrtps_cpp' as default
[0.428s] -- Found std_msgs: 5.3.6 (/opt/ros/jazzy/share/std_msgs/cmake)
[0.438s] -- Found rosidl_default_generators: 1.6.0 (/opt/ros/jazzy/share/rosidl_default_generators/cmake)
[0.444s] -- Found rosidl_adapter: 4.6.7 (/opt/ros/jazzy/share/rosidl_adapter/cmake)
[0.446s] [31mCMake Error at /opt/ros/jazzy/share/rosidl_cmake/cmake/rosidl_generate_interfaces.cmake:95 (message):
[0.446s]   rosidl_generate_interfaces() the passed file 'msg/use.msg' doesn't exist
[0.446s]   relative to the CMAKE_CURRENT_SOURCE_DIR
[0.446s]   '/home/chacha/code/repo/ChaChaOpen/ros2_prj/ros2_stu_ws/src/topic'
[0.446s] Call Stack (most recent call first):
[0.446s]   CMakeLists.txt:18 (rosidl_generate_interfaces)
[0.446s] 
[0.446s] [0m
[0.446s] -- Configuring incomplete, errors occurred!
[0.452s] gmake: *** [Makefile:308：cmake_check_build_system] 错误 1
[0.454s] Invoked command in '/home/chacha/code/repo/ChaChaOpen/ros2_prj/ros2_stu_ws/build/topic' returned '2': CMAKE_PREFIX_PATH=${CMAKE_PREFIX_PATH}:/opt/ros/jazzy DEBUGINFOD_URLS=https://debuginfod.ubuntu.com /usr/bin/cmake --build /home/chacha/code/repo/ChaChaOpen/ros2_prj/ros2_stu_ws/build/topic -- -j8 -l8
